# Logfile created on 2026-02-12 15:26:15 +0100 by logger.rb/v1.4.3
2026-02-12 15:26:15 +0100: Memory Usage (429296K) : Starting running IHP-SG13G2 KLayout DRC runset on /home/designer/shared/IHP-AnalogAcademy/modules/module_3_8_bit_SAR_ADC/part_5_analog_layout/switch_array/layout/T_gate.gds
2026-02-12 15:26:15 +0100: Memory Usage (429296K) : Ruby Version for klayout: 3.0.2
2026-02-12 15:26:15 +0100: Memory Usage (430576K) : Loading database to memory is complete.
2026-02-12 15:26:15 +0100: Memory Usage (430576K) : IHP-SG13G2 KLayout DRC runset output at: /home/designer/shared/IHP-AnalogAcademy/modules/module_3_8_bit_SAR_ADC/part_5_analog_layout/switch_array/layout/drc_run_T_gate/T_gate_T_gate_main.lyrdb
2026-02-12 15:26:15 +0100: Memory Usage (430576K) : Evaluate switches.
2026-02-12 15:26:15 +0100: Memory Usage (430576K) : tables selected: main
2026-02-12 15:26:15 +0100: Memory Usage (430576K) : KLayout will use 1 thread(s) in tiling mode.
2026-02-12 15:26:15 +0100: Memory Usage (430576K) : deep mode is enabled.
2026-02-12 15:26:15 +0100: Memory Usage (430576K) : FEOL enabled: true
2026-02-12 15:26:15 +0100: Memory Usage (430576K) : BEOL enabled: true
2026-02-12 15:26:15 +0100: Memory Usage (430576K) : OFFGRID enabled: true
2026-02-12 15:26:15 +0100: Memory Usage (430576K) : PIN enabled: true
2026-02-12 15:26:15 +0100: Memory Usage (430576K) : FORBIDDEN enabled: true
2026-02-12 15:26:15 +0100: Memory Usage (430576K) : RECOMMENDED enabled: true
2026-02-12 15:26:15 +0100: Memory Usage (430576K) : PreCheck DRC enabled: false
2026-02-12 15:26:15 +0100: Memory Usage (430576K) : CONNECTIVITY_RULES enabled: true.
2026-02-12 15:26:15 +0100: Memory Usage (430576K) : Read in polygons from layers.
2026-02-12 15:26:15 +0100: Memory Usage (431344K) : activ_drw has 8 polygons
2026-02-12 15:26:15 +0100: Memory Usage (431344K) : activ_pin has 0 polygons
2026-02-12 15:26:15 +0100: Memory Usage (431344K) : activ_mask has 0 polygons
2026-02-12 15:26:15 +0100: Memory Usage (431344K) : activ_filler has 0 polygons
2026-02-12 15:26:15 +0100: Memory Usage (431344K) : activ_nofill has 0 polygons
2026-02-12 15:26:15 +0100: Memory Usage (431344K) : activ_opc has 0 polygons
2026-02-12 15:26:15 +0100: Memory Usage (431344K) : activ_iopc has 0 polygons
2026-02-12 15:26:15 +0100: Memory Usage (431344K) : activ_noqrc has 0 polygons
2026-02-12 15:26:15 +0100: Memory Usage (431344K) : biwind_drw has 0 polygons
2026-02-12 15:26:15 +0100: Memory Usage (431344K) : biwind_opc has 0 polygons
2026-02-12 15:26:15 +0100: Memory Usage (431344K) : pemwind_drw has 0 polygons
2026-02-12 15:26:15 +0100: Memory Usage (431344K) : gatpoly_drw has 7 polygons
2026-02-12 15:26:15 +0100: Memory Usage (431344K) : gatpoly_pin has 1 polygons
2026-02-12 15:26:15 +0100: Memory Usage (431344K) : gatpoly_filler has 0 polygons
2026-02-12 15:26:15 +0100: Memory Usage (431344K) : gatpoly_nofill has 0 polygons
2026-02-12 15:26:15 +0100: Memory Usage (431344K) : gatpoly_opc has 0 polygons
2026-02-12 15:26:15 +0100: Memory Usage (431344K) : gatpoly_iopc has 0 polygons
2026-02-12 15:26:15 +0100: Memory Usage (431344K) : gatpoly_noqrc has 0 polygons
2026-02-12 15:26:15 +0100: Memory Usage (431344K) : cont_drw has 27 polygons
2026-02-12 15:26:15 +0100: Memory Usage (431344K) : cont_opc has 0 polygons
2026-02-12 15:26:15 +0100: Memory Usage (431344K) : nsd_drw has 0 polygons
2026-02-12 15:26:15 +0100: Memory Usage (431344K) : nsd_block has 0 polygons
2026-02-12 15:26:15 +0100: Memory Usage (431344K) : metal1_drw has 14 polygons
2026-02-12 15:26:15 +0100: Memory Usage (431472K) : metal1_pin has 8 polygons
2026-02-12 15:26:15 +0100: Memory Usage (431472K) : metal1_mask has 0 polygons
2026-02-12 15:26:15 +0100: Memory Usage (431472K) : metal1_filler has 0 polygons
2026-02-12 15:26:15 +0100: Memory Usage (431472K) : metal1_nofill has 0 polygons
2026-02-12 15:26:15 +0100: Memory Usage (431600K) : metal1_slit has 0 polygons
2026-02-12 15:26:15 +0100: Memory Usage (431728K) : metal1_text has 0 polygons
2026-02-12 15:26:15 +0100: Memory Usage (431728K) : metal1_opc has 0 polygons
2026-02-12 15:26:15 +0100: Memory Usage (431856K) : metal1_noqrc has 0 polygons
2026-02-12 15:26:15 +0100: Memory Usage (431856K) : metal1_res has 0 polygons
2026-02-12 15:26:15 +0100: Memory Usage (431856K) : metal1_iprobe has 0 polygons
2026-02-12 15:26:15 +0100: Memory Usage (431856K) : metal1_diffprb has 0 polygons
2026-02-12 15:26:15 +0100: Memory Usage (431856K) : passiv_drw has 0 polygons
2026-02-12 15:26:15 +0100: Memory Usage (431984K) : passiv_pin has 0 polygons
2026-02-12 15:26:15 +0100: Memory Usage (431984K) : passiv_sbump has 0 polygons
2026-02-12 15:26:15 +0100: Memory Usage (431984K) : passiv_pillar has 0 polygons
2026-02-12 15:26:15 +0100: Memory Usage (432112K) : passiv_pdl has 0 polygons
2026-02-12 15:26:15 +0100: Memory Usage (432112K) : metal2_drw has 0 polygons
2026-02-12 15:26:15 +0100: Memory Usage (432112K) : metal2_pin has 0 polygons
2026-02-12 15:26:15 +0100: Memory Usage (432240K) : metal2_mask has 0 polygons
2026-02-12 15:26:15 +0100: Memory Usage (432240K) : metal2_filler has 0 polygons
2026-02-12 15:26:15 +0100: Memory Usage (432240K) : metal2_nofill has 0 polygons
2026-02-12 15:26:15 +0100: Memory Usage (432368K) : metal2_slit has 0 polygons
2026-02-12 15:26:15 +0100: Memory Usage (432368K) : metal2_text has 0 polygons
2026-02-12 15:26:15 +0100: Memory Usage (432368K) : metal2_opc has 0 polygons
2026-02-12 15:26:15 +0100: Memory Usage (432496K) : metal2_noqrc has 0 polygons
2026-02-12 15:26:15 +0100: Memory Usage (432496K) : metal2_res has 0 polygons
2026-02-12 15:26:15 +0100: Memory Usage (432496K) : metal2_iprobe has 0 polygons
2026-02-12 15:26:15 +0100: Memory Usage (432496K) : metal2_diffprb has 0 polygons
2026-02-12 15:26:15 +0100: Memory Usage (432624K) : baspoly_drw has 0 polygons
2026-02-12 15:26:15 +0100: Memory Usage (432624K) : baspoly_pin has 0 polygons
2026-02-12 15:26:15 +0100: Memory Usage (432624K) : psd_drw has 2 polygons
2026-02-12 15:26:15 +0100: Memory Usage (432752K) : nldb_drw has 0 polygons
2026-02-12 15:26:15 +0100: Memory Usage (432752K) : digibnd_drw has 0 polygons
2026-02-12 15:26:15 +0100: Memory Usage (432752K) : via1_drw has 0 polygons
2026-02-12 15:26:15 +0100: Memory Usage (432880K) : backmetal1_drw has 0 polygons
2026-02-12 15:26:15 +0100: Memory Usage (432880K) : backmetal1_pin has 0 polygons
2026-02-12 15:26:15 +0100: Memory Usage (432880K) : backmetal1_mask has 0 polygons
2026-02-12 15:26:15 +0100: Memory Usage (433008K) : backmetal1_filler has 0 polygons
2026-02-12 15:26:15 +0100: Memory Usage (433008K) : backmetal1_nofill has 0 polygons
2026-02-12 15:26:15 +0100: Memory Usage (433008K) : backmetal1_slit has 0 polygons
2026-02-12 15:26:15 +0100: Memory Usage (433136K) : backmetal1_text has 0 polygons
2026-02-12 15:26:15 +0100: Memory Usage (433136K) : backmetal1_opc has 0 polygons
2026-02-12 15:26:15 +0100: Memory Usage (433136K) : backmetal1_noqrc has 0 polygons
2026-02-12 15:26:15 +0100: Memory Usage (433264K) : backmetal1_res has 0 polygons
2026-02-12 15:26:15 +0100: Memory Usage (433264K) : backmetal1_iprobe has 0 polygons
2026-02-12 15:26:15 +0100: Memory Usage (433264K) : backmetal1_diffprb has 0 polygons
2026-02-12 15:26:15 +0100: Memory Usage (433392K) : backpassiv_drw has 0 polygons
2026-02-12 15:26:15 +0100: Memory Usage (433392K) : res_drw has 0 polygons
2026-02-12 15:26:15 +0100: Memory Usage (433392K) : sram_drw has 0 polygons
2026-02-12 15:26:15 +0100: Memory Usage (433392K) : trans_drw has 0 polygons
2026-02-12 15:26:15 +0100: Memory Usage (433520K) : ind_drw has 0 polygons
2026-02-12 15:26:15 +0100: Memory Usage (433520K) : ind_pin has 0 polygons
2026-02-12 15:26:15 +0100: Memory Usage (433520K) : ind_text has 0 polygons
2026-02-12 15:26:15 +0100: Memory Usage (433648K) : salblock_drw has 0 polygons
2026-02-12 15:26:15 +0100: Memory Usage (433648K) : via2_drw has 0 polygons
2026-02-12 15:26:15 +0100: Memory Usage (433648K) : metal3_drw has 0 polygons
2026-02-12 15:26:15 +0100: Memory Usage (433776K) : metal3_pin has 0 polygons
2026-02-12 15:26:15 +0100: Memory Usage (433776K) : metal3_mask has 0 polygons
2026-02-12 15:26:15 +0100: Memory Usage (433776K) : metal3_filler has 0 polygons
2026-02-12 15:26:15 +0100: Memory Usage (433904K) : metal3_nofill has 0 polygons
2026-02-12 15:26:15 +0100: Memory Usage (433904K) : metal3_slit has 0 polygons
2026-02-12 15:26:15 +0100: Memory Usage (433904K) : metal3_text has 0 polygons
2026-02-12 15:26:15 +0100: Memory Usage (434032K) : metal3_opc has 0 polygons
2026-02-12 15:26:15 +0100: Memory Usage (434032K) : metal3_noqrc has 0 polygons
2026-02-12 15:26:15 +0100: Memory Usage (434032K) : metal3_res has 0 polygons
2026-02-12 15:26:15 +0100: Memory Usage (434160K) : metal3_iprobe has 0 polygons
2026-02-12 15:26:15 +0100: Memory Usage (434160K) : metal3_diffprb has 0 polygons
2026-02-12 15:26:15 +0100: Memory Usage (434160K) : nwell_drw has 2 polygons
2026-02-12 15:26:15 +0100: Memory Usage (434288K) : nwell_pin has 0 polygons
2026-02-12 15:26:15 +0100: Memory Usage (434288K) : nbulay_drw has 1 polygons
2026-02-12 15:26:15 +0100: Memory Usage (434288K) : nbulay_pin has 0 polygons
2026-02-12 15:26:15 +0100: Memory Usage (434416K) : nbulay_block has 0 polygons
2026-02-12 15:26:15 +0100: Memory Usage (434416K) : emwind_drw has 0 polygons
2026-02-12 15:26:15 +0100: Memory Usage (434416K) : emwind_opc has 0 polygons
2026-02-12 15:26:15 +0100: Memory Usage (434416K) : deepco_drw has 0 polygons
2026-02-12 15:26:15 +0100: Memory Usage (434416K) : deepco_drw has 0 polygons
2026-02-12 15:26:15 +0100: Memory Usage (434544K) : mim_drw has 0 polygons
2026-02-12 15:26:15 +0100: Memory Usage (434544K) : edgeseal_drw has 0 polygons
2026-02-12 15:26:15 +0100: Memory Usage (434544K) : edgeseal_bound has 0 polygons
2026-02-12 15:26:15 +0100: Memory Usage (434544K) : substrate_drw has 1 polygons
2026-02-12 15:26:15 +0100: Memory Usage (434672K) : substrate_text has 0 polygons
2026-02-12 15:26:15 +0100: Memory Usage (434672K) : dfpad_drw has 0 polygons
2026-02-12 15:26:15 +0100: Memory Usage (434800K) : dfpad_pillar has 0 polygons
2026-02-12 15:26:15 +0100: Memory Usage (434800K) : dfpad_sbump has 0 polygons
2026-02-12 15:26:15 +0100: Memory Usage (434800K) : thickgateox_drw has 0 polygons
2026-02-12 15:26:15 +0100: Memory Usage (434928K) : pldb_drw has 0 polygons
2026-02-12 15:26:15 +0100: Memory Usage (434928K) : pwell_drw has 1 polygons
2026-02-12 15:26:15 +0100: Memory Usage (435056K) : pwell_pin has 0 polygons
2026-02-12 15:26:15 +0100: Memory Usage (435056K) : pwell_block has 0 polygons
2026-02-12 15:26:15 +0100: Memory Usage (435184K) : ic_drw has 0 polygons
2026-02-12 15:26:15 +0100: Memory Usage (435184K) : via3_drw has 0 polygons
2026-02-12 15:26:15 +0100: Memory Usage (435184K) : metal4_drw has 0 polygons
2026-02-12 15:26:15 +0100: Memory Usage (435312K) : metal4_pin has 0 polygons
2026-02-12 15:26:15 +0100: Memory Usage (435312K) : metal4_mask has 0 polygons
2026-02-12 15:26:15 +0100: Memory Usage (435440K) : metal4_filler has 0 polygons
2026-02-12 15:26:15 +0100: Memory Usage (435440K) : metal4_nofill has 0 polygons
2026-02-12 15:26:15 +0100: Memory Usage (435440K) : metal4_slit has 0 polygons
2026-02-12 15:26:15 +0100: Memory Usage (435440K) : metal4_text has 0 polygons
2026-02-12 15:26:15 +0100: Memory Usage (435568K) : metal4_opc has 0 polygons
2026-02-12 15:26:15 +0100: Memory Usage (435568K) : metal4_noqrc has 0 polygons
2026-02-12 15:26:15 +0100: Memory Usage (435696K) : metal4_res has 0 polygons
2026-02-12 15:26:15 +0100: Memory Usage (435696K) : metal4_iprobe has 0 polygons
2026-02-12 15:26:15 +0100: Memory Usage (435696K) : metal4_diffprb has 0 polygons
2026-02-12 15:26:15 +0100: Memory Usage (435824K) : heattrans_drw has 2 polygons
2026-02-12 15:26:15 +0100: Memory Usage (435824K) : heatres_drw has 0 polygons
2026-02-12 15:26:15 +0100: Memory Usage (435952K) : pempoly_drw has 0 polygons
2026-02-12 15:26:15 +0100: Memory Usage (435952K) : fbe_drw has 0 polygons
2026-02-12 15:26:15 +0100: Memory Usage (436080K) : empoly_drw has 0 polygons
2026-02-12 15:26:15 +0100: Memory Usage (436080K) : ldmos_drw has 0 polygons
2026-02-12 15:26:15 +0100: Memory Usage (436080K) : pbiwind_drw has 0 polygons
2026-02-12 15:26:15 +0100: Memory Usage (436208K) : digisub_drw has 0 polygons
2026-02-12 15:26:15 +0100: Memory Usage (436208K) : nodrc_drw has 0 polygons
2026-02-12 15:26:15 +0100: Memory Usage (436464K) : text_drw has 9 polygons
2026-02-12 15:26:15 +0100: Memory Usage (436464K) : via4_drw has 0 polygons
2026-02-12 15:26:15 +0100: Memory Usage (436464K) : metal5_drw has 0 polygons
2026-02-12 15:26:15 +0100: Memory Usage (436592K) : metal5_pin has 0 polygons
2026-02-12 15:26:15 +0100: Memory Usage (436592K) : metal5_mask has 0 polygons
2026-02-12 15:26:15 +0100: Memory Usage (436720K) : metal5_filler has 0 polygons
2026-02-12 15:26:15 +0100: Memory Usage (436720K) : metal5_nofill has 0 polygons
2026-02-12 15:26:15 +0100: Memory Usage (436720K) : metal5_slit has 0 polygons
2026-02-12 15:26:15 +0100: Memory Usage (436848K) : metal5_text has 0 polygons
2026-02-12 15:26:15 +0100: Memory Usage (436848K) : metal5_opc has 0 polygons
2026-02-12 15:26:15 +0100: Memory Usage (436848K) : metal5_noqrc has 0 polygons
2026-02-12 15:26:15 +0100: Memory Usage (436976K) : metal5_res has 0 polygons
2026-02-12 15:26:15 +0100: Memory Usage (436976K) : metal5_iprobe has 0 polygons
2026-02-12 15:26:15 +0100: Memory Usage (436976K) : metal5_diffprb has 0 polygons
2026-02-12 15:26:15 +0100: Memory Usage (437104K) : radhard_drw has 0 polygons
2026-02-12 15:26:15 +0100: Memory Usage (437104K) : memcap_drw has 0 polygons
2026-02-12 15:26:15 +0100: Memory Usage (437232K) : varicap_drw has 0 polygons
2026-02-12 15:26:15 +0100: Memory Usage (437232K) : flash_drw has 0 polygons
2026-02-12 15:26:15 +0100: Memory Usage (437232K) : intbondvia_drw has 0 polygons
2026-02-12 15:26:15 +0100: Memory Usage (437360K) : intbondmet_drw has 0 polygons
2026-02-12 15:26:15 +0100: Memory Usage (437360K) : devbondvia_drw has 0 polygons
2026-02-12 15:26:15 +0100: Memory Usage (437488K) : devbondmet_drw has 0 polygons
2026-02-12 15:26:15 +0100: Memory Usage (437488K) : devtrench_drw has 0 polygons
2026-02-12 15:26:15 +0100: Memory Usage (437616K) : redist_drw has 0 polygons
2026-02-12 15:26:15 +0100: Memory Usage (437616K) : graphbot_drw has 0 polygons
2026-02-12 15:26:15 +0100: Memory Usage (437744K) : graphtop_drw has 0 polygons
2026-02-12 15:26:15 +0100: Memory Usage (437744K) : antvia1_drw has 0 polygons
2026-02-12 15:26:15 +0100: Memory Usage (437744K) : antmetal2_drw has 0 polygons
2026-02-12 15:26:15 +0100: Memory Usage (437872K) : graphcont_drw has 0 polygons
2026-02-12 15:26:15 +0100: Memory Usage (437872K) : siwg_drw has 0 polygons
2026-02-12 15:26:15 +0100: Memory Usage (438000K) : siwg_filler has 0 polygons
2026-02-12 15:26:15 +0100: Memory Usage (438000K) : siwg_nofill has 0 polygons
2026-02-12 15:26:15 +0100: Memory Usage (438000K) : sigrating_drw has 0 polygons
2026-02-12 15:26:15 +0100: Memory Usage (438000K) : singrating_drw has 0 polygons
2026-02-12 15:26:15 +0100: Memory Usage (438128K) : graphpas_drw has 0 polygons
2026-02-12 15:26:15 +0100: Memory Usage (438128K) : emwind3_drw has 0 polygons
2026-02-12 15:26:15 +0100: Memory Usage (438128K) : emwihv3_drw has 0 polygons
2026-02-12 15:26:15 +0100: Memory Usage (438256K) : redbulay_drw has 0 polygons
2026-02-12 15:26:15 +0100: Memory Usage (438256K) : smos_drw has 0 polygons
2026-02-12 15:26:15 +0100: Memory Usage (438384K) : graphpad_drw has 0 polygons
2026-02-12 15:26:15 +0100: Memory Usage (438384K) : polimide_drw has 0 polygons
2026-02-12 15:26:15 +0100: Memory Usage (438384K) : polimide_pin has 0 polygons
2026-02-12 15:26:15 +0100: Memory Usage (438512K) : recog_drw has 0 polygons
2026-02-12 15:26:15 +0100: Memory Usage (438512K) : recog_pin has 0 polygons
2026-02-12 15:26:15 +0100: Memory Usage (438640K) : recog_esd has 0 polygons
2026-02-12 15:26:15 +0100: Memory Usage (438640K) : recog_diode has 0 polygons
2026-02-12 15:26:15 +0100: Memory Usage (438768K) : recog_tsv has 0 polygons
2026-02-12 15:26:15 +0100: Memory Usage (438768K) : recog_iprobe has 0 polygons
2026-02-12 15:26:15 +0100: Memory Usage (438768K) : recog_diffprb has 0 polygons
2026-02-12 15:26:15 +0100: Memory Usage (438896K) : recog_pillar has 0 polygons
2026-02-12 15:26:15 +0100: Memory Usage (438896K) : recog_sbump has 0 polygons
2026-02-12 15:26:15 +0100: Memory Usage (439024K) : recog_otp has 0 polygons
2026-02-12 15:26:15 +0100: Memory Usage (439024K) : recog_pdiode has 0 polygons
2026-02-12 15:26:15 +0100: Memory Usage (439152K) : recog_mom has 0 polygons
2026-02-12 15:26:15 +0100: Memory Usage (439152K) : recog_pcm has 0 polygons
2026-02-12 15:26:15 +0100: Memory Usage (439152K) : colopen_drw has 0 polygons
2026-02-12 15:26:15 +0100: Memory Usage (439280K) : graphmetal1_drw has 0 polygons
2026-02-12 15:26:15 +0100: Memory Usage (439280K) : graphmetal1_filler has 0 polygons
2026-02-12 15:26:15 +0100: Memory Usage (439408K) : graphmetal1_nofill has 0 polygons
2026-02-12 15:26:15 +0100: Memory Usage (439408K) : graphmetal1_slit has 0 polygons
2026-02-12 15:26:15 +0100: Memory Usage (439408K) : graphmetal1_opc has 0 polygons
2026-02-12 15:26:15 +0100: Memory Usage (439536K) : graphmet1l_drw has 0 polygons
2026-02-12 15:26:15 +0100: Memory Usage (439536K) : graphmet1l_filler has 0 polygons
2026-02-12 15:26:15 +0100: Memory Usage (439664K) : graphmet1l_nofill has 0 polygons
2026-02-12 15:26:15 +0100: Memory Usage (439664K) : graphmet1l_slit has 0 polygons
2026-02-12 15:26:15 +0100: Memory Usage (439792K) : graphmet1l_opc has 0 polygons
2026-02-12 15:26:15 +0100: Memory Usage (439792K) : extblock_drw has 0 polygons
2026-02-12 15:26:15 +0100: Memory Usage (439792K) : nldd_drw has 0 polygons
2026-02-12 15:26:15 +0100: Memory Usage (439920K) : pldd_drw has 0 polygons
2026-02-12 15:26:15 +0100: Memory Usage (439920K) : next_drw has 0 polygons
2026-02-12 15:26:15 +0100: Memory Usage (440048K) : pext_drw has 0 polygons
2026-02-12 15:26:15 +0100: Memory Usage (440048K) : nexthv_drw has 0 polygons
2026-02-12 15:26:15 +0100: Memory Usage (440176K) : pexthv_drw has 0 polygons
2026-02-12 15:26:15 +0100: Memory Usage (440176K) : graphgate_drw has 0 polygons
2026-02-12 15:26:15 +0100: Memory Usage (440176K) : sinwg_drw has 0 polygons
2026-02-12 15:26:15 +0100: Memory Usage (440304K) : sinwg_filler has 0 polygons
2026-02-12 15:26:15 +0100: Memory Usage (440304K) : sinwg_nofill has 0 polygons
2026-02-12 15:26:15 +0100: Memory Usage (440432K) : mempad_drw has 0 polygons
2026-02-12 15:26:15 +0100: Memory Usage (440432K) : topvia1_drw has 0 polygons
2026-02-12 15:26:15 +0100: Memory Usage (440432K) : topmetal1_drw has 0 polygons
2026-02-12 15:26:15 +0100: Memory Usage (440560K) : topmetal1_pin has 0 polygons
2026-02-12 15:26:15 +0100: Memory Usage (440560K) : topmetal1_mask has 0 polygons
2026-02-12 15:26:15 +0100: Memory Usage (440688K) : topmetal1_filler has 0 polygons
2026-02-12 15:26:15 +0100: Memory Usage (440688K) : topmetal1_nofill has 0 polygons
2026-02-12 15:26:15 +0100: Memory Usage (440816K) : topmetal1_slit has 0 polygons
2026-02-12 15:26:15 +0100: Memory Usage (440816K) : topmetal1_text has 0 polygons
2026-02-12 15:26:15 +0100: Memory Usage (440816K) : topmetal1_noqrc has 0 polygons
2026-02-12 15:26:15 +0100: Memory Usage (440944K) : topmetal1_res has 0 polygons
2026-02-12 15:26:15 +0100: Memory Usage (440944K) : topmetal1_iprobe has 0 polygons
2026-02-12 15:26:15 +0100: Memory Usage (441072K) : topmetal1_diffprb has 0 polygons
2026-02-12 15:26:15 +0100: Memory Usage (441072K) : inldpwl_drw has 0 polygons
2026-02-12 15:26:15 +0100: Memory Usage (441072K) : polyres_drw has 0 polygons
2026-02-12 15:26:15 +0100: Memory Usage (441200K) : polyres_pin has 0 polygons
2026-02-12 15:26:15 +0100: Memory Usage (441200K) : vmim_drw has 0 polygons
2026-02-12 15:26:15 +0100: Memory Usage (441328K) : nbulaycut_drw has 0 polygons
2026-02-12 15:26:15 +0100: Memory Usage (441328K) : antmetal1_drw has 0 polygons
2026-02-12 15:26:15 +0100: Memory Usage (441456K) : topvia2_drw has 0 polygons
2026-02-12 15:26:15 +0100: Memory Usage (441456K) : topmetal2_drw has 0 polygons
2026-02-12 15:26:15 +0100: Memory Usage (441456K) : topmetal2_pin has 0 polygons
2026-02-12 15:26:15 +0100: Memory Usage (441584K) : topmetal2_mask has 0 polygons
2026-02-12 15:26:15 +0100: Memory Usage (441584K) : topmetal2_filler has 0 polygons
2026-02-12 15:26:15 +0100: Memory Usage (441712K) : topmetal2_nofill has 0 polygons
2026-02-12 15:26:15 +0100: Memory Usage (441712K) : topmetal2_slit has 0 polygons
2026-02-12 15:26:15 +0100: Memory Usage (441712K) : topmetal2_text has 0 polygons
2026-02-12 15:26:15 +0100: Memory Usage (441840K) : topmetal2_noqrc has 0 polygons
2026-02-12 15:26:15 +0100: Memory Usage (441840K) : topmetal2_res has 0 polygons
2026-02-12 15:26:15 +0100: Memory Usage (441968K) : topmetal2_iprobe has 0 polygons
2026-02-12 15:26:15 +0100: Memory Usage (441968K) : topmetal2_diffprb has 0 polygons
2026-02-12 15:26:15 +0100: Memory Usage (442096K) : snsring_drw has 0 polygons
2026-02-12 15:26:15 +0100: Memory Usage (442096K) : sensor_drw has 0 polygons
2026-02-12 15:26:15 +0100: Memory Usage (442096K) : snsarms_drw has 0 polygons
2026-02-12 15:26:15 +0100: Memory Usage (442224K) : snscmosvia_drw has 0 polygons
2026-02-12 15:26:15 +0100: Memory Usage (442224K) : colwind_drw has 0 polygons
2026-02-12 15:26:15 +0100: Memory Usage (442352K) : flm_drw has 0 polygons
2026-02-12 15:26:15 +0100: Memory Usage (442352K) : hafniumox_drw has 0 polygons
2026-02-12 15:26:15 +0100: Memory Usage (442352K) : memvia_drw has 0 polygons
2026-02-12 15:26:15 +0100: Memory Usage (442480K) : thinfilmres_drw has 0 polygons
2026-02-12 15:26:15 +0100: Memory Usage (442480K) : rfmem_drw has 0 polygons
2026-02-12 15:26:15 +0100: Memory Usage (442608K) : norcx_drw has 0 polygons
2026-02-12 15:26:15 +0100: Memory Usage (442608K) : norcx_m2m3 has 0 polygons
2026-02-12 15:26:15 +0100: Memory Usage (442736K) : norcx_m2m4 has 0 polygons
2026-02-12 15:26:15 +0100: Memory Usage (442736K) : norcx_m2m5 has 0 polygons
2026-02-12 15:26:15 +0100: Memory Usage (442864K) : norcx_m2tm1 has 0 polygons
2026-02-12 15:26:15 +0100: Memory Usage (442864K) : norcx_m2tm2 has 0 polygons
2026-02-12 15:26:15 +0100: Memory Usage (442864K) : norcx_m3m4 has 0 polygons
2026-02-12 15:26:15 +0100: Memory Usage (442864K) : norcx_m3m5 has 0 polygons
2026-02-12 15:26:15 +0100: Memory Usage (442864K) : norcx_m3tm1 has 0 polygons
2026-02-12 15:26:15 +0100: Memory Usage (442864K) : norcx_m3tm2 has 0 polygons
2026-02-12 15:26:15 +0100: Memory Usage (442864K) : norcx_m4m5 has 0 polygons
2026-02-12 15:26:15 +0100: Memory Usage (442992K) : norcx_m4tm1 has 0 polygons
2026-02-12 15:26:15 +0100: Memory Usage (442992K) : norcx_m4tm2 has 0 polygons
2026-02-12 15:26:15 +0100: Memory Usage (442992K) : norcx_m5tm1 has 0 polygons
2026-02-12 15:26:15 +0100: Memory Usage (443120K) : norcx_m5tm2 has 0 polygons
2026-02-12 15:26:15 +0100: Memory Usage (443120K) : norcx_tm1tm2 has 0 polygons
2026-02-12 15:26:15 +0100: Memory Usage (443120K) : norcx_m1sub has 0 polygons
2026-02-12 15:26:15 +0100: Memory Usage (443248K) : norcx_m2sub has 0 polygons
2026-02-12 15:26:15 +0100: Memory Usage (443248K) : norcx_m3sub has 0 polygons
2026-02-12 15:26:15 +0100: Memory Usage (443376K) : norcx_m4sub has 0 polygons
2026-02-12 15:26:15 +0100: Memory Usage (443376K) : norcx_m5sub has 0 polygons
2026-02-12 15:26:15 +0100: Memory Usage (443504K) : norcx_tm1sub has 0 polygons
2026-02-12 15:26:15 +0100: Memory Usage (443504K) : norcx_tm2sub has 0 polygons
2026-02-12 15:26:15 +0100: Memory Usage (443504K) : snsbotvia_drw has 0 polygons
2026-02-12 15:26:15 +0100: Memory Usage (443632K) : snstopvia_drw has 0 polygons
2026-02-12 15:26:15 +0100: Memory Usage (443632K) : deepvia_drw has 0 polygons
2026-02-12 15:26:15 +0100: Memory Usage (443760K) : fgetch_drw has 0 polygons
2026-02-12 15:26:15 +0100: Memory Usage (443760K) : ctrgat_drw has 0 polygons
2026-02-12 15:26:15 +0100: Memory Usage (443760K) : fgimp_drw has 0 polygons
2026-02-12 15:26:15 +0100: Memory Usage (443888K) : emwihv_drw has 0 polygons
2026-02-12 15:26:15 +0100: Memory Usage (443888K) : lbe_drw has 0 polygons
2026-02-12 15:26:15 +0100: Memory Usage (444016K) : alcustop_drw has 0 polygons
2026-02-12 15:26:15 +0100: Memory Usage (444016K) : nometfiller_drw has 0 polygons
2026-02-12 15:26:15 +0100: Memory Usage (444016K) : prboundary_drw has 0 polygons
2026-02-12 15:26:15 +0100: Memory Usage (444144K) : exchange0_drw has 0 polygons
2026-02-12 15:26:15 +0100: Memory Usage (444144K) : exchange0_pin has 0 polygons
2026-02-12 15:26:15 +0100: Memory Usage (444144K) : exchange0_text has 0 polygons
2026-02-12 15:26:15 +0100: Memory Usage (444272K) : exchange1_drw has 0 polygons
2026-02-12 15:26:15 +0100: Memory Usage (444272K) : exchange1_pin has 0 polygons
2026-02-12 15:26:15 +0100: Memory Usage (444400K) : exchange1_text has 0 polygons
2026-02-12 15:26:15 +0100: Memory Usage (444400K) : exchange2_drw has 0 polygons
2026-02-12 15:26:15 +0100: Memory Usage (444400K) : exchange2_pin has 0 polygons
2026-02-12 15:26:15 +0100: Memory Usage (444528K) : exchange2_text has 0 polygons
2026-02-12 15:26:15 +0100: Memory Usage (444528K) : exchange3_drw has 0 polygons
2026-02-12 15:26:15 +0100: Memory Usage (444656K) : exchange3_pin has 0 polygons
2026-02-12 15:26:15 +0100: Memory Usage (444656K) : exchange3_text has 0 polygons
2026-02-12 15:26:15 +0100: Memory Usage (444656K) : exchange4_drw has 0 polygons
2026-02-12 15:26:15 +0100: Memory Usage (444784K) : exchange4_pin has 0 polygons
2026-02-12 15:26:15 +0100: Memory Usage (444784K) : exchange4_text has 0 polygons
2026-02-12 15:26:15 +0100: Memory Usage (444912K) : isonwell_drw has 0 polygons
2026-02-12 15:26:15 +0100: Memory Usage (444912K) : Total no. of polygons in the design is 83
2026-02-12 15:26:15 +0100: Memory Usage (444912K) : Loaded TECH DRC rules values from /opt/pdks/ihp-sg13g2/libs.tech/klayout/python/sg13g2_pycell_lib/sg13g2_tech_mod.json
2026-02-12 15:26:15 +0100: Memory Usage (444912K) : Loaded default DRC rules values from /opt/pdks/ihp-sg13g2/libs.tech/klayout/tech/drc/rule_decks/sg13g2_tech_default.json
2026-02-12 15:26:15 +0100: Memory Usage (444912K) : The following rules values were missing in tech json and default values were used:
2026-02-12 15:26:15 +0100: Memory Usage (444912K) :   - Cnt_c_digibnd
2026-02-12 15:26:15 +0100: Memory Usage (446320K) : Total area of the design is 14.94 um^2.
2026-02-12 15:26:15 +0100: Memory Usage (446320K) : The design dimensions are 2.49 µm * 6.0 µm.
2026-02-12 15:26:15 +0100: Memory Usage (446320K) : Starting general IHP-SG13G2 derivations.
2026-02-12 15:26:15 +0100: Memory Usage (446320K) : Starting Pwell derivations
2026-02-12 15:26:15 +0100: Memory Usage (448752K) : Starting n-Activ derivations
2026-02-12 15:26:15 +0100: Memory Usage (449008K) : Starting p-Activ derivations
2026-02-12 15:26:15 +0100: Memory Usage (449136K) : Starting ptap derivations
2026-02-12 15:26:15 +0100: Memory Usage (449136K) : Starting ntap derivations
2026-02-12 15:26:15 +0100: Memory Usage (449136K) : Starting pact FET derivations
2026-02-12 15:26:15 +0100: Memory Usage (449264K) : Starting nact FET derivations
2026-02-12 15:26:15 +0100: Memory Usage (449264K) : Starting Gate derivations
2026-02-12 15:26:15 +0100: Memory Usage (449392K) : Starting cont/contbar general derivations
2026-02-12 15:26:15 +0100: Memory Usage (449520K) : Starting pad general derivations
2026-02-12 15:26:15 +0100: Memory Usage (449776K) : Starting IHP-SG13G2 DRC connectivity related derivations.
2026-02-12 15:26:15 +0100: Memory Usage (450800K) : Starting IHP-SG13G2 DRC connectivity setup
2026-02-12 15:26:15 +0100: Memory Usage (451440K) : Starting IHP-SG13G2 DRC rules.
2026-02-12 15:26:15 +0100: Memory Usage (451440K) : Running all FEOL rules
2026-02-12 15:26:15 +0100: Memory Usage (451440K) : Running all BEOL rules
2026-02-12 15:26:15 +0100: Memory Usage (451440K) : Running all PIN rules
2026-02-12 15:26:15 +0100: Memory Usage (451440K) : Running all FORBIDDEN rules
2026-02-12 15:26:15 +0100: Memory Usage (451440K) : Starting 5.1 NWell table
2026-02-12 15:26:15 +0100: Memory Usage (451440K) : Executing rule NW.b
2026-02-12 15:26:15 +0100: Memory Usage (451952K) : Executing rule NW.b1
2026-02-12 15:26:15 +0100: Memory Usage (452208K) : Starting 5.2 PWell:block
2026-02-12 15:26:15 +0100: Memory Usage (452208K) : Executing rule PWB.e
2026-02-12 15:26:15 +0100: Memory Usage (452336K) : Executing rule PWB.e1
2026-02-12 15:26:15 +0100: Memory Usage (452464K) : Executing rule PWB.f
2026-02-12 15:26:15 +0100: Memory Usage (452592K) : Executing rule PWB.f1
2026-02-12 15:26:15 +0100: Memory Usage (452976K) : Starting 5.3 nBuLay table
2026-02-12 15:26:15 +0100: Memory Usage (453232K) : Executing rule NBL.b
2026-02-12 15:26:15 +0100: Memory Usage (453232K) : Executing rule NBL.c
2026-02-12 15:26:15 +0100: Memory Usage (453488K) : Executing rule NBL.d
2026-02-12 15:26:15 +0100: Memory Usage (453744K) : Executing rule NBL.e
2026-02-12 15:26:15 +0100: Memory Usage (453872K) : Executing rule NBL.f
2026-02-12 15:26:15 +0100: Memory Usage (454000K) : Starting 5.5. Activ table
2026-02-12 15:26:15 +0100: Memory Usage (454000K) : Executing rule Act.a
2026-02-12 15:26:15 +0100: Memory Usage (454128K) : Executing rule Act.b
2026-02-12 15:26:15 +0100: Memory Usage (454384K) : Starting 5.6 Activ:filler table
2026-02-12 15:26:15 +0100: Memory Usage (454512K) : Executing rule AFil.c1
2026-02-12 15:26:15 +0100: Memory Usage (454640K) : Executing rule AFil.c
2026-02-12 15:26:15 +0100: Memory Usage (454768K) : Executing rule AFil.d
2026-02-12 15:26:15 +0100: Memory Usage (455024K) : Executing rule AFil.e
2026-02-12 15:26:15 +0100: Memory Usage (455152K) : Executing rule AFil.j
2026-02-12 15:26:15 +0100: Memory Usage (455408K) : Starting 5.7. ThickGateOx table
2026-02-12 15:26:15 +0100: Memory Usage (455408K) : Executing rule TGO.f
2026-02-12 15:26:15 +0100: Memory Usage (455536K) : Starting 5.8. GatPoly table
2026-02-12 15:26:15 +0100: Memory Usage (455536K) : Executing rule Gat.a
2026-02-12 15:26:15 +0100: Memory Usage (455664K) : Executing rule Gat.b
2026-02-12 15:26:15 +0100: Memory Usage (455792K) : Executing rule Gat.d
2026-02-12 15:26:15 +0100: Memory Usage (455792K) : Executing rule Gat.a1
2026-02-12 15:26:15 +0100: Memory Usage (456688K) : Executing rule Gat.a2
2026-02-12 15:26:15 +0100: Memory Usage (456944K) : Executing rule Gat.g
2026-02-12 15:26:15 +0100: Memory Usage (457200K) : Starting 5.9 GatPoly:filler
2026-02-12 15:26:15 +0100: Memory Usage (457584K) : Executing rule GFil.d
2026-02-12 15:26:15 +0100: Memory Usage (457584K) : Executing rule GFil.e
2026-02-12 15:26:15 +0100: Memory Usage (457712K) : Executing rule GFil.i
2026-02-12 15:26:15 +0100: Memory Usage (457840K) : Starting 5.10 pSD table
2026-02-12 15:26:15 +0100: Memory Usage (457840K) : Executing rule pSD.c1
2026-02-12 15:26:15 +0100: Memory Usage (458096K) : Starting 5.14. Cont table
2026-02-12 15:26:15 +0100: Memory Usage (458096K) : Executing rule Cnt.a
2026-02-12 15:26:15 +0100: Memory Usage (458224K) : Executing rule Cnt.b
2026-02-12 15:26:15 +0100: Memory Usage (458224K) : Executing rule Cnt.c
2026-02-12 15:26:15 +0100: Memory Usage (458480K) : Executing rule Cnt.c
2026-02-12 15:26:15 +0100: Memory Usage (458608K) : Executing rule Cnt.d
2026-02-12 15:26:15 +0100: Memory Usage (458736K) : Executing rule Cnt.e
2026-02-12 15:26:15 +0100: Memory Usage (458864K) : Executing rule Cnt.g1
2026-02-12 15:26:15 +0100: Memory Usage (458992K) : Executing rule Cnt.g2
2026-02-12 15:26:15 +0100: Memory Usage (459120K) : Starting 5.15. ContBar table
2026-02-12 15:26:15 +0100: Memory Usage (459120K) : Executing rule CntB.b1
2026-02-12 15:26:15 +0100: Memory Usage (459120K) : Executing rule CntB.h1
2026-02-12 15:26:15 +0100: Memory Usage (459120K) : Starting 6.1.3 NPN Substrate-Tie table
2026-02-12 15:26:15 +0100: Memory Usage (459120K) : Executing rule npn13G2.bR 
2026-02-12 15:26:15 +0100: Memory Usage (459120K) : Executing rule npn13G2L.cR 
2026-02-12 15:26:15 +0100: Memory Usage (459120K) : Executing rule npn13G2V.cR 
2026-02-12 15:26:15 +0100: Memory Usage (459120K) : Starting 6.7 Schottky diode table
2026-02-12 15:26:15 +0100: Memory Usage (459120K) : Executing rule Sdiod.d
2026-02-12 15:26:15 +0100: Memory Usage (459120K) : Executing rule Sdiod.e
2026-02-12 15:26:15 +0100: Memory Usage (459120K) : Starting 7.2 Latch-up table
2026-02-12 15:26:15 +0100: Memory Usage (459120K) : Executing rule LU.b
2026-02-12 15:26:15 +0100: Memory Usage (459120K) : Starting 5.16. Metal1 table
2026-02-12 15:26:15 +0100: Memory Usage (459120K) : Executing rule M1.a
2026-02-12 15:26:15 +0100: Memory Usage (459120K) : Executing rule M1.b
2026-02-12 15:26:15 +0100: Memory Usage (459120K) : Executing rule M1.e
2026-02-12 15:26:15 +0100: Memory Usage (459120K) : Executing rule M1.f
2026-02-12 15:26:15 +0100: Memory Usage (459120K) : Executing rule M1.g
2026-02-12 15:26:15 +0100: Memory Usage (459120K) : Executing rule M1.i
2026-02-12 15:26:15 +0100: Memory Usage (459120K) : Starting 5.17 Metaln table
2026-02-12 15:26:15 +0100: Memory Usage (459120K) : Executing rule M2.a
2026-02-12 15:26:15 +0100: Memory Usage (459120K) : Executing rule M2.b
2026-02-12 15:26:15 +0100: Memory Usage (459120K) : Executing rule M2.e
2026-02-12 15:26:15 +0100: Memory Usage (459120K) : Executing rule M2.f
2026-02-12 15:26:15 +0100: Memory Usage (459120K) : Executing rule M2.g
2026-02-12 15:26:15 +0100: Memory Usage (459120K) : Executing rule M2.i
2026-02-12 15:26:15 +0100: Memory Usage (459120K) : Executing rule M3.a
2026-02-12 15:26:15 +0100: Memory Usage (459120K) : Executing rule M3.b
2026-02-12 15:26:15 +0100: Memory Usage (459120K) : Executing rule M3.e
2026-02-12 15:26:15 +0100: Memory Usage (459120K) : Executing rule M3.f
2026-02-12 15:26:15 +0100: Memory Usage (459120K) : Executing rule M3.g
2026-02-12 15:26:15 +0100: Memory Usage (459120K) : Executing rule M3.i
2026-02-12 15:26:15 +0100: Memory Usage (459120K) : Executing rule M4.a
2026-02-12 15:26:15 +0100: Memory Usage (459120K) : Executing rule M4.b
2026-02-12 15:26:15 +0100: Memory Usage (459120K) : Executing rule M4.e
2026-02-12 15:26:15 +0100: Memory Usage (459120K) : Executing rule M4.f
2026-02-12 15:26:15 +0100: Memory Usage (459120K) : Executing rule M4.g
2026-02-12 15:26:15 +0100: Memory Usage (459120K) : Executing rule M4.i
2026-02-12 15:26:15 +0100: Memory Usage (459120K) : Executing rule M5.a
2026-02-12 15:26:15 +0100: Memory Usage (459120K) : Executing rule M5.b
2026-02-12 15:26:15 +0100: Memory Usage (459120K) : Executing rule M5.e
2026-02-12 15:26:15 +0100: Memory Usage (459120K) : Executing rule M5.f
2026-02-12 15:26:15 +0100: Memory Usage (459120K) : Executing rule M5.g
2026-02-12 15:26:15 +0100: Memory Usage (459120K) : Executing rule M5.i
2026-02-12 15:26:15 +0100: Memory Usage (459120K) : Starting 5.18 Metaln:filler table
2026-02-12 15:26:15 +0100: Memory Usage (459120K) : Executing rule M1Fil.c
2026-02-12 15:26:15 +0100: Memory Usage (459120K) : Executing rule M1Fil.a2
2026-02-12 15:26:15 +0100: Memory Usage (459120K) : Executing rule M2Fil.c
2026-02-12 15:26:15 +0100: Memory Usage (459120K) : Executing rule M2Fil.a2
2026-02-12 15:26:15 +0100: Memory Usage (459120K) : Executing rule M3Fil.c
2026-02-12 15:26:15 +0100: Memory Usage (459120K) : Executing rule M3Fil.a2
2026-02-12 15:26:15 +0100: Memory Usage (459120K) : Executing rule M4Fil.c
2026-02-12 15:26:15 +0100: Memory Usage (459120K) : Executing rule M4Fil.a2
2026-02-12 15:26:15 +0100: Memory Usage (459120K) : Executing rule M5Fil.c
2026-02-12 15:26:15 +0100: Memory Usage (459120K) : Executing rule M5Fil.a2
2026-02-12 15:26:15 +0100: Memory Usage (459120K) : Starting 5.19. Via1 table
2026-02-12 15:26:15 +0100: Memory Usage (459120K) : Starting 5.19. Via1 table derivations
2026-02-12 15:26:15 +0100: Memory Usage (459120K) : Executing rule V1.a
2026-02-12 15:26:15 +0100: Memory Usage (459120K) : Executing rule V1.b
2026-02-12 15:26:15 +0100: Memory Usage (459120K) : Executing rule V1.c
2026-02-12 15:26:15 +0100: Memory Usage (459120K) : Starting 5.20. Vian table
2026-02-12 15:26:15 +0100: Memory Usage (459120K) : Executing rule V2.a
2026-02-12 15:26:15 +0100: Memory Usage (459120K) : Executing rule V2.b
2026-02-12 15:26:15 +0100: Memory Usage (459120K) : Executing rule V2.c
2026-02-12 15:26:15 +0100: Memory Usage (459120K) : Executing rule V3.a
2026-02-12 15:26:15 +0100: Memory Usage (459120K) : Executing rule V3.b
2026-02-12 15:26:15 +0100: Memory Usage (459120K) : Executing rule V3.c
2026-02-12 15:26:15 +0100: Memory Usage (459120K) : Executing rule V4.a
2026-02-12 15:26:15 +0100: Memory Usage (459120K) : Executing rule V4.b
2026-02-12 15:26:15 +0100: Memory Usage (459120K) : Executing rule V4.c
2026-02-12 15:26:15 +0100: Memory Usage (459120K) : Starting 5.21. TopVia1 table
2026-02-12 15:26:15 +0100: Memory Usage (459120K) : Executing rule TV1.a
2026-02-12 15:26:15 +0100: Memory Usage (459120K) : Executing rule TV1.b
2026-02-12 15:26:15 +0100: Memory Usage (459120K) : Executing rule TV1.c
2026-02-12 15:26:15 +0100: Memory Usage (459120K) : Executing rule TV1.d
2026-02-12 15:26:15 +0100: Memory Usage (459120K) : Starting 5.22. TopMetal1 table
2026-02-12 15:26:15 +0100: Memory Usage (459120K) : Executing rule TM1.a
2026-02-12 15:26:15 +0100: Memory Usage (459120K) : Executing rule TM1.b
2026-02-12 15:26:15 +0100: Memory Usage (459120K) : Starting 5.23 TopMetal1:filler table
2026-02-12 15:26:15 +0100: Memory Usage (459120K) : Executing rule TM1Fil.c
2026-02-12 15:26:15 +0100: Memory Usage (459120K) : Executing rule TM1Fil.a1
2026-02-12 15:26:15 +0100: Memory Usage (459120K) : Starting 5.24. TopVia2 table
2026-02-12 15:26:15 +0100: Memory Usage (459120K) : Executing rule TV2.a
2026-02-12 15:26:15 +0100: Memory Usage (459120K) : Executing rule TV2.b
2026-02-12 15:26:15 +0100: Memory Usage (459120K) : Executing rule TV2.c
2026-02-12 15:26:15 +0100: Memory Usage (459120K) : Executing rule TV2.d
2026-02-12 15:26:15 +0100: Memory Usage (459120K) : Starting 5.25. TopMetal2 table
2026-02-12 15:26:15 +0100: Memory Usage (459120K) : Executing rule TM2.a
2026-02-12 15:26:15 +0100: Memory Usage (459120K) : Executing rule TM2.b
2026-02-12 15:26:15 +0100: Memory Usage (459120K) : Executing rule TM2.bR
2026-02-12 15:26:15 +0100: Memory Usage (459120K) : Starting 5.26 TopMetal2:filler table
2026-02-12 15:26:15 +0100: Memory Usage (459120K) : Executing rule TM2Fil.c
2026-02-12 15:26:15 +0100: Memory Usage (459120K) : Executing rule TM2Fil.a1
2026-02-12 15:26:15 +0100: Memory Usage (459120K) : Starting 5.27. Passiv table
2026-02-12 15:26:15 +0100: Memory Usage (459120K) : Executing rule Pas.a
2026-02-12 15:26:15 +0100: Memory Usage (459120K) : Executing rule Pas.b
2026-02-12 15:26:15 +0100: Memory Usage (459120K) : Executing rule Pas.c
2026-02-12 15:26:15 +0100: Memory Usage (459120K) : Starting 6.9.2 Copper Pillar table
2026-02-12 15:26:15 +0100: Memory Usage (459120K) : Executing rule Padc.a
2026-02-12 15:26:15 +0100: Memory Usage (459120K) : Executing rule Padc.b
2026-02-12 15:26:15 +0100: Memory Usage (459120K) : Executing rule Padc.c
2026-02-12 15:26:15 +0100: Memory Usage (459120K) : Executing rule Padb.f
2026-02-12 15:26:15 +0100: Memory Usage (459120K) : Starting 6.9 Pad table
2026-02-12 15:26:15 +0100: Memory Usage (459120K) : Executing rule Pad.m
2026-02-12 15:26:15 +0100: Memory Usage (459120K) : Executing rule Pad.fR_M1
2026-02-12 15:26:15 +0100: Memory Usage (459120K) : Executing rule Pad.fR_M2
2026-02-12 15:26:15 +0100: Memory Usage (459120K) : Executing rule Pad.fR_M3
2026-02-12 15:26:15 +0100: Memory Usage (459120K) : Executing rule Pad.fR_M4
2026-02-12 15:26:15 +0100: Memory Usage (459120K) : Executing rule Pad.fR_M5
2026-02-12 15:26:15 +0100: Memory Usage (459120K) : Executing rule Pad.fR_TM1
2026-02-12 15:26:15 +0100: Memory Usage (459120K) : Executing rule Pad.fR_TM2
2026-02-12 15:26:15 +0100: Memory Usage (459120K) : Executing rule Pad.i
2026-02-12 15:26:15 +0100: Memory Usage (459120K) : Starting 6.9.1 Solder Bump
2026-02-12 15:26:15 +0100: Memory Usage (459120K) : Executing rule Padb.a
2026-02-12 15:26:16 +0100: Memory Usage (459120K) : Executing rule Padb.b
2026-02-12 15:26:16 +0100: Memory Usage (459120K) : Executing rule Padb.c
2026-02-12 15:26:16 +0100: Memory Usage (459120K) : Executing rule Padb.f
2026-02-12 15:26:16 +0100: Memory Usage (459120K) : Executing rule Padb.d
2026-02-12 15:26:16 +0100: Memory Usage (459120K) : Starting 6.10 Sealring table
2026-02-12 15:26:16 +0100: Memory Usage (459120K) : Executing rule Seal.l
2026-02-12 15:26:16 +0100: Memory Usage (459120K) : Executing rule Seal.n
2026-02-12 15:26:16 +0100: Memory Usage (459120K) : Executing rule seal.b_metal1
2026-02-12 15:26:16 +0100: Memory Usage (459120K) : Executing rule seal.b_metal2
2026-02-12 15:26:16 +0100: Memory Usage (459120K) : Executing rule seal.b_metal3
2026-02-12 15:26:16 +0100: Memory Usage (459120K) : Executing rule seal.b_metal4
2026-02-12 15:26:16 +0100: Memory Usage (459120K) : Executing rule seal.b_metal5
2026-02-12 15:26:16 +0100: Memory Usage (459120K) : Executing rule seal.b_topmetal1
2026-02-12 15:26:16 +0100: Memory Usage (459120K) : Executing rule seal.b_topmetal2
2026-02-12 15:26:16 +0100: Memory Usage (459120K) : Executing rule seal.b_activ
2026-02-12 15:26:16 +0100: Memory Usage (459120K) : Executing rule seal.b_psd
2026-02-12 15:26:16 +0100: Memory Usage (459120K) : Executing rule Seal.k
2026-02-12 15:26:16 +0100: Memory Usage (459120K) : Executing rule Seal.m
2026-02-12 15:26:16 +0100: Memory Usage (459120K) : Starting 6.11 MIM table
2026-02-12 15:26:16 +0100: Memory Usage (459120K) : Executing rule MIM.c
2026-02-12 15:26:16 +0100: Memory Usage (459120K) : Executing rule MIM.d
2026-02-12 15:26:16 +0100: Memory Usage (459120K) : Executing rule MIM.gR
2026-02-12 15:26:16 +0100: Memory Usage (459120K) : Starting 7.3 Metal Slits table
2026-02-12 15:26:16 +0100: Memory Usage (459120K) : Executing rule Slt.e1_M1
2026-02-12 15:26:16 +0100: Memory Usage (459120K) : Executing rule Slt.e1_M2
2026-02-12 15:26:16 +0100: Memory Usage (459120K) : Executing rule Slt.e1_M3
2026-02-12 15:26:16 +0100: Memory Usage (459120K) : Executing rule Slt.e1_M4
2026-02-12 15:26:16 +0100: Memory Usage (459120K) : Executing rule Slt.e1_M5
2026-02-12 15:26:16 +0100: Memory Usage (459120K) : Executing rule Slt.e1_TM1
2026-02-12 15:26:16 +0100: Memory Usage (459120K) : Executing rule Slt.e1_TM2
2026-02-12 15:26:16 +0100: Memory Usage (459120K) : Starting 9.1. LBE table
2026-02-12 15:26:16 +0100: Memory Usage (459120K) : Executing rule LBE.a
2026-02-12 15:26:16 +0100: Memory Usage (459120K) : Executing rule LBE.b
2026-02-12 15:26:16 +0100: Memory Usage (459120K) : Executing rule LBE.b1
2026-02-12 15:26:16 +0100: Memory Usage (459120K) : Executing rule LBE.c
2026-02-12 15:26:16 +0100: Memory Usage (459120K) : Executing rule LBE.d
2026-02-12 15:26:16 +0100: Memory Usage (459120K) : Executing rule LBE.h
2026-02-12 15:26:16 +0100: Memory Usage (459120K) : Starting 7.4. PIN table
2026-02-12 15:26:16 +0100: Memory Usage (459120K) : Executing rule Pin.a
2026-02-12 15:26:16 +0100: Memory Usage (459248K) : Executing rule Pin.b
2026-02-12 15:26:16 +0100: Memory Usage (459376K) : Executing rule Pin.e
2026-02-12 15:26:16 +0100: Memory Usage (459504K) : Executing rule Pin.f_M2
2026-02-12 15:26:16 +0100: Memory Usage (459632K) : Executing rule Pin.f_M3
2026-02-12 15:26:16 +0100: Memory Usage (459760K) : Executing rule Pin.f_M4
2026-02-12 15:26:16 +0100: Memory Usage (459888K) : Executing rule Pin.f_M5
2026-02-12 15:26:16 +0100: Memory Usage (460016K) : Executing rule Pin.g
2026-02-12 15:26:16 +0100: Memory Usage (460144K) : Executing rule Pin.h
2026-02-12 15:26:16 +0100: Memory Usage (460272K) : Starting 3.2. FORBIDDEN table
2026-02-12 15:26:16 +0100: Memory Usage (460272K) : Executing rule forbidden.biwind
2026-02-12 15:26:16 +0100: Memory Usage (460272K) : Executing rule forbidden.pemwind
2026-02-12 15:26:16 +0100: Memory Usage (460272K) : Executing rule forbidden.baspoly
2026-02-12 15:26:16 +0100: Memory Usage (460400K) : Executing rule forbidden.deepco
2026-02-12 15:26:16 +0100: Memory Usage (460400K) : Executing rule forbidden.pempoly
2026-02-12 15:26:16 +0100: Memory Usage (460528K) : Executing rule forbidden.empoly
2026-02-12 15:26:16 +0100: Memory Usage (460528K) : Executing rule forbidden.ldmos
2026-02-12 15:26:16 +0100: Memory Usage (460656K) : Executing rule forbidden.pbiwind
2026-02-12 15:26:16 +0100: Memory Usage (460656K) : Executing rule forbidden.nodrc
2026-02-12 15:26:16 +0100: Memory Usage (460656K) : Executing rule forbidden.flash
2026-02-12 15:26:16 +0100: Memory Usage (460656K) : Executing rule forbidden.colwind
2026-02-12 15:26:16 +0100: Memory Usage (460656K) : KLayout DRC run for tables 'main' completed in 0.9 seconds
