2026-04-03 07:13:53 +0000: Memory Usage (424236K) : Starting running IHP-SG13G2 KLayout DRC runset on /home/designer/shared/SAR_ADC_8BIT_IHP/librelane/sar_algo/runs/RUN_2026-04-03_07-12-32/57-magic-streamout/sar_algo.gds
2026-04-03 07:13:53 +0000: Memory Usage (424236K) : Ruby Version for klayout: 3.3.10
2026-04-03 07:13:53 +0000: Memory Usage (425260K) : Loading database to memory is complete.
2026-04-03 07:13:53 +0000: Memory Usage (425260K) : IHP-SG13G2 KLayout DRC runset output at: /home/designer/shared/SAR_ADC_8BIT_IHP/librelane/sar_algo/runs/RUN_2026-04-03_07-12-32/64-klayout-drc/reports/drc.klayout.lyrdb
2026-04-03 07:13:53 +0000: Memory Usage (425260K) : Evaluate switches.
2026-04-03 07:13:53 +0000: Memory Usage (425260K) : tables selected: main
2026-04-03 07:13:53 +0000: Memory Usage (425260K) : KLayout will use 8 thread(s) in tiling mode.
2026-04-03 07:13:53 +0000: Memory Usage (425260K) : deep mode is enabled.
2026-04-03 07:13:53 +0000: Memory Usage (425260K) : FEOL enabled: true
2026-04-03 07:13:53 +0000: Memory Usage (425260K) : BEOL enabled: true
2026-04-03 07:13:53 +0000: Memory Usage (425260K) : OFFGRID enabled: true
2026-04-03 07:13:53 +0000: Memory Usage (425260K) : PIN enabled: true
2026-04-03 07:13:53 +0000: Memory Usage (425260K) : FORBIDDEN enabled: true
2026-04-03 07:13:53 +0000: Memory Usage (425260K) : RECOMMENDED enabled: false
2026-04-03 07:13:53 +0000: Memory Usage (425260K) : PreCheck DRC enabled: false
2026-04-03 07:13:53 +0000: Memory Usage (425260K) : CONNECTIVITY_RULES enabled: true.
2026-04-03 07:13:53 +0000: Memory Usage (425260K) : Read in polygons from layers.
2026-04-03 07:13:53 +0000: Memory Usage (426412K) : activ_drw has 2690 polygons
2026-04-03 07:13:53 +0000: Memory Usage (426412K) : activ_pin has 0 polygons
2026-04-03 07:13:53 +0000: Memory Usage (426412K) : activ_mask has 0 polygons
2026-04-03 07:13:53 +0000: Memory Usage (426412K) : activ_filler has 0 polygons
2026-04-03 07:13:53 +0000: Memory Usage (426412K) : activ_nofill has 0 polygons
2026-04-03 07:13:53 +0000: Memory Usage (426412K) : activ_opc has 0 polygons
2026-04-03 07:13:53 +0000: Memory Usage (426412K) : activ_iopc has 0 polygons
2026-04-03 07:13:53 +0000: Memory Usage (426412K) : activ_noqrc has 0 polygons
2026-04-03 07:13:53 +0000: Memory Usage (426412K) : biwind_drw has 0 polygons
2026-04-03 07:13:53 +0000: Memory Usage (426412K) : biwind_opc has 0 polygons
2026-04-03 07:13:53 +0000: Memory Usage (426412K) : pemwind_drw has 0 polygons
2026-04-03 07:13:53 +0000: Memory Usage (426412K) : gatpoly_drw has 2470 polygons
2026-04-03 07:13:53 +0000: Memory Usage (426412K) : gatpoly_pin has 0 polygons
2026-04-03 07:13:53 +0000: Memory Usage (426412K) : gatpoly_filler has 0 polygons
2026-04-03 07:13:53 +0000: Memory Usage (426412K) : gatpoly_nofill has 0 polygons
2026-04-03 07:13:53 +0000: Memory Usage (426412K) : gatpoly_opc has 0 polygons
2026-04-03 07:13:53 +0000: Memory Usage (426412K) : gatpoly_iopc has 0 polygons
2026-04-03 07:13:53 +0000: Memory Usage (426412K) : gatpoly_noqrc has 0 polygons
2026-04-03 07:13:53 +0000: Memory Usage (426412K) : cont_drw has 19367 polygons
2026-04-03 07:13:53 +0000: Memory Usage (426412K) : cont_opc has 0 polygons
2026-04-03 07:13:53 +0000: Memory Usage (426412K) : nsd_drw has 0 polygons
2026-04-03 07:13:53 +0000: Memory Usage (426412K) : nsd_block has 0 polygons
2026-04-03 07:13:53 +0000: Memory Usage (426412K) : metal1_drw has 4452 polygons
2026-04-03 07:13:53 +0000: Memory Usage (426412K) : metal1_pin has 1794 polygons
2026-04-03 07:13:53 +0000: Memory Usage (426412K) : metal1_mask has 0 polygons
2026-04-03 07:13:53 +0000: Memory Usage (426412K) : metal1_filler has 0 polygons
2026-04-03 07:13:53 +0000: Memory Usage (426540K) : metal1_nofill has 0 polygons
2026-04-03 07:13:53 +0000: Memory Usage (426540K) : metal1_slit has 0 polygons
2026-04-03 07:13:53 +0000: Memory Usage (426796K) : metal1_text has 1752 polygons
2026-04-03 07:13:53 +0000: Memory Usage (426796K) : metal1_opc has 0 polygons
2026-04-03 07:13:53 +0000: Memory Usage (426796K) : metal1_noqrc has 0 polygons
2026-04-03 07:13:53 +0000: Memory Usage (426796K) : metal1_res has 0 polygons
2026-04-03 07:13:53 +0000: Memory Usage (426796K) : metal1_iprobe has 0 polygons
2026-04-03 07:13:53 +0000: Memory Usage (426924K) : metal1_diffprb has 0 polygons
2026-04-03 07:13:53 +0000: Memory Usage (426924K) : passiv_drw has 0 polygons
2026-04-03 07:13:53 +0000: Memory Usage (426924K) : passiv_pin has 0 polygons
2026-04-03 07:13:53 +0000: Memory Usage (426924K) : passiv_sbump has 0 polygons
2026-04-03 07:13:53 +0000: Memory Usage (426924K) : passiv_pillar has 0 polygons
2026-04-03 07:13:53 +0000: Memory Usage (427052K) : passiv_pdl has 0 polygons
2026-04-03 07:13:53 +0000: Memory Usage (427052K) : metal2_drw has 1511 polygons
2026-04-03 07:13:53 +0000: Memory Usage (427052K) : metal2_pin has 17 polygons
2026-04-03 07:13:53 +0000: Memory Usage (427052K) : metal2_mask has 0 polygons
2026-04-03 07:13:53 +0000: Memory Usage (427180K) : metal2_filler has 0 polygons
2026-04-03 07:13:53 +0000: Memory Usage (427180K) : metal2_nofill has 0 polygons
2026-04-03 07:13:53 +0000: Memory Usage (427308K) : metal2_slit has 0 polygons
2026-04-03 07:13:53 +0000: Memory Usage (427308K) : metal2_text has 165 polygons
2026-04-03 07:13:53 +0000: Memory Usage (427436K) : metal2_opc has 0 polygons
2026-04-03 07:13:53 +0000: Memory Usage (427436K) : metal2_noqrc has 0 polygons
2026-04-03 07:13:53 +0000: Memory Usage (427436K) : metal2_res has 0 polygons
2026-04-03 07:13:53 +0000: Memory Usage (427564K) : metal2_iprobe has 0 polygons
2026-04-03 07:13:53 +0000: Memory Usage (427564K) : metal2_diffprb has 0 polygons
2026-04-03 07:13:53 +0000: Memory Usage (427692K) : baspoly_drw has 0 polygons
2026-04-03 07:13:53 +0000: Memory Usage (427692K) : baspoly_pin has 0 polygons
2026-04-03 07:13:53 +0000: Memory Usage (427820K) : psd_drw has 1188 polygons
2026-04-03 07:13:53 +0000: Memory Usage (427820K) : nldb_drw has 0 polygons
2026-04-03 07:13:53 +0000: Memory Usage (427820K) : digibnd_drw has 0 polygons
2026-04-03 07:13:53 +0000: Memory Usage (427948K) : via1_drw has 715 polygons
2026-04-03 07:13:53 +0000: Memory Usage (427948K) : backmetal1_drw has 0 polygons
2026-04-03 07:13:53 +0000: Memory Usage (428076K) : backmetal1_pin has 0 polygons
2026-04-03 07:13:53 +0000: Memory Usage (428076K) : backmetal1_mask has 0 polygons
2026-04-03 07:13:53 +0000: Memory Usage (428076K) : backmetal1_filler has 0 polygons
2026-04-03 07:13:53 +0000: Memory Usage (428076K) : backmetal1_nofill has 0 polygons
2026-04-03 07:13:53 +0000: Memory Usage (428204K) : backmetal1_slit has 0 polygons
2026-04-03 07:13:53 +0000: Memory Usage (428204K) : backmetal1_text has 0 polygons
2026-04-03 07:13:53 +0000: Memory Usage (428204K) : backmetal1_opc has 0 polygons
2026-04-03 07:13:53 +0000: Memory Usage (428204K) : backmetal1_noqrc has 0 polygons
2026-04-03 07:13:53 +0000: Memory Usage (428204K) : backmetal1_res has 0 polygons
2026-04-03 07:13:53 +0000: Memory Usage (428204K) : backmetal1_iprobe has 0 polygons
2026-04-03 07:13:53 +0000: Memory Usage (428204K) : backmetal1_diffprb has 0 polygons
2026-04-03 07:13:53 +0000: Memory Usage (428332K) : backpassiv_drw has 0 polygons
2026-04-03 07:13:53 +0000: Memory Usage (428332K) : res_drw has 0 polygons
2026-04-03 07:13:53 +0000: Memory Usage (428460K) : sram_drw has 0 polygons
2026-04-03 07:13:53 +0000: Memory Usage (428460K) : trans_drw has 0 polygons
2026-04-03 07:13:53 +0000: Memory Usage (428460K) : ind_drw has 0 polygons
2026-04-03 07:13:53 +0000: Memory Usage (428588K) : ind_pin has 0 polygons
2026-04-03 07:13:53 +0000: Memory Usage (428588K) : ind_text has 0 polygons
2026-04-03 07:13:53 +0000: Memory Usage (428716K) : salblock_drw has 0 polygons
2026-04-03 07:13:53 +0000: Memory Usage (428716K) : via2_drw has 611 polygons
2026-04-03 07:13:53 +0000: Memory Usage (428844K) : metal3_drw has 325 polygons
2026-04-03 07:13:53 +0000: Memory Usage (428844K) : metal3_pin has 14 polygons
2026-04-03 07:13:53 +0000: Memory Usage (428972K) : metal3_mask has 0 polygons
2026-04-03 07:13:53 +0000: Memory Usage (428972K) : metal3_filler has 0 polygons
2026-04-03 07:13:53 +0000: Memory Usage (429100K) : metal3_nofill has 0 polygons
2026-04-03 07:13:53 +0000: Memory Usage (429100K) : metal3_slit has 0 polygons
2026-04-03 07:13:53 +0000: Memory Usage (429228K) : metal3_text has 66 polygons
2026-04-03 07:13:53 +0000: Memory Usage (429228K) : metal3_opc has 0 polygons
2026-04-03 07:13:53 +0000: Memory Usage (429356K) : metal3_noqrc has 0 polygons
2026-04-03 07:13:53 +0000: Memory Usage (429356K) : metal3_res has 0 polygons
2026-04-03 07:13:53 +0000: Memory Usage (429356K) : metal3_iprobe has 0 polygons
2026-04-03 07:13:53 +0000: Memory Usage (429484K) : metal3_diffprb has 0 polygons
2026-04-03 07:13:53 +0000: Memory Usage (429484K) : nwell_drw has 593 polygons
2026-04-03 07:13:53 +0000: Memory Usage (429612K) : nwell_pin has 0 polygons
2026-04-03 07:13:53 +0000: Memory Usage (429612K) : nbulay_drw has 0 polygons
2026-04-03 07:13:53 +0000: Memory Usage (429740K) : nbulay_pin has 0 polygons
2026-04-03 07:13:53 +0000: Memory Usage (429740K) : nbulay_block has 0 polygons
2026-04-03 07:13:53 +0000: Memory Usage (429868K) : emwind_drw has 0 polygons
2026-04-03 07:13:53 +0000: Memory Usage (429868K) : emwind_opc has 0 polygons
2026-04-03 07:13:53 +0000: Memory Usage (429996K) : deepco_drw has 0 polygons
2026-04-03 07:13:53 +0000: Memory Usage (429996K) : deepco_drw has 0 polygons
2026-04-03 07:13:53 +0000: Memory Usage (429996K) : mim_drw has 0 polygons
2026-04-03 07:13:53 +0000: Memory Usage (430124K) : edgeseal_drw has 0 polygons
2026-04-03 07:13:53 +0000: Memory Usage (430124K) : edgeseal_bound has 0 polygons
2026-04-03 07:13:53 +0000: Memory Usage (430124K) : substrate_drw has 0 polygons
2026-04-03 07:13:53 +0000: Memory Usage (430252K) : substrate_text has 0 polygons
2026-04-03 07:13:53 +0000: Memory Usage (430252K) : dfpad_drw has 0 polygons
2026-04-03 07:13:53 +0000: Memory Usage (430380K) : dfpad_pillar has 0 polygons
2026-04-03 07:13:53 +0000: Memory Usage (430380K) : dfpad_sbump has 0 polygons
2026-04-03 07:13:53 +0000: Memory Usage (430508K) : thickgateox_drw has 0 polygons
2026-04-03 07:13:53 +0000: Memory Usage (430636K) : pldb_drw has 0 polygons
2026-04-03 07:13:53 +0000: Memory Usage (430636K) : pwell_drw has 0 polygons
2026-04-03 07:13:53 +0000: Memory Usage (430636K) : pwell_pin has 0 polygons
2026-04-03 07:13:53 +0000: Memory Usage (430636K) : pwell_block has 0 polygons
2026-04-03 07:13:53 +0000: Memory Usage (430636K) : ic_drw has 0 polygons
2026-04-03 07:13:53 +0000: Memory Usage (430764K) : via3_drw has 142 polygons
2026-04-03 07:13:53 +0000: Memory Usage (430764K) : metal4_drw has 29 polygons
2026-04-03 07:13:53 +0000: Memory Usage (430892K) : metal4_pin has 0 polygons
2026-04-03 07:13:53 +0000: Memory Usage (430892K) : metal4_mask has 0 polygons
2026-04-03 07:13:53 +0000: Memory Usage (431020K) : metal4_filler has 0 polygons
2026-04-03 07:13:53 +0000: Memory Usage (431020K) : metal4_nofill has 0 polygons
2026-04-03 07:13:53 +0000: Memory Usage (431148K) : metal4_slit has 0 polygons
2026-04-03 07:13:53 +0000: Memory Usage (431148K) : metal4_text has 0 polygons
2026-04-03 07:13:53 +0000: Memory Usage (431276K) : metal4_opc has 0 polygons
2026-04-03 07:13:53 +0000: Memory Usage (431276K) : metal4_noqrc has 0 polygons
2026-04-03 07:13:53 +0000: Memory Usage (431276K) : metal4_res has 0 polygons
2026-04-03 07:13:53 +0000: Memory Usage (431404K) : metal4_iprobe has 0 polygons
2026-04-03 07:13:53 +0000: Memory Usage (431404K) : metal4_diffprb has 0 polygons
2026-04-03 07:13:53 +0000: Memory Usage (431532K) : heattrans_drw has 0 polygons
2026-04-03 07:13:53 +0000: Memory Usage (431532K) : heatres_drw has 0 polygons
2026-04-03 07:13:53 +0000: Memory Usage (431532K) : pempoly_drw has 0 polygons
2026-04-03 07:13:53 +0000: Memory Usage (431660K) : fbe_drw has 0 polygons
2026-04-03 07:13:53 +0000: Memory Usage (431660K) : empoly_drw has 0 polygons
2026-04-03 07:13:53 +0000: Memory Usage (431788K) : ldmos_drw has 0 polygons
2026-04-03 07:13:53 +0000: Memory Usage (431788K) : pbiwind_drw has 0 polygons
2026-04-03 07:13:53 +0000: Memory Usage (431916K) : digisub_drw has 0 polygons
2026-04-03 07:13:53 +0000: Memory Usage (431916K) : nodrc_drw has 0 polygons
2026-04-03 07:13:53 +0000: Memory Usage (432044K) : text_drw has 0 polygons
2026-04-03 07:13:53 +0000: Memory Usage (432044K) : via4_drw has 140 polygons
2026-04-03 07:13:53 +0000: Memory Usage (432172K) : metal5_drw has 28 polygons
2026-04-03 07:13:53 +0000: Memory Usage (432172K) : metal5_pin has 0 polygons
2026-04-03 07:13:53 +0000: Memory Usage (432172K) : metal5_mask has 0 polygons
2026-04-03 07:13:53 +0000: Memory Usage (432300K) : metal5_filler has 0 polygons
2026-04-03 07:13:53 +0000: Memory Usage (432300K) : metal5_nofill has 0 polygons
2026-04-03 07:13:53 +0000: Memory Usage (432428K) : metal5_slit has 0 polygons
2026-04-03 07:13:53 +0000: Memory Usage (432428K) : metal5_text has 0 polygons
2026-04-03 07:13:53 +0000: Memory Usage (432556K) : metal5_opc has 0 polygons
2026-04-03 07:13:53 +0000: Memory Usage (432556K) : metal5_noqrc has 0 polygons
2026-04-03 07:13:53 +0000: Memory Usage (432684K) : metal5_res has 0 polygons
2026-04-03 07:13:53 +0000: Memory Usage (432684K) : metal5_iprobe has 0 polygons
2026-04-03 07:13:53 +0000: Memory Usage (432684K) : metal5_diffprb has 0 polygons
2026-04-03 07:13:53 +0000: Memory Usage (432684K) : radhard_drw has 0 polygons
2026-04-03 07:13:53 +0000: Memory Usage (432684K) : memcap_drw has 0 polygons
2026-04-03 07:13:53 +0000: Memory Usage (432684K) : varicap_drw has 0 polygons
2026-04-03 07:13:53 +0000: Memory Usage (432684K) : flash_drw has 0 polygons
2026-04-03 07:13:53 +0000: Memory Usage (432684K) : intbondvia_drw has 0 polygons
2026-04-03 07:13:53 +0000: Memory Usage (432684K) : intbondmet_drw has 0 polygons
2026-04-03 07:13:53 +0000: Memory Usage (432684K) : devbondvia_drw has 0 polygons
2026-04-03 07:13:53 +0000: Memory Usage (432684K) : devbondmet_drw has 0 polygons
2026-04-03 07:13:53 +0000: Memory Usage (432684K) : devtrench_drw has 0 polygons
2026-04-03 07:13:53 +0000: Memory Usage (432684K) : redist_drw has 0 polygons
2026-04-03 07:13:53 +0000: Memory Usage (432684K) : graphbot_drw has 0 polygons
2026-04-03 07:13:53 +0000: Memory Usage (432812K) : graphtop_drw has 0 polygons
2026-04-03 07:13:53 +0000: Memory Usage (432812K) : antvia1_drw has 0 polygons
2026-04-03 07:13:53 +0000: Memory Usage (432812K) : antmetal2_drw has 0 polygons
2026-04-03 07:13:53 +0000: Memory Usage (432940K) : graphcont_drw has 0 polygons
2026-04-03 07:13:53 +0000: Memory Usage (432940K) : siwg_drw has 0 polygons
2026-04-03 07:13:53 +0000: Memory Usage (432940K) : siwg_filler has 0 polygons
2026-04-03 07:13:53 +0000: Memory Usage (433068K) : siwg_nofill has 0 polygons
2026-04-03 07:13:53 +0000: Memory Usage (433068K) : sigrating_drw has 0 polygons
2026-04-03 07:13:53 +0000: Memory Usage (433068K) : singrating_drw has 0 polygons
2026-04-03 07:13:53 +0000: Memory Usage (433196K) : graphpas_drw has 0 polygons
2026-04-03 07:13:53 +0000: Memory Usage (433196K) : emwind3_drw has 0 polygons
2026-04-03 07:13:53 +0000: Memory Usage (433196K) : emwihv3_drw has 0 polygons
2026-04-03 07:13:53 +0000: Memory Usage (433324K) : redbulay_drw has 0 polygons
2026-04-03 07:13:53 +0000: Memory Usage (433324K) : smos_drw has 0 polygons
2026-04-03 07:13:53 +0000: Memory Usage (433324K) : graphpad_drw has 0 polygons
2026-04-03 07:13:53 +0000: Memory Usage (433452K) : polimide_drw has 0 polygons
2026-04-03 07:13:53 +0000: Memory Usage (433452K) : polimide_pin has 0 polygons
2026-04-03 07:13:53 +0000: Memory Usage (433452K) : recog_drw has 0 polygons
2026-04-03 07:13:53 +0000: Memory Usage (433580K) : recog_pin has 0 polygons
2026-04-03 07:13:53 +0000: Memory Usage (433580K) : recog_esd has 0 polygons
2026-04-03 07:13:53 +0000: Memory Usage (433580K) : recog_diode has 0 polygons
2026-04-03 07:13:53 +0000: Memory Usage (433708K) : recog_tsv has 0 polygons
2026-04-03 07:13:53 +0000: Memory Usage (433708K) : recog_iprobe has 0 polygons
2026-04-03 07:13:53 +0000: Memory Usage (433708K) : recog_diffprb has 0 polygons
2026-04-03 07:13:53 +0000: Memory Usage (433836K) : recog_pillar has 0 polygons
2026-04-03 07:13:53 +0000: Memory Usage (433836K) : recog_sbump has 0 polygons
2026-04-03 07:13:53 +0000: Memory Usage (433836K) : recog_otp has 0 polygons
2026-04-03 07:13:53 +0000: Memory Usage (433964K) : recog_pdiode has 0 polygons
2026-04-03 07:13:53 +0000: Memory Usage (433964K) : recog_mom has 0 polygons
2026-04-03 07:13:53 +0000: Memory Usage (433964K) : recog_pcm has 0 polygons
2026-04-03 07:13:53 +0000: Memory Usage (434092K) : colopen_drw has 0 polygons
2026-04-03 07:13:53 +0000: Memory Usage (434092K) : graphmetal1_drw has 0 polygons
2026-04-03 07:13:53 +0000: Memory Usage (434092K) : graphmetal1_filler has 0 polygons
2026-04-03 07:13:53 +0000: Memory Usage (434092K) : graphmetal1_nofill has 0 polygons
2026-04-03 07:13:53 +0000: Memory Usage (434220K) : graphmetal1_slit has 0 polygons
2026-04-03 07:13:53 +0000: Memory Usage (434220K) : graphmetal1_opc has 0 polygons
2026-04-03 07:13:53 +0000: Memory Usage (434220K) : graphmet1l_drw has 0 polygons
2026-04-03 07:13:53 +0000: Memory Usage (434348K) : graphmet1l_filler has 0 polygons
2026-04-03 07:13:53 +0000: Memory Usage (434348K) : graphmet1l_nofill has 0 polygons
2026-04-03 07:13:53 +0000: Memory Usage (434348K) : graphmet1l_slit has 0 polygons
2026-04-03 07:13:53 +0000: Memory Usage (434476K) : graphmet1l_opc has 0 polygons
2026-04-03 07:13:53 +0000: Memory Usage (434476K) : extblock_drw has 0 polygons
2026-04-03 07:13:53 +0000: Memory Usage (434476K) : nldd_drw has 0 polygons
2026-04-03 07:13:53 +0000: Memory Usage (434604K) : pldd_drw has 0 polygons
2026-04-03 07:13:53 +0000: Memory Usage (434604K) : next_drw has 0 polygons
2026-04-03 07:13:53 +0000: Memory Usage (434732K) : pext_drw has 0 polygons
2026-04-03 07:13:53 +0000: Memory Usage (434732K) : nexthv_drw has 0 polygons
2026-04-03 07:13:53 +0000: Memory Usage (434732K) : pexthv_drw has 0 polygons
2026-04-03 07:13:53 +0000: Memory Usage (434860K) : graphgate_drw has 0 polygons
2026-04-03 07:13:53 +0000: Memory Usage (434860K) : sinwg_drw has 0 polygons
2026-04-03 07:13:53 +0000: Memory Usage (434988K) : sinwg_filler has 0 polygons
2026-04-03 07:13:53 +0000: Memory Usage (434988K) : sinwg_nofill has 0 polygons
2026-04-03 07:13:53 +0000: Memory Usage (435116K) : mempad_drw has 0 polygons
2026-04-03 07:13:53 +0000: Memory Usage (435116K) : topvia1_drw has 56 polygons
2026-04-03 07:13:53 +0000: Memory Usage (435116K) : topmetal1_drw has 8 polygons
2026-04-03 07:13:53 +0000: Memory Usage (435244K) : topmetal1_pin has 8 polygons
2026-04-03 07:13:53 +0000: Memory Usage (435244K) : topmetal1_mask has 0 polygons
2026-04-03 07:13:53 +0000: Memory Usage (435372K) : topmetal1_filler has 0 polygons
2026-04-03 07:13:53 +0000: Memory Usage (435372K) : topmetal1_nofill has 0 polygons
2026-04-03 07:13:53 +0000: Memory Usage (435500K) : topmetal1_slit has 0 polygons
2026-04-03 07:13:53 +0000: Memory Usage (435500K) : topmetal1_text has 8 polygons
2026-04-03 07:13:53 +0000: Memory Usage (435500K) : topmetal1_noqrc has 0 polygons
2026-04-03 07:13:53 +0000: Memory Usage (435628K) : topmetal1_res has 0 polygons
2026-04-03 07:13:53 +0000: Memory Usage (435628K) : topmetal1_iprobe has 0 polygons
2026-04-03 07:13:53 +0000: Memory Usage (435756K) : topmetal1_diffprb has 0 polygons
2026-04-03 07:13:53 +0000: Memory Usage (435756K) : inldpwl_drw has 0 polygons
2026-04-03 07:13:53 +0000: Memory Usage (435884K) : polyres_drw has 0 polygons
2026-04-03 07:13:53 +0000: Memory Usage (435884K) : polyres_pin has 0 polygons
2026-04-03 07:13:53 +0000: Memory Usage (435884K) : vmim_drw has 0 polygons
2026-04-03 07:13:53 +0000: Memory Usage (436012K) : nbulaycut_drw has 0 polygons
2026-04-03 07:13:53 +0000: Memory Usage (436012K) : antmetal1_drw has 0 polygons
2026-04-03 07:13:53 +0000: Memory Usage (436140K) : topvia2_drw has 24 polygons
2026-04-03 07:13:53 +0000: Memory Usage (436140K) : topmetal2_drw has 6 polygons
2026-04-03 07:13:53 +0000: Memory Usage (436268K) : topmetal2_pin has 6 polygons
2026-04-03 07:13:53 +0000: Memory Usage (436268K) : topmetal2_mask has 0 polygons
2026-04-03 07:13:53 +0000: Memory Usage (436268K) : topmetal2_filler has 0 polygons
2026-04-03 07:13:53 +0000: Memory Usage (436396K) : topmetal2_nofill has 0 polygons
2026-04-03 07:13:53 +0000: Memory Usage (436396K) : topmetal2_slit has 0 polygons
2026-04-03 07:13:53 +0000: Memory Usage (436524K) : topmetal2_text has 6 polygons
2026-04-03 07:13:53 +0000: Memory Usage (436524K) : topmetal2_noqrc has 0 polygons
2026-04-03 07:13:53 +0000: Memory Usage (436652K) : topmetal2_res has 0 polygons
2026-04-03 07:13:53 +0000: Memory Usage (436652K) : topmetal2_iprobe has 0 polygons
2026-04-03 07:13:53 +0000: Memory Usage (436780K) : topmetal2_diffprb has 0 polygons
2026-04-03 07:13:53 +0000: Memory Usage (436780K) : snsring_drw has 0 polygons
2026-04-03 07:13:53 +0000: Memory Usage (436780K) : sensor_drw has 0 polygons
2026-04-03 07:13:53 +0000: Memory Usage (436908K) : snsarms_drw has 0 polygons
2026-04-03 07:13:53 +0000: Memory Usage (436908K) : snscmosvia_drw has 0 polygons
2026-04-03 07:13:53 +0000: Memory Usage (437036K) : colwind_drw has 0 polygons
2026-04-03 07:13:53 +0000: Memory Usage (437036K) : flm_drw has 0 polygons
2026-04-03 07:13:53 +0000: Memory Usage (437164K) : hafniumox_drw has 0 polygons
2026-04-03 07:13:53 +0000: Memory Usage (437164K) : memvia_drw has 0 polygons
2026-04-03 07:13:53 +0000: Memory Usage (437164K) : thinfilmres_drw has 0 polygons
2026-04-03 07:13:53 +0000: Memory Usage (437164K) : rfmem_drw has 0 polygons
2026-04-03 07:13:53 +0000: Memory Usage (437164K) : norcx_drw has 0 polygons
2026-04-03 07:13:53 +0000: Memory Usage (437164K) : norcx_m2m3 has 0 polygons
2026-04-03 07:13:53 +0000: Memory Usage (437164K) : norcx_m2m4 has 0 polygons
2026-04-03 07:13:53 +0000: Memory Usage (437164K) : norcx_m2m5 has 0 polygons
2026-04-03 07:13:53 +0000: Memory Usage (437164K) : norcx_m2tm1 has 0 polygons
2026-04-03 07:13:53 +0000: Memory Usage (437164K) : norcx_m2tm2 has 0 polygons
2026-04-03 07:13:53 +0000: Memory Usage (437164K) : norcx_m3m4 has 0 polygons
2026-04-03 07:13:53 +0000: Memory Usage (437164K) : norcx_m3m5 has 0 polygons
2026-04-03 07:13:53 +0000: Memory Usage (437164K) : norcx_m3tm1 has 0 polygons
2026-04-03 07:13:53 +0000: Memory Usage (437164K) : norcx_m3tm2 has 0 polygons
2026-04-03 07:13:53 +0000: Memory Usage (437164K) : norcx_m4m5 has 0 polygons
2026-04-03 07:13:53 +0000: Memory Usage (437164K) : norcx_m4tm1 has 0 polygons
2026-04-03 07:13:53 +0000: Memory Usage (437164K) : norcx_m4tm2 has 0 polygons
2026-04-03 07:13:53 +0000: Memory Usage (437164K) : norcx_m5tm1 has 0 polygons
2026-04-03 07:13:53 +0000: Memory Usage (437164K) : norcx_m5tm2 has 0 polygons
2026-04-03 07:13:53 +0000: Memory Usage (437164K) : norcx_tm1tm2 has 0 polygons
2026-04-03 07:13:53 +0000: Memory Usage (437164K) : norcx_m1sub has 0 polygons
2026-04-03 07:13:53 +0000: Memory Usage (437164K) : norcx_m2sub has 0 polygons
2026-04-03 07:13:53 +0000: Memory Usage (437164K) : norcx_m3sub has 0 polygons
2026-04-03 07:13:53 +0000: Memory Usage (437164K) : norcx_m4sub has 0 polygons
2026-04-03 07:13:53 +0000: Memory Usage (437164K) : norcx_m5sub has 0 polygons
2026-04-03 07:13:53 +0000: Memory Usage (437164K) : norcx_tm1sub has 0 polygons
2026-04-03 07:13:53 +0000: Memory Usage (437164K) : norcx_tm2sub has 0 polygons
2026-04-03 07:13:53 +0000: Memory Usage (437164K) : snsbotvia_drw has 0 polygons
2026-04-03 07:13:53 +0000: Memory Usage (437164K) : snstopvia_drw has 0 polygons
2026-04-03 07:13:53 +0000: Memory Usage (437164K) : deepvia_drw has 0 polygons
2026-04-03 07:13:53 +0000: Memory Usage (437164K) : fgetch_drw has 0 polygons
2026-04-03 07:13:53 +0000: Memory Usage (437164K) : ctrgat_drw has 0 polygons
2026-04-03 07:13:53 +0000: Memory Usage (437164K) : fgimp_drw has 0 polygons
2026-04-03 07:13:53 +0000: Memory Usage (437164K) : emwihv_drw has 0 polygons
2026-04-03 07:13:53 +0000: Memory Usage (437164K) : lbe_drw has 0 polygons
2026-04-03 07:13:53 +0000: Memory Usage (437164K) : alcustop_drw has 0 polygons
2026-04-03 07:13:53 +0000: Memory Usage (437164K) : nometfiller_drw has 0 polygons
2026-04-03 07:13:53 +0000: Memory Usage (437164K) : prboundary_drw has 0 polygons
2026-04-03 07:13:53 +0000: Memory Usage (437164K) : exchange0_drw has 0 polygons
2026-04-03 07:13:53 +0000: Memory Usage (437164K) : exchange0_pin has 0 polygons
2026-04-03 07:13:53 +0000: Memory Usage (437164K) : exchange0_text has 0 polygons
2026-04-03 07:13:53 +0000: Memory Usage (437164K) : exchange1_drw has 0 polygons
2026-04-03 07:13:53 +0000: Memory Usage (437164K) : exchange1_pin has 0 polygons
2026-04-03 07:13:53 +0000: Memory Usage (437164K) : exchange1_text has 0 polygons
2026-04-03 07:13:53 +0000: Memory Usage (437164K) : exchange2_drw has 0 polygons
2026-04-03 07:13:53 +0000: Memory Usage (437164K) : exchange2_pin has 0 polygons
2026-04-03 07:13:53 +0000: Memory Usage (437164K) : exchange2_text has 0 polygons
2026-04-03 07:13:53 +0000: Memory Usage (437164K) : exchange3_drw has 0 polygons
2026-04-03 07:13:53 +0000: Memory Usage (437164K) : exchange3_pin has 0 polygons
2026-04-03 07:13:53 +0000: Memory Usage (437164K) : exchange3_text has 0 polygons
2026-04-03 07:13:53 +0000: Memory Usage (437164K) : exchange4_drw has 0 polygons
2026-04-03 07:13:53 +0000: Memory Usage (437164K) : exchange4_pin has 0 polygons
2026-04-03 07:13:53 +0000: Memory Usage (437164K) : exchange4_text has 0 polygons
2026-04-03 07:13:53 +0000: Memory Usage (437164K) : isonwell_drw has 0 polygons
2026-04-03 07:13:53 +0000: Memory Usage (437164K) : Total no. of polygons in the design is 38191
2026-04-03 07:13:53 +0000: Memory Usage (437164K) : Loaded TECH DRC rules values from /opt/pdks/ihp-sg13g2/libs.tech/klayout/python/sg13g2_pycell_lib/sg13g2_tech_mod.json
2026-04-03 07:13:53 +0000: Memory Usage (437164K) : Loaded default DRC rules values from /opt/pdks/ihp-sg13g2/libs.tech/klayout/tech/drc/rule_decks/sg13g2_tech_default.json
2026-04-03 07:13:53 +0000: Memory Usage (437164K) : The following rules values were missing in tech json and default values were used:
2026-04-03 07:13:53 +0000: Memory Usage (437164K) :   - Cnt_c_digibnd
2026-04-03 07:13:53 +0000: Memory Usage (437932K) : Total area of the design is 13337.599999999999 um^2.
2026-04-03 07:13:53 +0000: Memory Usage (437932K) : The design dimensions are 166.72 µm * 80.0 µm.
2026-04-03 07:13:53 +0000: Memory Usage (437932K) : Starting general IHP-SG13G2 derivations.
2026-04-03 07:13:53 +0000: Memory Usage (437932K) : Starting Pwell derivations
2026-04-03 07:13:53 +0000: Memory Usage (439724K) : Starting n-Activ derivations
2026-04-03 07:13:53 +0000: Memory Usage (440748K) : Starting p-Activ derivations
2026-04-03 07:13:53 +0000: Memory Usage (441260K) : Starting ptap derivations
2026-04-03 07:13:53 +0000: Memory Usage (441772K) : Starting ntap derivations
2026-04-03 07:13:53 +0000: Memory Usage (441772K) : Starting pact FET derivations
2026-04-03 07:13:53 +0000: Memory Usage (442156K) : Starting nact FET derivations
2026-04-03 07:13:53 +0000: Memory Usage (442284K) : Starting Gate derivations
2026-04-03 07:13:53 +0000: Memory Usage (442540K) : Starting cont/contbar general derivations
2026-04-03 07:13:54 +0000: Memory Usage (442668K) : Starting pad general derivations
2026-04-03 07:13:54 +0000: Memory Usage (442668K) : Starting IHP-SG13G2 DRC connectivity related derivations.
2026-04-03 07:13:54 +0000: Memory Usage (442668K) : Starting IHP-SG13G2 DRC connectivity setup
2026-04-03 07:13:54 +0000: Memory Usage (442924K) : Starting IHP-SG13G2 DRC rules.
2026-04-03 07:13:54 +0000: Memory Usage (442924K) : Running all FEOL rules
2026-04-03 07:13:54 +0000: Memory Usage (442924K) : Running all BEOL rules
2026-04-03 07:13:54 +0000: Memory Usage (442924K) : Running all PIN rules
2026-04-03 07:13:54 +0000: Memory Usage (442924K) : Running all FORBIDDEN rules
2026-04-03 07:13:54 +0000: Memory Usage (442924K) : Starting 5.1 NWell table
2026-04-03 07:13:54 +0000: Memory Usage (442924K) : Executing rule NW.b
2026-04-03 07:13:54 +0000: Memory Usage (443948K) : Executing rule NW.b1
2026-04-03 07:13:54 +0000: Memory Usage (444076K) : Starting 5.2 PWell:block
2026-04-03 07:13:54 +0000: Memory Usage (444076K) : Executing rule PWB.e
2026-04-03 07:13:54 +0000: Memory Usage (444076K) : Executing rule PWB.e1
2026-04-03 07:13:54 +0000: Memory Usage (444076K) : Executing rule PWB.f
2026-04-03 07:13:54 +0000: Memory Usage (444076K) : Executing rule PWB.f1
2026-04-03 07:13:54 +0000: Memory Usage (444076K) : Starting 5.3 nBuLay table
2026-04-03 07:13:54 +0000: Memory Usage (444076K) : Executing rule NBL.b
2026-04-03 07:13:54 +0000: Memory Usage (444072K) : Executing rule NBL.c
2026-04-03 07:13:54 +0000: Memory Usage (444072K) : Executing rule NBL.d
2026-04-03 07:13:54 +0000: Memory Usage (444072K) : Executing rule NBL.e
2026-04-03 07:13:54 +0000: Memory Usage (444200K) : Executing rule NBL.f
2026-04-03 07:13:54 +0000: Memory Usage (444068K) : Starting 5.5. Activ table
2026-04-03 07:13:54 +0000: Memory Usage (444068K) : Executing rule Act.a
2026-04-03 07:13:54 +0000: Memory Usage (444068K) : Executing rule Act.b
2026-04-03 07:13:54 +0000: Memory Usage (444324K) : Starting 5.6 Activ:filler table
2026-04-03 07:13:54 +0000: Memory Usage (444324K) : Executing rule AFil.c1
2026-04-03 07:13:54 +0000: Memory Usage (444324K) : Executing rule AFil.c
2026-04-03 07:13:54 +0000: Memory Usage (444324K) : Executing rule AFil.d
2026-04-03 07:13:54 +0000: Memory Usage (444324K) : Executing rule AFil.e
2026-04-03 07:13:54 +0000: Memory Usage (444324K) : Executing rule AFil.j
2026-04-03 07:13:54 +0000: Memory Usage (444324K) : Starting 5.7. ThickGateOx table
2026-04-03 07:13:54 +0000: Memory Usage (444324K) : Executing rule TGO.f
2026-04-03 07:13:54 +0000: Memory Usage (444324K) : Starting 5.8. GatPoly table
2026-04-03 07:13:54 +0000: Memory Usage (444324K) : Executing rule Gat.a
2026-04-03 07:13:54 +0000: Memory Usage (444324K) : Executing rule Gat.b
2026-04-03 07:13:54 +0000: Memory Usage (444324K) : Executing rule Gat.d
2026-04-03 07:13:54 +0000: Memory Usage (444452K) : Executing rule Gat.a1
2026-04-03 07:13:54 +0000: Memory Usage (445348K) : Executing rule Gat.a2
2026-04-03 07:13:54 +0000: Memory Usage (445732K) : Executing rule Gat.g
2026-04-03 07:13:54 +0000: Memory Usage (445604K) : Starting 5.9 GatPoly:filler
2026-04-03 07:13:54 +0000: Memory Usage (445604K) : Executing rule GFil.d
2026-04-03 07:13:54 +0000: Memory Usage (445604K) : Executing rule GFil.e
2026-04-03 07:13:54 +0000: Memory Usage (445604K) : Executing rule GFil.i
2026-04-03 07:13:54 +0000: Memory Usage (445604K) : Starting 5.10 pSD table
2026-04-03 07:13:54 +0000: Memory Usage (445604K) : Executing rule pSD.c1
2026-04-03 07:13:54 +0000: Memory Usage (446500K) : Starting 5.14. Cont table
2026-04-03 07:13:54 +0000: Memory Usage (446500K) : Executing rule Cnt.a
2026-04-03 07:13:54 +0000: Memory Usage (446500K) : Executing rule Cnt.b
2026-04-03 07:13:54 +0000: Memory Usage (446756K) : Executing rule Cnt.c
2026-04-03 07:13:54 +0000: Memory Usage (447652K) : Executing rule Cnt.c
2026-04-03 07:13:54 +0000: Memory Usage (447652K) : Executing rule Cnt.d
2026-04-03 07:13:54 +0000: Memory Usage (447780K) : Executing rule Cnt.e
2026-04-03 07:13:54 +0000: Memory Usage (447780K) : Executing rule Cnt.g1
2026-04-03 07:13:54 +0000: Memory Usage (448036K) : Executing rule Cnt.g2
2026-04-03 07:13:54 +0000: Memory Usage (448292K) : Starting 5.15. ContBar table
2026-04-03 07:13:54 +0000: Memory Usage (448292K) : Executing rule CntB.b1
2026-04-03 07:13:54 +0000: Memory Usage (448292K) : Executing rule CntB.h1
2026-04-03 07:13:54 +0000: Memory Usage (448292K) : Starting 6.1.3 NPN Substrate-Tie table
2026-04-03 07:13:54 +0000: Memory Usage (448292K) : Executing rule npn13G2.bR 
2026-04-03 07:13:54 +0000: Memory Usage (448292K) : Executing rule npn13G2L.cR 
2026-04-03 07:13:54 +0000: Memory Usage (448292K) : Executing rule npn13G2V.cR 
2026-04-03 07:13:54 +0000: Memory Usage (448292K) : Starting 6.7 Schottky diode table
2026-04-03 07:13:54 +0000: Memory Usage (448292K) : Executing rule Sdiod.d
2026-04-03 07:13:54 +0000: Memory Usage (448292K) : Executing rule Sdiod.e
2026-04-03 07:13:54 +0000: Memory Usage (448292K) : Starting 7.2 Latch-up table
2026-04-03 07:13:54 +0000: Memory Usage (448292K) : Executing rule LU.b
2026-04-03 07:13:55 +0000: Memory Usage (448548K) : Starting 5.16. Metal1 table
2026-04-03 07:13:55 +0000: Memory Usage (448548K) : Executing rule M1.a
2026-04-03 07:13:55 +0000: Memory Usage (448548K) : Executing rule M1.b
2026-04-03 07:13:55 +0000: Memory Usage (449956K) : Executing rule M1.e
2026-04-03 07:13:55 +0000: Memory Usage (450340K) : Executing rule M1.f
2026-04-03 07:13:55 +0000: Memory Usage (450340K) : Executing rule M1.g
2026-04-03 07:13:55 +0000: Memory Usage (450340K) : Executing rule M1.i
2026-04-03 07:13:55 +0000: Memory Usage (450596K) : Starting 5.17 Metaln table
2026-04-03 07:13:55 +0000: Memory Usage (450596K) : Executing rule M2.a
2026-04-03 07:13:55 +0000: Memory Usage (450596K) : Executing rule M2.b
2026-04-03 07:13:55 +0000: Memory Usage (450852K) : Executing rule M2.e
2026-04-03 07:13:55 +0000: Memory Usage (450980K) : Executing rule M2.f
2026-04-03 07:13:55 +0000: Memory Usage (450980K) : Executing rule M2.g
2026-04-03 07:13:55 +0000: Memory Usage (451108K) : Executing rule M2.i
2026-04-03 07:13:55 +0000: Memory Usage (451108K) : Executing rule M3.a
2026-04-03 07:13:55 +0000: Memory Usage (451108K) : Executing rule M3.b
2026-04-03 07:13:55 +0000: Memory Usage (451108K) : Executing rule M3.e
2026-04-03 07:13:55 +0000: Memory Usage (451236K) : Executing rule M3.f
2026-04-03 07:13:55 +0000: Memory Usage (451236K) : Executing rule M3.g
2026-04-03 07:13:55 +0000: Memory Usage (451236K) : Executing rule M3.i
2026-04-03 07:13:55 +0000: Memory Usage (451104K) : Executing rule M4.a
2026-04-03 07:13:55 +0000: Memory Usage (451104K) : Executing rule M4.b
2026-04-03 07:13:55 +0000: Memory Usage (451232K) : Executing rule M4.e
2026-04-03 07:13:55 +0000: Memory Usage (451232K) : Executing rule M4.f
2026-04-03 07:13:55 +0000: Memory Usage (451232K) : Executing rule M4.g
2026-04-03 07:13:55 +0000: Memory Usage (451360K) : Executing rule M4.i
2026-04-03 07:13:55 +0000: Memory Usage (451360K) : Executing rule M5.a
2026-04-03 07:13:55 +0000: Memory Usage (451360K) : Executing rule M5.b
2026-04-03 07:13:55 +0000: Memory Usage (451360K) : Executing rule M5.e
2026-04-03 07:13:55 +0000: Memory Usage (451360K) : Executing rule M5.f
2026-04-03 07:13:55 +0000: Memory Usage (451360K) : Executing rule M5.g
2026-04-03 07:13:55 +0000: Memory Usage (451228K) : Executing rule M5.i
2026-04-03 07:13:56 +0000: Memory Usage (451228K) : Starting 5.18 Metaln:filler table
2026-04-03 07:13:56 +0000: Memory Usage (451228K) : Executing rule M1Fil.c
2026-04-03 07:13:56 +0000: Memory Usage (451228K) : Executing rule M1Fil.a2
2026-04-03 07:13:56 +0000: Memory Usage (451228K) : Executing rule M2Fil.c
2026-04-03 07:13:56 +0000: Memory Usage (451228K) : Executing rule M2Fil.a2
2026-04-03 07:13:56 +0000: Memory Usage (451228K) : Executing rule M3Fil.c
2026-04-03 07:13:56 +0000: Memory Usage (451228K) : Executing rule M3Fil.a2
2026-04-03 07:13:56 +0000: Memory Usage (451228K) : Executing rule M4Fil.c
2026-04-03 07:13:56 +0000: Memory Usage (451228K) : Executing rule M4Fil.a2
2026-04-03 07:13:56 +0000: Memory Usage (451228K) : Executing rule M5Fil.c
2026-04-03 07:13:56 +0000: Memory Usage (451228K) : Executing rule M5Fil.a2
2026-04-03 07:13:56 +0000: Memory Usage (451228K) : Starting 5.19. Via1 table
2026-04-03 07:13:56 +0000: Memory Usage (451228K) : Starting 5.19. Via1 table derivations
2026-04-03 07:13:56 +0000: Memory Usage (451228K) : Executing rule V1.a
2026-04-03 07:13:56 +0000: Memory Usage (451228K) : Executing rule V1.b
2026-04-03 07:13:56 +0000: Memory Usage (451228K) : Executing rule V1.c
2026-04-03 07:13:56 +0000: Memory Usage (451356K) : Starting 5.20. Vian table
2026-04-03 07:13:56 +0000: Memory Usage (451356K) : Executing rule V2.a
2026-04-03 07:13:56 +0000: Memory Usage (451356K) : Executing rule V2.b
2026-04-03 07:13:56 +0000: Memory Usage (451356K) : Executing rule V2.c
2026-04-03 07:13:56 +0000: Memory Usage (451356K) : Executing rule V3.a
2026-04-03 07:13:56 +0000: Memory Usage (451356K) : Executing rule V3.b
2026-04-03 07:13:56 +0000: Memory Usage (451484K) : Executing rule V3.c
2026-04-03 07:13:56 +0000: Memory Usage (451224K) : Executing rule V4.a
2026-04-03 07:13:56 +0000: Memory Usage (451224K) : Executing rule V4.b
2026-04-03 07:13:56 +0000: Memory Usage (451352K) : Executing rule V4.c
2026-04-03 07:13:56 +0000: Memory Usage (451352K) : Starting 5.21. TopVia1 table
2026-04-03 07:13:56 +0000: Memory Usage (451352K) : Executing rule TV1.a
2026-04-03 07:13:56 +0000: Memory Usage (451352K) : Executing rule TV1.b
2026-04-03 07:13:56 +0000: Memory Usage (451352K) : Executing rule TV1.c
2026-04-03 07:13:56 +0000: Memory Usage (451352K) : Executing rule TV1.d
2026-04-03 07:13:56 +0000: Memory Usage (451352K) : Starting 5.22. TopMetal1 table
2026-04-03 07:13:56 +0000: Memory Usage (451352K) : Executing rule TM1.a
2026-04-03 07:13:56 +0000: Memory Usage (451352K) : Executing rule TM1.b
2026-04-03 07:13:56 +0000: Memory Usage (451352K) : Starting 5.23 TopMetal1:filler table
2026-04-03 07:13:56 +0000: Memory Usage (451352K) : Executing rule TM1Fil.c
2026-04-03 07:13:56 +0000: Memory Usage (451352K) : Executing rule TM1Fil.a1
2026-04-03 07:13:56 +0000: Memory Usage (451352K) : Starting 5.24. TopVia2 table
2026-04-03 07:13:56 +0000: Memory Usage (451352K) : Executing rule TV2.a
2026-04-03 07:13:56 +0000: Memory Usage (451352K) : Executing rule TV2.b
2026-04-03 07:13:56 +0000: Memory Usage (451352K) : Executing rule TV2.c
2026-04-03 07:13:56 +0000: Memory Usage (451352K) : Executing rule TV2.d
2026-04-03 07:13:56 +0000: Memory Usage (451352K) : Starting 5.25. TopMetal2 table
2026-04-03 07:13:56 +0000: Memory Usage (451352K) : Executing rule TM2.a
2026-04-03 07:13:56 +0000: Memory Usage (451480K) : Executing rule TM2.b
2026-04-03 07:13:56 +0000: Memory Usage (451608K) : Executing rule TM2.bR
2026-04-03 07:13:56 +0000: Memory Usage (451608K) : Starting 5.26 TopMetal2:filler table
2026-04-03 07:13:56 +0000: Memory Usage (451608K) : Executing rule TM2Fil.c
2026-04-03 07:13:56 +0000: Memory Usage (451736K) : Executing rule TM2Fil.a1
2026-04-03 07:13:56 +0000: Memory Usage (451864K) : Starting 5.27. Passiv table
2026-04-03 07:13:56 +0000: Memory Usage (451864K) : Executing rule Pas.a
2026-04-03 07:13:56 +0000: Memory Usage (451992K) : Executing rule Pas.b
2026-04-03 07:13:56 +0000: Memory Usage (452120K) : Executing rule Pas.c
2026-04-03 07:13:56 +0000: Memory Usage (452504K) : Starting 6.9.2 Copper Pillar table
2026-04-03 07:13:56 +0000: Memory Usage (452504K) : Executing rule Padc.a
2026-04-03 07:13:56 +0000: Memory Usage (452760K) : Executing rule Padc.b
2026-04-03 07:13:56 +0000: Memory Usage (452888K) : Executing rule Padc.c
2026-04-03 07:13:56 +0000: Memory Usage (453144K) : Executing rule Padb.f
2026-04-03 07:13:56 +0000: Memory Usage (453656K) : Starting 6.9.1 Solder Bump
2026-04-03 07:13:56 +0000: Memory Usage (453656K) : Executing rule Padb.a
2026-04-03 07:13:56 +0000: Memory Usage (453912K) : Executing rule Padb.b
2026-04-03 07:13:56 +0000: Memory Usage (453912K) : Executing rule Padb.c
2026-04-03 07:13:56 +0000: Memory Usage (454296K) : Executing rule Padb.f
2026-04-03 07:13:56 +0000: Memory Usage (455320K) : Executing rule Padb.d
2026-04-03 07:13:56 +0000: Memory Usage (455448K) : Starting 6.10 Sealring table
2026-04-03 07:13:56 +0000: Memory Usage (455448K) : Executing rule Seal.l
2026-04-03 07:13:56 +0000: Memory Usage (455576K) : Executing rule Seal.n
2026-04-03 07:13:56 +0000: Memory Usage (455704K) : Executing rule seal.b_metal1
2026-04-03 07:13:56 +0000: Memory Usage (455960K) : Executing rule seal.b_metal2
2026-04-03 07:13:56 +0000: Memory Usage (456216K) : Executing rule seal.b_metal3
2026-04-03 07:13:56 +0000: Memory Usage (456344K) : Executing rule seal.b_metal4
2026-04-03 07:13:56 +0000: Memory Usage (456600K) : Executing rule seal.b_metal5
2026-04-03 07:13:56 +0000: Memory Usage (456856K) : Executing rule seal.b_topmetal1
2026-04-03 07:13:56 +0000: Memory Usage (456984K) : Executing rule seal.b_topmetal2
2026-04-03 07:13:56 +0000: Memory Usage (457240K) : Executing rule seal.b_activ
2026-04-03 07:13:56 +0000: Memory Usage (457368K) : Executing rule seal.b_psd
2026-04-03 07:13:56 +0000: Memory Usage (457624K) : Executing rule Seal.k
2026-04-03 07:13:56 +0000: Memory Usage (457880K) : Executing rule Seal.m
2026-04-03 07:13:56 +0000: Memory Usage (458136K) : Starting 6.11 MIM table
2026-04-03 07:13:56 +0000: Memory Usage (458136K) : Executing rule MIM.c
2026-04-03 07:13:56 +0000: Memory Usage (458392K) : Executing rule MIM.d
2026-04-03 07:13:56 +0000: Memory Usage (458520K) : Executing rule MIM.gR
2026-04-03 07:13:56 +0000: Memory Usage (458648K) : Starting 7.3 Metal Slits table
2026-04-03 07:13:56 +0000: Memory Usage (458648K) : Executing rule Slt.e1_M1
2026-04-03 07:13:56 +0000: Memory Usage (458776K) : Executing rule Slt.e1_M2
2026-04-03 07:13:56 +0000: Memory Usage (458904K) : Executing rule Slt.e1_M3
2026-04-03 07:13:56 +0000: Memory Usage (459032K) : Executing rule Slt.e1_M4
2026-04-03 07:13:56 +0000: Memory Usage (459032K) : Executing rule Slt.e1_M5
2026-04-03 07:13:56 +0000: Memory Usage (459032K) : Executing rule Slt.e1_TM1
2026-04-03 07:13:56 +0000: Memory Usage (459032K) : Executing rule Slt.e1_TM2
2026-04-03 07:13:56 +0000: Memory Usage (459032K) : Starting 9.1. LBE table
2026-04-03 07:13:56 +0000: Memory Usage (459032K) : Executing rule LBE.a
2026-04-03 07:13:56 +0000: Memory Usage (459032K) : Executing rule LBE.b
2026-04-03 07:13:56 +0000: Memory Usage (459032K) : Executing rule LBE.b1
2026-04-03 07:13:56 +0000: Memory Usage (459032K) : Executing rule LBE.c
2026-04-03 07:13:56 +0000: Memory Usage (459032K) : Executing rule LBE.d
2026-04-03 07:13:56 +0000: Memory Usage (459032K) : Executing rule LBE.h
2026-04-03 07:13:56 +0000: Memory Usage (459032K) : Starting 7.4. PIN table
2026-04-03 07:13:56 +0000: Memory Usage (459032K) : Executing rule Pin.a
2026-04-03 07:13:56 +0000: Memory Usage (459032K) : Executing rule Pin.b
2026-04-03 07:13:56 +0000: Memory Usage (459032K) : Executing rule Pin.e
2026-04-03 07:13:56 +0000: Memory Usage (459152K) : Executing rule Pin.f_M2
2026-04-03 07:13:56 +0000: Memory Usage (459152K) : Executing rule Pin.f_M3
2026-04-03 07:13:56 +0000: Memory Usage (459020K) : Executing rule Pin.f_M4
2026-04-03 07:13:56 +0000: Memory Usage (459020K) : Executing rule Pin.f_M5
2026-04-03 07:13:56 +0000: Memory Usage (459020K) : Executing rule Pin.g
2026-04-03 07:13:56 +0000: Memory Usage (459020K) : Executing rule Pin.h
2026-04-03 07:13:56 +0000: Memory Usage (459020K) : Starting 3.2. FORBIDDEN table
2026-04-03 07:13:56 +0000: Memory Usage (459020K) : Executing rule forbidden.biwind
2026-04-03 07:13:56 +0000: Memory Usage (459020K) : Executing rule forbidden.pemwind
2026-04-03 07:13:56 +0000: Memory Usage (459020K) : Executing rule forbidden.baspoly
2026-04-03 07:13:56 +0000: Memory Usage (459020K) : Executing rule forbidden.deepco
2026-04-03 07:13:56 +0000: Memory Usage (459020K) : Executing rule forbidden.pempoly
2026-04-03 07:13:56 +0000: Memory Usage (459020K) : Executing rule forbidden.empoly
2026-04-03 07:13:56 +0000: Memory Usage (459020K) : Executing rule forbidden.ldmos
2026-04-03 07:13:56 +0000: Memory Usage (459020K) : Executing rule forbidden.pbiwind
2026-04-03 07:13:56 +0000: Memory Usage (459020K) : Executing rule forbidden.nodrc
2026-04-03 07:13:56 +0000: Memory Usage (459020K) : Executing rule forbidden.flash
2026-04-03 07:13:56 +0000: Memory Usage (459020K) : Executing rule forbidden.colwind
2026-04-03 07:13:56 +0000: Memory Usage (459020K) : KLayout DRC run for tables 'main' completed in 3.17 seconds
