121. Printing statistics.

=== sar_algo ===

        +----------Local Count, excluding submodules.
        |        +-Local Area, excluding submodules.
        |        | 
      293        - wires
      318        - wire bits
       16        - public wires
       41        - public wire bits
       14        - ports
       33        - port bits
      309 1.57E+03 cells
       79        -   $_ANDNOT_
        4        -   $_AND_
       31        -   $_MUX_
        4        -   $_NAND_
        4        -   $_NOR_
       44        -   $_NOT_
       11        -   $_ORNOT_
       89        -   $_OR_
       11        -   $_XOR_
       32 1.57E+03   sg13g2_dfrbpq_1

   Area for cell type $_ANDNOT_ is unknown!
   Area for cell type $_AND_ is unknown!
   Area for cell type $_MUX_ is unknown!
   Area for cell type $_NAND_ is unknown!
   Area for cell type $_NOR_ is unknown!
   Area for cell type $_NOT_ is unknown!
   Area for cell type $_ORNOT_ is unknown!
   Area for cell type $_OR_ is unknown!
   Area for cell type $_XOR_ is unknown!

   Chip area for module '\sar_algo': 1567.641600
     of which used for sequential elements: 1567.641600 (100.00%)

