115. Printing statistics.

=== sar_algo ===

        +----------Local Count, excluding submodules.
        | 
      228 wires
      253 wire bits
       16 public wires
       41 public wire bits
       14 ports
       33 port bits
      244 cells
       79   $_ANDNOT_
        4   $_AND_
       30   $_DFFE_PP0P_
        1   $_DFFE_PP1P_
        1   $_DFF_PP0_
        4   $_NAND_
        4   $_NOR_
       10   $_NOT_
       11   $_ORNOT_
       89   $_OR_
       11   $_XOR_

   Area for cell type $_ANDNOT_ is unknown!
   Area for cell type $_AND_ is unknown!
   Area for cell type $_DFFE_PP0P_ is unknown!
   Area for cell type $_DFFE_PP1P_ is unknown!
   Area for cell type $_DFF_PP0_ is unknown!
   Area for cell type $_NAND_ is unknown!
   Area for cell type $_NOR_ is unknown!
   Area for cell type $_NOT_ is unknown!
   Area for cell type $_ORNOT_ is unknown!
   Area for cell type $_OR_ is unknown!
   Area for cell type $_XOR_ is unknown!

