Reading timing models for corner nom_fast_1p32V_m40C…
Reading timing library for the 'nom_fast_1p32V_m40C' corner at '/opt/pdks/ihp-sg13g2/libs.ref/sg13g2_stdcell/lib/sg13g2_stdcell_fast_1p32V_m40C.lib'…
Reading timing library for the 'nom_fast_1p32V_m40C' corner at '/opt/pdks/ihp-sg13g2/libs.ref/sg13g2_io/lib/sg13g2_io_fast_1p32V_3p6V_m40C.lib'…
Reading timing models for corner nom_slow_1p08V_125C…
Reading timing library for the 'nom_slow_1p08V_125C' corner at '/opt/pdks/ihp-sg13g2/libs.ref/sg13g2_stdcell/lib/sg13g2_stdcell_slow_1p08V_125C.lib'…
Reading timing library for the 'nom_slow_1p08V_125C' corner at '/opt/pdks/ihp-sg13g2/libs.ref/sg13g2_io/lib/sg13g2_io_slow_1p08V_3p0V_125C.lib'…
Reading timing models for corner nom_typ_1p20V_25C…
Reading timing library for the 'nom_typ_1p20V_25C' corner at '/opt/pdks/ihp-sg13g2/libs.ref/sg13g2_stdcell/lib/sg13g2_stdcell_typ_1p20V_25C.lib'…
Reading timing library for the 'nom_typ_1p20V_25C' corner at '/opt/pdks/ihp-sg13g2/libs.ref/sg13g2_io/lib/sg13g2_io_typ_1p2V_3p3V_25C.lib'…
Reading OpenROAD database at '/home/designer/shared/SAR_ADC_8BIT_IHP/librelane/sar_algo/runs/RUN_2026-04-03_07-12-32/28-openroad-globalplacement/sar_algo.odb'…
Reading design constraints file at '/nix/store/8h87vsa3wlidvqi062p0312chxkh8ihd-python3.13-librelane-3.0.0.dev47/lib/python3.13/site-packages/librelane/scripts/base.sdc'…
[INFO] Using clock fclk_in…
[INFO] Setting output delay to: 12.5
[INFO] Setting input delay to: 12.5
[INFO] Setting load to: 0.006
[INFO] Setting clock uncertainty to: 0.25
[INFO] Setting clock transition to: 0.15
[INFO] Setting timing derate to: 5%
[INFO RSZ-0027] Inserted 5 sg13g2_buf_1 input buffers.
[INFO RSZ-0028] Inserted 25 sg13g2_buf_1 output buffers.
+ repair_design -verbose -max_wire_length 0 -slew_margin 20 -cap_margin 20
Iteration |   Area    | Resized | Buffers | Nets repaired | Remaining
---------------------------------------------------------------------
        0 |     +0.0% |       0 |       0 |             0 |       173
       10 |     +0.0% |       0 |       0 |             0 |       163
       20 |     +0.0% |       0 |       0 |             0 |       153
       30 |     +0.0% |       0 |       0 |             0 |       143
       40 |     +0.0% |       0 |       0 |             0 |       133
       50 |     +0.0% |       0 |       0 |             0 |       123
       60 |     +0.0% |       0 |       0 |             0 |       113
       70 |     +0.3% |       0 |       1 |             1 |       103
       80 |     +0.3% |       0 |       1 |             1 |        93
       90 |     +0.3% |       0 |       1 |             1 |        83
      100 |     +0.3% |       0 |       1 |             1 |        73
      110 |     +0.3% |       0 |       1 |             1 |        63
      120 |     +0.3% |       0 |       1 |             1 |        53
      130 |     +0.3% |       0 |       1 |             1 |        43
      140 |     +0.3% |       0 |       1 |             1 |        33
      150 |     +0.3% |       0 |       1 |             1 |        23
      160 |     +0.3% |       0 |       1 |             1 |        13
      170 |     +3.4% |       0 |      13 |             4 |         3
    final |     +3.4% |       0 |      13 |             4 |         0
---------------------------------------------------------------------
[INFO RSZ-0035] Found 4 fanout violations.
[INFO RSZ-0038] Inserted 13 buffers in 4 nets.
+ detailed_placement -max_displacement  500 100 
Placement Analysis
---------------------------------
total displacement        898.9 u
average displacement        5.0 u
max displacement           22.5 u
original HPWL            3861.0 u
legalized HPWL           4241.7 u
delta HPWL                   10 %

[INFO DPL-0020] Mirrored 66 instances
[INFO DPL-0021] HPWL before            4241.7 u
[INFO DPL-0022] HPWL after             4140.3 u
[INFO DPL-0023] HPWL delta               -2.4 %
Setting global connections for newly added cells…
[INFO] Setting global connections...
[INFO ODB-0403] 86 connections made, 0 conflicts skipped.
Updating metrics…
Cell type report:                       Count       Area
  Buffer                                    1       7.26
  Clock buffer                              1       7.26
  Timing Repair Buffer                     42     304.82
  Inverter                                 37     201.40
  Sequential cell                          32    1567.64
  Multi-Input combinational cell           67     751.16
  Total                                   180    2839.54
Writing OpenROAD database to '/home/designer/shared/SAR_ADC_8BIT_IHP/librelane/sar_algo/runs/RUN_2026-04-03_07-12-32/32-openroad-repairdesignpostgpl/sar_algo.odb'…
Writing netlist to '/home/designer/shared/SAR_ADC_8BIT_IHP/librelane/sar_algo/runs/RUN_2026-04-03_07-12-32/32-openroad-repairdesignpostgpl/sar_algo.nl.v'…
Writing powered netlist to '/home/designer/shared/SAR_ADC_8BIT_IHP/librelane/sar_algo/runs/RUN_2026-04-03_07-12-32/32-openroad-repairdesignpostgpl/sar_algo.pnl.v'…
Writing layout to '/home/designer/shared/SAR_ADC_8BIT_IHP/librelane/sar_algo/runs/RUN_2026-04-03_07-12-32/32-openroad-repairdesignpostgpl/sar_algo.def'…
Writing timing constraints to '/home/designer/shared/SAR_ADC_8BIT_IHP/librelane/sar_algo/runs/RUN_2026-04-03_07-12-32/32-openroad-repairdesignpostgpl/sar_algo.sdc'…
