# Logfile created on 2026-02-27 07:51:41 +0100 by logger.rb/v1.4.3
2026-02-27 07:51:41 +0100: Memory Usage (429476K) : Starting running IHP-SG13G2 KLayout DRC runset on /home/designer/shared/IHP-AnalogAcademy/modules/module_3_8_bit_SAR_ADC/part_5_analog_layout/CDAC/layout/C-DAC.gds
2026-02-27 07:51:41 +0100: Memory Usage (429476K) : Ruby Version for klayout: 3.0.2
2026-02-27 07:51:41 +0100: Memory Usage (430628K) : Loading database to memory is complete.
2026-02-27 07:51:41 +0100: Memory Usage (430628K) : IHP-SG13G2 KLayout DRC runset output at: /home/designer/shared/IHP-AnalogAcademy/modules/module_3_8_bit_SAR_ADC/part_5_analog_layout/CDAC/layout/drc_run_CDAC/C-DAC_CDAC_main.lyrdb
2026-02-27 07:51:41 +0100: Memory Usage (430628K) : Evaluate switches.
2026-02-27 07:51:41 +0100: Memory Usage (430628K) : tables selected: main
2026-02-27 07:51:41 +0100: Memory Usage (430628K) : KLayout will use 1 thread(s) in tiling mode.
2026-02-27 07:51:41 +0100: Memory Usage (430628K) : deep mode is enabled.
2026-02-27 07:51:41 +0100: Memory Usage (430628K) : FEOL enabled: true
2026-02-27 07:51:41 +0100: Memory Usage (430628K) : BEOL enabled: true
2026-02-27 07:51:41 +0100: Memory Usage (430628K) : OFFGRID enabled: true
2026-02-27 07:51:41 +0100: Memory Usage (430628K) : PIN enabled: true
2026-02-27 07:51:41 +0100: Memory Usage (430628K) : FORBIDDEN enabled: true
2026-02-27 07:51:41 +0100: Memory Usage (430628K) : RECOMMENDED enabled: true
2026-02-27 07:51:41 +0100: Memory Usage (430628K) : PreCheck DRC enabled: false
2026-02-27 07:51:41 +0100: Memory Usage (430628K) : CONNECTIVITY_RULES enabled: true.
2026-02-27 07:51:41 +0100: Memory Usage (430628K) : Read in polygons from layers.
2026-02-27 07:51:41 +0100: Memory Usage (431012K) : activ_drw has 0 polygons
2026-02-27 07:51:41 +0100: Memory Usage (431012K) : activ_pin has 0 polygons
2026-02-27 07:51:41 +0100: Memory Usage (431012K) : activ_mask has 0 polygons
2026-02-27 07:51:41 +0100: Memory Usage (431012K) : activ_filler has 0 polygons
2026-02-27 07:51:41 +0100: Memory Usage (431012K) : activ_nofill has 0 polygons
2026-02-27 07:51:41 +0100: Memory Usage (431012K) : activ_opc has 0 polygons
2026-02-27 07:51:41 +0100: Memory Usage (431012K) : activ_iopc has 0 polygons
2026-02-27 07:51:41 +0100: Memory Usage (431012K) : activ_noqrc has 0 polygons
2026-02-27 07:51:41 +0100: Memory Usage (431012K) : biwind_drw has 0 polygons
2026-02-27 07:51:41 +0100: Memory Usage (431012K) : biwind_opc has 0 polygons
2026-02-27 07:51:41 +0100: Memory Usage (431012K) : pemwind_drw has 0 polygons
2026-02-27 07:51:41 +0100: Memory Usage (431012K) : gatpoly_drw has 0 polygons
2026-02-27 07:51:41 +0100: Memory Usage (431012K) : gatpoly_pin has 0 polygons
2026-02-27 07:51:41 +0100: Memory Usage (431012K) : gatpoly_filler has 0 polygons
2026-02-27 07:51:41 +0100: Memory Usage (431012K) : gatpoly_nofill has 0 polygons
2026-02-27 07:51:41 +0100: Memory Usage (431012K) : gatpoly_opc has 0 polygons
2026-02-27 07:51:41 +0100: Memory Usage (431012K) : gatpoly_iopc has 0 polygons
2026-02-27 07:51:41 +0100: Memory Usage (431012K) : gatpoly_noqrc has 0 polygons
2026-02-27 07:51:41 +0100: Memory Usage (431012K) : cont_drw has 0 polygons
2026-02-27 07:51:41 +0100: Memory Usage (431012K) : cont_opc has 0 polygons
2026-02-27 07:51:41 +0100: Memory Usage (431012K) : nsd_drw has 0 polygons
2026-02-27 07:51:41 +0100: Memory Usage (431012K) : nsd_block has 0 polygons
2026-02-27 07:51:41 +0100: Memory Usage (431012K) : metal1_drw has 0 polygons
2026-02-27 07:51:41 +0100: Memory Usage (431012K) : metal1_pin has 0 polygons
2026-02-27 07:51:41 +0100: Memory Usage (431012K) : metal1_mask has 0 polygons
2026-02-27 07:51:41 +0100: Memory Usage (431140K) : metal1_filler has 0 polygons
2026-02-27 07:51:41 +0100: Memory Usage (431140K) : metal1_nofill has 0 polygons
2026-02-27 07:51:41 +0100: Memory Usage (431140K) : metal1_slit has 0 polygons
2026-02-27 07:51:41 +0100: Memory Usage (431268K) : metal1_text has 0 polygons
2026-02-27 07:51:41 +0100: Memory Usage (431524K) : metal1_opc has 0 polygons
2026-02-27 07:51:41 +0100: Memory Usage (431524K) : metal1_noqrc has 0 polygons
2026-02-27 07:51:41 +0100: Memory Usage (431524K) : metal1_res has 0 polygons
2026-02-27 07:51:41 +0100: Memory Usage (431524K) : metal1_iprobe has 0 polygons
2026-02-27 07:51:41 +0100: Memory Usage (431524K) : metal1_diffprb has 0 polygons
2026-02-27 07:51:41 +0100: Memory Usage (431524K) : passiv_drw has 0 polygons
2026-02-27 07:51:41 +0100: Memory Usage (431524K) : passiv_pin has 0 polygons
2026-02-27 07:51:41 +0100: Memory Usage (431652K) : passiv_sbump has 0 polygons
2026-02-27 07:51:41 +0100: Memory Usage (431652K) : passiv_pillar has 0 polygons
2026-02-27 07:51:41 +0100: Memory Usage (431652K) : passiv_pdl has 0 polygons
2026-02-27 07:51:41 +0100: Memory Usage (431780K) : metal2_drw has 0 polygons
2026-02-27 07:51:41 +0100: Memory Usage (431780K) : metal2_pin has 0 polygons
2026-02-27 07:51:41 +0100: Memory Usage (431780K) : metal2_mask has 0 polygons
2026-02-27 07:51:41 +0100: Memory Usage (431908K) : metal2_filler has 0 polygons
2026-02-27 07:51:41 +0100: Memory Usage (431908K) : metal2_nofill has 0 polygons
2026-02-27 07:51:41 +0100: Memory Usage (431908K) : metal2_slit has 0 polygons
2026-02-27 07:51:41 +0100: Memory Usage (432036K) : metal2_text has 0 polygons
2026-02-27 07:51:41 +0100: Memory Usage (432036K) : metal2_opc has 0 polygons
2026-02-27 07:51:41 +0100: Memory Usage (432036K) : metal2_noqrc has 0 polygons
2026-02-27 07:51:41 +0100: Memory Usage (432036K) : metal2_res has 0 polygons
2026-02-27 07:51:41 +0100: Memory Usage (432164K) : metal2_iprobe has 0 polygons
2026-02-27 07:51:41 +0100: Memory Usage (432164K) : metal2_diffprb has 0 polygons
2026-02-27 07:51:41 +0100: Memory Usage (432164K) : baspoly_drw has 0 polygons
2026-02-27 07:51:41 +0100: Memory Usage (432292K) : baspoly_pin has 0 polygons
2026-02-27 07:51:41 +0100: Memory Usage (432292K) : psd_drw has 0 polygons
2026-02-27 07:51:41 +0100: Memory Usage (432292K) : nldb_drw has 0 polygons
2026-02-27 07:51:41 +0100: Memory Usage (432420K) : digibnd_drw has 0 polygons
2026-02-27 07:51:41 +0100: Memory Usage (432420K) : via1_drw has 0 polygons
2026-02-27 07:51:41 +0100: Memory Usage (432420K) : backmetal1_drw has 0 polygons
2026-02-27 07:51:41 +0100: Memory Usage (432548K) : backmetal1_pin has 0 polygons
2026-02-27 07:51:41 +0100: Memory Usage (432548K) : backmetal1_mask has 0 polygons
2026-02-27 07:51:41 +0100: Memory Usage (432548K) : backmetal1_filler has 0 polygons
2026-02-27 07:51:41 +0100: Memory Usage (432676K) : backmetal1_nofill has 0 polygons
2026-02-27 07:51:41 +0100: Memory Usage (432676K) : backmetal1_slit has 0 polygons
2026-02-27 07:51:41 +0100: Memory Usage (432676K) : backmetal1_text has 0 polygons
2026-02-27 07:51:41 +0100: Memory Usage (432804K) : backmetal1_opc has 0 polygons
2026-02-27 07:51:41 +0100: Memory Usage (432804K) : backmetal1_noqrc has 0 polygons
2026-02-27 07:51:41 +0100: Memory Usage (432804K) : backmetal1_res has 0 polygons
2026-02-27 07:51:41 +0100: Memory Usage (432932K) : backmetal1_iprobe has 0 polygons
2026-02-27 07:51:41 +0100: Memory Usage (432932K) : backmetal1_diffprb has 0 polygons
2026-02-27 07:51:41 +0100: Memory Usage (432932K) : backpassiv_drw has 0 polygons
2026-02-27 07:51:41 +0100: Memory Usage (433060K) : res_drw has 0 polygons
2026-02-27 07:51:41 +0100: Memory Usage (433060K) : sram_drw has 0 polygons
2026-02-27 07:51:41 +0100: Memory Usage (433060K) : trans_drw has 0 polygons
2026-02-27 07:51:41 +0100: Memory Usage (433060K) : ind_drw has 0 polygons
2026-02-27 07:51:41 +0100: Memory Usage (433188K) : ind_pin has 0 polygons
2026-02-27 07:51:41 +0100: Memory Usage (433188K) : ind_text has 0 polygons
2026-02-27 07:51:41 +0100: Memory Usage (433188K) : salblock_drw has 0 polygons
2026-02-27 07:51:41 +0100: Memory Usage (433316K) : via2_drw has 0 polygons
2026-02-27 07:51:41 +0100: Memory Usage (433316K) : metal3_drw has 0 polygons
2026-02-27 07:51:41 +0100: Memory Usage (433316K) : metal3_pin has 0 polygons
2026-02-27 07:51:41 +0100: Memory Usage (433444K) : metal3_mask has 0 polygons
2026-02-27 07:51:41 +0100: Memory Usage (433444K) : metal3_filler has 0 polygons
2026-02-27 07:51:41 +0100: Memory Usage (433444K) : metal3_nofill has 0 polygons
2026-02-27 07:51:41 +0100: Memory Usage (433572K) : metal3_slit has 0 polygons
2026-02-27 07:51:41 +0100: Memory Usage (433572K) : metal3_text has 0 polygons
2026-02-27 07:51:41 +0100: Memory Usage (433572K) : metal3_opc has 0 polygons
2026-02-27 07:51:41 +0100: Memory Usage (433700K) : metal3_noqrc has 0 polygons
2026-02-27 07:51:41 +0100: Memory Usage (433700K) : metal3_res has 0 polygons
2026-02-27 07:51:41 +0100: Memory Usage (433700K) : metal3_iprobe has 0 polygons
2026-02-27 07:51:41 +0100: Memory Usage (433828K) : metal3_diffprb has 0 polygons
2026-02-27 07:51:41 +0100: Memory Usage (433828K) : nwell_drw has 0 polygons
2026-02-27 07:51:41 +0100: Memory Usage (433828K) : nwell_pin has 0 polygons
2026-02-27 07:51:41 +0100: Memory Usage (433956K) : nbulay_drw has 0 polygons
2026-02-27 07:51:41 +0100: Memory Usage (433956K) : nbulay_pin has 0 polygons
2026-02-27 07:51:41 +0100: Memory Usage (433956K) : nbulay_block has 0 polygons
2026-02-27 07:51:41 +0100: Memory Usage (433956K) : emwind_drw has 0 polygons
2026-02-27 07:51:41 +0100: Memory Usage (433956K) : emwind_opc has 0 polygons
2026-02-27 07:51:41 +0100: Memory Usage (434084K) : deepco_drw has 0 polygons
2026-02-27 07:51:41 +0100: Memory Usage (434084K) : deepco_drw has 0 polygons
2026-02-27 07:51:41 +0100: Memory Usage (434468K) : mim_drw has 168 polygons
2026-02-27 07:51:41 +0100: Memory Usage (434468K) : edgeseal_drw has 0 polygons
2026-02-27 07:51:41 +0100: Memory Usage (434596K) : edgeseal_bound has 0 polygons
2026-02-27 07:51:41 +0100: Memory Usage (434596K) : substrate_drw has 0 polygons
2026-02-27 07:51:41 +0100: Memory Usage (434724K) : substrate_text has 0 polygons
2026-02-27 07:51:41 +0100: Memory Usage (434724K) : dfpad_drw has 0 polygons
2026-02-27 07:51:41 +0100: Memory Usage (434852K) : dfpad_pillar has 0 polygons
2026-02-27 07:51:41 +0100: Memory Usage (434852K) : dfpad_sbump has 0 polygons
2026-02-27 07:51:41 +0100: Memory Usage (434852K) : thickgateox_drw has 0 polygons
2026-02-27 07:51:41 +0100: Memory Usage (434980K) : pldb_drw has 0 polygons
2026-02-27 07:51:41 +0100: Memory Usage (434980K) : pwell_drw has 0 polygons
2026-02-27 07:51:41 +0100: Memory Usage (435108K) : pwell_pin has 0 polygons
2026-02-27 07:51:41 +0100: Memory Usage (435108K) : pwell_block has 0 polygons
2026-02-27 07:51:41 +0100: Memory Usage (435108K) : ic_drw has 0 polygons
2026-02-27 07:51:41 +0100: Memory Usage (435236K) : via3_drw has 0 polygons
2026-02-27 07:51:41 +0100: Memory Usage (435236K) : metal4_drw has 0 polygons
2026-02-27 07:51:41 +0100: Memory Usage (435364K) : metal4_pin has 0 polygons
2026-02-27 07:51:41 +0100: Memory Usage (435364K) : metal4_mask has 0 polygons
2026-02-27 07:51:41 +0100: Memory Usage (435364K) : metal4_filler has 0 polygons
2026-02-27 07:51:41 +0100: Memory Usage (435364K) : metal4_nofill has 0 polygons
2026-02-27 07:51:41 +0100: Memory Usage (435492K) : metal4_slit has 0 polygons
2026-02-27 07:51:41 +0100: Memory Usage (435492K) : metal4_text has 0 polygons
2026-02-27 07:51:41 +0100: Memory Usage (435620K) : metal4_opc has 0 polygons
2026-02-27 07:51:41 +0100: Memory Usage (435620K) : metal4_noqrc has 0 polygons
2026-02-27 07:51:41 +0100: Memory Usage (435620K) : metal4_res has 0 polygons
2026-02-27 07:51:41 +0100: Memory Usage (435748K) : metal4_iprobe has 0 polygons
2026-02-27 07:51:41 +0100: Memory Usage (435748K) : metal4_diffprb has 0 polygons
2026-02-27 07:51:41 +0100: Memory Usage (435876K) : heattrans_drw has 0 polygons
2026-02-27 07:51:41 +0100: Memory Usage (435876K) : heatres_drw has 0 polygons
2026-02-27 07:51:41 +0100: Memory Usage (436004K) : pempoly_drw has 0 polygons
2026-02-27 07:51:41 +0100: Memory Usage (436004K) : fbe_drw has 0 polygons
2026-02-27 07:51:41 +0100: Memory Usage (436004K) : empoly_drw has 0 polygons
2026-02-27 07:51:41 +0100: Memory Usage (436132K) : ldmos_drw has 0 polygons
2026-02-27 07:51:41 +0100: Memory Usage (436132K) : pbiwind_drw has 0 polygons
2026-02-27 07:51:41 +0100: Memory Usage (436260K) : digisub_drw has 0 polygons
2026-02-27 07:51:41 +0100: Memory Usage (436260K) : nodrc_drw has 0 polygons
2026-02-27 07:51:41 +0100: Memory Usage (436260K) : text_drw has 0 polygons
2026-02-27 07:51:41 +0100: Memory Usage (436388K) : via4_drw has 0 polygons
2026-02-27 07:51:41 +0100: Memory Usage (436388K) : metal5_drw has 225 polygons
2026-02-27 07:51:41 +0100: Memory Usage (436516K) : metal5_pin has 8 polygons
2026-02-27 07:51:41 +0100: Memory Usage (436516K) : metal5_mask has 0 polygons
2026-02-27 07:51:41 +0100: Memory Usage (436644K) : metal5_filler has 0 polygons
2026-02-27 07:51:41 +0100: Memory Usage (436644K) : metal5_nofill has 0 polygons
2026-02-27 07:51:41 +0100: Memory Usage (436644K) : metal5_slit has 0 polygons
2026-02-27 07:51:41 +0100: Memory Usage (436900K) : metal5_text has 8 polygons
2026-02-27 07:51:41 +0100: Memory Usage (436900K) : metal5_opc has 0 polygons
2026-02-27 07:51:41 +0100: Memory Usage (436900K) : metal5_noqrc has 0 polygons
2026-02-27 07:51:41 +0100: Memory Usage (436900K) : metal5_res has 0 polygons
2026-02-27 07:51:41 +0100: Memory Usage (437028K) : metal5_iprobe has 0 polygons
2026-02-27 07:51:41 +0100: Memory Usage (437028K) : metal5_diffprb has 0 polygons
2026-02-27 07:51:41 +0100: Memory Usage (437156K) : radhard_drw has 0 polygons
2026-02-27 07:51:41 +0100: Memory Usage (437156K) : memcap_drw has 0 polygons
2026-02-27 07:51:41 +0100: Memory Usage (437156K) : varicap_drw has 0 polygons
2026-02-27 07:51:41 +0100: Memory Usage (437284K) : flash_drw has 0 polygons
2026-02-27 07:51:41 +0100: Memory Usage (437284K) : intbondvia_drw has 0 polygons
2026-02-27 07:51:41 +0100: Memory Usage (437412K) : intbondmet_drw has 0 polygons
2026-02-27 07:51:41 +0100: Memory Usage (437412K) : devbondvia_drw has 0 polygons
2026-02-27 07:51:41 +0100: Memory Usage (437540K) : devbondmet_drw has 0 polygons
2026-02-27 07:51:41 +0100: Memory Usage (437540K) : devtrench_drw has 0 polygons
2026-02-27 07:51:41 +0100: Memory Usage (437668K) : redist_drw has 0 polygons
2026-02-27 07:51:41 +0100: Memory Usage (437668K) : graphbot_drw has 0 polygons
2026-02-27 07:51:41 +0100: Memory Usage (437668K) : graphtop_drw has 0 polygons
2026-02-27 07:51:41 +0100: Memory Usage (437796K) : antvia1_drw has 0 polygons
2026-02-27 07:51:41 +0100: Memory Usage (437796K) : antmetal2_drw has 0 polygons
2026-02-27 07:51:41 +0100: Memory Usage (437924K) : graphcont_drw has 0 polygons
2026-02-27 07:51:41 +0100: Memory Usage (437924K) : siwg_drw has 0 polygons
2026-02-27 07:51:41 +0100: Memory Usage (437924K) : siwg_filler has 0 polygons
2026-02-27 07:51:41 +0100: Memory Usage (437924K) : siwg_nofill has 0 polygons
2026-02-27 07:51:41 +0100: Memory Usage (438052K) : sigrating_drw has 0 polygons
2026-02-27 07:51:41 +0100: Memory Usage (438052K) : singrating_drw has 0 polygons
2026-02-27 07:51:41 +0100: Memory Usage (438052K) : graphpas_drw has 0 polygons
2026-02-27 07:51:41 +0100: Memory Usage (438180K) : emwind3_drw has 0 polygons
2026-02-27 07:51:41 +0100: Memory Usage (438180K) : emwihv3_drw has 0 polygons
2026-02-27 07:51:41 +0100: Memory Usage (438308K) : redbulay_drw has 0 polygons
2026-02-27 07:51:41 +0100: Memory Usage (438308K) : smos_drw has 0 polygons
2026-02-27 07:51:41 +0100: Memory Usage (438308K) : graphpad_drw has 0 polygons
2026-02-27 07:51:41 +0100: Memory Usage (438436K) : polimide_drw has 0 polygons
2026-02-27 07:51:41 +0100: Memory Usage (438436K) : polimide_pin has 0 polygons
2026-02-27 07:51:41 +0100: Memory Usage (438564K) : recog_drw has 0 polygons
2026-02-27 07:51:41 +0100: Memory Usage (438564K) : recog_pin has 0 polygons
2026-02-27 07:51:41 +0100: Memory Usage (438692K) : recog_esd has 0 polygons
2026-02-27 07:51:41 +0100: Memory Usage (438692K) : recog_diode has 0 polygons
2026-02-27 07:51:41 +0100: Memory Usage (438692K) : recog_tsv has 0 polygons
2026-02-27 07:51:41 +0100: Memory Usage (438820K) : recog_iprobe has 0 polygons
2026-02-27 07:51:41 +0100: Memory Usage (438820K) : recog_diffprb has 0 polygons
2026-02-27 07:51:41 +0100: Memory Usage (438948K) : recog_pillar has 0 polygons
2026-02-27 07:51:41 +0100: Memory Usage (438948K) : recog_sbump has 0 polygons
2026-02-27 07:51:41 +0100: Memory Usage (438948K) : recog_otp has 0 polygons
2026-02-27 07:51:41 +0100: Memory Usage (439076K) : recog_pdiode has 0 polygons
2026-02-27 07:51:41 +0100: Memory Usage (439076K) : recog_mom has 0 polygons
2026-02-27 07:51:41 +0100: Memory Usage (439204K) : recog_pcm has 0 polygons
2026-02-27 07:51:41 +0100: Memory Usage (439204K) : colopen_drw has 0 polygons
2026-02-27 07:51:41 +0100: Memory Usage (439332K) : graphmetal1_drw has 0 polygons
2026-02-27 07:51:41 +0100: Memory Usage (439332K) : graphmetal1_filler has 0 polygons
2026-02-27 07:51:41 +0100: Memory Usage (439332K) : graphmetal1_nofill has 0 polygons
2026-02-27 07:51:41 +0100: Memory Usage (439460K) : graphmetal1_slit has 0 polygons
2026-02-27 07:51:41 +0100: Memory Usage (439460K) : graphmetal1_opc has 0 polygons
2026-02-27 07:51:41 +0100: Memory Usage (439588K) : graphmet1l_drw has 0 polygons
2026-02-27 07:51:41 +0100: Memory Usage (439588K) : graphmet1l_filler has 0 polygons
2026-02-27 07:51:41 +0100: Memory Usage (439716K) : graphmet1l_nofill has 0 polygons
2026-02-27 07:51:41 +0100: Memory Usage (439716K) : graphmet1l_slit has 0 polygons
2026-02-27 07:51:41 +0100: Memory Usage (439716K) : graphmet1l_opc has 0 polygons
2026-02-27 07:51:41 +0100: Memory Usage (439844K) : extblock_drw has 0 polygons
2026-02-27 07:51:41 +0100: Memory Usage (439844K) : nldd_drw has 0 polygons
2026-02-27 07:51:41 +0100: Memory Usage (439972K) : pldd_drw has 0 polygons
2026-02-27 07:51:41 +0100: Memory Usage (439972K) : next_drw has 0 polygons
2026-02-27 07:51:41 +0100: Memory Usage (439972K) : pext_drw has 0 polygons
2026-02-27 07:51:41 +0100: Memory Usage (440100K) : nexthv_drw has 0 polygons
2026-02-27 07:51:41 +0100: Memory Usage (440100K) : pexthv_drw has 0 polygons
2026-02-27 07:51:41 +0100: Memory Usage (440228K) : graphgate_drw has 0 polygons
2026-02-27 07:51:41 +0100: Memory Usage (440228K) : sinwg_drw has 0 polygons
2026-02-27 07:51:41 +0100: Memory Usage (440356K) : sinwg_filler has 0 polygons
2026-02-27 07:51:41 +0100: Memory Usage (440356K) : sinwg_nofill has 0 polygons
2026-02-27 07:51:41 +0100: Memory Usage (440356K) : mempad_drw has 0 polygons
2026-02-27 07:51:41 +0100: Memory Usage (440484K) : topvia1_drw has 0 polygons
2026-02-27 07:51:41 +0100: Memory Usage (440484K) : topmetal1_drw has 203 polygons
2026-02-27 07:51:41 +0100: Memory Usage (440612K) : topmetal1_pin has 1 polygons
2026-02-27 07:51:41 +0100: Memory Usage (440612K) : topmetal1_mask has 0 polygons
2026-02-27 07:51:41 +0100: Memory Usage (440740K) : topmetal1_filler has 0 polygons
2026-02-27 07:51:41 +0100: Memory Usage (440740K) : topmetal1_nofill has 0 polygons
2026-02-27 07:51:41 +0100: Memory Usage (440740K) : topmetal1_slit has 0 polygons
2026-02-27 07:51:41 +0100: Memory Usage (440868K) : topmetal1_text has 1 polygons
2026-02-27 07:51:41 +0100: Memory Usage (440868K) : topmetal1_noqrc has 0 polygons
2026-02-27 07:51:41 +0100: Memory Usage (440996K) : topmetal1_res has 0 polygons
2026-02-27 07:51:41 +0100: Memory Usage (440996K) : topmetal1_iprobe has 0 polygons
2026-02-27 07:51:41 +0100: Memory Usage (440996K) : topmetal1_diffprb has 0 polygons
2026-02-27 07:51:41 +0100: Memory Usage (441124K) : inldpwl_drw has 0 polygons
2026-02-27 07:51:41 +0100: Memory Usage (441124K) : polyres_drw has 0 polygons
2026-02-27 07:51:41 +0100: Memory Usage (441252K) : polyres_pin has 0 polygons
2026-02-27 07:51:41 +0100: Memory Usage (441252K) : vmim_drw has 2688 polygons
2026-02-27 07:51:41 +0100: Memory Usage (441380K) : nbulaycut_drw has 0 polygons
2026-02-27 07:51:41 +0100: Memory Usage (441380K) : antmetal1_drw has 0 polygons
2026-02-27 07:51:41 +0100: Memory Usage (441380K) : topvia2_drw has 0 polygons
2026-02-27 07:51:41 +0100: Memory Usage (441508K) : topmetal2_drw has 0 polygons
2026-02-27 07:51:41 +0100: Memory Usage (441508K) : topmetal2_pin has 0 polygons
2026-02-27 07:51:41 +0100: Memory Usage (441636K) : topmetal2_mask has 0 polygons
2026-02-27 07:51:41 +0100: Memory Usage (441636K) : topmetal2_filler has 0 polygons
2026-02-27 07:51:41 +0100: Memory Usage (441764K) : topmetal2_nofill has 0 polygons
2026-02-27 07:51:41 +0100: Memory Usage (441764K) : topmetal2_slit has 0 polygons
2026-02-27 07:51:41 +0100: Memory Usage (441764K) : topmetal2_text has 0 polygons
2026-02-27 07:51:41 +0100: Memory Usage (441892K) : topmetal2_noqrc has 0 polygons
2026-02-27 07:51:41 +0100: Memory Usage (441892K) : topmetal2_res has 0 polygons
2026-02-27 07:51:41 +0100: Memory Usage (442020K) : topmetal2_iprobe has 0 polygons
2026-02-27 07:51:41 +0100: Memory Usage (442020K) : topmetal2_diffprb has 0 polygons
2026-02-27 07:51:41 +0100: Memory Usage (442020K) : snsring_drw has 0 polygons
2026-02-27 07:51:41 +0100: Memory Usage (442148K) : sensor_drw has 0 polygons
2026-02-27 07:51:41 +0100: Memory Usage (442148K) : snsarms_drw has 0 polygons
2026-02-27 07:51:41 +0100: Memory Usage (442276K) : snscmosvia_drw has 0 polygons
2026-02-27 07:51:41 +0100: Memory Usage (442276K) : colwind_drw has 0 polygons
2026-02-27 07:51:41 +0100: Memory Usage (442276K) : flm_drw has 0 polygons
2026-02-27 07:51:41 +0100: Memory Usage (442404K) : hafniumox_drw has 0 polygons
2026-02-27 07:51:41 +0100: Memory Usage (442404K) : memvia_drw has 0 polygons
2026-02-27 07:51:41 +0100: Memory Usage (442532K) : thinfilmres_drw has 0 polygons
2026-02-27 07:51:41 +0100: Memory Usage (442532K) : rfmem_drw has 0 polygons
2026-02-27 07:51:41 +0100: Memory Usage (442660K) : norcx_drw has 0 polygons
2026-02-27 07:51:41 +0100: Memory Usage (442660K) : norcx_m2m3 has 0 polygons
2026-02-27 07:51:41 +0100: Memory Usage (442660K) : norcx_m2m4 has 0 polygons
2026-02-27 07:51:41 +0100: Memory Usage (442788K) : norcx_m2m5 has 0 polygons
2026-02-27 07:51:41 +0100: Memory Usage (442788K) : norcx_m2tm1 has 0 polygons
2026-02-27 07:51:41 +0100: Memory Usage (442788K) : norcx_m2tm2 has 0 polygons
2026-02-27 07:51:41 +0100: Memory Usage (442916K) : norcx_m3m4 has 0 polygons
2026-02-27 07:51:41 +0100: Memory Usage (442916K) : norcx_m3m5 has 0 polygons
2026-02-27 07:51:41 +0100: Memory Usage (442916K) : norcx_m3tm1 has 0 polygons
2026-02-27 07:51:41 +0100: Memory Usage (442916K) : norcx_m3tm2 has 0 polygons
2026-02-27 07:51:41 +0100: Memory Usage (442916K) : norcx_m4m5 has 0 polygons
2026-02-27 07:51:41 +0100: Memory Usage (442916K) : norcx_m4tm1 has 0 polygons
2026-02-27 07:51:41 +0100: Memory Usage (443044K) : norcx_m4tm2 has 0 polygons
2026-02-27 07:51:41 +0100: Memory Usage (443044K) : norcx_m5tm1 has 0 polygons
2026-02-27 07:51:41 +0100: Memory Usage (443172K) : norcx_m5tm2 has 0 polygons
2026-02-27 07:51:41 +0100: Memory Usage (443172K) : norcx_tm1tm2 has 0 polygons
2026-02-27 07:51:41 +0100: Memory Usage (443172K) : norcx_m1sub has 0 polygons
2026-02-27 07:51:41 +0100: Memory Usage (443300K) : norcx_m2sub has 0 polygons
2026-02-27 07:51:41 +0100: Memory Usage (443300K) : norcx_m3sub has 0 polygons
2026-02-27 07:51:41 +0100: Memory Usage (443428K) : norcx_m4sub has 0 polygons
2026-02-27 07:51:41 +0100: Memory Usage (443428K) : norcx_m5sub has 0 polygons
2026-02-27 07:51:41 +0100: Memory Usage (443428K) : norcx_tm1sub has 0 polygons
2026-02-27 07:51:41 +0100: Memory Usage (443556K) : norcx_tm2sub has 0 polygons
2026-02-27 07:51:41 +0100: Memory Usage (443556K) : snsbotvia_drw has 0 polygons
2026-02-27 07:51:41 +0100: Memory Usage (443684K) : snstopvia_drw has 0 polygons
2026-02-27 07:51:41 +0100: Memory Usage (443684K) : deepvia_drw has 0 polygons
2026-02-27 07:51:41 +0100: Memory Usage (443812K) : fgetch_drw has 0 polygons
2026-02-27 07:51:41 +0100: Memory Usage (443812K) : ctrgat_drw has 0 polygons
2026-02-27 07:51:41 +0100: Memory Usage (443812K) : fgimp_drw has 0 polygons
2026-02-27 07:51:41 +0100: Memory Usage (443940K) : emwihv_drw has 0 polygons
2026-02-27 07:51:41 +0100: Memory Usage (443940K) : lbe_drw has 0 polygons
2026-02-27 07:51:41 +0100: Memory Usage (443940K) : alcustop_drw has 0 polygons
2026-02-27 07:51:41 +0100: Memory Usage (444068K) : nometfiller_drw has 0 polygons
2026-02-27 07:51:41 +0100: Memory Usage (444068K) : prboundary_drw has 0 polygons
2026-02-27 07:51:41 +0100: Memory Usage (444196K) : exchange0_drw has 0 polygons
2026-02-27 07:51:41 +0100: Memory Usage (444196K) : exchange0_pin has 0 polygons
2026-02-27 07:51:41 +0100: Memory Usage (444196K) : exchange0_text has 0 polygons
2026-02-27 07:51:41 +0100: Memory Usage (444324K) : exchange1_drw has 0 polygons
2026-02-27 07:51:41 +0100: Memory Usage (444324K) : exchange1_pin has 0 polygons
2026-02-27 07:51:41 +0100: Memory Usage (444452K) : exchange1_text has 0 polygons
2026-02-27 07:51:41 +0100: Memory Usage (444452K) : exchange2_drw has 0 polygons
2026-02-27 07:51:41 +0100: Memory Usage (444452K) : exchange2_pin has 0 polygons
2026-02-27 07:51:41 +0100: Memory Usage (444580K) : exchange2_text has 0 polygons
2026-02-27 07:51:41 +0100: Memory Usage (444580K) : exchange3_drw has 0 polygons
2026-02-27 07:51:41 +0100: Memory Usage (444708K) : exchange3_pin has 0 polygons
2026-02-27 07:51:41 +0100: Memory Usage (444708K) : exchange3_text has 0 polygons
2026-02-27 07:51:41 +0100: Memory Usage (444708K) : exchange4_drw has 0 polygons
2026-02-27 07:51:41 +0100: Memory Usage (444836K) : exchange4_pin has 0 polygons
2026-02-27 07:51:41 +0100: Memory Usage (444836K) : exchange4_text has 0 polygons
2026-02-27 07:51:41 +0100: Memory Usage (444964K) : isonwell_drw has 0 polygons
2026-02-27 07:51:41 +0100: Memory Usage (444964K) : Total no. of polygons in the design is 3302
2026-02-27 07:51:41 +0100: Memory Usage (444964K) : Loaded TECH DRC rules values from /opt/pdks/ihp-sg13g2/libs.tech/klayout/python/sg13g2_pycell_lib/sg13g2_tech_mod.json
2026-02-27 07:51:41 +0100: Memory Usage (444964K) : Loaded default DRC rules values from /opt/pdks/ihp-sg13g2/libs.tech/klayout/tech/drc/rule_decks/sg13g2_tech_default.json
2026-02-27 07:51:41 +0100: Memory Usage (444964K) : The following rules values were missing in tech json and default values were used:
2026-02-27 07:51:41 +0100: Memory Usage (444964K) :   - Cnt_c_digibnd
2026-02-27 07:51:41 +0100: Memory Usage (446372K) : Total area of the design is 9059.3904 um^2.
2026-02-27 07:51:41 +0100: Memory Usage (446372K) : The design dimensions are 91.04 µm * 99.51 µm.
2026-02-27 07:51:41 +0100: Memory Usage (446372K) : Starting general IHP-SG13G2 derivations.
2026-02-27 07:51:41 +0100: Memory Usage (446372K) : Starting Pwell derivations
2026-02-27 07:51:41 +0100: Memory Usage (446884K) : Starting n-Activ derivations
2026-02-27 07:51:41 +0100: Memory Usage (447012K) : Starting p-Activ derivations
2026-02-27 07:51:41 +0100: Memory Usage (447012K) : Starting ptap derivations
2026-02-27 07:51:41 +0100: Memory Usage (447140K) : Starting ntap derivations
2026-02-27 07:51:41 +0100: Memory Usage (447140K) : Starting pact FET derivations
2026-02-27 07:51:41 +0100: Memory Usage (447268K) : Starting nact FET derivations
2026-02-27 07:51:41 +0100: Memory Usage (447268K) : Starting Gate derivations
2026-02-27 07:51:41 +0100: Memory Usage (447396K) : Starting cont/contbar general derivations
2026-02-27 07:51:41 +0100: Memory Usage (447524K) : Starting pad general derivations
2026-02-27 07:51:41 +0100: Memory Usage (447780K) : Starting IHP-SG13G2 DRC connectivity related derivations.
2026-02-27 07:51:41 +0100: Memory Usage (450724K) : Starting IHP-SG13G2 DRC connectivity setup
2026-02-27 07:51:41 +0100: Memory Usage (451108K) : Starting IHP-SG13G2 DRC rules.
2026-02-27 07:51:41 +0100: Memory Usage (451108K) : Running all FEOL rules
2026-02-27 07:51:41 +0100: Memory Usage (451108K) : Running all BEOL rules
2026-02-27 07:51:41 +0100: Memory Usage (451108K) : Running all PIN rules
2026-02-27 07:51:41 +0100: Memory Usage (451108K) : Running all FORBIDDEN rules
2026-02-27 07:51:41 +0100: Memory Usage (451108K) : Starting 5.1 NWell table
2026-02-27 07:51:41 +0100: Memory Usage (451108K) : Executing rule NW.b
2026-02-27 07:51:41 +0100: Memory Usage (451364K) : Executing rule NW.b1
2026-02-27 07:51:41 +0100: Memory Usage (451620K) : Starting 5.2 PWell:block
2026-02-27 07:51:41 +0100: Memory Usage (451620K) : Executing rule PWB.e
2026-02-27 07:51:41 +0100: Memory Usage (451748K) : Executing rule PWB.e1
2026-02-27 07:51:41 +0100: Memory Usage (451876K) : Executing rule PWB.f
2026-02-27 07:51:41 +0100: Memory Usage (452004K) : Executing rule PWB.f1
2026-02-27 07:51:41 +0100: Memory Usage (452516K) : Starting 5.3 nBuLay table
2026-02-27 07:51:41 +0100: Memory Usage (452772K) : Executing rule NBL.b
2026-02-27 07:51:41 +0100: Memory Usage (452900K) : Executing rule NBL.c
2026-02-27 07:51:41 +0100: Memory Usage (453156K) : Executing rule NBL.d
2026-02-27 07:51:41 +0100: Memory Usage (453412K) : Executing rule NBL.e
2026-02-27 07:51:41 +0100: Memory Usage (453540K) : Executing rule NBL.f
2026-02-27 07:51:41 +0100: Memory Usage (453540K) : Starting 5.5. Activ table
2026-02-27 07:51:41 +0100: Memory Usage (453540K) : Executing rule Act.a
2026-02-27 07:51:41 +0100: Memory Usage (453668K) : Executing rule Act.b
2026-02-27 07:51:41 +0100: Memory Usage (453796K) : Starting 5.6 Activ:filler table
2026-02-27 07:51:41 +0100: Memory Usage (453924K) : Executing rule AFil.c1
2026-02-27 07:51:41 +0100: Memory Usage (454052K) : Executing rule AFil.c
2026-02-27 07:51:41 +0100: Memory Usage (454052K) : Executing rule AFil.d
2026-02-27 07:51:41 +0100: Memory Usage (454436K) : Executing rule AFil.e
2026-02-27 07:51:41 +0100: Memory Usage (454436K) : Executing rule AFil.j
2026-02-27 07:51:41 +0100: Memory Usage (454820K) : Starting 5.7. ThickGateOx table
2026-02-27 07:51:41 +0100: Memory Usage (454820K) : Executing rule TGO.f
2026-02-27 07:51:41 +0100: Memory Usage (454948K) : Starting 5.8. GatPoly table
2026-02-27 07:51:41 +0100: Memory Usage (454948K) : Executing rule Gat.a
2026-02-27 07:51:41 +0100: Memory Usage (454948K) : Executing rule Gat.b
2026-02-27 07:51:41 +0100: Memory Usage (455076K) : Executing rule Gat.d
2026-02-27 07:51:41 +0100: Memory Usage (455204K) : Executing rule Gat.a1
2026-02-27 07:51:41 +0100: Memory Usage (455716K) : Executing rule Gat.a2
2026-02-27 07:51:41 +0100: Memory Usage (455972K) : Executing rule Gat.g
2026-02-27 07:51:41 +0100: Memory Usage (456228K) : Starting 5.9 GatPoly:filler
2026-02-27 07:51:41 +0100: Memory Usage (456484K) : Executing rule GFil.d
2026-02-27 07:51:41 +0100: Memory Usage (456612K) : Executing rule GFil.e
2026-02-27 07:51:41 +0100: Memory Usage (456740K) : Executing rule GFil.i
2026-02-27 07:51:41 +0100: Memory Usage (456740K) : Starting 5.10 pSD table
2026-02-27 07:51:41 +0100: Memory Usage (456740K) : Executing rule pSD.c1
2026-02-27 07:51:41 +0100: Memory Usage (456996K) : Starting 5.14. Cont table
2026-02-27 07:51:41 +0100: Memory Usage (456996K) : Executing rule Cnt.a
2026-02-27 07:51:41 +0100: Memory Usage (457124K) : Executing rule Cnt.b
2026-02-27 07:51:41 +0100: Memory Usage (457252K) : Executing rule Cnt.c
2026-02-27 07:51:41 +0100: Memory Usage (457380K) : Executing rule Cnt.c
2026-02-27 07:51:41 +0100: Memory Usage (457508K) : Executing rule Cnt.d
2026-02-27 07:51:41 +0100: Memory Usage (457636K) : Executing rule Cnt.e
2026-02-27 07:51:41 +0100: Memory Usage (457764K) : Executing rule Cnt.g1
2026-02-27 07:51:41 +0100: Memory Usage (457892K) : Executing rule Cnt.g2
2026-02-27 07:51:41 +0100: Memory Usage (458148K) : Starting 5.15. ContBar table
2026-02-27 07:51:41 +0100: Memory Usage (458148K) : Executing rule CntB.b1
2026-02-27 07:51:41 +0100: Memory Usage (458148K) : Executing rule CntB.h1
2026-02-27 07:51:41 +0100: Memory Usage (458276K) : Starting 6.1.3 NPN Substrate-Tie table
2026-02-27 07:51:41 +0100: Memory Usage (458404K) : Executing rule npn13G2.bR 
2026-02-27 07:51:41 +0100: Memory Usage (458660K) : Executing rule npn13G2L.cR 
2026-02-27 07:51:41 +0100: Memory Usage (458788K) : Executing rule npn13G2V.cR 
2026-02-27 07:51:41 +0100: Memory Usage (458916K) : Starting 6.7 Schottky diode table
2026-02-27 07:51:41 +0100: Memory Usage (458916K) : Executing rule Sdiod.d
2026-02-27 07:51:41 +0100: Memory Usage (458916K) : Executing rule Sdiod.e
2026-02-27 07:51:41 +0100: Memory Usage (459044K) : Starting 7.2 Latch-up table
2026-02-27 07:51:41 +0100: Memory Usage (459044K) : Executing rule LU.b
2026-02-27 07:51:41 +0100: Memory Usage (460836K) : Starting 5.16. Metal1 table
2026-02-27 07:51:41 +0100: Memory Usage (460836K) : Executing rule M1.a
2026-02-27 07:51:41 +0100: Memory Usage (460964K) : Executing rule M1.b
2026-02-27 07:51:41 +0100: Memory Usage (460964K) : Executing rule M1.e
2026-02-27 07:51:41 +0100: Memory Usage (461220K) : Executing rule M1.f
2026-02-27 07:51:41 +0100: Memory Usage (461220K) : Executing rule M1.g
2026-02-27 07:51:41 +0100: Memory Usage (461220K) : Executing rule M1.i
2026-02-27 07:51:41 +0100: Memory Usage (461220K) : Starting 5.17 Metaln table
2026-02-27 07:51:41 +0100: Memory Usage (461220K) : Executing rule M2.a
2026-02-27 07:51:41 +0100: Memory Usage (461220K) : Executing rule M2.b
2026-02-27 07:51:41 +0100: Memory Usage (461220K) : Executing rule M2.e
2026-02-27 07:51:41 +0100: Memory Usage (461220K) : Executing rule M2.f
2026-02-27 07:51:41 +0100: Memory Usage (461220K) : Executing rule M2.g
2026-02-27 07:51:41 +0100: Memory Usage (461220K) : Executing rule M2.i
2026-02-27 07:51:41 +0100: Memory Usage (461220K) : Executing rule M3.a
2026-02-27 07:51:41 +0100: Memory Usage (461220K) : Executing rule M3.b
2026-02-27 07:51:41 +0100: Memory Usage (461220K) : Executing rule M3.e
2026-02-27 07:51:41 +0100: Memory Usage (461220K) : Executing rule M3.f
2026-02-27 07:51:41 +0100: Memory Usage (461220K) : Executing rule M3.g
2026-02-27 07:51:41 +0100: Memory Usage (461220K) : Executing rule M3.i
2026-02-27 07:51:41 +0100: Memory Usage (461220K) : Executing rule M4.a
2026-02-27 07:51:41 +0100: Memory Usage (461220K) : Executing rule M4.b
2026-02-27 07:51:41 +0100: Memory Usage (461220K) : Executing rule M4.e
2026-02-27 07:51:41 +0100: Memory Usage (461220K) : Executing rule M4.f
2026-02-27 07:51:41 +0100: Memory Usage (461220K) : Executing rule M4.g
2026-02-27 07:51:41 +0100: Memory Usage (461220K) : Executing rule M4.i
2026-02-27 07:51:41 +0100: Memory Usage (461220K) : Executing rule M5.a
2026-02-27 07:51:41 +0100: Memory Usage (461220K) : Executing rule M5.b
2026-02-27 07:51:41 +0100: Memory Usage (461860K) : Executing rule M5.e
2026-02-27 07:51:41 +0100: Memory Usage (462244K) : Executing rule M5.f
2026-02-27 07:51:41 +0100: Memory Usage (462244K) : Executing rule M5.g
2026-02-27 07:51:41 +0100: Memory Usage (462244K) : Executing rule M5.i
2026-02-27 07:51:41 +0100: Memory Usage (462244K) : Starting 5.18 Metaln:filler table
2026-02-27 07:51:41 +0100: Memory Usage (462244K) : Executing rule M1Fil.c
2026-02-27 07:51:41 +0100: Memory Usage (462244K) : Executing rule M1Fil.a2
2026-02-27 07:51:41 +0100: Memory Usage (462244K) : Executing rule M2Fil.c
2026-02-27 07:51:41 +0100: Memory Usage (462244K) : Executing rule M2Fil.a2
2026-02-27 07:51:41 +0100: Memory Usage (462244K) : Executing rule M3Fil.c
2026-02-27 07:51:41 +0100: Memory Usage (462244K) : Executing rule M3Fil.a2
2026-02-27 07:51:41 +0100: Memory Usage (462244K) : Executing rule M4Fil.c
2026-02-27 07:51:41 +0100: Memory Usage (462244K) : Executing rule M4Fil.a2
2026-02-27 07:51:41 +0100: Memory Usage (462244K) : Executing rule M5Fil.c
2026-02-27 07:51:41 +0100: Memory Usage (462244K) : Executing rule M5Fil.a2
2026-02-27 07:51:41 +0100: Memory Usage (462244K) : Starting 5.19. Via1 table
2026-02-27 07:51:41 +0100: Memory Usage (462244K) : Starting 5.19. Via1 table derivations
2026-02-27 07:51:41 +0100: Memory Usage (462244K) : Executing rule V1.a
2026-02-27 07:51:41 +0100: Memory Usage (462244K) : Executing rule V1.b
2026-02-27 07:51:41 +0100: Memory Usage (462244K) : Executing rule V1.c
2026-02-27 07:51:41 +0100: Memory Usage (462244K) : Starting 5.20. Vian table
2026-02-27 07:51:41 +0100: Memory Usage (462244K) : Executing rule V2.a
2026-02-27 07:51:41 +0100: Memory Usage (462244K) : Executing rule V2.b
2026-02-27 07:51:41 +0100: Memory Usage (462244K) : Executing rule V2.c
2026-02-27 07:51:41 +0100: Memory Usage (462244K) : Executing rule V3.a
2026-02-27 07:51:41 +0100: Memory Usage (462244K) : Executing rule V3.b
2026-02-27 07:51:41 +0100: Memory Usage (462244K) : Executing rule V3.c
2026-02-27 07:51:41 +0100: Memory Usage (462244K) : Executing rule V4.a
2026-02-27 07:51:41 +0100: Memory Usage (462244K) : Executing rule V4.b
2026-02-27 07:51:41 +0100: Memory Usage (462244K) : Executing rule V4.c
2026-02-27 07:51:41 +0100: Memory Usage (462244K) : Starting 5.21. TopVia1 table
2026-02-27 07:51:41 +0100: Memory Usage (462244K) : Executing rule TV1.a
2026-02-27 07:51:41 +0100: Memory Usage (462244K) : Executing rule TV1.b
2026-02-27 07:51:41 +0100: Memory Usage (462244K) : Executing rule TV1.c
2026-02-27 07:51:41 +0100: Memory Usage (462244K) : Executing rule TV1.d
2026-02-27 07:51:41 +0100: Memory Usage (462244K) : Starting 5.22. TopMetal1 table
2026-02-27 07:51:41 +0100: Memory Usage (462244K) : Executing rule TM1.a
2026-02-27 07:51:41 +0100: Memory Usage (462244K) : Executing rule TM1.b
2026-02-27 07:51:41 +0100: Memory Usage (462244K) : Starting 5.23 TopMetal1:filler table
2026-02-27 07:51:41 +0100: Memory Usage (462244K) : Executing rule TM1Fil.c
2026-02-27 07:51:41 +0100: Memory Usage (462244K) : Executing rule TM1Fil.a1
2026-02-27 07:51:41 +0100: Memory Usage (462244K) : Starting 5.24. TopVia2 table
2026-02-27 07:51:41 +0100: Memory Usage (462244K) : Executing rule TV2.a
2026-02-27 07:51:41 +0100: Memory Usage (462244K) : Executing rule TV2.b
2026-02-27 07:51:41 +0100: Memory Usage (462244K) : Executing rule TV2.c
2026-02-27 07:51:41 +0100: Memory Usage (462244K) : Executing rule TV2.d
2026-02-27 07:51:41 +0100: Memory Usage (462244K) : Starting 5.25. TopMetal2 table
2026-02-27 07:51:41 +0100: Memory Usage (462244K) : Executing rule TM2.a
2026-02-27 07:51:41 +0100: Memory Usage (462244K) : Executing rule TM2.b
2026-02-27 07:51:41 +0100: Memory Usage (462244K) : Executing rule TM2.bR
2026-02-27 07:51:41 +0100: Memory Usage (462244K) : Starting 5.26 TopMetal2:filler table
2026-02-27 07:51:41 +0100: Memory Usage (462244K) : Executing rule TM2Fil.c
2026-02-27 07:51:41 +0100: Memory Usage (462244K) : Executing rule TM2Fil.a1
2026-02-27 07:51:41 +0100: Memory Usage (462244K) : Starting 5.27. Passiv table
2026-02-27 07:51:41 +0100: Memory Usage (462244K) : Executing rule Pas.a
2026-02-27 07:51:41 +0100: Memory Usage (462244K) : Executing rule Pas.b
2026-02-27 07:51:41 +0100: Memory Usage (462244K) : Executing rule Pas.c
2026-02-27 07:51:41 +0100: Memory Usage (462244K) : Starting 6.9.2 Copper Pillar table
2026-02-27 07:51:41 +0100: Memory Usage (462244K) : Executing rule Padc.a
2026-02-27 07:51:41 +0100: Memory Usage (462244K) : Executing rule Padc.b
2026-02-27 07:51:41 +0100: Memory Usage (462244K) : Executing rule Padc.c
2026-02-27 07:51:41 +0100: Memory Usage (462244K) : Executing rule Padb.f
2026-02-27 07:51:41 +0100: Memory Usage (462244K) : Starting 6.9 Pad table
2026-02-27 07:51:41 +0100: Memory Usage (462244K) : Executing rule Pad.m
2026-02-27 07:51:41 +0100: Memory Usage (462244K) : Executing rule Pad.fR_M1
2026-02-27 07:51:41 +0100: Memory Usage (462244K) : Executing rule Pad.fR_M2
2026-02-27 07:51:41 +0100: Memory Usage (462244K) : Executing rule Pad.fR_M3
2026-02-27 07:51:41 +0100: Memory Usage (462244K) : Executing rule Pad.fR_M4
2026-02-27 07:51:41 +0100: Memory Usage (462244K) : Executing rule Pad.fR_M5
2026-02-27 07:51:41 +0100: Memory Usage (462244K) : Executing rule Pad.fR_TM1
2026-02-27 07:51:41 +0100: Memory Usage (462244K) : Executing rule Pad.fR_TM2
2026-02-27 07:51:41 +0100: Memory Usage (462244K) : Executing rule Pad.i
2026-02-27 07:51:41 +0100: Memory Usage (462244K) : Starting 6.9.1 Solder Bump
2026-02-27 07:51:41 +0100: Memory Usage (462244K) : Executing rule Padb.a
2026-02-27 07:51:41 +0100: Memory Usage (462244K) : Executing rule Padb.b
2026-02-27 07:51:41 +0100: Memory Usage (462244K) : Executing rule Padb.c
2026-02-27 07:51:41 +0100: Memory Usage (462244K) : Executing rule Padb.f
2026-02-27 07:51:42 +0100: Memory Usage (462244K) : Executing rule Padb.d
2026-02-27 07:51:42 +0100: Memory Usage (462244K) : Starting 6.10 Sealring table
2026-02-27 07:51:42 +0100: Memory Usage (462244K) : Executing rule Seal.l
2026-02-27 07:51:42 +0100: Memory Usage (462244K) : Executing rule Seal.n
2026-02-27 07:51:42 +0100: Memory Usage (462244K) : Executing rule seal.b_metal1
2026-02-27 07:51:42 +0100: Memory Usage (462244K) : Executing rule seal.b_metal2
2026-02-27 07:51:42 +0100: Memory Usage (462244K) : Executing rule seal.b_metal3
2026-02-27 07:51:42 +0100: Memory Usage (462244K) : Executing rule seal.b_metal4
2026-02-27 07:51:42 +0100: Memory Usage (462244K) : Executing rule seal.b_metal5
2026-02-27 07:51:42 +0100: Memory Usage (462244K) : Executing rule seal.b_topmetal1
2026-02-27 07:51:42 +0100: Memory Usage (462244K) : Executing rule seal.b_topmetal2
2026-02-27 07:51:42 +0100: Memory Usage (462244K) : Executing rule seal.b_activ
2026-02-27 07:51:42 +0100: Memory Usage (462244K) : Executing rule seal.b_psd
2026-02-27 07:51:42 +0100: Memory Usage (462244K) : Executing rule Seal.k
2026-02-27 07:51:42 +0100: Memory Usage (462244K) : Executing rule Seal.m
2026-02-27 07:51:42 +0100: Memory Usage (462244K) : Starting 6.11 MIM table
2026-02-27 07:51:42 +0100: Memory Usage (462244K) : Executing rule MIM.c
2026-02-27 07:51:42 +0100: Memory Usage (462372K) : Executing rule MIM.d
2026-02-27 07:51:42 +0100: Memory Usage (462372K) : Executing rule MIM.gR
2026-02-27 07:51:42 +0100: Memory Usage (462372K) : Starting 7.3 Metal Slits table
2026-02-27 07:51:42 +0100: Memory Usage (462372K) : Executing rule Slt.e1_M1
2026-02-27 07:51:42 +0100: Memory Usage (462372K) : Executing rule Slt.e1_M2
2026-02-27 07:51:42 +0100: Memory Usage (462372K) : Executing rule Slt.e1_M3
2026-02-27 07:51:42 +0100: Memory Usage (462372K) : Executing rule Slt.e1_M4
2026-02-27 07:51:42 +0100: Memory Usage (462372K) : Executing rule Slt.e1_M5
2026-02-27 07:51:42 +0100: Memory Usage (462372K) : Executing rule Slt.e1_TM1
2026-02-27 07:51:42 +0100: Memory Usage (462372K) : Executing rule Slt.e1_TM2
2026-02-27 07:51:42 +0100: Memory Usage (462372K) : Starting 9.1. LBE table
2026-02-27 07:51:42 +0100: Memory Usage (462372K) : Executing rule LBE.a
2026-02-27 07:51:42 +0100: Memory Usage (462372K) : Executing rule LBE.b
2026-02-27 07:51:42 +0100: Memory Usage (462372K) : Executing rule LBE.b1
2026-02-27 07:51:42 +0100: Memory Usage (462372K) : Executing rule LBE.c
2026-02-27 07:51:42 +0100: Memory Usage (462372K) : Executing rule LBE.d
2026-02-27 07:51:42 +0100: Memory Usage (462372K) : Executing rule LBE.h
2026-02-27 07:51:42 +0100: Memory Usage (462372K) : Starting 7.4. PIN table
2026-02-27 07:51:42 +0100: Memory Usage (462372K) : Executing rule Pin.a
2026-02-27 07:51:42 +0100: Memory Usage (462372K) : Executing rule Pin.b
2026-02-27 07:51:42 +0100: Memory Usage (462372K) : Executing rule Pin.e
2026-02-27 07:51:42 +0100: Memory Usage (462372K) : Executing rule Pin.f_M2
2026-02-27 07:51:42 +0100: Memory Usage (462372K) : Executing rule Pin.f_M3
2026-02-27 07:51:42 +0100: Memory Usage (462372K) : Executing rule Pin.f_M4
2026-02-27 07:51:42 +0100: Memory Usage (462372K) : Executing rule Pin.f_M5
2026-02-27 07:51:42 +0100: Memory Usage (462372K) : Executing rule Pin.g
2026-02-27 07:51:42 +0100: Memory Usage (462372K) : Executing rule Pin.h
2026-02-27 07:51:42 +0100: Memory Usage (462372K) : Starting 3.2. FORBIDDEN table
2026-02-27 07:51:42 +0100: Memory Usage (462372K) : Executing rule forbidden.biwind
2026-02-27 07:51:42 +0100: Memory Usage (462372K) : Executing rule forbidden.pemwind
2026-02-27 07:51:42 +0100: Memory Usage (462372K) : Executing rule forbidden.baspoly
2026-02-27 07:51:42 +0100: Memory Usage (462372K) : Executing rule forbidden.deepco
2026-02-27 07:51:42 +0100: Memory Usage (462372K) : Executing rule forbidden.pempoly
2026-02-27 07:51:42 +0100: Memory Usage (462372K) : Executing rule forbidden.empoly
2026-02-27 07:51:42 +0100: Memory Usage (462372K) : Executing rule forbidden.ldmos
2026-02-27 07:51:42 +0100: Memory Usage (462372K) : Executing rule forbidden.pbiwind
2026-02-27 07:51:42 +0100: Memory Usage (462372K) : Executing rule forbidden.nodrc
2026-02-27 07:51:42 +0100: Memory Usage (462372K) : Executing rule forbidden.flash
2026-02-27 07:51:42 +0100: Memory Usage (462372K) : Executing rule forbidden.colwind
2026-02-27 07:51:42 +0100: Memory Usage (462372K) : KLayout DRC run for tables 'main' completed in 0.9 seconds
