
===========================================================================
report_checks -path_delay max (Setup)
============================================================================
======================= nom_typ_1p20V_25C Corner ===================================

Startpoint: fclk_in (clock source 'fclk_in')
Endpoint: fclk_comp (output port clocked by fclk_in)
Path Group: fclk_in
Path Type: max

Fanout         Cap        Slew       Delay        Time   Description
---------------------------------------------------------------------------------------------
                                 31.250000   31.250000   clock fclk_in (fall edge)
                                  0.000000   31.250000   clock source latency
     2    0.050496    0.052937    0.036714   31.286715 v fclk_in (in)
                                                         fclk_in (net)
                      0.053765    0.000000   31.286715 v clkbuf_0_fclk_in/A (sg13g2_buf_16)
     1    0.021782    0.021247    0.083382   31.370096 v clkbuf_0_fclk_in/X (sg13g2_buf_16)
                                                         clknet_0_fclk_in (net)
                      0.021275    0.001435   31.371532 v clkbuf_1_0__f_fclk_in/A (sg13g2_buf_16)
     1    0.006167    0.017332    0.065306   31.436838 v clkbuf_1_0__f_fclk_in/X (sg13g2_buf_16)
                                                         clknet_1_0__leaf_fclk_in (net)
                      0.017332    0.000242   31.437080 v _240_/A (sg13g2_buf_1)
     1    0.004913    0.024778    0.061753   31.498833 v _240_/X (sg13g2_buf_1)
                                                         net28 (net)
                      0.024779    0.000142   31.498976 v output28/A (sg13g2_buf_1)
     1    0.009951    0.039636    0.077144   31.576118 v output28/X (sg13g2_buf_1)
                                                         fclk_comp (net)
                      0.039642    0.000490   31.576609 v fclk_comp (out)
                                             31.576609   data arrival time

                                 62.500000   62.500000   clock fclk_in (rise edge)
                                  0.000000   62.500000   clock network delay (propagated)
                                 -0.250000   62.250004   clock uncertainty
                                  0.000000   62.250004   clock reconvergence pessimism
                                -12.500000   49.750004   output external delay
                                             49.750004   data required time
---------------------------------------------------------------------------------------------
                                             49.750004   data required time
                                            -31.576609   data arrival time
---------------------------------------------------------------------------------------------
                                             18.173395   slack (MET)


Startpoint: _234_ (rising edge-triggered flip-flop clocked by fclk_in)
Endpoint: fclk_samp (output port clocked by fclk_in)
Path Group: fclk_in
Path Type: max

Fanout         Cap        Slew       Delay        Time   Description
---------------------------------------------------------------------------------------------
                                  0.000000    0.000000   clock fclk_in (rise edge)
                                  0.000000    0.000000   clock source latency
     2    0.051639    0.066110    0.044048    0.044048 ^ fclk_in (in)
                                                         fclk_in (net)
                      0.066763    0.000000    0.044048 ^ clkbuf_regs_0_fclk_in/A (sg13g2_buf_16)
     1    0.021639    0.021578    0.083177    0.127225 ^ clkbuf_regs_0_fclk_in/X (sg13g2_buf_16)
                                                         fclk_in_regs (net)
                      0.021598    0.001247    0.128472 ^ clkbuf_0_fclk_in_regs/A (sg13g2_buf_16)
     2    0.042195    0.024067    0.065175    0.193647 ^ clkbuf_0_fclk_in_regs/X (sg13g2_buf_16)
                                                         clknet_0_fclk_in_regs (net)
                      0.024096    0.001474    0.195121 ^ clkbuf_1_1__f_fclk_in_regs/A (sg13g2_buf_16)
     3    0.016802    0.018431    0.061664    0.256785 ^ clkbuf_1_1__f_fclk_in_regs/X (sg13g2_buf_16)
                                                         clknet_1_1__leaf_fclk_in_regs (net)
                      0.018442    0.000901    0.257686 ^ _234_/CLK (sg13g2_dfrbpq_1)
     2    0.010312    0.040229    0.176858    0.434544 v _234_/Q (sg13g2_dfrbpq_1)
                                                         _001_ (net)
                      0.040229    0.000187    0.434731 v hold51/A (sg13g2_dlygate4sd3_1)
     1    0.003974    0.039608    0.381248    0.815979 v hold51/X (sg13g2_dlygate4sd3_1)
                                                         net51 (net)
                      0.039608    0.000073    0.816051 v _104_/A (sg13g2_inv_1)
     5    0.033510    0.141157    0.123896    0.939948 ^ _104_/Y (sg13g2_inv_1)
                                                         net29 (net)
                      0.141180    0.001486    0.941434 ^ output29/A (sg13g2_buf_1)
     1    0.009824    0.051558    0.121023    1.062457 ^ output29/X (sg13g2_buf_1)
                                                         fclk_samp (net)
                      0.051561    0.000472    1.062930 ^ fclk_samp (out)
                                              1.062930   data arrival time

                                 62.500000   62.500000   clock fclk_in (rise edge)
                                  0.000000   62.500000   clock network delay (propagated)
                                 -0.250000   62.250004   clock uncertainty
                                  0.000000   62.250004   clock reconvergence pessimism
                                -12.500000   49.750004   output external delay
                                             49.750004   data required time
---------------------------------------------------------------------------------------------
                                             49.750004   data required time
                                             -1.062930   data arrival time
---------------------------------------------------------------------------------------------
                                             48.687077   slack (MET)


Startpoint: En (input port clocked by fclk_in)
Endpoint: _234_ (rising edge-triggered flip-flop clocked by fclk_in)
Path Group: fclk_in
Path Type: max

Fanout         Cap        Slew       Delay        Time   Description
---------------------------------------------------------------------------------------------
                                  0.000000    0.000000   clock fclk_in (rise edge)
                                  0.000000    0.000000   clock network delay (propagated)
                                 12.500000   12.500000 ^ input external delay
     1    0.007046    0.023910    0.006027   12.506027 ^ En (in)
                                                         En (net)
                      0.023912    0.000000   12.506027 ^ input1/A (sg13g2_buf_1)
     7    0.037826    0.159442    0.157289   12.663316 ^ input1/X (sg13g2_buf_1)
                                                         net1 (net)
                      0.159455    0.001178   12.664494 ^ _111_/A (sg13g2_nand4_1)
     2    0.009377    0.149682    0.172275   12.836768 v _111_/Y (sg13g2_nand4_1)
                                                         _070_ (net)
                      0.149682    0.000302   12.837070 v hold49/A (sg13g2_dlygate4sd3_1)
     2    0.011000    0.060495    0.461610   13.298680 v hold49/X (sg13g2_dlygate4sd3_1)
                                                         net49 (net)
                      0.060495    0.000268   13.298949 v _118_/A2 (sg13g2_o21ai_1)
     1    0.006091    0.098007    0.110866   13.409815 ^ _118_/Y (sg13g2_o21ai_1)
                                                         _072_ (net)
                      0.098007    0.000195   13.410010 ^ _119_/B_N (sg13g2_nor2b_1)
     1    0.004379    0.057622    0.125626   13.535636 ^ _119_/Y (sg13g2_nor2b_1)
                                                         _060_ (net)
                      0.057622    0.000140   13.535776 ^ _234_/D (sg13g2_dfrbpq_1)
                                             13.535776   data arrival time

                                 62.500000   62.500000   clock fclk_in (rise edge)
                                  0.000000   62.500000   clock source latency
     2    0.051639    0.066110    0.044047   62.544048 ^ fclk_in (in)
                                                         fclk_in (net)
                      0.066763    0.000000   62.544048 ^ clkbuf_regs_0_fclk_in/A (sg13g2_buf_16)
     1    0.021639    0.021578    0.083176   62.627224 ^ clkbuf_regs_0_fclk_in/X (sg13g2_buf_16)
                                                         fclk_in_regs (net)
                      0.021598    0.001251   62.628475 ^ clkbuf_0_fclk_in_regs/A (sg13g2_buf_16)
     2    0.042195    0.024067    0.065171   62.693645 ^ clkbuf_0_fclk_in_regs/X (sg13g2_buf_16)
                                                         clknet_0_fclk_in_regs (net)
                      0.024096    0.001478   62.695126 ^ clkbuf_1_1__f_fclk_in_regs/A (sg13g2_buf_16)
     3    0.016802    0.018431    0.061661   62.756786 ^ clkbuf_1_1__f_fclk_in_regs/X (sg13g2_buf_16)
                                                         clknet_1_1__leaf_fclk_in_regs (net)
                      0.018442    0.000902   62.757687 ^ _234_/CLK (sg13g2_dfrbpq_1)
                                 -0.250000   62.507690   clock uncertainty
                                  0.000000   62.507690   clock reconvergence pessimism
                                 -0.125188   62.382500   library setup time
                                             62.382500   data required time
---------------------------------------------------------------------------------------------
                                             62.382500   data required time
                                            -13.535776   data arrival time
---------------------------------------------------------------------------------------------
                                             48.846725   slack (MET)


Startpoint: En (input port clocked by fclk_in)
Endpoint: _238_ (rising edge-triggered flip-flop clocked by fclk_in)
Path Group: fclk_in
Path Type: max

Fanout         Cap        Slew       Delay        Time   Description
---------------------------------------------------------------------------------------------
                                  0.000000    0.000000   clock fclk_in (rise edge)
                                  0.000000    0.000000   clock network delay (propagated)
                                 12.500000   12.500000 ^ input external delay
     1    0.007046    0.023910    0.006027   12.506027 ^ En (in)
                                                         En (net)
                      0.023912    0.000000   12.506027 ^ input1/A (sg13g2_buf_1)
     7    0.037826    0.159442    0.157289   12.663316 ^ input1/X (sg13g2_buf_1)
                                                         net1 (net)
                      0.159455    0.001178   12.664494 ^ _111_/A (sg13g2_nand4_1)
     2    0.009377    0.149682    0.172275   12.836768 v _111_/Y (sg13g2_nand4_1)
                                                         _070_ (net)
                      0.149682    0.000302   12.837070 v hold49/A (sg13g2_dlygate4sd3_1)
     2    0.011000    0.060495    0.461610   13.298680 v hold49/X (sg13g2_dlygate4sd3_1)
                                                         net49 (net)
                      0.060495    0.000224   13.298904 v _112_/B (sg13g2_and2_1)
     1    0.005647    0.029067    0.092517   13.391421 v _112_/X (sg13g2_and2_1)
                                                         _064_ (net)
                      0.029069    0.000224   13.391645 v _238_/D (sg13g2_dfrbpq_1)
                                             13.391645   data arrival time

                                 62.500000   62.500000   clock fclk_in (rise edge)
                                  0.000000   62.500000   clock source latency
     2    0.051639    0.066110    0.044047   62.544048 ^ fclk_in (in)
                                                         fclk_in (net)
                      0.066763    0.000000   62.544048 ^ clkbuf_regs_0_fclk_in/A (sg13g2_buf_16)
     1    0.021639    0.021578    0.083176   62.627224 ^ clkbuf_regs_0_fclk_in/X (sg13g2_buf_16)
                                                         fclk_in_regs (net)
                      0.021598    0.001251   62.628475 ^ clkbuf_0_fclk_in_regs/A (sg13g2_buf_16)
     2    0.042195    0.024067    0.065171   62.693645 ^ clkbuf_0_fclk_in_regs/X (sg13g2_buf_16)
                                                         clknet_0_fclk_in_regs (net)
                      0.024096    0.001478   62.695126 ^ clkbuf_1_1__f_fclk_in_regs/A (sg13g2_buf_16)
     3    0.016802    0.018431    0.061661   62.756786 ^ clkbuf_1_1__f_fclk_in_regs/X (sg13g2_buf_16)
                                                         clknet_1_1__leaf_fclk_in_regs (net)
                      0.018438    0.000732   62.757515 ^ _238_/CLK (sg13g2_dfrbpq_1)
                                 -0.250000   62.507519   clock uncertainty
                                  0.000000   62.507519   clock reconvergence pessimism
                                 -0.116291   62.391224   library setup time
                                             62.391224   data required time
---------------------------------------------------------------------------------------------
                                             62.391224   data required time
                                            -13.391645   data arrival time
---------------------------------------------------------------------------------------------
                                             48.999580   slack (MET)


Startpoint: En (input port clocked by fclk_in)
Endpoint: _239_ (rising edge-triggered flip-flop clocked by fclk_in)
Path Group: fclk_in
Path Type: max

Fanout         Cap        Slew       Delay        Time   Description
---------------------------------------------------------------------------------------------
                                  0.000000    0.000000   clock fclk_in (rise edge)
                                  0.000000    0.000000   clock network delay (propagated)
                                 12.500000   12.500000 ^ input external delay
     1    0.007046    0.023910    0.006027   12.506027 ^ En (in)
                                                         En (net)
                      0.023912    0.000000   12.506027 ^ input1/A (sg13g2_buf_1)
     7    0.037826    0.159442    0.157289   12.663316 ^ input1/X (sg13g2_buf_1)
                                                         net1 (net)
                      0.159455    0.001178   12.664494 ^ _111_/A (sg13g2_nand4_1)
     2    0.009377    0.149682    0.172275   12.836768 v _111_/Y (sg13g2_nand4_1)
                                                         _070_ (net)
                      0.149682    0.000180   12.836948 v _117_/C (sg13g2_nor3_1)
     1    0.005485    0.122075    0.134196   12.971145 ^ _117_/Y (sg13g2_nor3_1)
                                                         _000_ (net)
                      0.122075    0.000210   12.971354 ^ hold45/A (sg13g2_dlygate4sd3_1)
     2    0.006002    0.044462    0.412913   13.384268 ^ hold45/X (sg13g2_dlygate4sd3_1)
                                                         net45 (net)
                      0.044462    0.000060   13.384328 ^ _239_/D (sg13g2_dfrbpq_1)
                                             13.384328   data arrival time

                                 62.500000   62.500000   clock fclk_in (rise edge)
                                  0.000000   62.500000   clock source latency
     2    0.051639    0.066110    0.044047   62.544048 ^ fclk_in (in)
                                                         fclk_in (net)
                      0.066763    0.000000   62.544048 ^ clkbuf_regs_0_fclk_in/A (sg13g2_buf_16)
     1    0.021639    0.021578    0.083176   62.627224 ^ clkbuf_regs_0_fclk_in/X (sg13g2_buf_16)
                                                         fclk_in_regs (net)
                      0.021598    0.001251   62.628475 ^ clkbuf_0_fclk_in_regs/A (sg13g2_buf_16)
     2    0.042195    0.024067    0.065171   62.693645 ^ clkbuf_0_fclk_in_regs/X (sg13g2_buf_16)
                                                         clknet_0_fclk_in_regs (net)
                      0.024096    0.001478   62.695126 ^ clkbuf_1_1__f_fclk_in_regs/A (sg13g2_buf_16)
     3    0.016802    0.018431    0.061661   62.756786 ^ clkbuf_1_1__f_fclk_in_regs/X (sg13g2_buf_16)
                                                         clknet_1_1__leaf_fclk_in_regs (net)
                      0.018439    0.000789   62.757572 ^ _239_/CLK (sg13g2_dfrbpq_1)
                                 -0.250000   62.507576   clock uncertainty
                                  0.000000   62.507576   clock reconvergence pessimism
                                 -0.120910   62.386662   library setup time
                                             62.386662   data required time
---------------------------------------------------------------------------------------------
                                             62.386662   data required time
                                            -13.384328   data arrival time
---------------------------------------------------------------------------------------------
                                             49.002335   slack (MET)


Startpoint: En (input port clocked by fclk_in)
Endpoint: _237_ (rising edge-triggered flip-flop clocked by fclk_in)
Path Group: fclk_in
Path Type: max

Fanout         Cap        Slew       Delay        Time   Description
---------------------------------------------------------------------------------------------
                                  0.000000    0.000000   clock fclk_in (rise edge)
                                  0.000000    0.000000   clock network delay (propagated)
                                 12.500000   12.500000 ^ input external delay
     1    0.007046    0.023910    0.006027   12.506027 ^ En (in)
                                                         En (net)
                      0.023912    0.000000   12.506027 ^ input1/A (sg13g2_buf_1)
     7    0.037826    0.159442    0.157289   12.663316 ^ input1/X (sg13g2_buf_1)
                                                         net1 (net)
                      0.159444    0.000488   12.663804 ^ _110_/A (sg13g2_nand3_1)
     2    0.012849    0.143336    0.168633   12.832437 v _110_/Y (sg13g2_nand3_1)
                                                         _069_ (net)
                      0.143336    0.000343   12.832780 v _113_/B (sg13g2_xnor2_1)
     1    0.003832    0.047126    0.128422   12.961202 v _113_/Y (sg13g2_xnor2_1)
                                                         _063_ (net)
                      0.047126    0.000091   12.961292 v hold47/A (sg13g2_dlygate4sd3_1)
     1    0.002600    0.035860    0.380282   13.341574 v hold47/X (sg13g2_dlygate4sd3_1)
                                                         net47 (net)
                      0.035860    0.000044   13.341617 v _237_/D (sg13g2_dfrbpq_1)
                                             13.341617   data arrival time

                                 62.500000   62.500000   clock fclk_in (rise edge)
                                  0.000000   62.500000   clock source latency
     2    0.051639    0.066110    0.044047   62.544048 ^ fclk_in (in)
                                                         fclk_in (net)
                      0.066763    0.000000   62.544048 ^ clkbuf_regs_0_fclk_in/A (sg13g2_buf_16)
     1    0.021639    0.021578    0.083176   62.627224 ^ clkbuf_regs_0_fclk_in/X (sg13g2_buf_16)
                                                         fclk_in_regs (net)
                      0.021598    0.001251   62.628475 ^ clkbuf_0_fclk_in_regs/A (sg13g2_buf_16)
     2    0.042195    0.024067    0.065171   62.693645 ^ clkbuf_0_fclk_in_regs/X (sg13g2_buf_16)
                                                         clknet_0_fclk_in_regs (net)
                      0.024099    0.001549   62.695194 ^ clkbuf_1_0__f_fclk_in_regs/A (sg13g2_buf_16)
     3    0.016729    0.018417    0.061696   62.756889 ^ clkbuf_1_0__f_fclk_in_regs/X (sg13g2_buf_16)
                                                         clknet_1_0__leaf_fclk_in_regs (net)
                      0.018421    0.000519   62.757408 ^ _237_/CLK (sg13g2_dfrbpq_1)
                                 -0.250000   62.507412   clock uncertainty
                                  0.000000   62.507412   clock reconvergence pessimism
                                 -0.118742   62.388672   library setup time
                                             62.388672   data required time
---------------------------------------------------------------------------------------------
                                             62.388672   data required time
                                            -13.341617   data arrival time
---------------------------------------------------------------------------------------------
                                             49.047058   slack (MET)


Startpoint: rst (input port clocked by fclk_in)
Endpoint: _235_ (recovery check against rising-edge clock fclk_in)
Path Group: asynchronous
Path Type: max

Fanout         Cap        Slew       Delay        Time   Description
---------------------------------------------------------------------------------------------
                                  0.000000    0.000000   clock fclk_in (rise edge)
                                  0.000000    0.000000   clock network delay (propagated)
                                 12.500000   12.500000 v input external delay
     1    0.007499    0.020307    0.005497   12.505497 v rst (in)
                                                         rst (net)
                      0.020308    0.000000   12.505497 v input5/A (sg13g2_buf_1)
     1    0.006845    0.030328    0.067709   12.573206 v input5/X (sg13g2_buf_1)
                                                         net5 (net)
                      0.030331    0.000312   12.573518 v fanout39/A (sg13g2_buf_1)
     4    0.028639    0.094697    0.123893   12.697411 v fanout39/X (sg13g2_buf_1)
                                                         net39 (net)
                      0.094698    0.000241   12.697651 v fanout35/A (sg13g2_buf_1)
     8    0.050419    0.160839    0.199980   12.897631 v fanout35/X (sg13g2_buf_1)
                                                         net35 (net)
                      0.160902    0.001330   12.898961 v fanout34/A (sg13g2_buf_1)
     8    0.047099    0.151712    0.209724   13.108685 v fanout34/X (sg13g2_buf_1)
                                                         net34 (net)
                      0.152027    0.005715   13.114400 v _203_/A (sg13g2_inv_1)
     1    0.007925    0.062060    0.078962   13.193361 ^ _203_/Y (sg13g2_inv_1)
                                                         _029_ (net)
                      0.062061    0.000302   13.193664 ^ _235_/RESET_B (sg13g2_dfrbpq_1)
                                             13.193664   data arrival time

                                 62.500000   62.500000   clock fclk_in (rise edge)
                                  0.000000   62.500000   clock source latency
     2    0.051639    0.066110    0.044047   62.544048 ^ fclk_in (in)
                                                         fclk_in (net)
                      0.066763    0.000000   62.544048 ^ clkbuf_regs_0_fclk_in/A (sg13g2_buf_16)
     1    0.021639    0.021578    0.083176   62.627224 ^ clkbuf_regs_0_fclk_in/X (sg13g2_buf_16)
                                                         fclk_in_regs (net)
                      0.021598    0.001251   62.628475 ^ clkbuf_0_fclk_in_regs/A (sg13g2_buf_16)
     2    0.042195    0.024067    0.065171   62.693645 ^ clkbuf_0_fclk_in_regs/X (sg13g2_buf_16)
                                                         clknet_0_fclk_in_regs (net)
                      0.024099    0.001549   62.695194 ^ clkbuf_1_0__f_fclk_in_regs/A (sg13g2_buf_16)
     3    0.016729    0.018417    0.061696   62.756889 ^ clkbuf_1_0__f_fclk_in_regs/X (sg13g2_buf_16)
                                                         clknet_1_0__leaf_fclk_in_regs (net)
                      0.018418    0.000291   62.757183 ^ _235_/CLK (sg13g2_dfrbpq_1)
                                 -0.250000   62.507187   clock uncertainty
                                  0.000000   62.507187   clock reconvergence pessimism
                                 -0.133110   62.374073   library recovery time
                                             62.374073   data required time
---------------------------------------------------------------------------------------------
                                             62.374073   data required time
                                            -13.193664   data arrival time
---------------------------------------------------------------------------------------------
                                             49.180408   slack (MET)


Startpoint: rst (input port clocked by fclk_in)
Endpoint: _236_ (recovery check against rising-edge clock fclk_in)
Path Group: asynchronous
Path Type: max

Fanout         Cap        Slew       Delay        Time   Description
---------------------------------------------------------------------------------------------
                                  0.000000    0.000000   clock fclk_in (rise edge)
                                  0.000000    0.000000   clock network delay (propagated)
                                 12.500000   12.500000 v input external delay
     1    0.007499    0.020307    0.005497   12.505497 v rst (in)
                                                         rst (net)
                      0.020308    0.000000   12.505497 v input5/A (sg13g2_buf_1)
     1    0.006845    0.030328    0.067709   12.573206 v input5/X (sg13g2_buf_1)
                                                         net5 (net)
                      0.030331    0.000312   12.573518 v fanout39/A (sg13g2_buf_1)
     4    0.028639    0.094697    0.123893   12.697411 v fanout39/X (sg13g2_buf_1)
                                                         net39 (net)
                      0.094698    0.000241   12.697651 v fanout35/A (sg13g2_buf_1)
     8    0.050419    0.160839    0.199980   12.897631 v fanout35/X (sg13g2_buf_1)
                                                         net35 (net)
                      0.160902    0.001330   12.898961 v fanout34/A (sg13g2_buf_1)
     8    0.047099    0.151712    0.209724   13.108685 v fanout34/X (sg13g2_buf_1)
                                                         net34 (net)
                      0.152029    0.005731   13.114416 v _204_/A (sg13g2_inv_1)
     1    0.006050    0.054694    0.070296   13.184712 ^ _204_/Y (sg13g2_inv_1)
                                                         _030_ (net)
                      0.054694    0.000101   13.184813 ^ _236_/RESET_B (sg13g2_dfrbpq_1)
                                             13.184813   data arrival time

                                 62.500000   62.500000   clock fclk_in (rise edge)
                                  0.000000   62.500000   clock source latency
     2    0.051639    0.066110    0.044047   62.544048 ^ fclk_in (in)
                                                         fclk_in (net)
                      0.066763    0.000000   62.544048 ^ clkbuf_regs_0_fclk_in/A (sg13g2_buf_16)
     1    0.021639    0.021578    0.083176   62.627224 ^ clkbuf_regs_0_fclk_in/X (sg13g2_buf_16)
                                                         fclk_in_regs (net)
                      0.021598    0.001251   62.628475 ^ clkbuf_0_fclk_in_regs/A (sg13g2_buf_16)
     2    0.042195    0.024067    0.065171   62.693645 ^ clkbuf_0_fclk_in_regs/X (sg13g2_buf_16)
                                                         clknet_0_fclk_in_regs (net)
                      0.024099    0.001549   62.695194 ^ clkbuf_1_0__f_fclk_in_regs/A (sg13g2_buf_16)
     3    0.016729    0.018417    0.061696   62.756889 ^ clkbuf_1_0__f_fclk_in_regs/X (sg13g2_buf_16)
                                                         clknet_1_0__leaf_fclk_in_regs (net)
                      0.018419    0.000362   62.757252 ^ _236_/CLK (sg13g2_dfrbpq_1)
                                 -0.250000   62.507256   clock uncertainty
                                  0.000000   62.507256   clock reconvergence pessimism
                                 -0.130860   62.376396   library recovery time
                                             62.376396   data required time
---------------------------------------------------------------------------------------------
                                             62.376396   data required time
                                            -13.184813   data arrival time
---------------------------------------------------------------------------------------------
                                             49.191582   slack (MET)


Startpoint: _239_ (rising edge-triggered flip-flop clocked by fclk_in)
Endpoint: fdac_clk (output port clocked by fclk_in)
Path Group: fclk_in
Path Type: max

Fanout         Cap        Slew       Delay        Time   Description
---------------------------------------------------------------------------------------------
                                  0.000000    0.000000   clock fclk_in (rise edge)
                                  0.000000    0.000000   clock source latency
     2    0.051639    0.066110    0.044048    0.044048 ^ fclk_in (in)
                                                         fclk_in (net)
                      0.066763    0.000000    0.044048 ^ clkbuf_regs_0_fclk_in/A (sg13g2_buf_16)
     1    0.021639    0.021578    0.083177    0.127225 ^ clkbuf_regs_0_fclk_in/X (sg13g2_buf_16)
                                                         fclk_in_regs (net)
                      0.021598    0.001247    0.128472 ^ clkbuf_0_fclk_in_regs/A (sg13g2_buf_16)
     2    0.042195    0.024067    0.065175    0.193647 ^ clkbuf_0_fclk_in_regs/X (sg13g2_buf_16)
                                                         clknet_0_fclk_in_regs (net)
                      0.024096    0.001474    0.195121 ^ clkbuf_1_1__f_fclk_in_regs/A (sg13g2_buf_16)
     3    0.016802    0.018431    0.061664    0.256785 ^ clkbuf_1_1__f_fclk_in_regs/X (sg13g2_buf_16)
                                                         clknet_1_1__leaf_fclk_in_regs (net)
                      0.018439    0.000787    0.257572 ^ _239_/CLK (sg13g2_dfrbpq_1)
     1    0.006796    0.037975    0.173012    0.430583 ^ _239_/Q (sg13g2_dfrbpq_1)
                                                         net30 (net)
                      0.037977    0.000304    0.430888 ^ output30/A (sg13g2_buf_1)
     1    0.012300    0.058415    0.090739    0.521627 ^ output30/X (sg13g2_buf_1)
                                                         fdac_clk (net)
                      0.058462    0.000887    0.522514 ^ fdac_clk (out)
                                              0.522514   data arrival time

                                 62.500000   62.500000   clock fclk_in (rise edge)
                                  0.000000   62.500000   clock network delay (propagated)
                                 -0.250000   62.250004   clock uncertainty
                                  0.000000   62.250004   clock reconvergence pessimism
                                -12.500000   49.750004   output external delay
                                             49.750004   data required time
---------------------------------------------------------------------------------------------
                                             49.750004   data required time
                                             -0.522514   data arrival time
---------------------------------------------------------------------------------------------
                                             49.227489   slack (MET)


Startpoint: En (input port clocked by fclk_in)
Endpoint: _236_ (rising edge-triggered flip-flop clocked by fclk_in)
Path Group: fclk_in
Path Type: max

Fanout         Cap        Slew       Delay        Time   Description
---------------------------------------------------------------------------------------------
                                  0.000000    0.000000   clock fclk_in (rise edge)
                                  0.000000    0.000000   clock network delay (propagated)
                                 12.500000   12.500000 ^ input external delay
     1    0.007046    0.023910    0.006027   12.506027 ^ En (in)
                                                         En (net)
                      0.023912    0.000000   12.506027 ^ input1/A (sg13g2_buf_1)
     7    0.037826    0.159442    0.157289   12.663316 ^ input1/X (sg13g2_buf_1)
                                                         net1 (net)
                      0.159444    0.000488   12.663804 ^ _110_/A (sg13g2_nand3_1)
     2    0.012849    0.143336    0.168633   12.832437 v _110_/Y (sg13g2_nand3_1)
                                                         _069_ (net)
                      0.143336    0.000459   12.832896 v _115_/A (sg13g2_and2_1)
     1    0.003559    0.026003    0.109205   12.942101 v _115_/X (sg13g2_and2_1)
                                                         _062_ (net)
                      0.026003    0.000090   12.942191 v _236_/D (sg13g2_dfrbpq_1)
                                             12.942191   data arrival time

                                 62.500000   62.500000   clock fclk_in (rise edge)
                                  0.000000   62.500000   clock source latency
     2    0.051639    0.066110    0.044047   62.544048 ^ fclk_in (in)
                                                         fclk_in (net)
                      0.066763    0.000000   62.544048 ^ clkbuf_regs_0_fclk_in/A (sg13g2_buf_16)
     1    0.021639    0.021578    0.083176   62.627224 ^ clkbuf_regs_0_fclk_in/X (sg13g2_buf_16)
                                                         fclk_in_regs (net)
                      0.021598    0.001251   62.628475 ^ clkbuf_0_fclk_in_regs/A (sg13g2_buf_16)
     2    0.042195    0.024067    0.065171   62.693645 ^ clkbuf_0_fclk_in_regs/X (sg13g2_buf_16)
                                                         clknet_0_fclk_in_regs (net)
                      0.024099    0.001549   62.695194 ^ clkbuf_1_0__f_fclk_in_regs/A (sg13g2_buf_16)
     3    0.016729    0.018417    0.061696   62.756889 ^ clkbuf_1_0__f_fclk_in_regs/X (sg13g2_buf_16)
                                                         clknet_1_0__leaf_fclk_in_regs (net)
                      0.018419    0.000362   62.757252 ^ _236_/CLK (sg13g2_dfrbpq_1)
                                 -0.250000   62.507256   clock uncertainty
                                  0.000000   62.507256   clock reconvergence pessimism
                                 -0.115192   62.392063   library setup time
                                             62.392063   data required time
---------------------------------------------------------------------------------------------
                                             62.392063   data required time
                                            -12.942191   data arrival time
---------------------------------------------------------------------------------------------
                                             49.449871   slack (MET)


Startpoint: rst (input port clocked by fclk_in)
Endpoint: _237_ (recovery check against rising-edge clock fclk_in)
Path Group: asynchronous
Path Type: max

Fanout         Cap        Slew       Delay        Time   Description
---------------------------------------------------------------------------------------------
                                  0.000000    0.000000   clock fclk_in (rise edge)
                                  0.000000    0.000000   clock network delay (propagated)
                                 12.500000   12.500000 v input external delay
     1    0.007499    0.020307    0.005497   12.505497 v rst (in)
                                                         rst (net)
                      0.020308    0.000000   12.505497 v input5/A (sg13g2_buf_1)
     1    0.006845    0.030328    0.067709   12.573206 v input5/X (sg13g2_buf_1)
                                                         net5 (net)
                      0.030331    0.000312   12.573518 v fanout39/A (sg13g2_buf_1)
     4    0.028639    0.094697    0.123893   12.697411 v fanout39/X (sg13g2_buf_1)
                                                         net39 (net)
                      0.094698    0.000217   12.697627 v fanout36/A (sg13g2_buf_1)
     4    0.026937    0.089836    0.148632   12.846259 v fanout36/X (sg13g2_buf_1)
                                                         net36 (net)
                      0.089837    0.000488   12.846747 v _205_/A (sg13g2_inv_1)
     1    0.010269    0.060610    0.073244   12.919991 ^ _205_/Y (sg13g2_inv_1)
                                                         _031_ (net)
                      0.060619    0.000591   12.920582 ^ _237_/RESET_B (sg13g2_dfrbpq_1)
                                             12.920582   data arrival time

                                 62.500000   62.500000   clock fclk_in (rise edge)
                                  0.000000   62.500000   clock source latency
     2    0.051639    0.066110    0.044047   62.544048 ^ fclk_in (in)
                                                         fclk_in (net)
                      0.066763    0.000000   62.544048 ^ clkbuf_regs_0_fclk_in/A (sg13g2_buf_16)
     1    0.021639    0.021578    0.083176   62.627224 ^ clkbuf_regs_0_fclk_in/X (sg13g2_buf_16)
                                                         fclk_in_regs (net)
                      0.021598    0.001251   62.628475 ^ clkbuf_0_fclk_in_regs/A (sg13g2_buf_16)
     2    0.042195    0.024067    0.065171   62.693645 ^ clkbuf_0_fclk_in_regs/X (sg13g2_buf_16)
                                                         clknet_0_fclk_in_regs (net)
                      0.024099    0.001549   62.695194 ^ clkbuf_1_0__f_fclk_in_regs/A (sg13g2_buf_16)
     3    0.016729    0.018417    0.061696   62.756889 ^ clkbuf_1_0__f_fclk_in_regs/X (sg13g2_buf_16)
                                                         clknet_1_0__leaf_fclk_in_regs (net)
                      0.018421    0.000519   62.757408 ^ _237_/CLK (sg13g2_dfrbpq_1)
                                 -0.250000   62.507412   clock uncertainty
                                  0.000000   62.507412   clock reconvergence pessimism
                                 -0.132669   62.374741   library recovery time
                                             62.374741   data required time
---------------------------------------------------------------------------------------------
                                             62.374741   data required time
                                            -12.920582   data arrival time
---------------------------------------------------------------------------------------------
                                             49.454159   slack (MET)


Startpoint: rst (input port clocked by fclk_in)
Endpoint: _239_ (recovery check against rising-edge clock fclk_in)
Path Group: asynchronous
Path Type: max

Fanout         Cap        Slew       Delay        Time   Description
---------------------------------------------------------------------------------------------
                                  0.000000    0.000000   clock fclk_in (rise edge)
                                  0.000000    0.000000   clock network delay (propagated)
                                 12.500000   12.500000 v input external delay
     1    0.007499    0.020307    0.005497   12.505497 v rst (in)
                                                         rst (net)
                      0.020308    0.000000   12.505497 v input5/A (sg13g2_buf_1)
     1    0.006845    0.030328    0.067709   12.573206 v input5/X (sg13g2_buf_1)
                                                         net5 (net)
                      0.030331    0.000312   12.573518 v fanout39/A (sg13g2_buf_1)
     4    0.028639    0.094697    0.123893   12.697411 v fanout39/X (sg13g2_buf_1)
                                                         net39 (net)
                      0.094698    0.000217   12.697627 v fanout36/A (sg13g2_buf_1)
     4    0.026937    0.089836    0.148632   12.846259 v fanout36/X (sg13g2_buf_1)
                                                         net36 (net)
                      0.089851    0.001179   12.847438 v _207_/A (sg13g2_inv_1)
     1    0.009258    0.056628    0.069506   12.916945 ^ _207_/Y (sg13g2_inv_1)
                                                         _033_ (net)
                      0.056632    0.000382   12.917326 ^ _239_/RESET_B (sg13g2_dfrbpq_1)
                                             12.917326   data arrival time

                                 62.500000   62.500000   clock fclk_in (rise edge)
                                  0.000000   62.500000   clock source latency
     2    0.051639    0.066110    0.044047   62.544048 ^ fclk_in (in)
                                                         fclk_in (net)
                      0.066763    0.000000   62.544048 ^ clkbuf_regs_0_fclk_in/A (sg13g2_buf_16)
     1    0.021639    0.021578    0.083176   62.627224 ^ clkbuf_regs_0_fclk_in/X (sg13g2_buf_16)
                                                         fclk_in_regs (net)
                      0.021598    0.001251   62.628475 ^ clkbuf_0_fclk_in_regs/A (sg13g2_buf_16)
     2    0.042195    0.024067    0.065171   62.693645 ^ clkbuf_0_fclk_in_regs/X (sg13g2_buf_16)
                                                         clknet_0_fclk_in_regs (net)
                      0.024096    0.001478   62.695126 ^ clkbuf_1_1__f_fclk_in_regs/A (sg13g2_buf_16)
     3    0.016802    0.018431    0.061661   62.756786 ^ clkbuf_1_1__f_fclk_in_regs/X (sg13g2_buf_16)
                                                         clknet_1_1__leaf_fclk_in_regs (net)
                      0.018439    0.000789   62.757572 ^ _239_/CLK (sg13g2_dfrbpq_1)
                                 -0.250000   62.507576   clock uncertainty
                                  0.000000   62.507576   clock reconvergence pessimism
                                 -0.131449   62.376125   library recovery time
                                             62.376125   data required time
---------------------------------------------------------------------------------------------
                                             62.376125   data required time
                                            -12.917326   data arrival time
---------------------------------------------------------------------------------------------
                                             49.458797   slack (MET)


Startpoint: rst (input port clocked by fclk_in)
Endpoint: _234_ (recovery check against rising-edge clock fclk_in)
Path Group: asynchronous
Path Type: max

Fanout         Cap        Slew       Delay        Time   Description
---------------------------------------------------------------------------------------------
                                  0.000000    0.000000   clock fclk_in (rise edge)
                                  0.000000    0.000000   clock network delay (propagated)
                                 12.500000   12.500000 v input external delay
     1    0.007499    0.020307    0.005497   12.505497 v rst (in)
                                                         rst (net)
                      0.020308    0.000000   12.505497 v input5/A (sg13g2_buf_1)
     1    0.006845    0.030328    0.067709   12.573206 v input5/X (sg13g2_buf_1)
                                                         net5 (net)
                      0.030331    0.000312   12.573518 v fanout39/A (sg13g2_buf_1)
     4    0.028639    0.094697    0.123893   12.697411 v fanout39/X (sg13g2_buf_1)
                                                         net39 (net)
                      0.094698    0.000217   12.697627 v fanout36/A (sg13g2_buf_1)
     4    0.026937    0.089836    0.148632   12.846259 v fanout36/X (sg13g2_buf_1)
                                                         net36 (net)
                      0.089845    0.000966   12.847226 v _202_/A (sg13g2_inv_1)
     1    0.009237    0.056565    0.069393   12.916619 ^ _202_/Y (sg13g2_inv_1)
                                                         _028_ (net)
                      0.056570    0.000442   12.917062 ^ _234_/RESET_B (sg13g2_dfrbpq_1)
                                             12.917062   data arrival time

                                 62.500000   62.500000   clock fclk_in (rise edge)
                                  0.000000   62.500000   clock source latency
     2    0.051639    0.066110    0.044047   62.544048 ^ fclk_in (in)
                                                         fclk_in (net)
                      0.066763    0.000000   62.544048 ^ clkbuf_regs_0_fclk_in/A (sg13g2_buf_16)
     1    0.021639    0.021578    0.083176   62.627224 ^ clkbuf_regs_0_fclk_in/X (sg13g2_buf_16)
                                                         fclk_in_regs (net)
                      0.021598    0.001251   62.628475 ^ clkbuf_0_fclk_in_regs/A (sg13g2_buf_16)
     2    0.042195    0.024067    0.065171   62.693645 ^ clkbuf_0_fclk_in_regs/X (sg13g2_buf_16)
                                                         clknet_0_fclk_in_regs (net)
                      0.024096    0.001478   62.695126 ^ clkbuf_1_1__f_fclk_in_regs/A (sg13g2_buf_16)
     3    0.016802    0.018431    0.061661   62.756786 ^ clkbuf_1_1__f_fclk_in_regs/X (sg13g2_buf_16)
                                                         clknet_1_1__leaf_fclk_in_regs (net)
                      0.018442    0.000902   62.757687 ^ _234_/CLK (sg13g2_dfrbpq_1)
                                 -0.250000   62.507690   clock uncertainty
                                  0.000000   62.507690   clock reconvergence pessimism
                                 -0.131430   62.376259   library recovery time
                                             62.376259   data required time
---------------------------------------------------------------------------------------------
                                             62.376259   data required time
                                            -12.917062   data arrival time
---------------------------------------------------------------------------------------------
                                             49.459198   slack (MET)


Startpoint: rst (input port clocked by fclk_in)
Endpoint: _238_ (recovery check against rising-edge clock fclk_in)
Path Group: asynchronous
Path Type: max

Fanout         Cap        Slew       Delay        Time   Description
---------------------------------------------------------------------------------------------
                                  0.000000    0.000000   clock fclk_in (rise edge)
                                  0.000000    0.000000   clock network delay (propagated)
                                 12.500000   12.500000 v input external delay
     1    0.007499    0.020307    0.005497   12.505497 v rst (in)
                                                         rst (net)
                      0.020308    0.000000   12.505497 v input5/A (sg13g2_buf_1)
     1    0.006845    0.030328    0.067709   12.573206 v input5/X (sg13g2_buf_1)
                                                         net5 (net)
                      0.030331    0.000312   12.573518 v fanout39/A (sg13g2_buf_1)
     4    0.028639    0.094697    0.123893   12.697411 v fanout39/X (sg13g2_buf_1)
                                                         net39 (net)
                      0.094698    0.000217   12.697627 v fanout36/A (sg13g2_buf_1)
     4    0.026937    0.089836    0.148632   12.846259 v fanout36/X (sg13g2_buf_1)
                                                         net36 (net)
                      0.089845    0.000949   12.847209 v _206_/A (sg13g2_inv_1)
     1    0.008918    0.055326    0.068196   12.915405 ^ _206_/Y (sg13g2_inv_1)
                                                         _032_ (net)
                      0.055331    0.000400   12.915805 ^ _238_/RESET_B (sg13g2_dfrbpq_1)
                                             12.915805   data arrival time

                                 62.500000   62.500000   clock fclk_in (rise edge)
                                  0.000000   62.500000   clock source latency
     2    0.051639    0.066110    0.044047   62.544048 ^ fclk_in (in)
                                                         fclk_in (net)
                      0.066763    0.000000   62.544048 ^ clkbuf_regs_0_fclk_in/A (sg13g2_buf_16)
     1    0.021639    0.021578    0.083176   62.627224 ^ clkbuf_regs_0_fclk_in/X (sg13g2_buf_16)
                                                         fclk_in_regs (net)
                      0.021598    0.001251   62.628475 ^ clkbuf_0_fclk_in_regs/A (sg13g2_buf_16)
     2    0.042195    0.024067    0.065171   62.693645 ^ clkbuf_0_fclk_in_regs/X (sg13g2_buf_16)
                                                         clknet_0_fclk_in_regs (net)
                      0.024096    0.001478   62.695126 ^ clkbuf_1_1__f_fclk_in_regs/A (sg13g2_buf_16)
     3    0.016802    0.018431    0.061661   62.756786 ^ clkbuf_1_1__f_fclk_in_regs/X (sg13g2_buf_16)
                                                         clknet_1_1__leaf_fclk_in_regs (net)
                      0.018438    0.000732   62.757515 ^ _238_/CLK (sg13g2_dfrbpq_1)
                                 -0.250000   62.507519   clock uncertainty
                                  0.000000   62.507519   clock reconvergence pessimism
                                 -0.131052   62.376465   library recovery time
                                             62.376465   data required time
---------------------------------------------------------------------------------------------
                                             62.376465   data required time
                                            -12.915805   data arrival time
---------------------------------------------------------------------------------------------
                                             49.460663   slack (MET)


Startpoint: En (input port clocked by fclk_in)
Endpoint: _235_ (rising edge-triggered flip-flop clocked by fclk_in)
Path Group: fclk_in
Path Type: max

Fanout         Cap        Slew       Delay        Time   Description
---------------------------------------------------------------------------------------------
                                  0.000000    0.000000   clock fclk_in (rise edge)
                                  0.000000    0.000000   clock network delay (propagated)
                                 12.500000   12.500000 ^ input external delay
     1    0.007046    0.023910    0.006027   12.506027 ^ En (in)
                                                         En (net)
                      0.023912    0.000000   12.506027 ^ input1/A (sg13g2_buf_1)
     7    0.037826    0.159442    0.157289   12.663316 ^ input1/X (sg13g2_buf_1)
                                                         net1 (net)
                      0.159445    0.000540   12.663857 ^ _116_/A (sg13g2_xor2_1)
     1    0.002342    0.059217    0.136867   12.800723 ^ _116_/X (sg13g2_xor2_1)
                                                         _061_ (net)
                      0.059217    0.000034   12.800756 ^ _235_/D (sg13g2_dfrbpq_1)
                                             12.800756   data arrival time

                                 62.500000   62.500000   clock fclk_in (rise edge)
                                  0.000000   62.500000   clock source latency
     2    0.051639    0.066110    0.044047   62.544048 ^ fclk_in (in)
                                                         fclk_in (net)
                      0.066763    0.000000   62.544048 ^ clkbuf_regs_0_fclk_in/A (sg13g2_buf_16)
     1    0.021639    0.021578    0.083176   62.627224 ^ clkbuf_regs_0_fclk_in/X (sg13g2_buf_16)
                                                         fclk_in_regs (net)
                      0.021598    0.001251   62.628475 ^ clkbuf_0_fclk_in_regs/A (sg13g2_buf_16)
     2    0.042195    0.024067    0.065171   62.693645 ^ clkbuf_0_fclk_in_regs/X (sg13g2_buf_16)
                                                         clknet_0_fclk_in_regs (net)
                      0.024099    0.001549   62.695194 ^ clkbuf_1_0__f_fclk_in_regs/A (sg13g2_buf_16)
     3    0.016729    0.018417    0.061696   62.756889 ^ clkbuf_1_0__f_fclk_in_regs/X (sg13g2_buf_16)
                                                         clknet_1_0__leaf_fclk_in_regs (net)
                      0.018418    0.000291   62.757183 ^ _235_/CLK (sg13g2_dfrbpq_1)
                                 -0.250000   62.507187   clock uncertainty
                                  0.000000   62.507187   clock reconvergence pessimism
                                 -0.125710   62.381477   library setup time
                                             62.381477   data required time
---------------------------------------------------------------------------------------------
                                             62.381477   data required time
                                            -12.800756   data arrival time
---------------------------------------------------------------------------------------------
                                             49.580723   slack (MET)



