Reading technology LEF file at '/opt/pdks/ihp-sg13g2/libs.ref/sg13g2_stdcell/lef/sg13g2_tech.lef'…
[INFO ODB-0227] LEF file: /opt/pdks/ihp-sg13g2/libs.ref/sg13g2_stdcell/lef/sg13g2_tech.lef, created 19 layers, 70 vias
Reading cell LEF file at '/opt/pdks/ihp-sg13g2/libs.ref/sg13g2_stdcell/lef/sg13g2_stdcell.lef'…
[INFO ODB-0227] LEF file: /opt/pdks/ihp-sg13g2/libs.ref/sg13g2_stdcell/lef/sg13g2_stdcell.lef, created 84 library cells
Reading gpio pad LEF file at '/opt/pdks/ihp-sg13g2/libs.ref/sg13g2_io/lef/sg13g2_io.lef'…
[INFO ODB-0227] LEF file: /opt/pdks/ihp-sg13g2/libs.ref/sg13g2_io/lef/sg13g2_io.lef, created 22 library cells
[INFO ODB-0127] Reading DEF file: /home/designer/shared/SAR_ADC_8BIT_IHP/librelane/sar_algo/runs/RUN_2026-04-03_07-12-32/53-odb-cellfrequencytables/sar_algo.def
[INFO ODB-0128] Design: sar_algo
[INFO ODB-0130]     Created 33 pins.
[INFO ODB-0131]     Created 593 components and 1750 component-terminals.
[INFO ODB-0132]     Created 2 special nets and 1186 connections.
[INFO ODB-0133]     Created 200 nets and 564 connections.
[INFO ODB-0134] Finished DEF file: /home/designer/shared/SAR_ADC_8BIT_IHP/librelane/sar_algo/runs/RUN_2026-04-03_07-12-32/53-odb-cellfrequencytables/sar_algo.def
Using RCX ruleset '/opt/pdks/ihp-sg13g2/libs.tech/librelane/IHP_rcx_patterns.rules'…
[INFO RCX-0431] Defined process_corner CURRENT_CORNER with ext_model_index 0
[INFO RCX-0029] Defined extraction corner CURRENT_CORNER
+ extract_parasitics  -ext_model_file /opt/pdks/ihp-sg13g2/libs.tech/librelane/IHP_rcx_patterns.rules -lef_res
[INFO RCX-0435] Reading extraction model file /opt/pdks/ihp-sg13g2/libs.tech/librelane/IHP_rcx_patterns.rules ...
[INFO RCX-0436] RC segment generation sar_algo (max_merge_res 50.0) ...
[INFO RCX-0040] Final 731 rc segments
[INFO RCX-0439] Coupling Cap extraction sar_algo ...
[INFO RCX-0440] Coupling threshhold is 0.1000 fF, coupling capacitance less than 0.1000 fF will be grounded.
[INFO RCX-0442] 49% of 1045 wires extracted
[INFO RCX-0442] 100% of 1045 wires extracted
[INFO RCX-0045] Extract 200 nets, 931 rsegs, 931 caps, 973 ccs
Setting global connections for newly added cells…
[INFO] Setting global connections...
[INFO ODB-0403] 0 connections made, 0 conflicts skipped.
Updating metrics…
Cell type report:                       Count       Area
  Fill cell                               399    4046.11
  Standard cell                           194    3242.33
  Total                                   593    7288.44
Writing extracted parasitics to '/home/designer/shared/SAR_ADC_8BIT_IHP/librelane/sar_algo/runs/RUN_2026-04-03_07-12-32/54-openroad-rcx/nom/sar_algo.nom.spef'…
[INFO RCX-0443] 200 nets finished
