GDS input file passed, running in LVS mode
No explicit top cell specified, using top cell 'T_gate'
Calling MAGIC
magic -dnull -noconsole -rcfile /home/dkits/ihp-sg13g2/2026.01.26.dev/ihp-sg13g2/libs.tech/magic/ihp-sg13g2.magicrc ./pex_output/T_gate__T_gate/magic_CC/T_gate_MAGIC_CC_Script.tcl, output file: ./pex_output/T_gate__T_gate/magic_CC/T_gate_MAGIC_CC_Output.txt

Magic 8.3 revision 581 - Compiled on Tue Jan 27 01:58:22 EST 2026.
Starting magic under Tcl interpreter
Using the terminal as the console.
Using NULL graphics device.
Processing system .magicrc file
Switching to WIRING tool.
Switching to NETLIST tool.
Switching to PICK tool.
Switching to BOX tool.
Sourcing design .magicrc for technology ihp-sg13g2 ...
2 Magic internal units = 1 Lambda
Input style sg13g2(): scaleFactor=2, multiplier=2
The following types are not handled by extraction and will be treated as non-electrical types:
    pblock sealcont difffill nemitter hvnemitter hvisodiffres sealvia1 sealvia2 sealvia3 sealvia4 sealvia5 sealvia6 pillar solder seal glass thruvia inductor 
Scaled tech values by 2 / 1 to match internal grid scaling
Loading ihp-sg13g2 Device Generator Menu ...
Loading "./pex_output/T_gate__T_gate/magic_CC/T_gate_MAGIC_CC_Script.tcl" from command line.
Warning: Calma reading is not undoable!  I hope that's OK.
Library written using GDS-II Release 6.0
Library name: LIB
Reading "$$$CONTEXT_INFO$$$".
Reading "pmos$1".
Reading "nmos$1".
Reading "T_gate".
Error while reading cell "T_gate" (byte position 5996): Unknown layer/datatype in boundary, layer=46 type=0
Extracting T_gate into /home/userdata/k67D/duynk_67d/SAR_ADC_8BIT_IHP/pex/pex_output/T_gate__T_gate/magic_CC/T_gate.ext:
Devs merged: 0
exttospice finished.
MAGIC succeeded after 0.3452s
Report DB saved at: ./pex_output/T_gate__T_gate/magic_CC/T_gate_MAGIC_report.rdb.gz
SPICE netlist saved at: ./pex_output/T_gate__T_gate/magic_CC/T_gate.pex.spice
* NGSPICE file created from T_gate.ext - technology: ihp-sg13g2

.subckt T_gate Vin Vout Control gnd vdd
X0 Vout Control Vin gnd sg13_lv_nmos ad=0.34p pd=2.68u as=0.34p ps=2.68u w=1u l=0.13u
X1 Vout Control Vin vdd sg13_lv_pmos ad=0.68p pd=4.68u as=0.68p ps=4.68u w=2u l=0.13u
C0 Control vdd 0.06532f
C1 Vin Vout 0.44023f
C2 vdd Vout 0.19552f
C3 Control gnd 0.26277f
C4 Vout gnd 0.30897f
C5 Vin gnd 0.22881f
C6 Control gnd 0.30202f
C7 vdd gnd 0.09029f
.ends

