Starting…
Running 'Verilator.Lint' at 'runs/RUN_2026-04-03_07-12-32/01-verilator-lint'…
Logging subprocess to [repr.filename]'runs/RUN_2026-04-03_07-12-32/01-verilator-lint/verilator-lint.log'[/repr.filename]…
Running 'Checker.LintTimingConstructs' at 'runs/RUN_2026-04-03_07-12-32/02-checker-linttimingconstructs'…
Check for Lint Timing Errors clear.
Running 'Checker.LintErrors' at 'runs/RUN_2026-04-03_07-12-32/03-checker-linterrors'…
Check for Lint errors clear.
Running 'Checker.LintWarnings' at 'runs/RUN_2026-04-03_07-12-32/04-checker-lintwarnings'…
4 Lint warnings found.
Running 'Yosys.JsonHeader' at 'runs/RUN_2026-04-03_07-12-32/05-yosys-jsonheader'…
Logging subprocess to [repr.filename]'runs/RUN_2026-04-03_07-12-32/05-yosys-jsonheader/yosys-jsonheader.log'[/repr.filename]…
Running 'Yosys.Synthesis' at 'runs/RUN_2026-04-03_07-12-32/06-yosys-synthesis'…
Logging subprocess to [repr.filename]'runs/RUN_2026-04-03_07-12-32/06-yosys-synthesis/yosys-synthesis.log'[/repr.filename]…
Parsing synthesis checks…
Running 'Checker.YosysUnmappedCells' at 'runs/RUN_2026-04-03_07-12-32/07-checker-yosysunmappedcells'…
Check for Unmapped Yosys instances clear.
Running 'Checker.YosysSynthChecks' at 'runs/RUN_2026-04-03_07-12-32/08-checker-yosyssynthchecks'…
Check for Yosys check errors clear.
Running 'Checker.NetlistAssignStatements' at 'runs/RUN_2026-04-03_07-12-32/09-checker-netlistassignstatements'…
Running 'OpenROAD.CheckSDCFiles' at 'runs/RUN_2026-04-03_07-12-32/10-openroad-checksdcfiles'…
'PNR_SDC_FILE' is not defined. Using generic fallback SDC for OpenROAD PnR steps.
'SIGNOFF_SDC_FILE' is not defined. Using generic fallback SDC for OpenROAD PnR steps.
Running 'OpenROAD.CheckMacroInstances' at 'runs/RUN_2026-04-03_07-12-32/11-openroad-checkmacroinstances'…
No macros found, skipping instance check…
Running 'OpenROAD.STAPrePNR' at 'runs/RUN_2026-04-03_07-12-32/12-openroad-staprepnr'…
Starting STA for the nom_fast_1p32V_m40C timing corner…
Starting STA for the nom_slow_1p08V_125C timing corner…
Starting STA for the nom_typ_1p20V_25C timing corner…
Logging subprocess to [repr.filename]'runs/RUN_2026-04-03_07-12-32/12-openroad-staprepnr/nom_slow_1p08V_125C/sta.log'[/repr.filename]…
Logging subprocess to [repr.filename]'runs/RUN_2026-04-03_07-12-32/12-openroad-staprepnr/nom_fast_1p32V_m40C/sta.log'[/repr.filename]…
Logging subprocess to [repr.filename]'runs/RUN_2026-04-03_07-12-32/12-openroad-staprepnr/nom_typ_1p20V_25C/sta.log'[/repr.filename]…
Finished STA for the nom_typ_1p20V_25C timing corner.
Finished STA for the nom_fast_1p32V_m40C timing corner.
Finished STA for the nom_slow_1p08V_125C timing corner.
Running 'OpenROAD.Floorplan' at 'runs/RUN_2026-04-03_07-12-32/13-openroad-floorplan'…
Logging subprocess to [repr.filename]'runs/RUN_2026-04-03_07-12-32/13-openroad-floorplan/openroad-floorplan.log'[/repr.filename]…
Running 'OpenROAD.DumpRCValues' at 'runs/RUN_2026-04-03_07-12-32/14-openroad-dumprcvalues'…
Logging subprocess to [repr.filename]'runs/RUN_2026-04-03_07-12-32/14-openroad-dumprcvalues/openroad-dumprcvalues.log'[/repr.filename]…
Running 'Odb.CheckMacroAntennaProperties' at 'runs/RUN_2026-04-03_07-12-32/15-odb-checkmacroantennaproperties'…
No cells provided, skipping 'Odb.CheckMacroAntennaProperties'…
Running 'Odb.SetPowerConnections' at 'runs/RUN_2026-04-03_07-12-32/16-odb-setpowerconnections'…
Logging subprocess to [repr.filename]'runs/RUN_2026-04-03_07-12-32/16-odb-setpowerconnections/odb-setpowerconnections.log'[/repr.filename]…
Running 'Odb.ManualMacroPlacement' at 'runs/RUN_2026-04-03_07-12-32/17-odb-manualmacroplacement'…
No instances found, skipping 'Odb.ManualMacroPlacement'…
Running 'OpenROAD.CutRows' at 'runs/RUN_2026-04-03_07-12-32/18-openroad-cutrows'…
Logging subprocess to [repr.filename]'runs/RUN_2026-04-03_07-12-32/18-openroad-cutrows/openroad-cutrows.log'[/repr.filename]…
Running 'OpenROAD.TapEndcapInsertion' at 'runs/RUN_2026-04-03_07-12-32/19-openroad-tapendcapinsertion'…
Logging subprocess to [repr.filename]'runs/RUN_2026-04-03_07-12-32/19-openroad-tapendcapinsertion/openroad-tapendcapinsertion.log'[/repr.filename]…
Running 'Odb.AddPDNObstructions' at 'runs/RUN_2026-04-03_07-12-32/20-odb-addpdnobstructions'…
'PDN_OBSTRUCTIONS' is not defined. Skipping 'Odb.AddPDNObstructions'…
Running 'OpenROAD.GeneratePDN' at 'runs/RUN_2026-04-03_07-12-32/21-openroad-generatepdn'…
'PDN_CFG' not explicitly set, setting it to /nix/store/8h87vsa3wlidvqi062p0312chxkh8ihd-python3.13-librelane-3.0.0.dev47/lib/python3.13/site-packages/librelane/scripts/openroad/common/pdn_cfg.tcl…
Logging subprocess to [repr.filename]'runs/RUN_2026-04-03_07-12-32/21-openroad-generatepdn/openroad-generatepdn.log'[/repr.filename]…
[PDN-0239] Ring shape falls outside the die bounds.
Running 'Odb.RemovePDNObstructions' at 'runs/RUN_2026-04-03_07-12-32/22-odb-removepdnobstructions'…
'PDN_OBSTRUCTIONS' is not defined. Skipping 'Odb.RemovePDNObstructions'…
Running 'Odb.AddRoutingObstructions' at 'runs/RUN_2026-04-03_07-12-32/23-odb-addroutingobstructions'…
'ROUTING_OBSTRUCTIONS' is not defined. Skipping 'Odb.AddRoutingObstructions'…
Running 'OpenROAD.GlobalPlacementSkipIO' at 'runs/RUN_2026-04-03_07-12-32/24-openroad-globalplacementskipio'…
I/O pins to be placed from /home/designer/shared/SAR_ADC_8BIT_IHP/librelane/sar_algo/pin_order.cfg. Returning state unaltered…
Running 'OpenROAD.IOPlacement' at 'runs/RUN_2026-04-03_07-12-32/25-openroad-ioplacement'…
IO_PIN_ORDER_CFG is set. Skipping 'OpenROAD.IOPlacement'…
Running 'Odb.CustomIOPlacement' at 'runs/RUN_2026-04-03_07-12-32/26-odb-customioplacement'…
Logging subprocess to [repr.filename]'runs/RUN_2026-04-03_07-12-32/26-odb-customioplacement/odb-customioplacement.log'[/repr.filename]…
Running 'Odb.ApplyDEFTemplate' at 'runs/RUN_2026-04-03_07-12-32/27-odb-applydeftemplate'…
No DEF template provided, skipping 'Odb.ApplyDEFTemplate'…
Running 'OpenROAD.GlobalPlacement' at 'runs/RUN_2026-04-03_07-12-32/28-openroad-globalplacement'…
Logging subprocess to [repr.filename]'runs/RUN_2026-04-03_07-12-32/28-openroad-globalplacement/openroad-globalplacement.log'[/repr.filename]…
Running 'Odb.WriteVerilogHeader' at 'runs/RUN_2026-04-03_07-12-32/29-odb-writeverilogheader'…
Logging subprocess to [repr.filename]'runs/RUN_2026-04-03_07-12-32/29-odb-writeverilogheader/odb-writeverilogheader.log'[/repr.filename]…
Running 'Checker.PowerGridViolations' at 'runs/RUN_2026-04-03_07-12-32/30-checker-powergridviolations'…
Check for power grid violations (as reported by OpenROAD PSM- you may ignore these if LVS passes) clear.
Running 'OpenROAD.STAMidPNR' at 'runs/RUN_2026-04-03_07-12-32/31-openroad-stamidpnr'…
Logging subprocess to [repr.filename]'runs/RUN_2026-04-03_07-12-32/31-openroad-stamidpnr/openroad-stamidpnr.log'[/repr.filename]…
Running 'OpenROAD.RepairDesignPostGPL' at 'runs/RUN_2026-04-03_07-12-32/32-openroad-repairdesignpostgpl'…
Logging subprocess to [repr.filename]'runs/RUN_2026-04-03_07-12-32/32-openroad-repairdesignpostgpl/openroad-repairdesignpostgpl.log'[/repr.filename]…
Running 'Odb.ManualGlobalPlacement' at 'runs/RUN_2026-04-03_07-12-32/33-odb-manualglobalplacement'…
'MANUAL_GLOBAL_PLACEMENTS' not set. Skipping 'Odb.ManualGlobalPlacement'…
Running 'OpenROAD.DetailedPlacement' at 'runs/RUN_2026-04-03_07-12-32/34-openroad-detailedplacement'…
Logging subprocess to [repr.filename]'runs/RUN_2026-04-03_07-12-32/34-openroad-detailedplacement/openroad-detailedplacement.log'[/repr.filename]…
Running 'OpenROAD.CTS' at 'runs/RUN_2026-04-03_07-12-32/35-openroad-cts'…
Logging subprocess to [repr.filename]'runs/RUN_2026-04-03_07-12-32/35-openroad-cts/openroad-cts.log'[/repr.filename]…
[CTS-0041] Net "net28" has 1 sinks. Skipping...
[CTS-0041] Net "fclk_comp" has 0 sinks. Skipping...
Running 'OpenROAD.STAMidPNR-1' at 'runs/RUN_2026-04-03_07-12-32/36-openroad-stamidpnr-1'…
Logging subprocess to [repr.filename]'runs/RUN_2026-04-03_07-12-32/36-openroad-stamidpnr-1/openroad-stamidpnr-1.log'[/repr.filename]…
Running 'OpenROAD.ResizerTimingPostCTS' at 'runs/RUN_2026-04-03_07-12-32/37-openroad-resizertimingpostcts'…
Logging subprocess to [repr.filename]'runs/RUN_2026-04-03_07-12-32/37-openroad-resizertimingpostcts/openroad-resizertimingpostcts.log'[/repr.filename]…
Running 'OpenROAD.STAMidPNR-2' at 'runs/RUN_2026-04-03_07-12-32/38-openroad-stamidpnr-2'…
Logging subprocess to [repr.filename]'runs/RUN_2026-04-03_07-12-32/38-openroad-stamidpnr-2/openroad-stamidpnr-2.log'[/repr.filename]…
Running 'OpenROAD.GlobalRouting' at 'runs/RUN_2026-04-03_07-12-32/39-openroad-globalrouting'…
Logging subprocess to [repr.filename]'runs/RUN_2026-04-03_07-12-32/39-openroad-globalrouting/openroad-globalrouting.log'[/repr.filename]…
Running 'OpenROAD.CheckAntennas' at 'runs/RUN_2026-04-03_07-12-32/40-openroad-checkantennas'…
Logging subprocess to [repr.filename]'runs/RUN_2026-04-03_07-12-32/40-openroad-checkantennas/openroad-checkantennas.log'[/repr.filename]…
Gating variable for step 'OpenROAD.RepairDesignPostGRT' set to 'False'- the step will be skipped.
Skipping step 'Repair Design (Post-Global Routing)'…
Running 'Odb.DiodesOnPorts' at 'runs/RUN_2026-04-03_07-12-32/41-odb-diodesonports'…
'DIODE_ON_PORTS' is set to 'none': skipping 'Odb.DiodesOnPorts'…
Gating variable for step 'Odb.HeuristicDiodeInsertion' set to 'False'- the step will be skipped.
Skipping step 'Heuristic Diode Insertion'…
Running 'OpenROAD.RepairAntennas' at 'runs/RUN_2026-04-03_07-12-32/42-openroad-repairantennas'…
Running 'DiodeInsertion' at 'runs/RUN_2026-04-03_07-12-32/42-openroad-repairantennas/1-diodeinsertion'…
Logging subprocess to [repr.filename]'runs/RUN_2026-04-03_07-12-32/42-openroad-repairantennas/1-diodeinsertion/diodeinsertion.log'[/repr.filename]…
Running 'OpenROAD.CheckAntennas' at 'runs/RUN_2026-04-03_07-12-32/42-openroad-repairantennas/2-openroad-checkantennas'…
Logging subprocess to [repr.filename]'runs/RUN_2026-04-03_07-12-32/42-openroad-repairantennas/2-openroad-checkantennas/openroad-checkantennas.log'[/repr.filename]…
Gating variable for step 'OpenROAD.ResizerTimingPostGRT' set to 'False'- the step will be skipped.
Skipping step 'Resizer Timing Optimizations (Post-Global Routing)'…
Running 'OpenROAD.STAMidPNR-3' at 'runs/RUN_2026-04-03_07-12-32/43-openroad-stamidpnr-3'…
Logging subprocess to [repr.filename]'runs/RUN_2026-04-03_07-12-32/43-openroad-stamidpnr-3/openroad-stamidpnr-3.log'[/repr.filename]…
Running 'OpenROAD.DetailedRouting' at 'runs/RUN_2026-04-03_07-12-32/44-openroad-detailedrouting'…
Running TritonRoute with 8 threads…
Logging subprocess to [repr.filename]'runs/RUN_2026-04-03_07-12-32/44-openroad-detailedrouting/openroad-detailedrouting.log'[/repr.filename]…
[DRT-0349] LEF58_ENCLOSURE with no CUTCLASS is not supported. Skipping for layer Cont
[DRT-0349] LEF58_ENCLOSURE with no CUTCLASS is not supported. Skipping for layer Via1
[DRT-0349] LEF58_ENCLOSURE with no CUTCLASS is not supported. Skipping for layer Via1
[DRT-0349] LEF58_ENCLOSURE with no CUTCLASS is not supported. Skipping for layer Via2
[DRT-0349] LEF58_ENCLOSURE with no CUTCLASS is not supported. Skipping for layer Via3
[DRT-0349] LEF58_ENCLOSURE with no CUTCLASS is not supported. Skipping for layer Via4
[DRT-0349] LEF58_ENCLOSURE with no CUTCLASS is not supported. Skipping for layer TopVia1
[DRT-0349] LEF58_ENCLOSURE with no CUTCLASS is not supported. Skipping for layer TopVia1
[DRT-0349] LEF58_ENCLOSURE with no CUTCLASS is not supported. Skipping for layer TopVia2
[DRT-0349] LEF58_ENCLOSURE with no CUTCLASS is not supported. Skipping for layer TopVia2
Running 'Odb.RemoveRoutingObstructions' at 'runs/RUN_2026-04-03_07-12-32/45-odb-removeroutingobstructions'…
'ROUTING_OBSTRUCTIONS' is not defined. Skipping 'Odb.RemoveRoutingObstructions'…
Running 'OpenROAD.CheckAntennas-1' at 'runs/RUN_2026-04-03_07-12-32/46-openroad-checkantennas-1'…
Logging subprocess to [repr.filename]'runs/RUN_2026-04-03_07-12-32/46-openroad-checkantennas-1/openroad-checkantennas-1.log'[/repr.filename]…
Running 'Checker.TrDRC' at 'runs/RUN_2026-04-03_07-12-32/47-checker-trdrc'…
Check for Routing DRC errors clear.
Running 'Odb.ReportDisconnectedPins' at 'runs/RUN_2026-04-03_07-12-32/48-odb-reportdisconnectedpins'…
Logging subprocess to [repr.filename]'runs/RUN_2026-04-03_07-12-32/48-odb-reportdisconnectedpins/odb-reportdisconnectedpins.log'[/repr.filename]…
Running 'Checker.DisconnectedPins' at 'runs/RUN_2026-04-03_07-12-32/49-checker-disconnectedpins'…
Check for critical disconnected pins clear.
Running 'Odb.ReportWireLength' at 'runs/RUN_2026-04-03_07-12-32/50-odb-reportwirelength'…
Logging subprocess to [repr.filename]'runs/RUN_2026-04-03_07-12-32/50-odb-reportwirelength/odb-reportwirelength.log'[/repr.filename]…
Running 'Checker.WireLength' at 'runs/RUN_2026-04-03_07-12-32/51-checker-wirelength'…
Threshold for Threshold-surpassing long wires is not set. The checker will be skipped.
Running 'OpenROAD.FillInsertion' at 'runs/RUN_2026-04-03_07-12-32/52-openroad-fillinsertion'…
Logging subprocess to [repr.filename]'runs/RUN_2026-04-03_07-12-32/52-openroad-fillinsertion/openroad-fillinsertion.log'[/repr.filename]…
Running 'Odb.CellFrequencyTables' at 'runs/RUN_2026-04-03_07-12-32/53-odb-cellfrequencytables'…
Logging subprocess to [repr.filename]'runs/RUN_2026-04-03_07-12-32/53-odb-cellfrequencytables/buffer_list.txt'[/repr.filename]…
Logging subprocess to [repr.filename]'runs/RUN_2026-04-03_07-12-32/53-odb-cellfrequencytables/odb-cellfrequencytables.log'[/repr.filename]…
Running 'OpenROAD.RCX' at 'runs/RUN_2026-04-03_07-12-32/54-openroad-rcx'…
Running RCX for corners matching nom_* (/home/designer/shared/SAR_ADC_8BIT_IHP/librelane/sar_algo/runs/RUN_2026-04-03_07-12-32/54-openroad-rcx/nom/rcx.log)…
Logging subprocess to [repr.filename]'runs/RUN_2026-04-03_07-12-32/54-openroad-rcx/nom/rcx.log'[/repr.filename]…
Finished RCX for corners matching nom_*.
Running 'OpenROAD.STAPostPNR' at 'runs/RUN_2026-04-03_07-12-32/55-openroad-stapostpnr'…
Starting STA for the nom_fast_1p32V_m40C timing corner…
Starting STA for the nom_slow_1p08V_125C timing corner…
Starting STA for the nom_typ_1p20V_25C timing corner…
Logging subprocess to [repr.filename]'runs/RUN_2026-04-03_07-12-32/55-openroad-stapostpnr/nom_fast_1p32V_m40C/sta.log'[/repr.filename]…
Logging subprocess to [repr.filename]'runs/RUN_2026-04-03_07-12-32/55-openroad-stapostpnr/nom_slow_1p08V_125C/sta.log'[/repr.filename]…
Logging subprocess to [repr.filename]'runs/RUN_2026-04-03_07-12-32/55-openroad-stapostpnr/nom_typ_1p20V_25C/sta.log'[/repr.filename]…
Finished STA for the nom_fast_1p32V_m40C timing corner.
Finished STA for the nom_slow_1p08V_125C timing corner.
Logging subprocess to [repr.filename]'runs/RUN_2026-04-03_07-12-32/55-openroad-stapostpnr/nom_fast_1p32V_m40C/filter_unannotated.log'[/repr.filename]…
Logging subprocess to [repr.filename]'runs/RUN_2026-04-03_07-12-32/55-openroad-stapostpnr/nom_slow_1p08V_125C/filter_unannotated.log'[/repr.filename]…
Finished STA for the nom_typ_1p20V_25C timing corner.
Logging subprocess to [repr.filename]'runs/RUN_2026-04-03_07-12-32/55-openroad-stapostpnr/nom_typ_1p20V_25C/filter_unannotated.log'[/repr.filename]…
Running 'OpenROAD.IRDropReport' at 'runs/RUN_2026-04-03_07-12-32/56-openroad-irdropreport'…
'VSRC_LOC_FILES' was not given a value, which may make the results of IR drop analysis inaccurate. If you are not integrating a top-level chip for manufacture, you may ignore this warning, otherwise, see the documentation for 'VSRC_LOC_FILES'.
Logging subprocess to [repr.filename]'runs/RUN_2026-04-03_07-12-32/56-openroad-irdropreport/openroad-irdropreport.log'[/repr.filename]…
+ analyze_power_grid -net VDD -voltage_file /home/designer/shared/SAR_ADC_8BIT_IHP/librelane/sar_algo/runs/RUN_2026-04-03_07-12-32/56-openroad-irdropreport/net-VDD.csv
[INFO PSM-0040] All shapes on net VDD are connected.
########## IR report #################
Net              : VDD
Corner           : nom_typ_1p20V_25C
Total power      : 5.56e-05 W
Supply voltage   : 1.20e+00 V
Worstcase voltage: 1.20e+00 V
Average voltage  : 1.20e+00 V
Average IR drop  : 2.94e-05 V
Worstcase IR drop: 1.52e-04 V
Percentage drop  : 0.01 %
######################################
+ analyze_power_grid -net VSS -voltage_file /home/designer/shared/SAR_ADC_8BIT_IHP/librelane/sar_algo/runs/RUN_2026-04-03_07-12-32/56-openroad-irdropreport/net-VSS.csv
[INFO PSM-0040] All shapes on net VSS are connected.
########## IR report #################
Net              : VSS
Corner           : nom_typ_1p20V_25C
Total power      : 5.56e-05 W
Supply voltage   : 0.00e+00 V
Worstcase voltage: 2.87e-04 V
Average voltage  : 3.30e-05 V
Average IR drop  : 3.30e-05 V
Worstcase IR drop: 2.87e-04 V
Percentage drop  : 0.02 %
######################################

Running 'Magic.StreamOut' at 'runs/RUN_2026-04-03_07-12-32/57-magic-streamout'…
Logging subprocess to [repr.filename]'runs/RUN_2026-04-03_07-12-32/57-magic-streamout/magic-streamout.log'[/repr.filename]…
Running 'KLayout.StreamOut' at 'runs/RUN_2026-04-03_07-12-32/58-klayout-streamout'…
Logging subprocess to [repr.filename]'runs/RUN_2026-04-03_07-12-32/58-klayout-streamout/klayout-streamout.log'[/repr.filename]…
Running 'Magic.WriteLEF' at 'runs/RUN_2026-04-03_07-12-32/59-magic-writelef'…
Logging subprocess to [repr.filename]'runs/RUN_2026-04-03_07-12-32/59-magic-writelef/magic-writelef.log'[/repr.filename]…
Running 'Odb.CheckDesignAntennaProperties' at 'runs/RUN_2026-04-03_07-12-32/60-odb-checkdesignantennaproperties'…
Logging subprocess to [repr.filename]'runs/RUN_2026-04-03_07-12-32/60-odb-checkdesignantennaproperties/odb-checkdesignantennaproperties.log'[/repr.filename]…
Running 'KLayout.XOR' at 'runs/RUN_2026-04-03_07-12-32/61-klayout-xor'…
Running XOR with 8 threads…
Logging subprocess to [repr.filename]'runs/RUN_2026-04-03_07-12-32/61-klayout-xor/klayout-xor.log'[/repr.filename]…
Running 'Checker.XOR' at 'runs/RUN_2026-04-03_07-12-32/62-checker-xor'…
Check for XOR differences clear.
Running 'Magic.DRC' at 'runs/RUN_2026-04-03_07-12-32/63-magic-drc'…
Logging subprocess to [repr.filename]'runs/RUN_2026-04-03_07-12-32/63-magic-drc/magic-drc.log'[/repr.filename]…
Running 'KLayout.DRC' at 'runs/RUN_2026-04-03_07-12-32/64-klayout-drc'…
Running KLayout DRC with 8 threads…
Logging subprocess to [repr.filename]'runs/RUN_2026-04-03_07-12-32/64-klayout-drc/klayout-drc.log'[/repr.filename]…
Logging subprocess to [repr.filename]'runs/RUN_2026-04-03_07-12-32/64-klayout-drc/xml_drc_report_to_json.log'[/repr.filename]…
Running 'Checker.MagicDRC' at 'runs/RUN_2026-04-03_07-12-32/65-checker-magicdrc'…
Check for Magic DRC errors clear.
Running 'Checker.KLayoutDRC' at 'runs/RUN_2026-04-03_07-12-32/66-checker-klayoutdrc'…
Check for KLayout DRC errors clear.
Running 'Magic.SpiceExtraction' at 'runs/RUN_2026-04-03_07-12-32/67-magic-spiceextraction'…
Logging subprocess to [repr.filename]'runs/RUN_2026-04-03_07-12-32/67-magic-spiceextraction/magic-spiceextraction.log'[/repr.filename]…
Running 'Checker.IllegalOverlap' at 'runs/RUN_2026-04-03_07-12-32/68-checker-illegaloverlap'…
Check for Magic Illegal Overlap errors clear.
Running 'Netgen.LVS' at 'runs/RUN_2026-04-03_07-12-32/69-netgen-lvs'…
Logging subprocess to [repr.filename]'runs/RUN_2026-04-03_07-12-32/69-netgen-lvs/netgen-lvs.log'[/repr.filename]…
Running 'Checker.LVS' at 'runs/RUN_2026-04-03_07-12-32/70-checker-lvs'…
Check for LVS errors clear.
Gating variable for step 'Yosys.EQY' set to 'False'- the step will be skipped.
Skipping step 'Equivalence Check'…
Running 'Checker.SetupViolations' at 'runs/RUN_2026-04-03_07-12-32/71-checker-setupviolations'…
No setup violations found
Running 'Checker.HoldViolations' at 'runs/RUN_2026-04-03_07-12-32/72-checker-holdviolations'…
No hold violations found
Running 'Checker.MaxSlewViolations' at 'runs/RUN_2026-04-03_07-12-32/73-checker-maxslewviolations'…
No max slew violations found
Running 'Checker.MaxCapViolations' at 'runs/RUN_2026-04-03_07-12-32/74-checker-maxcapviolations'…
No max cap violations found
Running 'Misc.ReportManufacturability' at 'runs/RUN_2026-04-03_07-12-32/75-misc-reportmanufacturability'…
Saving views to '/home/designer/shared/SAR_ADC_8BIT_IHP/librelane/sar_algo/runs/RUN_2026-04-03_07-12-32/final'…
Flow complete.
