#! /opt/iverilog/25a84/bin/vvp
:ivl_version "13.0 (devel)" "(s20221226-554-g25a84d5cf-dirty)";
:ivl_delay_selection "TYPICAL";
:vpi_time_precision - 12;
:vpi_module "/opt/iverilog/25a84/lib/ivl/system.vpi";
:vpi_module "/opt/iverilog/25a84/lib/ivl/vhdl_sys.vpi";
:vpi_module "/opt/iverilog/25a84/lib/ivl/vhdl_textio.vpi";
:vpi_module "/opt/iverilog/25a84/lib/ivl/v2005_math.vpi";
:vpi_module "/opt/iverilog/25a84/lib/ivl/va_math.vpi";
S_0x592c1c2130e0 .scope module, "sar_algo_tb" "sar_algo_tb" 2 3;
 .timescale -9 -12;
L_0x592c1c1fde20 .functor NOT 1, v0x592c1c2368e0_0, C4<0>, C4<0>, C4<0>;
v0x592c1c236340_0 .net "B", 6 0, v0x592c1c2353d0_0;  1 drivers
v0x592c1c236420_0 .net "BN", 6 0, v0x592c1c2354d0_0;  1 drivers
v0x592c1c2364c0_0 .net "D", 7 0, v0x592c1c2355b0_0;  1 drivers
v0x592c1c236560_0 .var "En", 0 0;
v0x592c1c236600_0 .var "Om", 0 0;
v0x592c1c2366a0_0 .var "Op", 0 0;
v0x592c1c236740_0 .net "clk_algo", 0 0, L_0x592c1c1fde20;  1 drivers
v0x592c1c236810_0 .net "fclk_comp", 0 0, L_0x592c1c236c70;  1 drivers
v0x592c1c2368e0_0 .var "fclk_in", 0 0;
v0x592c1c2369b0_0 .net "fclk_samp", 0 0, v0x592c1c235f40_0;  1 drivers
v0x592c1c236a80_0 .net "fdac_clk", 0 0, v0x592c1c236000_0;  1 drivers
v0x592c1c236b50_0 .var "rst", 0 0;
S_0x592c1c213270 .scope task, "sar_convert" "sar_convert" 2 65, 2 65 0, S_0x592c1c2130e0;
 .timescale -9 -12;
v0x592c1c1fdf70_0 .var/i "i", 31 0;
v0x592c1c1fe040_0 .var "vin_code", 7 0;
E_0x592c1c1d16b0 .event posedge, v0x592c1c236000_0;
E_0x592c1c20a6c0 .event negedge, v0x592c1c235e80_0;
E_0x592c1c20abd0 .event posedge, v0x592c1c235e80_0;
E_0x592c1c1d1910 .event negedge, v0x592c1c235f40_0;
TD_sar_algo_tb.sar_convert ;
    %vpi_call 2 69 "$display", "[Time %t] Bat dau convert Vin = %d", $time, v0x592c1c1fe040_0 {0 0 0};
    %wait E_0x592c1c1d1910;
    %delay 5000, 0;
    %pushi/vec4 7, 0, 32;
    %store/vec4 v0x592c1c1fdf70_0, 0, 32;
T_0.0 ; Top of for-loop
    %load/vec4 v0x592c1c1fdf70_0;
    %cmpi/s 0, 0, 32;
    %flag_inv 5; GE is !LT
	  %jmp/0xz T_0.1, 5;
    %wait E_0x592c1c20abd0;
    %delay 2000, 0;
    %load/vec4 v0x592c1c1fe040_0;
    %pad/u 32;
    %pushi/vec4 1, 0, 32;
    %load/vec4 v0x592c1c1fdf70_0;
    %ix/vec4 4;
    %shiftl 4;
    %and;
    %cmpi/ne 0, 0, 32;
    %jmp/0xz  T_0.3, 4;
    %pushi/vec4 1, 0, 1;
    %store/vec4 v0x592c1c2366a0_0, 0, 1;
    %pushi/vec4 0, 0, 1;
    %store/vec4 v0x592c1c236600_0, 0, 1;
    %jmp T_0.4;
T_0.3 ;
    %pushi/vec4 0, 0, 1;
    %store/vec4 v0x592c1c2366a0_0, 0, 1;
    %pushi/vec4 1, 0, 1;
    %store/vec4 v0x592c1c236600_0, 0, 1;
T_0.4 ;
    %wait E_0x592c1c20a6c0;
T_0.2 ; for-loop step statement
    %load/vec4 v0x592c1c1fdf70_0;
    %subi 1, 0, 32;
    %store/vec4 v0x592c1c1fdf70_0, 0, 32;
    %jmp T_0.0;
T_0.1 ; for-loop exit label
    %wait E_0x592c1c1d16b0;
    %vpi_call 2 92 "$display", "[Time %t] Ket qua chot: D = %b (%d)", $time, v0x592c1c2364c0_0, v0x592c1c2364c0_0 {0 0 0};
    %delay 10000, 0;
    %pushi/vec4 0, 0, 1;
    %store/vec4 v0x592c1c2366a0_0, 0, 1;
    %pushi/vec4 0, 0, 1;
    %store/vec4 v0x592c1c236600_0, 0, 1;
    %end;
S_0x592c1c234fc0 .scope module, "uut" "sar_algo" 2 14, 3 2 0, S_0x592c1c2130e0;
 .timescale 0 0;
    .port_info 0 /INPUT 1 "VDD";
    .port_info 1 /INPUT 1 "VSS";
    .port_info 2 /INPUT 1 "fclk_in";
    .port_info 3 /INPUT 1 "rst";
    .port_info 4 /INPUT 1 "Op";
    .port_info 5 /INPUT 1 "Om";
    .port_info 6 /INPUT 1 "En";
    .port_info 7 /INPUT 1 "clk_algo";
    .port_info 8 /OUTPUT 1 "fclk_samp";
    .port_info 9 /OUTPUT 1 "fclk_comp";
    .port_info 10 /OUTPUT 1 "fdac_clk";
    .port_info 11 /OUTPUT 7 "B";
    .port_info 12 /OUTPUT 7 "BN";
    .port_info 13 /OUTPUT 8 "D";
L_0x592c1c236c70 .functor BUFZ 1, v0x592c1c2368e0_0, C4<0>, C4<0>, C4<0>;
v0x592c1c2353d0_0 .var "B", 6 0;
v0x592c1c2354d0_0 .var "BN", 6 0;
v0x592c1c2355b0_0 .var "D", 7 0;
v0x592c1c235670_0 .net "En", 0 0, v0x592c1c236560_0;  1 drivers
v0x592c1c235730_0 .net "Om", 0 0, v0x592c1c236600_0;  1 drivers
v0x592c1c235840_0 .net "Op", 0 0, v0x592c1c2366a0_0;  1 drivers
L_0x7fca8ae9a018 .functor BUFT 1, C4<1>, C4<0>, C4<0>, C4<0>;
v0x592c1c235900_0 .net "VDD", 0 0, L_0x7fca8ae9a018;  1 drivers
L_0x7fca8ae9a060 .functor BUFT 1, C4<0>, C4<0>, C4<0>, C4<0>;
v0x592c1c2359c0_0 .net "VSS", 0 0, L_0x7fca8ae9a060;  1 drivers
v0x592c1c235a80_0 .net "clk_algo", 0 0, L_0x592c1c1fde20;  alias, 1 drivers
v0x592c1c235b40_0 .net "cmp", 0 0, L_0x592c1c236d30;  1 drivers
v0x592c1c235c00_0 .var "cnt", 3 0;
v0x592c1c235ce0_0 .var "counter", 3 0;
v0x592c1c235dc0_0 .net "fclk_comp", 0 0, L_0x592c1c236c70;  alias, 1 drivers
v0x592c1c235e80_0 .net "fclk_in", 0 0, v0x592c1c2368e0_0;  1 drivers
v0x592c1c235f40_0 .var "fclk_samp", 0 0;
v0x592c1c236000_0 .var "fdac_clk", 0 0;
v0x592c1c2360c0_0 .net "rst", 0 0, v0x592c1c236b50_0;  1 drivers
E_0x592c1c1f4ab0 .event posedge, v0x592c1c2360c0_0, v0x592c1c235e80_0;
E_0x592c1c202770 .event posedge, v0x592c1c2360c0_0, v0x592c1c235a80_0;
L_0x592c1c236d30 .cmp/gt 1, v0x592c1c2366a0_0, v0x592c1c236600_0;
    .scope S_0x592c1c234fc0;
T_1 ;
    %pushi/vec4 0, 0, 4;
    %store/vec4 v0x592c1c235c00_0, 0, 4;
    %pushi/vec4 0, 0, 4;
    %store/vec4 v0x592c1c235ce0_0, 0, 4;
    %end;
    .thread T_1;
    .scope S_0x592c1c234fc0;
T_2 ;
    %wait E_0x592c1c1f4ab0;
    %load/vec4 v0x592c1c2360c0_0;
    %flag_set/vec4 8;
    %jmp/0xz  T_2.0, 8;
    %pushi/vec4 0, 0, 4;
    %assign/vec4 v0x592c1c235c00_0, 0;
    %pushi/vec4 1, 0, 1;
    %assign/vec4 v0x592c1c235f40_0, 0;
    %jmp T_2.1;
T_2.0 ;
    %load/vec4 v0x592c1c235670_0;
    %flag_set/vec4 8;
    %jmp/0xz  T_2.2, 8;
    %load/vec4 v0x592c1c235c00_0;
    %cmpi/e 7, 0, 4;
    %jmp/0xz  T_2.4, 4;
    %pushi/vec4 0, 0, 4;
    %assign/vec4 v0x592c1c235c00_0, 0;
    %load/vec4 v0x592c1c235f40_0;
    %inv;
    %assign/vec4 v0x592c1c235f40_0, 0;
    %jmp T_2.5;
T_2.4 ;
    %load/vec4 v0x592c1c235c00_0;
    %addi 1, 0, 4;
    %assign/vec4 v0x592c1c235c00_0, 0;
T_2.5 ;
T_2.2 ;
T_2.1 ;
    %jmp T_2;
    .thread T_2;
    .scope S_0x592c1c234fc0;
T_3 ;
    %wait E_0x592c1c202770;
    %load/vec4 v0x592c1c2360c0_0;
    %flag_set/vec4 8;
    %jmp/0xz  T_3.0, 8;
    %pushi/vec4 0, 0, 7;
    %assign/vec4 v0x592c1c2353d0_0, 0;
    %pushi/vec4 0, 0, 7;
    %assign/vec4 v0x592c1c2354d0_0, 0;
    %pushi/vec4 0, 0, 8;
    %assign/vec4 v0x592c1c2355b0_0, 0;
    %pushi/vec4 0, 0, 4;
    %assign/vec4 v0x592c1c235ce0_0, 0;
    %jmp T_3.1;
T_3.0 ;
    %load/vec4 v0x592c1c235670_0;
    %flag_set/vec4 8;
    %jmp/0xz  T_3.2, 8;
    %load/vec4 v0x592c1c235f40_0;
    %nor/r;
    %flag_set/vec4 8;
    %jmp/0xz  T_3.4, 8;
    %load/vec4 v0x592c1c235ce0_0;
    %pad/u 32;
    %cmpi/u 8, 0, 32;
    %jmp/0xz  T_3.6, 5;
    %load/vec4 v0x592c1c235b40_0;
    %ix/load 5, 0, 0;
    %pushi/vec4 7, 0, 32;
    %load/vec4 v0x592c1c235ce0_0;
    %parti/s 3, 0, 2;
    %pad/u 32;
    %sub;
    %ix/vec4 4;
    %assign/vec4/off/d v0x592c1c2355b0_0, 4, 5;
    %load/vec4 v0x592c1c235ce0_0;
    %pad/u 32;
    %cmpi/u 7, 0, 32;
    %jmp/0xz  T_3.8, 5;
    %load/vec4 v0x592c1c235b40_0;
    %ix/load 5, 0, 0;
    %pushi/vec4 6, 0, 32;
    %load/vec4 v0x592c1c235ce0_0;
    %parti/s 3, 0, 2;
    %pad/u 32;
    %sub;
    %ix/vec4 4;
    %assign/vec4/off/d v0x592c1c2353d0_0, 4, 5;
    %load/vec4 v0x592c1c235b40_0;
    %inv;
    %ix/load 5, 0, 0;
    %pushi/vec4 6, 0, 32;
    %load/vec4 v0x592c1c235ce0_0;
    %parti/s 3, 0, 2;
    %pad/u 32;
    %sub;
    %ix/vec4 4;
    %assign/vec4/off/d v0x592c1c2354d0_0, 4, 5;
T_3.8 ;
    %load/vec4 v0x592c1c235ce0_0;
    %addi 1, 0, 4;
    %assign/vec4 v0x592c1c235ce0_0, 0;
T_3.6 ;
    %jmp T_3.5;
T_3.4 ;
    %pushi/vec4 0, 0, 4;
    %assign/vec4 v0x592c1c235ce0_0, 0;
T_3.5 ;
T_3.2 ;
T_3.1 ;
    %jmp T_3;
    .thread T_3;
    .scope S_0x592c1c234fc0;
T_4 ;
    %wait E_0x592c1c1f4ab0;
    %load/vec4 v0x592c1c2360c0_0;
    %flag_set/vec4 8;
    %jmp/0xz  T_4.0, 8;
    %pushi/vec4 0, 0, 1;
    %assign/vec4 v0x592c1c236000_0, 0;
    %jmp T_4.1;
T_4.0 ;
    %load/vec4 v0x592c1c235c00_0;
    %cmpi/e 7, 0, 4;
    %flag_get/vec4 4;
    %jmp/0 T_4.3, 4;
    %load/vec4 v0x592c1c235f40_0;
    %pushi/vec4 0, 0, 1;
    %cmp/e;
    %flag_get/vec4 4;
    %and;
T_4.3;
    %flag_set/vec4 8;
    %flag_get/vec4 8;
    %jmp/0 T_4.2, 8;
    %load/vec4 v0x592c1c235670_0;
    %and;
T_4.2;
    %assign/vec4 v0x592c1c236000_0, 0;
T_4.1 ;
    %jmp T_4;
    .thread T_4;
    .scope S_0x592c1c2130e0;
T_5 ;
    %pushi/vec4 0, 0, 1;
    %store/vec4 v0x592c1c2368e0_0, 0, 1;
    %end;
    .thread T_5;
    .scope S_0x592c1c2130e0;
T_6 ;
    %delay 31250, 0;
    %load/vec4 v0x592c1c2368e0_0;
    %inv;
    %store/vec4 v0x592c1c2368e0_0, 0, 1;
    %jmp T_6;
    .thread T_6;
    .scope S_0x592c1c2130e0;
T_7 ;
    %vpi_call 2 38 "$dumpfile", "sar_algo_tb.vcd" {0 0 0};
    %vpi_call 2 39 "$dumpvars", 32'sb00000000000000000000000000000000, S_0x592c1c2130e0 {0 0 0};
    %pushi/vec4 1, 0, 1;
    %store/vec4 v0x592c1c236b50_0, 0, 1;
    %pushi/vec4 0, 0, 1;
    %store/vec4 v0x592c1c236560_0, 0, 1;
    %pushi/vec4 0, 0, 1;
    %store/vec4 v0x592c1c2366a0_0, 0, 1;
    %pushi/vec4 0, 0, 1;
    %store/vec4 v0x592c1c236600_0, 0, 1;
    %delay 150000, 0;
    %pushi/vec4 0, 0, 1;
    %store/vec4 v0x592c1c236b50_0, 0, 1;
    %delay 50000, 0;
    %pushi/vec4 1, 0, 1;
    %store/vec4 v0x592c1c236560_0, 0, 1;
    %pushi/vec4 170, 0, 8;
    %store/vec4 v0x592c1c1fe040_0, 0, 8;
    %fork TD_sar_algo_tb.sar_convert, S_0x592c1c213270;
    %join;
    %delay 500000, 0;
    %pushi/vec4 255, 0, 8;
    %store/vec4 v0x592c1c1fe040_0, 0, 8;
    %fork TD_sar_algo_tb.sar_convert, S_0x592c1c213270;
    %join;
    %delay 500000, 0;
    %pushi/vec4 85, 0, 8;
    %store/vec4 v0x592c1c1fe040_0, 0, 8;
    %fork TD_sar_algo_tb.sar_convert, S_0x592c1c213270;
    %join;
    %delay 1000000, 0;
    %vpi_call 2 58 "$display", "--- M\303\264 ph\341\273\217ng ho\303\240n t\341\272\245t ---" {0 0 0};
    %vpi_call 2 59 "$finish" {0 0 0};
    %end;
    .thread T_7;
# The file index is used to find the file name in the following table.
:file_names 4;
    "N/A";
    "<interactive>";
    "sar_algo_tb.v";
    "sar_algo.v";
