Clock: fclk_in
Sources: fclk_in 
Generated: no
Virtual: yes
Propagated: no
Period: 62.500000

===========================================================================
report_clock_properties
============================================================================
Clock                   Period          Waveform
----------------------------------------------------
fclk_in              62.500000    0.000000 31.250000

===========================================================================
report_clock_latency
============================================================================
Clock fclk_in
rise -> rise
    min     max
0.000000 0.000000 source latency
0.168767         network latency _236_/CLK
        12.808339 network latency _215_/CLK
---------------
0.168767 12.808339 latency
        12.639571 skew

rise -> fall
    min     max
0.000000 0.000000 source latency
12.634073         network latency _221_/CLK
        12.770050 network latency _215_/CLK
---------------
12.634073 12.770050 latency
        0.135977 skew

fall -> fall
    min     max
0.000000 0.000000 source latency
0.171216         network latency _236_/CLK
        0.171472 network latency _239_/CLK
---------------
0.171216 0.171472 latency
        0.000256 skew



===========================================================================
report_clock_min_period
============================================================================
fclk_in period_min = 1.24 fmax = 807.90
