# Logfile created on 2026-02-28 16:20:28 +0100 by logger.rb/v1.4.3
2026-02-28 16:20:28 +0100: Memory Usage (427688K) : Starting running IHP-SG13G2 KLayout DRC runset on /home/designer/shared/IHP-AnalogAcademy/modules/module_3_8_bit_SAR_ADC/part_5_analog_layout/comparator/layout/DIFF_COMPARATOR.gds
2026-02-28 16:20:28 +0100: Memory Usage (427688K) : Ruby Version for klayout: 3.0.2
2026-02-28 16:20:28 +0100: Memory Usage (428712K) : Loading database to memory is complete.
2026-02-28 16:20:28 +0100: Memory Usage (428712K) : IHP-SG13G2 KLayout DRC runset output at: /home/designer/shared/IHP-AnalogAcademy/modules/module_3_8_bit_SAR_ADC/part_5_analog_layout/comparator/layout/drc_run_DIFF_COMPARATOR/DIFF_COMPARATOR_DIFF_COMPARATOR_main.lyrdb
2026-02-28 16:20:28 +0100: Memory Usage (428840K) : Evaluate switches.
2026-02-28 16:20:28 +0100: Memory Usage (428840K) : tables selected: main
2026-02-28 16:20:28 +0100: Memory Usage (428840K) : KLayout will use 1 thread(s) in tiling mode.
2026-02-28 16:20:28 +0100: Memory Usage (428840K) : deep mode is enabled.
2026-02-28 16:20:28 +0100: Memory Usage (428840K) : FEOL enabled: true
2026-02-28 16:20:28 +0100: Memory Usage (428840K) : BEOL enabled: true
2026-02-28 16:20:28 +0100: Memory Usage (428840K) : OFFGRID enabled: true
2026-02-28 16:20:28 +0100: Memory Usage (428840K) : PIN enabled: true
2026-02-28 16:20:28 +0100: Memory Usage (428840K) : FORBIDDEN enabled: true
2026-02-28 16:20:28 +0100: Memory Usage (428840K) : RECOMMENDED enabled: false
2026-02-28 16:20:28 +0100: Memory Usage (428840K) : PreCheck DRC enabled: false
2026-02-28 16:20:28 +0100: Memory Usage (428840K) : CONNECTIVITY_RULES enabled: true.
2026-02-28 16:20:28 +0100: Memory Usage (428840K) : Read in polygons from layers.
2026-02-28 16:20:28 +0100: Memory Usage (429992K) : activ_drw has 141 polygons
2026-02-28 16:20:28 +0100: Memory Usage (429992K) : activ_pin has 0 polygons
2026-02-28 16:20:28 +0100: Memory Usage (429992K) : activ_mask has 0 polygons
2026-02-28 16:20:28 +0100: Memory Usage (429992K) : activ_filler has 0 polygons
2026-02-28 16:20:28 +0100: Memory Usage (429992K) : activ_nofill has 0 polygons
2026-02-28 16:20:28 +0100: Memory Usage (429992K) : activ_opc has 0 polygons
2026-02-28 16:20:28 +0100: Memory Usage (429992K) : activ_iopc has 0 polygons
2026-02-28 16:20:28 +0100: Memory Usage (429992K) : activ_noqrc has 0 polygons
2026-02-28 16:20:28 +0100: Memory Usage (429992K) : biwind_drw has 0 polygons
2026-02-28 16:20:28 +0100: Memory Usage (429992K) : biwind_opc has 0 polygons
2026-02-28 16:20:28 +0100: Memory Usage (429992K) : pemwind_drw has 0 polygons
2026-02-28 16:20:28 +0100: Memory Usage (429992K) : gatpoly_drw has 194 polygons
2026-02-28 16:20:28 +0100: Memory Usage (429992K) : gatpoly_pin has 17 polygons
2026-02-28 16:20:28 +0100: Memory Usage (429992K) : gatpoly_filler has 0 polygons
2026-02-28 16:20:28 +0100: Memory Usage (429992K) : gatpoly_nofill has 0 polygons
2026-02-28 16:20:28 +0100: Memory Usage (429992K) : gatpoly_opc has 0 polygons
2026-02-28 16:20:28 +0100: Memory Usage (429992K) : gatpoly_iopc has 0 polygons
2026-02-28 16:20:28 +0100: Memory Usage (429992K) : gatpoly_noqrc has 0 polygons
2026-02-28 16:20:28 +0100: Memory Usage (429992K) : cont_drw has 1239 polygons
2026-02-28 16:20:28 +0100: Memory Usage (429992K) : cont_opc has 0 polygons
2026-02-28 16:20:28 +0100: Memory Usage (429992K) : nsd_drw has 0 polygons
2026-02-28 16:20:28 +0100: Memory Usage (429992K) : nsd_block has 0 polygons
2026-02-28 16:20:28 +0100: Memory Usage (429992K) : metal1_drw has 293 polygons
2026-02-28 16:20:28 +0100: Memory Usage (429992K) : metal1_pin has 34 polygons
2026-02-28 16:20:28 +0100: Memory Usage (430120K) : metal1_mask has 0 polygons
2026-02-28 16:20:28 +0100: Memory Usage (430120K) : metal1_filler has 0 polygons
2026-02-28 16:20:28 +0100: Memory Usage (430120K) : metal1_nofill has 0 polygons
2026-02-28 16:20:28 +0100: Memory Usage (430120K) : metal1_slit has 0 polygons
2026-02-28 16:20:28 +0100: Memory Usage (430248K) : metal1_text has 0 polygons
2026-02-28 16:20:28 +0100: Memory Usage (430504K) : metal1_opc has 0 polygons
2026-02-28 16:20:28 +0100: Memory Usage (430504K) : metal1_noqrc has 0 polygons
2026-02-28 16:20:28 +0100: Memory Usage (430504K) : metal1_res has 0 polygons
2026-02-28 16:20:28 +0100: Memory Usage (430504K) : metal1_iprobe has 0 polygons
2026-02-28 16:20:28 +0100: Memory Usage (430504K) : metal1_diffprb has 0 polygons
2026-02-28 16:20:28 +0100: Memory Usage (430504K) : passiv_drw has 0 polygons
2026-02-28 16:20:28 +0100: Memory Usage (430504K) : passiv_pin has 0 polygons
2026-02-28 16:20:28 +0100: Memory Usage (430632K) : passiv_sbump has 0 polygons
2026-02-28 16:20:28 +0100: Memory Usage (430632K) : passiv_pillar has 0 polygons
2026-02-28 16:20:28 +0100: Memory Usage (430632K) : passiv_pdl has 0 polygons
2026-02-28 16:20:28 +0100: Memory Usage (430760K) : metal2_drw has 207 polygons
2026-02-28 16:20:28 +0100: Memory Usage (430760K) : metal2_pin has 4 polygons
2026-02-28 16:20:28 +0100: Memory Usage (430760K) : metal2_mask has 0 polygons
2026-02-28 16:20:28 +0100: Memory Usage (430888K) : metal2_filler has 0 polygons
2026-02-28 16:20:28 +0100: Memory Usage (430888K) : metal2_nofill has 0 polygons
2026-02-28 16:20:28 +0100: Memory Usage (430888K) : metal2_slit has 0 polygons
2026-02-28 16:20:28 +0100: Memory Usage (431144K) : metal2_text has 3 polygons
2026-02-28 16:20:28 +0100: Memory Usage (431144K) : metal2_opc has 0 polygons
2026-02-28 16:20:28 +0100: Memory Usage (431144K) : metal2_noqrc has 0 polygons
2026-02-28 16:20:28 +0100: Memory Usage (431272K) : metal2_res has 0 polygons
2026-02-28 16:20:28 +0100: Memory Usage (431272K) : metal2_iprobe has 0 polygons
2026-02-28 16:20:28 +0100: Memory Usage (431272K) : metal2_diffprb has 0 polygons
2026-02-28 16:20:28 +0100: Memory Usage (431400K) : baspoly_drw has 0 polygons
2026-02-28 16:20:28 +0100: Memory Usage (431400K) : baspoly_pin has 0 polygons
2026-02-28 16:20:28 +0100: Memory Usage (431400K) : psd_drw has 20 polygons
2026-02-28 16:20:28 +0100: Memory Usage (431528K) : nldb_drw has 0 polygons
2026-02-28 16:20:28 +0100: Memory Usage (431528K) : digibnd_drw has 0 polygons
2026-02-28 16:20:28 +0100: Memory Usage (431528K) : via1_drw has 556 polygons
2026-02-28 16:20:28 +0100: Memory Usage (431656K) : backmetal1_drw has 0 polygons
2026-02-28 16:20:28 +0100: Memory Usage (431656K) : backmetal1_pin has 0 polygons
2026-02-28 16:20:28 +0100: Memory Usage (431656K) : backmetal1_mask has 0 polygons
2026-02-28 16:20:28 +0100: Memory Usage (431784K) : backmetal1_filler has 0 polygons
2026-02-28 16:20:28 +0100: Memory Usage (431784K) : backmetal1_nofill has 0 polygons
2026-02-28 16:20:28 +0100: Memory Usage (431784K) : backmetal1_slit has 0 polygons
2026-02-28 16:20:28 +0100: Memory Usage (431912K) : backmetal1_text has 0 polygons
2026-02-28 16:20:28 +0100: Memory Usage (431912K) : backmetal1_opc has 0 polygons
2026-02-28 16:20:28 +0100: Memory Usage (431912K) : backmetal1_noqrc has 0 polygons
2026-02-28 16:20:28 +0100: Memory Usage (432040K) : backmetal1_res has 0 polygons
2026-02-28 16:20:28 +0100: Memory Usage (432040K) : backmetal1_iprobe has 0 polygons
2026-02-28 16:20:28 +0100: Memory Usage (432040K) : backmetal1_diffprb has 0 polygons
2026-02-28 16:20:28 +0100: Memory Usage (432040K) : backpassiv_drw has 0 polygons
2026-02-28 16:20:28 +0100: Memory Usage (432168K) : res_drw has 0 polygons
2026-02-28 16:20:28 +0100: Memory Usage (432168K) : sram_drw has 0 polygons
2026-02-28 16:20:28 +0100: Memory Usage (432168K) : trans_drw has 0 polygons
2026-02-28 16:20:28 +0100: Memory Usage (432296K) : ind_drw has 0 polygons
2026-02-28 16:20:28 +0100: Memory Usage (432296K) : ind_pin has 0 polygons
2026-02-28 16:20:28 +0100: Memory Usage (432296K) : ind_text has 0 polygons
2026-02-28 16:20:28 +0100: Memory Usage (432424K) : salblock_drw has 0 polygons
2026-02-28 16:20:28 +0100: Memory Usage (432424K) : via2_drw has 455 polygons
2026-02-28 16:20:28 +0100: Memory Usage (432424K) : metal3_drw has 163 polygons
2026-02-28 16:20:28 +0100: Memory Usage (432552K) : metal3_pin has 3 polygons
2026-02-28 16:20:28 +0100: Memory Usage (432552K) : metal3_mask has 0 polygons
2026-02-28 16:20:28 +0100: Memory Usage (432552K) : metal3_filler has 0 polygons
2026-02-28 16:20:28 +0100: Memory Usage (432680K) : metal3_nofill has 0 polygons
2026-02-28 16:20:28 +0100: Memory Usage (432680K) : metal3_slit has 0 polygons
2026-02-28 16:20:28 +0100: Memory Usage (432680K) : metal3_text has 3 polygons
2026-02-28 16:20:28 +0100: Memory Usage (432808K) : metal3_opc has 0 polygons
2026-02-28 16:20:28 +0100: Memory Usage (432808K) : metal3_noqrc has 0 polygons
2026-02-28 16:20:28 +0100: Memory Usage (432808K) : metal3_res has 0 polygons
2026-02-28 16:20:28 +0100: Memory Usage (432936K) : metal3_iprobe has 0 polygons
2026-02-28 16:20:28 +0100: Memory Usage (432936K) : metal3_diffprb has 0 polygons
2026-02-28 16:20:28 +0100: Memory Usage (432936K) : nwell_drw has 19 polygons
2026-02-28 16:20:28 +0100: Memory Usage (433064K) : nwell_pin has 0 polygons
2026-02-28 16:20:28 +0100: Memory Usage (433064K) : nbulay_drw has 8 polygons
2026-02-28 16:20:28 +0100: Memory Usage (433064K) : nbulay_pin has 0 polygons
2026-02-28 16:20:28 +0100: Memory Usage (433064K) : nbulay_block has 0 polygons
2026-02-28 16:20:28 +0100: Memory Usage (433064K) : emwind_drw has 0 polygons
2026-02-28 16:20:28 +0100: Memory Usage (433064K) : emwind_opc has 0 polygons
2026-02-28 16:20:28 +0100: Memory Usage (433192K) : deepco_drw has 0 polygons
2026-02-28 16:20:28 +0100: Memory Usage (433192K) : deepco_drw has 0 polygons
2026-02-28 16:20:28 +0100: Memory Usage (433320K) : mim_drw has 0 polygons
2026-02-28 16:20:28 +0100: Memory Usage (433320K) : edgeseal_drw has 0 polygons
2026-02-28 16:20:28 +0100: Memory Usage (433320K) : edgeseal_bound has 0 polygons
2026-02-28 16:20:28 +0100: Memory Usage (433448K) : substrate_drw has 20 polygons
2026-02-28 16:20:28 +0100: Memory Usage (433448K) : substrate_text has 0 polygons
2026-02-28 16:20:28 +0100: Memory Usage (433576K) : dfpad_drw has 0 polygons
2026-02-28 16:20:28 +0100: Memory Usage (433576K) : dfpad_pillar has 0 polygons
2026-02-28 16:20:28 +0100: Memory Usage (433704K) : dfpad_sbump has 0 polygons
2026-02-28 16:20:28 +0100: Memory Usage (433704K) : thickgateox_drw has 0 polygons
2026-02-28 16:20:28 +0100: Memory Usage (433704K) : pldb_drw has 0 polygons
2026-02-28 16:20:28 +0100: Memory Usage (433832K) : pwell_drw has 0 polygons
2026-02-28 16:20:28 +0100: Memory Usage (433832K) : pwell_pin has 0 polygons
2026-02-28 16:20:28 +0100: Memory Usage (433960K) : pwell_block has 0 polygons
2026-02-28 16:20:28 +0100: Memory Usage (433960K) : ic_drw has 0 polygons
2026-02-28 16:20:29 +0100: Memory Usage (434088K) : via3_drw has 286 polygons
2026-02-28 16:20:29 +0100: Memory Usage (434088K) : metal4_drw has 72 polygons
2026-02-28 16:20:29 +0100: Memory Usage (434088K) : metal4_pin has 0 polygons
2026-02-28 16:20:29 +0100: Memory Usage (434088K) : metal4_mask has 0 polygons
2026-02-28 16:20:29 +0100: Memory Usage (434216K) : metal4_filler has 0 polygons
2026-02-28 16:20:29 +0100: Memory Usage (434216K) : metal4_nofill has 0 polygons
2026-02-28 16:20:29 +0100: Memory Usage (434344K) : metal4_slit has 0 polygons
2026-02-28 16:20:29 +0100: Memory Usage (434344K) : metal4_text has 0 polygons
2026-02-28 16:20:29 +0100: Memory Usage (434472K) : metal4_opc has 0 polygons
2026-02-28 16:20:29 +0100: Memory Usage (434472K) : metal4_noqrc has 0 polygons
2026-02-28 16:20:29 +0100: Memory Usage (434472K) : metal4_res has 0 polygons
2026-02-28 16:20:29 +0100: Memory Usage (434600K) : metal4_iprobe has 0 polygons
2026-02-28 16:20:29 +0100: Memory Usage (434600K) : metal4_diffprb has 0 polygons
2026-02-28 16:20:29 +0100: Memory Usage (434728K) : heattrans_drw has 47 polygons
2026-02-28 16:20:29 +0100: Memory Usage (434728K) : heatres_drw has 0 polygons
2026-02-28 16:20:29 +0100: Memory Usage (434728K) : pempoly_drw has 0 polygons
2026-02-28 16:20:29 +0100: Memory Usage (434856K) : fbe_drw has 0 polygons
2026-02-28 16:20:29 +0100: Memory Usage (434856K) : empoly_drw has 0 polygons
2026-02-28 16:20:29 +0100: Memory Usage (434984K) : ldmos_drw has 0 polygons
2026-02-28 16:20:29 +0100: Memory Usage (434984K) : pbiwind_drw has 0 polygons
2026-02-28 16:20:29 +0100: Memory Usage (435112K) : digisub_drw has 0 polygons
2026-02-28 16:20:29 +0100: Memory Usage (435112K) : nodrc_drw has 0 polygons
2026-02-28 16:20:29 +0100: Memory Usage (435112K) : text_drw has 32 polygons
2026-02-28 16:20:29 +0100: Memory Usage (435240K) : via4_drw has 264 polygons
2026-02-28 16:20:29 +0100: Memory Usage (435240K) : metal5_drw has 64 polygons
2026-02-28 16:20:29 +0100: Memory Usage (435368K) : metal5_pin has 0 polygons
2026-02-28 16:20:29 +0100: Memory Usage (435368K) : metal5_mask has 0 polygons
2026-02-28 16:20:29 +0100: Memory Usage (435496K) : metal5_filler has 0 polygons
2026-02-28 16:20:29 +0100: Memory Usage (435496K) : metal5_nofill has 0 polygons
2026-02-28 16:20:29 +0100: Memory Usage (435496K) : metal5_slit has 0 polygons
2026-02-28 16:20:29 +0100: Memory Usage (435496K) : metal5_text has 0 polygons
2026-02-28 16:20:29 +0100: Memory Usage (435624K) : metal5_opc has 0 polygons
2026-02-28 16:20:29 +0100: Memory Usage (435624K) : metal5_noqrc has 0 polygons
2026-02-28 16:20:29 +0100: Memory Usage (435752K) : metal5_res has 0 polygons
2026-02-28 16:20:29 +0100: Memory Usage (435752K) : metal5_iprobe has 0 polygons
2026-02-28 16:20:29 +0100: Memory Usage (435752K) : metal5_diffprb has 0 polygons
2026-02-28 16:20:29 +0100: Memory Usage (435880K) : radhard_drw has 0 polygons
2026-02-28 16:20:29 +0100: Memory Usage (435880K) : memcap_drw has 0 polygons
2026-02-28 16:20:29 +0100: Memory Usage (436008K) : varicap_drw has 0 polygons
2026-02-28 16:20:29 +0100: Memory Usage (436008K) : flash_drw has 0 polygons
2026-02-28 16:20:29 +0100: Memory Usage (436136K) : intbondvia_drw has 0 polygons
2026-02-28 16:20:29 +0100: Memory Usage (436136K) : intbondmet_drw has 0 polygons
2026-02-28 16:20:29 +0100: Memory Usage (436264K) : devbondvia_drw has 0 polygons
2026-02-28 16:20:29 +0100: Memory Usage (436264K) : devbondmet_drw has 0 polygons
2026-02-28 16:20:29 +0100: Memory Usage (436264K) : devtrench_drw has 0 polygons
2026-02-28 16:20:29 +0100: Memory Usage (436392K) : redist_drw has 0 polygons
2026-02-28 16:20:29 +0100: Memory Usage (436392K) : graphbot_drw has 0 polygons
2026-02-28 16:20:29 +0100: Memory Usage (436520K) : graphtop_drw has 0 polygons
2026-02-28 16:20:29 +0100: Memory Usage (436520K) : antvia1_drw has 0 polygons
2026-02-28 16:20:29 +0100: Memory Usage (436648K) : antmetal2_drw has 0 polygons
2026-02-28 16:20:29 +0100: Memory Usage (436648K) : graphcont_drw has 0 polygons
2026-02-28 16:20:29 +0100: Memory Usage (436648K) : siwg_drw has 0 polygons
2026-02-28 16:20:29 +0100: Memory Usage (436776K) : siwg_filler has 0 polygons
2026-02-28 16:20:29 +0100: Memory Usage (436776K) : siwg_nofill has 0 polygons
2026-02-28 16:20:29 +0100: Memory Usage (436776K) : sigrating_drw has 0 polygons
2026-02-28 16:20:29 +0100: Memory Usage (436776K) : singrating_drw has 0 polygons
2026-02-28 16:20:29 +0100: Memory Usage (436904K) : graphpas_drw has 0 polygons
2026-02-28 16:20:29 +0100: Memory Usage (436904K) : emwind3_drw has 0 polygons
2026-02-28 16:20:29 +0100: Memory Usage (437032K) : emwihv3_drw has 0 polygons
2026-02-28 16:20:29 +0100: Memory Usage (437032K) : redbulay_drw has 0 polygons
2026-02-28 16:20:29 +0100: Memory Usage (437032K) : smos_drw has 0 polygons
2026-02-28 16:20:29 +0100: Memory Usage (437160K) : graphpad_drw has 0 polygons
2026-02-28 16:20:29 +0100: Memory Usage (437160K) : polimide_drw has 0 polygons
2026-02-28 16:20:29 +0100: Memory Usage (437288K) : polimide_pin has 0 polygons
2026-02-28 16:20:29 +0100: Memory Usage (437288K) : recog_drw has 0 polygons
2026-02-28 16:20:29 +0100: Memory Usage (437416K) : recog_pin has 0 polygons
2026-02-28 16:20:29 +0100: Memory Usage (437416K) : recog_esd has 0 polygons
2026-02-28 16:20:29 +0100: Memory Usage (437416K) : recog_diode has 0 polygons
2026-02-28 16:20:29 +0100: Memory Usage (437544K) : recog_tsv has 0 polygons
2026-02-28 16:20:29 +0100: Memory Usage (437544K) : recog_iprobe has 0 polygons
2026-02-28 16:20:29 +0100: Memory Usage (437672K) : recog_diffprb has 0 polygons
2026-02-28 16:20:29 +0100: Memory Usage (437672K) : recog_pillar has 0 polygons
2026-02-28 16:20:29 +0100: Memory Usage (437672K) : recog_sbump has 0 polygons
2026-02-28 16:20:29 +0100: Memory Usage (437800K) : recog_otp has 0 polygons
2026-02-28 16:20:29 +0100: Memory Usage (437800K) : recog_pdiode has 0 polygons
2026-02-28 16:20:29 +0100: Memory Usage (437928K) : recog_mom has 0 polygons
2026-02-28 16:20:29 +0100: Memory Usage (437928K) : recog_pcm has 0 polygons
2026-02-28 16:20:29 +0100: Memory Usage (438056K) : colopen_drw has 0 polygons
2026-02-28 16:20:29 +0100: Memory Usage (438056K) : graphmetal1_drw has 0 polygons
2026-02-28 16:20:29 +0100: Memory Usage (438056K) : graphmetal1_filler has 0 polygons
2026-02-28 16:20:29 +0100: Memory Usage (438184K) : graphmetal1_nofill has 0 polygons
2026-02-28 16:20:29 +0100: Memory Usage (438184K) : graphmetal1_slit has 0 polygons
2026-02-28 16:20:29 +0100: Memory Usage (438312K) : graphmetal1_opc has 0 polygons
2026-02-28 16:20:29 +0100: Memory Usage (438312K) : graphmet1l_drw has 0 polygons
2026-02-28 16:20:29 +0100: Memory Usage (438440K) : graphmet1l_filler has 0 polygons
2026-02-28 16:20:29 +0100: Memory Usage (438440K) : graphmet1l_nofill has 0 polygons
2026-02-28 16:20:29 +0100: Memory Usage (438440K) : graphmet1l_slit has 0 polygons
2026-02-28 16:20:29 +0100: Memory Usage (438568K) : graphmet1l_opc has 0 polygons
2026-02-28 16:20:29 +0100: Memory Usage (438568K) : extblock_drw has 0 polygons
2026-02-28 16:20:29 +0100: Memory Usage (438696K) : nldd_drw has 0 polygons
2026-02-28 16:20:29 +0100: Memory Usage (438696K) : pldd_drw has 0 polygons
2026-02-28 16:20:29 +0100: Memory Usage (438696K) : next_drw has 0 polygons
2026-02-28 16:20:29 +0100: Memory Usage (438824K) : pext_drw has 0 polygons
2026-02-28 16:20:29 +0100: Memory Usage (438824K) : nexthv_drw has 0 polygons
2026-02-28 16:20:29 +0100: Memory Usage (438952K) : pexthv_drw has 0 polygons
2026-02-28 16:20:29 +0100: Memory Usage (438952K) : graphgate_drw has 0 polygons
2026-02-28 16:20:29 +0100: Memory Usage (439080K) : sinwg_drw has 0 polygons
2026-02-28 16:20:29 +0100: Memory Usage (439080K) : sinwg_filler has 0 polygons
2026-02-28 16:20:29 +0100: Memory Usage (439080K) : sinwg_nofill has 0 polygons
2026-02-28 16:20:29 +0100: Memory Usage (439208K) : mempad_drw has 0 polygons
2026-02-28 16:20:29 +0100: Memory Usage (439208K) : topvia1_drw has 64 polygons
2026-02-28 16:20:29 +0100: Memory Usage (439336K) : topmetal1_drw has 42 polygons
2026-02-28 16:20:29 +0100: Memory Usage (439336K) : topmetal1_pin has 1 polygons
2026-02-28 16:20:29 +0100: Memory Usage (439464K) : topmetal1_mask has 0 polygons
2026-02-28 16:20:29 +0100: Memory Usage (439464K) : topmetal1_filler has 0 polygons
2026-02-28 16:20:29 +0100: Memory Usage (439592K) : topmetal1_nofill has 0 polygons
2026-02-28 16:20:29 +0100: Memory Usage (439592K) : topmetal1_slit has 0 polygons
2026-02-28 16:20:29 +0100: Memory Usage (439592K) : topmetal1_text has 1 polygons
2026-02-28 16:20:29 +0100: Memory Usage (439720K) : topmetal1_noqrc has 0 polygons
2026-02-28 16:20:29 +0100: Memory Usage (439720K) : topmetal1_res has 0 polygons
2026-02-28 16:20:29 +0100: Memory Usage (439848K) : topmetal1_iprobe has 0 polygons
2026-02-28 16:20:29 +0100: Memory Usage (439848K) : topmetal1_diffprb has 0 polygons
2026-02-28 16:20:29 +0100: Memory Usage (439976K) : inldpwl_drw has 0 polygons
2026-02-28 16:20:29 +0100: Memory Usage (439976K) : polyres_drw has 0 polygons
2026-02-28 16:20:29 +0100: Memory Usage (439976K) : polyres_pin has 0 polygons
2026-02-28 16:20:29 +0100: Memory Usage (440104K) : vmim_drw has 0 polygons
2026-02-28 16:20:29 +0100: Memory Usage (440104K) : nbulaycut_drw has 0 polygons
2026-02-28 16:20:29 +0100: Memory Usage (440232K) : antmetal1_drw has 0 polygons
2026-02-28 16:20:29 +0100: Memory Usage (440232K) : topvia2_drw has 8 polygons
2026-02-28 16:20:29 +0100: Memory Usage (440360K) : topmetal2_drw has 8 polygons
2026-02-28 16:20:29 +0100: Memory Usage (440488K) : topmetal2_pin has 1 polygons
2026-02-28 16:20:29 +0100: Memory Usage (440488K) : topmetal2_mask has 0 polygons
2026-02-28 16:20:29 +0100: Memory Usage (440616K) : topmetal2_filler has 0 polygons
2026-02-28 16:20:29 +0100: Memory Usage (440616K) : topmetal2_nofill has 0 polygons
2026-02-28 16:20:29 +0100: Memory Usage (440744K) : topmetal2_slit has 0 polygons
2026-02-28 16:20:29 +0100: Memory Usage (440744K) : topmetal2_text has 1 polygons
2026-02-28 16:20:29 +0100: Memory Usage (440744K) : topmetal2_noqrc has 0 polygons
2026-02-28 16:20:29 +0100: Memory Usage (440872K) : topmetal2_res has 0 polygons
2026-02-28 16:20:29 +0100: Memory Usage (440872K) : topmetal2_iprobe has 0 polygons
2026-02-28 16:20:29 +0100: Memory Usage (441000K) : topmetal2_diffprb has 0 polygons
2026-02-28 16:20:29 +0100: Memory Usage (441000K) : snsring_drw has 0 polygons
2026-02-28 16:20:29 +0100: Memory Usage (441128K) : sensor_drw has 0 polygons
2026-02-28 16:20:29 +0100: Memory Usage (441128K) : snsarms_drw has 0 polygons
2026-02-28 16:20:29 +0100: Memory Usage (441128K) : snscmosvia_drw has 0 polygons
2026-02-28 16:20:29 +0100: Memory Usage (441256K) : colwind_drw has 0 polygons
2026-02-28 16:20:29 +0100: Memory Usage (441256K) : flm_drw has 0 polygons
2026-02-28 16:20:29 +0100: Memory Usage (441384K) : hafniumox_drw has 0 polygons
2026-02-28 16:20:29 +0100: Memory Usage (441384K) : memvia_drw has 0 polygons
2026-02-28 16:20:29 +0100: Memory Usage (441384K) : thinfilmres_drw has 0 polygons
2026-02-28 16:20:29 +0100: Memory Usage (441512K) : rfmem_drw has 0 polygons
2026-02-28 16:20:29 +0100: Memory Usage (441512K) : norcx_drw has 0 polygons
2026-02-28 16:20:29 +0100: Memory Usage (441640K) : norcx_m2m3 has 0 polygons
2026-02-28 16:20:29 +0100: Memory Usage (441640K) : norcx_m2m4 has 0 polygons
2026-02-28 16:20:29 +0100: Memory Usage (441768K) : norcx_m2m5 has 0 polygons
2026-02-28 16:20:29 +0100: Memory Usage (441768K) : norcx_m2tm1 has 0 polygons
2026-02-28 16:20:29 +0100: Memory Usage (441768K) : norcx_m2tm2 has 0 polygons
2026-02-28 16:20:29 +0100: Memory Usage (441768K) : norcx_m3m4 has 0 polygons
2026-02-28 16:20:29 +0100: Memory Usage (441768K) : norcx_m3m5 has 0 polygons
2026-02-28 16:20:29 +0100: Memory Usage (441768K) : norcx_m3tm1 has 0 polygons
2026-02-28 16:20:29 +0100: Memory Usage (441896K) : norcx_m3tm2 has 0 polygons
2026-02-28 16:20:29 +0100: Memory Usage (441896K) : norcx_m4m5 has 0 polygons
2026-02-28 16:20:29 +0100: Memory Usage (441896K) : norcx_m4tm1 has 0 polygons
2026-02-28 16:20:29 +0100: Memory Usage (442024K) : norcx_m4tm2 has 0 polygons
2026-02-28 16:20:29 +0100: Memory Usage (442024K) : norcx_m5tm1 has 0 polygons
2026-02-28 16:20:29 +0100: Memory Usage (442024K) : norcx_m5tm2 has 0 polygons
2026-02-28 16:20:29 +0100: Memory Usage (442152K) : norcx_tm1tm2 has 0 polygons
2026-02-28 16:20:29 +0100: Memory Usage (442152K) : norcx_m1sub has 0 polygons
2026-02-28 16:20:29 +0100: Memory Usage (442280K) : norcx_m2sub has 0 polygons
2026-02-28 16:20:29 +0100: Memory Usage (442280K) : norcx_m3sub has 0 polygons
2026-02-28 16:20:29 +0100: Memory Usage (442280K) : norcx_m4sub has 0 polygons
2026-02-28 16:20:29 +0100: Memory Usage (442408K) : norcx_m5sub has 0 polygons
2026-02-28 16:20:29 +0100: Memory Usage (442408K) : norcx_tm1sub has 0 polygons
2026-02-28 16:20:29 +0100: Memory Usage (442536K) : norcx_tm2sub has 0 polygons
2026-02-28 16:20:29 +0100: Memory Usage (442536K) : snsbotvia_drw has 0 polygons
2026-02-28 16:20:29 +0100: Memory Usage (442664K) : snstopvia_drw has 0 polygons
2026-02-28 16:20:29 +0100: Memory Usage (442664K) : deepvia_drw has 0 polygons
2026-02-28 16:20:29 +0100: Memory Usage (442664K) : fgetch_drw has 0 polygons
2026-02-28 16:20:29 +0100: Memory Usage (442792K) : ctrgat_drw has 0 polygons
2026-02-28 16:20:29 +0100: Memory Usage (442792K) : fgimp_drw has 0 polygons
2026-02-28 16:20:29 +0100: Memory Usage (442920K) : emwihv_drw has 0 polygons
2026-02-28 16:20:29 +0100: Memory Usage (442920K) : lbe_drw has 0 polygons
2026-02-28 16:20:29 +0100: Memory Usage (442920K) : alcustop_drw has 0 polygons
2026-02-28 16:20:29 +0100: Memory Usage (443048K) : nometfiller_drw has 0 polygons
2026-02-28 16:20:29 +0100: Memory Usage (443048K) : prboundary_drw has 0 polygons
2026-02-28 16:20:29 +0100: Memory Usage (443048K) : exchange0_drw has 0 polygons
2026-02-28 16:20:29 +0100: Memory Usage (443176K) : exchange0_pin has 0 polygons
2026-02-28 16:20:29 +0100: Memory Usage (443176K) : exchange0_text has 0 polygons
2026-02-28 16:20:29 +0100: Memory Usage (443304K) : exchange1_drw has 0 polygons
2026-02-28 16:20:29 +0100: Memory Usage (443304K) : exchange1_pin has 0 polygons
2026-02-28 16:20:29 +0100: Memory Usage (443304K) : exchange1_text has 0 polygons
2026-02-28 16:20:29 +0100: Memory Usage (443432K) : exchange2_drw has 0 polygons
2026-02-28 16:20:29 +0100: Memory Usage (443432K) : exchange2_pin has 0 polygons
2026-02-28 16:20:29 +0100: Memory Usage (443560K) : exchange2_text has 0 polygons
2026-02-28 16:20:29 +0100: Memory Usage (443560K) : exchange3_drw has 0 polygons
2026-02-28 16:20:29 +0100: Memory Usage (443560K) : exchange3_pin has 0 polygons
2026-02-28 16:20:29 +0100: Memory Usage (443688K) : exchange3_text has 0 polygons
2026-02-28 16:20:29 +0100: Memory Usage (443688K) : exchange4_drw has 0 polygons
2026-02-28 16:20:29 +0100: Memory Usage (443816K) : exchange4_pin has 0 polygons
2026-02-28 16:20:29 +0100: Memory Usage (443816K) : exchange4_text has 0 polygons
2026-02-28 16:20:29 +0100: Memory Usage (443944K) : isonwell_drw has 0 polygons
2026-02-28 16:20:29 +0100: Memory Usage (443944K) : Total no. of polygons in the design is 4270
2026-02-28 16:20:29 +0100: Memory Usage (443944K) : Loaded TECH DRC rules values from /opt/pdks/ihp-sg13g2/libs.tech/klayout/python/sg13g2_pycell_lib/sg13g2_tech_mod.json
2026-02-28 16:20:29 +0100: Memory Usage (443944K) : Loaded default DRC rules values from /opt/pdks/ihp-sg13g2/libs.tech/klayout/tech/drc/rule_decks/sg13g2_tech_default.json
2026-02-28 16:20:29 +0100: Memory Usage (443944K) : The following rules values were missing in tech json and default values were used:
2026-02-28 16:20:29 +0100: Memory Usage (443944K) :   - Cnt_c_digibnd
2026-02-28 16:20:29 +0100: Memory Usage (444968K) : Total area of the design is 1662.396 um^2.
2026-02-28 16:20:29 +0100: Memory Usage (444968K) : The design dimensions are 40.8 µm * 40.745000000000005 µm.
2026-02-28 16:20:29 +0100: Memory Usage (444968K) : Starting general IHP-SG13G2 derivations.
2026-02-28 16:20:29 +0100: Memory Usage (444968K) : Starting Pwell derivations
2026-02-28 16:20:29 +0100: Memory Usage (447272K) : Starting n-Activ derivations
2026-02-28 16:20:29 +0100: Memory Usage (447784K) : Starting p-Activ derivations
2026-02-28 16:20:29 +0100: Memory Usage (447784K) : Starting ptap derivations
2026-02-28 16:20:29 +0100: Memory Usage (448040K) : Starting ntap derivations
2026-02-28 16:20:29 +0100: Memory Usage (448168K) : Starting pact FET derivations
2026-02-28 16:20:29 +0100: Memory Usage (448168K) : Starting nact FET derivations
2026-02-28 16:20:29 +0100: Memory Usage (448296K) : Starting Gate derivations
2026-02-28 16:20:29 +0100: Memory Usage (448552K) : Starting cont/contbar general derivations
2026-02-28 16:20:29 +0100: Memory Usage (448936K) : Starting pad general derivations
2026-02-28 16:20:29 +0100: Memory Usage (449064K) : Starting IHP-SG13G2 DRC connectivity related derivations.
2026-02-28 16:20:29 +0100: Memory Usage (449832K) : Starting IHP-SG13G2 DRC connectivity setup
2026-02-28 16:20:29 +0100: Memory Usage (450088K) : Starting IHP-SG13G2 DRC rules.
2026-02-28 16:20:29 +0100: Memory Usage (450088K) : Running all FEOL rules
2026-02-28 16:20:29 +0100: Memory Usage (450088K) : Running all BEOL rules
2026-02-28 16:20:29 +0100: Memory Usage (450088K) : Running all PIN rules
2026-02-28 16:20:29 +0100: Memory Usage (450088K) : Running all FORBIDDEN rules
2026-02-28 16:20:29 +0100: Memory Usage (450088K) : Starting 5.1 NWell table
2026-02-28 16:20:29 +0100: Memory Usage (450088K) : Executing rule NW.b
2026-02-28 16:20:29 +0100: Memory Usage (450600K) : Executing rule NW.b1
2026-02-28 16:20:29 +0100: Memory Usage (450600K) : Starting 5.2 PWell:block
2026-02-28 16:20:29 +0100: Memory Usage (450600K) : Executing rule PWB.e
2026-02-28 16:20:29 +0100: Memory Usage (450600K) : Executing rule PWB.e1
2026-02-28 16:20:29 +0100: Memory Usage (450600K) : Executing rule PWB.f
2026-02-28 16:20:29 +0100: Memory Usage (450600K) : Executing rule PWB.f1
2026-02-28 16:20:29 +0100: Memory Usage (450600K) : Starting 5.3 nBuLay table
2026-02-28 16:20:29 +0100: Memory Usage (450600K) : Executing rule NBL.b
2026-02-28 16:20:29 +0100: Memory Usage (450600K) : Executing rule NBL.c
2026-02-28 16:20:29 +0100: Memory Usage (450600K) : Executing rule NBL.d
2026-02-28 16:20:29 +0100: Memory Usage (450600K) : Executing rule NBL.e
2026-02-28 16:20:29 +0100: Memory Usage (450600K) : Executing rule NBL.f
2026-02-28 16:20:29 +0100: Memory Usage (450600K) : Starting 5.5. Activ table
2026-02-28 16:20:29 +0100: Memory Usage (450600K) : Executing rule Act.a
2026-02-28 16:20:29 +0100: Memory Usage (450600K) : Executing rule Act.b
2026-02-28 16:20:29 +0100: Memory Usage (450728K) : Starting 5.6 Activ:filler table
2026-02-28 16:20:29 +0100: Memory Usage (450728K) : Executing rule AFil.c1
2026-02-28 16:20:29 +0100: Memory Usage (450728K) : Executing rule AFil.c
2026-02-28 16:20:29 +0100: Memory Usage (450728K) : Executing rule AFil.d
2026-02-28 16:20:29 +0100: Memory Usage (450728K) : Executing rule AFil.e
2026-02-28 16:20:29 +0100: Memory Usage (450728K) : Executing rule AFil.j
2026-02-28 16:20:29 +0100: Memory Usage (450728K) : Starting 5.7. ThickGateOx table
2026-02-28 16:20:29 +0100: Memory Usage (450728K) : Executing rule TGO.f
2026-02-28 16:20:29 +0100: Memory Usage (450728K) : Starting 5.8. GatPoly table
2026-02-28 16:20:29 +0100: Memory Usage (450728K) : Executing rule Gat.a
2026-02-28 16:20:29 +0100: Memory Usage (450728K) : Executing rule Gat.b
2026-02-28 16:20:29 +0100: Memory Usage (450728K) : Executing rule Gat.d
2026-02-28 16:20:29 +0100: Memory Usage (450728K) : Executing rule Gat.a1
2026-02-28 16:20:29 +0100: Memory Usage (451112K) : Executing rule Gat.a2
2026-02-28 16:20:29 +0100: Memory Usage (451112K) : Executing rule Gat.g
2026-02-28 16:20:29 +0100: Memory Usage (451112K) : Starting 5.9 GatPoly:filler
2026-02-28 16:20:29 +0100: Memory Usage (451112K) : Executing rule GFil.d
2026-02-28 16:20:29 +0100: Memory Usage (451112K) : Executing rule GFil.e
2026-02-28 16:20:29 +0100: Memory Usage (451112K) : Executing rule GFil.i
2026-02-28 16:20:29 +0100: Memory Usage (451112K) : Starting 5.10 pSD table
2026-02-28 16:20:29 +0100: Memory Usage (451112K) : Executing rule pSD.c1
2026-02-28 16:20:29 +0100: Memory Usage (451112K) : Starting 5.14. Cont table
2026-02-28 16:20:29 +0100: Memory Usage (451112K) : Executing rule Cnt.a
2026-02-28 16:20:29 +0100: Memory Usage (451112K) : Executing rule Cnt.b
2026-02-28 16:20:29 +0100: Memory Usage (451112K) : Executing rule Cnt.c
2026-02-28 16:20:29 +0100: Memory Usage (451112K) : Executing rule Cnt.c
2026-02-28 16:20:29 +0100: Memory Usage (451112K) : Executing rule Cnt.d
2026-02-28 16:20:29 +0100: Memory Usage (451112K) : Executing rule Cnt.e
2026-02-28 16:20:29 +0100: Memory Usage (451112K) : Executing rule Cnt.g1
2026-02-28 16:20:29 +0100: Memory Usage (451112K) : Executing rule Cnt.g2
2026-02-28 16:20:29 +0100: Memory Usage (451112K) : Starting 5.15. ContBar table
2026-02-28 16:20:29 +0100: Memory Usage (451112K) : Executing rule CntB.b1
2026-02-28 16:20:29 +0100: Memory Usage (451112K) : Executing rule CntB.h1
2026-02-28 16:20:29 +0100: Memory Usage (451112K) : Starting 6.1.3 NPN Substrate-Tie table
2026-02-28 16:20:29 +0100: Memory Usage (451112K) : Executing rule npn13G2.bR 
2026-02-28 16:20:29 +0100: Memory Usage (451112K) : Executing rule npn13G2L.cR 
2026-02-28 16:20:29 +0100: Memory Usage (451112K) : Executing rule npn13G2V.cR 
2026-02-28 16:20:30 +0100: Memory Usage (451112K) : Starting 6.7 Schottky diode table
2026-02-28 16:20:30 +0100: Memory Usage (451112K) : Executing rule Sdiod.d
2026-02-28 16:20:30 +0100: Memory Usage (451112K) : Executing rule Sdiod.e
2026-02-28 16:20:30 +0100: Memory Usage (451112K) : Starting 7.2 Latch-up table
2026-02-28 16:20:30 +0100: Memory Usage (451112K) : Executing rule LU.b
2026-02-28 16:20:30 +0100: Memory Usage (451112K) : Starting 5.16. Metal1 table
2026-02-28 16:20:30 +0100: Memory Usage (451112K) : Executing rule M1.a
2026-02-28 16:20:30 +0100: Memory Usage (451112K) : Executing rule M1.b
2026-02-28 16:20:30 +0100: Memory Usage (451240K) : Executing rule M1.e
2026-02-28 16:20:30 +0100: Memory Usage (451240K) : Executing rule M1.f
2026-02-28 16:20:30 +0100: Memory Usage (451240K) : Executing rule M1.g
2026-02-28 16:20:30 +0100: Memory Usage (451240K) : Executing rule M1.i
2026-02-28 16:20:30 +0100: Memory Usage (451240K) : Starting 5.17 Metaln table
2026-02-28 16:20:30 +0100: Memory Usage (451240K) : Executing rule M2.a
2026-02-28 16:20:30 +0100: Memory Usage (451240K) : Executing rule M2.b
2026-02-28 16:20:30 +0100: Memory Usage (451240K) : Executing rule M2.e
2026-02-28 16:20:30 +0100: Memory Usage (451240K) : Executing rule M2.f
2026-02-28 16:20:30 +0100: Memory Usage (451240K) : Executing rule M2.g
2026-02-28 16:20:30 +0100: Memory Usage (451240K) : Executing rule M2.i
2026-02-28 16:20:30 +0100: Memory Usage (451240K) : Executing rule M3.a
2026-02-28 16:20:30 +0100: Memory Usage (451240K) : Executing rule M3.b
2026-02-28 16:20:30 +0100: Memory Usage (451240K) : Executing rule M3.e
2026-02-28 16:20:30 +0100: Memory Usage (451240K) : Executing rule M3.f
2026-02-28 16:20:30 +0100: Memory Usage (451240K) : Executing rule M3.g
2026-02-28 16:20:30 +0100: Memory Usage (451240K) : Executing rule M3.i
2026-02-28 16:20:30 +0100: Memory Usage (451240K) : Executing rule M4.a
2026-02-28 16:20:30 +0100: Memory Usage (451240K) : Executing rule M4.b
2026-02-28 16:20:30 +0100: Memory Usage (451240K) : Executing rule M4.e
2026-02-28 16:20:30 +0100: Memory Usage (451240K) : Executing rule M4.f
2026-02-28 16:20:30 +0100: Memory Usage (451240K) : Executing rule M4.g
2026-02-28 16:20:30 +0100: Memory Usage (451240K) : Executing rule M4.i
2026-02-28 16:20:30 +0100: Memory Usage (451240K) : Executing rule M5.a
2026-02-28 16:20:30 +0100: Memory Usage (451240K) : Executing rule M5.b
2026-02-28 16:20:30 +0100: Memory Usage (451240K) : Executing rule M5.e
2026-02-28 16:20:30 +0100: Memory Usage (451240K) : Executing rule M5.f
2026-02-28 16:20:30 +0100: Memory Usage (451240K) : Executing rule M5.g
2026-02-28 16:20:30 +0100: Memory Usage (451240K) : Executing rule M5.i
2026-02-28 16:20:30 +0100: Memory Usage (451240K) : Starting 5.18 Metaln:filler table
2026-02-28 16:20:30 +0100: Memory Usage (451240K) : Executing rule M1Fil.c
2026-02-28 16:20:30 +0100: Memory Usage (451240K) : Executing rule M1Fil.a2
2026-02-28 16:20:30 +0100: Memory Usage (451240K) : Executing rule M2Fil.c
2026-02-28 16:20:30 +0100: Memory Usage (451240K) : Executing rule M2Fil.a2
2026-02-28 16:20:30 +0100: Memory Usage (451240K) : Executing rule M3Fil.c
2026-02-28 16:20:30 +0100: Memory Usage (451240K) : Executing rule M3Fil.a2
2026-02-28 16:20:30 +0100: Memory Usage (451240K) : Executing rule M4Fil.c
2026-02-28 16:20:30 +0100: Memory Usage (451240K) : Executing rule M4Fil.a2
2026-02-28 16:20:30 +0100: Memory Usage (451240K) : Executing rule M5Fil.c
2026-02-28 16:20:30 +0100: Memory Usage (451240K) : Executing rule M5Fil.a2
2026-02-28 16:20:30 +0100: Memory Usage (451240K) : Starting 5.19. Via1 table
2026-02-28 16:20:30 +0100: Memory Usage (451240K) : Starting 5.19. Via1 table derivations
2026-02-28 16:20:30 +0100: Memory Usage (451240K) : Executing rule V1.a
2026-02-28 16:20:30 +0100: Memory Usage (451240K) : Executing rule V1.b
2026-02-28 16:20:30 +0100: Memory Usage (451240K) : Executing rule V1.c
2026-02-28 16:20:30 +0100: Memory Usage (451240K) : Starting 5.20. Vian table
2026-02-28 16:20:30 +0100: Memory Usage (451240K) : Executing rule V2.a
2026-02-28 16:20:30 +0100: Memory Usage (451240K) : Executing rule V2.b
2026-02-28 16:20:30 +0100: Memory Usage (451240K) : Executing rule V2.c
2026-02-28 16:20:30 +0100: Memory Usage (451240K) : Executing rule V3.a
2026-02-28 16:20:31 +0100: Memory Usage (451240K) : Executing rule V3.b
2026-02-28 16:20:31 +0100: Memory Usage (451240K) : Executing rule V3.c
2026-02-28 16:20:31 +0100: Memory Usage (451240K) : Executing rule V4.a
2026-02-28 16:20:31 +0100: Memory Usage (451240K) : Executing rule V4.b
2026-02-28 16:20:31 +0100: Memory Usage (451240K) : Executing rule V4.c
2026-02-28 16:20:31 +0100: Memory Usage (451240K) : Starting 5.21. TopVia1 table
2026-02-28 16:20:31 +0100: Memory Usage (451240K) : Executing rule TV1.a
2026-02-28 16:20:31 +0100: Memory Usage (451240K) : Executing rule TV1.b
2026-02-28 16:20:31 +0100: Memory Usage (451240K) : Executing rule TV1.c
2026-02-28 16:20:31 +0100: Memory Usage (451240K) : Executing rule TV1.d
2026-02-28 16:20:31 +0100: Memory Usage (451240K) : Starting 5.22. TopMetal1 table
2026-02-28 16:20:31 +0100: Memory Usage (451240K) : Executing rule TM1.a
2026-02-28 16:20:31 +0100: Memory Usage (451240K) : Executing rule TM1.b
2026-02-28 16:20:31 +0100: Memory Usage (451240K) : Starting 5.23 TopMetal1:filler table
2026-02-28 16:20:31 +0100: Memory Usage (451240K) : Executing rule TM1Fil.c
2026-02-28 16:20:31 +0100: Memory Usage (451240K) : Executing rule TM1Fil.a1
2026-02-28 16:20:31 +0100: Memory Usage (451240K) : Starting 5.24. TopVia2 table
2026-02-28 16:20:31 +0100: Memory Usage (451240K) : Executing rule TV2.a
2026-02-28 16:20:31 +0100: Memory Usage (451240K) : Executing rule TV2.b
2026-02-28 16:20:31 +0100: Memory Usage (451240K) : Executing rule TV2.c
2026-02-28 16:20:31 +0100: Memory Usage (451240K) : Executing rule TV2.d
2026-02-28 16:20:31 +0100: Memory Usage (451240K) : Starting 5.25. TopMetal2 table
2026-02-28 16:20:31 +0100: Memory Usage (451240K) : Executing rule TM2.a
2026-02-28 16:20:31 +0100: Memory Usage (451240K) : Executing rule TM2.b
2026-02-28 16:20:31 +0100: Memory Usage (451240K) : Executing rule TM2.bR
2026-02-28 16:20:31 +0100: Memory Usage (451240K) : Starting 5.26 TopMetal2:filler table
2026-02-28 16:20:31 +0100: Memory Usage (451240K) : Executing rule TM2Fil.c
2026-02-28 16:20:31 +0100: Memory Usage (451240K) : Executing rule TM2Fil.a1
2026-02-28 16:20:31 +0100: Memory Usage (451240K) : Starting 5.27. Passiv table
2026-02-28 16:20:31 +0100: Memory Usage (451240K) : Executing rule Pas.a
2026-02-28 16:20:31 +0100: Memory Usage (451240K) : Executing rule Pas.b
2026-02-28 16:20:31 +0100: Memory Usage (451240K) : Executing rule Pas.c
2026-02-28 16:20:31 +0100: Memory Usage (451240K) : Starting 6.9.2 Copper Pillar table
2026-02-28 16:20:31 +0100: Memory Usage (451240K) : Executing rule Padc.a
2026-02-28 16:20:31 +0100: Memory Usage (451240K) : Executing rule Padc.b
2026-02-28 16:20:31 +0100: Memory Usage (451240K) : Executing rule Padc.c
2026-02-28 16:20:31 +0100: Memory Usage (451240K) : Executing rule Padb.f
2026-02-28 16:20:31 +0100: Memory Usage (451240K) : Starting 6.9.1 Solder Bump
2026-02-28 16:20:31 +0100: Memory Usage (451240K) : Executing rule Padb.a
2026-02-28 16:20:31 +0100: Memory Usage (451240K) : Executing rule Padb.b
2026-02-28 16:20:31 +0100: Memory Usage (451240K) : Executing rule Padb.c
2026-02-28 16:20:31 +0100: Memory Usage (451240K) : Executing rule Padb.f
2026-02-28 16:20:31 +0100: Memory Usage (451240K) : Executing rule Padb.d
2026-02-28 16:20:31 +0100: Memory Usage (451240K) : Starting 6.10 Sealring table
2026-02-28 16:20:31 +0100: Memory Usage (451240K) : Executing rule Seal.l
2026-02-28 16:20:31 +0100: Memory Usage (451240K) : Executing rule Seal.n
2026-02-28 16:20:31 +0100: Memory Usage (451240K) : Executing rule seal.b_metal1
2026-02-28 16:20:31 +0100: Memory Usage (451240K) : Executing rule seal.b_metal2
2026-02-28 16:20:31 +0100: Memory Usage (451240K) : Executing rule seal.b_metal3
2026-02-28 16:20:31 +0100: Memory Usage (451240K) : Executing rule seal.b_metal4
2026-02-28 16:20:31 +0100: Memory Usage (451240K) : Executing rule seal.b_metal5
2026-02-28 16:20:31 +0100: Memory Usage (451240K) : Executing rule seal.b_topmetal1
2026-02-28 16:20:31 +0100: Memory Usage (451240K) : Executing rule seal.b_topmetal2
2026-02-28 16:20:31 +0100: Memory Usage (451240K) : Executing rule seal.b_activ
2026-02-28 16:20:31 +0100: Memory Usage (451240K) : Executing rule seal.b_psd
2026-02-28 16:20:31 +0100: Memory Usage (451240K) : Executing rule Seal.k
2026-02-28 16:20:31 +0100: Memory Usage (451240K) : Executing rule Seal.m
2026-02-28 16:20:31 +0100: Memory Usage (451240K) : Starting 6.11 MIM table
2026-02-28 16:20:31 +0100: Memory Usage (451240K) : Executing rule MIM.c
2026-02-28 16:20:31 +0100: Memory Usage (451240K) : Executing rule MIM.d
2026-02-28 16:20:31 +0100: Memory Usage (451240K) : Executing rule MIM.gR
2026-02-28 16:20:31 +0100: Memory Usage (451240K) : Starting 7.3 Metal Slits table
2026-02-28 16:20:31 +0100: Memory Usage (451240K) : Executing rule Slt.e1_M1
2026-02-28 16:20:31 +0100: Memory Usage (451240K) : Executing rule Slt.e1_M2
2026-02-28 16:20:31 +0100: Memory Usage (451240K) : Executing rule Slt.e1_M3
2026-02-28 16:20:31 +0100: Memory Usage (451240K) : Executing rule Slt.e1_M4
2026-02-28 16:20:31 +0100: Memory Usage (451240K) : Executing rule Slt.e1_M5
2026-02-28 16:20:31 +0100: Memory Usage (451240K) : Executing rule Slt.e1_TM1
2026-02-28 16:20:31 +0100: Memory Usage (451240K) : Executing rule Slt.e1_TM2
2026-02-28 16:20:31 +0100: Memory Usage (451240K) : Starting 9.1. LBE table
2026-02-28 16:20:31 +0100: Memory Usage (451240K) : Executing rule LBE.a
2026-02-28 16:20:31 +0100: Memory Usage (451240K) : Executing rule LBE.b
2026-02-28 16:20:31 +0100: Memory Usage (451240K) : Executing rule LBE.b1
2026-02-28 16:20:31 +0100: Memory Usage (451240K) : Executing rule LBE.c
2026-02-28 16:20:31 +0100: Memory Usage (451240K) : Executing rule LBE.d
2026-02-28 16:20:31 +0100: Memory Usage (451240K) : Executing rule LBE.h
2026-02-28 16:20:31 +0100: Memory Usage (451240K) : Starting 7.4. PIN table
2026-02-28 16:20:31 +0100: Memory Usage (451240K) : Executing rule Pin.a
2026-02-28 16:20:31 +0100: Memory Usage (451240K) : Executing rule Pin.b
2026-02-28 16:20:31 +0100: Memory Usage (451240K) : Executing rule Pin.e
2026-02-28 16:20:31 +0100: Memory Usage (451240K) : Executing rule Pin.f_M2
2026-02-28 16:20:31 +0100: Memory Usage (451240K) : Executing rule Pin.f_M3
2026-02-28 16:20:31 +0100: Memory Usage (451240K) : Executing rule Pin.f_M4
2026-02-28 16:20:31 +0100: Memory Usage (451240K) : Executing rule Pin.f_M5
2026-02-28 16:20:31 +0100: Memory Usage (451240K) : Executing rule Pin.g
2026-02-28 16:20:31 +0100: Memory Usage (451240K) : Executing rule Pin.h
2026-02-28 16:20:31 +0100: Memory Usage (451240K) : Starting 3.2. FORBIDDEN table
2026-02-28 16:20:31 +0100: Memory Usage (451240K) : Executing rule forbidden.biwind
2026-02-28 16:20:31 +0100: Memory Usage (451240K) : Executing rule forbidden.pemwind
2026-02-28 16:20:31 +0100: Memory Usage (451240K) : Executing rule forbidden.baspoly
2026-02-28 16:20:31 +0100: Memory Usage (451240K) : Executing rule forbidden.deepco
2026-02-28 16:20:31 +0100: Memory Usage (451240K) : Executing rule forbidden.pempoly
2026-02-28 16:20:31 +0100: Memory Usage (451240K) : Executing rule forbidden.empoly
2026-02-28 16:20:31 +0100: Memory Usage (451240K) : Executing rule forbidden.ldmos
2026-02-28 16:20:31 +0100: Memory Usage (451240K) : Executing rule forbidden.pbiwind
2026-02-28 16:20:31 +0100: Memory Usage (451240K) : Executing rule forbidden.nodrc
2026-02-28 16:20:31 +0100: Memory Usage (451240K) : Executing rule forbidden.flash
2026-02-28 16:20:31 +0100: Memory Usage (451240K) : Executing rule forbidden.colwind
2026-02-28 16:20:31 +0100: Memory Usage (451240K) : KLayout DRC run for tables 'main' completed in 2.5 seconds
