# Logfile created on 2026-02-28 16:27:38 +0100 by logger.rb/v1.4.3
2026-02-28 16:27:38 +0100: Memory Usage (428172K) : Starting running IHP-SG13G2 KLayout DRC runset on /home/designer/shared/IHP-AnalogAcademy/modules/module_3_8_bit_SAR_ADC/part_5_analog_layout/sar_logic/sar_logic.gds
2026-02-28 16:27:38 +0100: Memory Usage (428172K) : Ruby Version for klayout: 3.0.2
2026-02-28 16:27:38 +0100: Memory Usage (429452K) : Loading database to memory is complete.
2026-02-28 16:27:38 +0100: Memory Usage (429452K) : IHP-SG13G2 KLayout DRC runset output at: /home/designer/shared/IHP-AnalogAcademy/modules/module_3_8_bit_SAR_ADC/part_5_analog_layout/sar_logic/drc_run_sar_logic/sar_logic_sar_logic_main.lyrdb
2026-02-28 16:27:38 +0100: Memory Usage (429452K) : Evaluate switches.
2026-02-28 16:27:38 +0100: Memory Usage (429452K) : tables selected: main
2026-02-28 16:27:38 +0100: Memory Usage (429452K) : KLayout will use 1 thread(s) in tiling mode.
2026-02-28 16:27:38 +0100: Memory Usage (429452K) : deep mode is enabled.
2026-02-28 16:27:38 +0100: Memory Usage (429452K) : FEOL enabled: true
2026-02-28 16:27:38 +0100: Memory Usage (429452K) : BEOL enabled: true
2026-02-28 16:27:38 +0100: Memory Usage (429452K) : OFFGRID enabled: true
2026-02-28 16:27:38 +0100: Memory Usage (429452K) : PIN enabled: true
2026-02-28 16:27:38 +0100: Memory Usage (429452K) : FORBIDDEN enabled: true
2026-02-28 16:27:38 +0100: Memory Usage (429452K) : RECOMMENDED enabled: false
2026-02-28 16:27:38 +0100: Memory Usage (429452K) : PreCheck DRC enabled: false
2026-02-28 16:27:38 +0100: Memory Usage (429452K) : CONNECTIVITY_RULES enabled: true.
2026-02-28 16:27:38 +0100: Memory Usage (429452K) : Read in polygons from layers.
2026-02-28 16:27:38 +0100: Memory Usage (430604K) : activ_drw has 2187 polygons
2026-02-28 16:27:38 +0100: Memory Usage (430604K) : activ_pin has 0 polygons
2026-02-28 16:27:38 +0100: Memory Usage (430604K) : activ_mask has 0 polygons
2026-02-28 16:27:38 +0100: Memory Usage (430604K) : activ_filler has 0 polygons
2026-02-28 16:27:38 +0100: Memory Usage (430604K) : activ_nofill has 0 polygons
2026-02-28 16:27:38 +0100: Memory Usage (430604K) : activ_opc has 0 polygons
2026-02-28 16:27:38 +0100: Memory Usage (430604K) : activ_iopc has 0 polygons
2026-02-28 16:27:38 +0100: Memory Usage (430604K) : activ_noqrc has 0 polygons
2026-02-28 16:27:38 +0100: Memory Usage (430604K) : biwind_drw has 0 polygons
2026-02-28 16:27:38 +0100: Memory Usage (430604K) : biwind_opc has 0 polygons
2026-02-28 16:27:38 +0100: Memory Usage (430604K) : pemwind_drw has 0 polygons
2026-02-28 16:27:38 +0100: Memory Usage (430604K) : gatpoly_drw has 2043 polygons
2026-02-28 16:27:38 +0100: Memory Usage (430604K) : gatpoly_pin has 0 polygons
2026-02-28 16:27:38 +0100: Memory Usage (430604K) : gatpoly_filler has 0 polygons
2026-02-28 16:27:38 +0100: Memory Usage (430604K) : gatpoly_nofill has 0 polygons
2026-02-28 16:27:38 +0100: Memory Usage (430604K) : gatpoly_opc has 0 polygons
2026-02-28 16:27:38 +0100: Memory Usage (430604K) : gatpoly_iopc has 0 polygons
2026-02-28 16:27:38 +0100: Memory Usage (430604K) : gatpoly_noqrc has 0 polygons
2026-02-28 16:27:38 +0100: Memory Usage (430732K) : cont_drw has 16018 polygons
2026-02-28 16:27:38 +0100: Memory Usage (430732K) : cont_opc has 0 polygons
2026-02-28 16:27:38 +0100: Memory Usage (430732K) : nsd_drw has 0 polygons
2026-02-28 16:27:38 +0100: Memory Usage (430732K) : nsd_block has 0 polygons
2026-02-28 16:27:38 +0100: Memory Usage (430860K) : metal1_drw has 4012 polygons
2026-02-28 16:27:38 +0100: Memory Usage (430860K) : metal1_pin has 1634 polygons
2026-02-28 16:27:38 +0100: Memory Usage (430860K) : metal1_mask has 0 polygons
2026-02-28 16:27:38 +0100: Memory Usage (430988K) : metal1_filler has 0 polygons
2026-02-28 16:27:38 +0100: Memory Usage (431116K) : metal1_nofill has 0 polygons
2026-02-28 16:27:38 +0100: Memory Usage (431116K) : metal1_slit has 0 polygons
2026-02-28 16:27:38 +0100: Memory Usage (431244K) : metal1_text has 1602 polygons
2026-02-28 16:27:38 +0100: Memory Usage (431244K) : metal1_opc has 0 polygons
2026-02-28 16:27:38 +0100: Memory Usage (431244K) : metal1_noqrc has 0 polygons
2026-02-28 16:27:38 +0100: Memory Usage (431372K) : metal1_res has 0 polygons
2026-02-28 16:27:38 +0100: Memory Usage (431372K) : metal1_iprobe has 0 polygons
2026-02-28 16:27:38 +0100: Memory Usage (431372K) : metal1_diffprb has 0 polygons
2026-02-28 16:27:38 +0100: Memory Usage (431500K) : passiv_drw has 0 polygons
2026-02-28 16:27:38 +0100: Memory Usage (431500K) : passiv_pin has 0 polygons
2026-02-28 16:27:38 +0100: Memory Usage (431500K) : passiv_sbump has 0 polygons
2026-02-28 16:27:38 +0100: Memory Usage (431628K) : passiv_pillar has 0 polygons
2026-02-28 16:27:38 +0100: Memory Usage (431628K) : passiv_pdl has 0 polygons
2026-02-28 16:27:38 +0100: Memory Usage (431628K) : metal2_drw has 2239 polygons
2026-02-28 16:27:38 +0100: Memory Usage (431756K) : metal2_pin has 11 polygons
2026-02-28 16:27:38 +0100: Memory Usage (431756K) : metal2_mask has 0 polygons
2026-02-28 16:27:38 +0100: Memory Usage (431756K) : metal2_filler has 0 polygons
2026-02-28 16:27:38 +0100: Memory Usage (431884K) : metal2_nofill has 0 polygons
2026-02-28 16:27:38 +0100: Memory Usage (431884K) : metal2_slit has 0 polygons
2026-02-28 16:27:38 +0100: Memory Usage (431884K) : metal2_text has 11 polygons
2026-02-28 16:27:38 +0100: Memory Usage (431884K) : metal2_opc has 0 polygons
2026-02-28 16:27:38 +0100: Memory Usage (432012K) : metal2_noqrc has 0 polygons
2026-02-28 16:27:38 +0100: Memory Usage (432012K) : metal2_res has 0 polygons
2026-02-28 16:27:38 +0100: Memory Usage (432012K) : metal2_iprobe has 0 polygons
2026-02-28 16:27:38 +0100: Memory Usage (432012K) : metal2_diffprb has 0 polygons
2026-02-28 16:27:38 +0100: Memory Usage (432140K) : baspoly_drw has 0 polygons
2026-02-28 16:27:38 +0100: Memory Usage (432140K) : baspoly_pin has 0 polygons
2026-02-28 16:27:38 +0100: Memory Usage (432140K) : psd_drw has 981 polygons
2026-02-28 16:27:38 +0100: Memory Usage (432268K) : nldb_drw has 0 polygons
2026-02-28 16:27:38 +0100: Memory Usage (432268K) : digibnd_drw has 0 polygons
2026-02-28 16:27:38 +0100: Memory Usage (432268K) : via1_drw has 738 polygons
2026-02-28 16:27:38 +0100: Memory Usage (432396K) : backmetal1_drw has 0 polygons
2026-02-28 16:27:38 +0100: Memory Usage (432396K) : backmetal1_pin has 0 polygons
2026-02-28 16:27:38 +0100: Memory Usage (432396K) : backmetal1_mask has 0 polygons
2026-02-28 16:27:38 +0100: Memory Usage (432524K) : backmetal1_filler has 0 polygons
2026-02-28 16:27:38 +0100: Memory Usage (432524K) : backmetal1_nofill has 0 polygons
2026-02-28 16:27:38 +0100: Memory Usage (432524K) : backmetal1_slit has 0 polygons
2026-02-28 16:27:38 +0100: Memory Usage (432652K) : backmetal1_text has 0 polygons
2026-02-28 16:27:38 +0100: Memory Usage (432652K) : backmetal1_opc has 0 polygons
2026-02-28 16:27:38 +0100: Memory Usage (432652K) : backmetal1_noqrc has 0 polygons
2026-02-28 16:27:38 +0100: Memory Usage (432780K) : backmetal1_res has 0 polygons
2026-02-28 16:27:38 +0100: Memory Usage (432780K) : backmetal1_iprobe has 0 polygons
2026-02-28 16:27:38 +0100: Memory Usage (432780K) : backmetal1_diffprb has 0 polygons
2026-02-28 16:27:38 +0100: Memory Usage (432908K) : backpassiv_drw has 0 polygons
2026-02-28 16:27:38 +0100: Memory Usage (432908K) : res_drw has 0 polygons
2026-02-28 16:27:38 +0100: Memory Usage (432908K) : sram_drw has 0 polygons
2026-02-28 16:27:38 +0100: Memory Usage (433036K) : trans_drw has 0 polygons
2026-02-28 16:27:38 +0100: Memory Usage (433036K) : ind_drw has 0 polygons
2026-02-28 16:27:38 +0100: Memory Usage (433164K) : ind_pin has 0 polygons
2026-02-28 16:27:38 +0100: Memory Usage (433164K) : ind_text has 0 polygons
2026-02-28 16:27:38 +0100: Memory Usage (433164K) : salblock_drw has 0 polygons
2026-02-28 16:27:38 +0100: Memory Usage (433292K) : via2_drw has 637 polygons
2026-02-28 16:27:38 +0100: Memory Usage (433292K) : metal3_drw has 979 polygons
2026-02-28 16:27:38 +0100: Memory Usage (433420K) : metal3_pin has 16 polygons
2026-02-28 16:27:38 +0100: Memory Usage (433420K) : metal3_mask has 0 polygons
2026-02-28 16:27:38 +0100: Memory Usage (433548K) : metal3_filler has 0 polygons
2026-02-28 16:27:38 +0100: Memory Usage (433548K) : metal3_nofill has 0 polygons
2026-02-28 16:27:38 +0100: Memory Usage (433548K) : metal3_slit has 0 polygons
2026-02-28 16:27:38 +0100: Memory Usage (433676K) : metal3_text has 16 polygons
2026-02-28 16:27:38 +0100: Memory Usage (433676K) : metal3_opc has 0 polygons
2026-02-28 16:27:38 +0100: Memory Usage (433804K) : metal3_noqrc has 0 polygons
2026-02-28 16:27:38 +0100: Memory Usage (433804K) : metal3_res has 0 polygons
2026-02-28 16:27:38 +0100: Memory Usage (433932K) : metal3_iprobe has 0 polygons
2026-02-28 16:27:38 +0100: Memory Usage (433932K) : metal3_diffprb has 0 polygons
2026-02-28 16:27:38 +0100: Memory Usage (433932K) : nwell_drw has 488 polygons
2026-02-28 16:27:38 +0100: Memory Usage (434060K) : nwell_pin has 0 polygons
2026-02-28 16:27:38 +0100: Memory Usage (434060K) : nbulay_drw has 0 polygons
2026-02-28 16:27:38 +0100: Memory Usage (434060K) : nbulay_pin has 0 polygons
2026-02-28 16:27:38 +0100: Memory Usage (434188K) : nbulay_block has 0 polygons
2026-02-28 16:27:38 +0100: Memory Usage (434188K) : emwind_drw has 0 polygons
2026-02-28 16:27:38 +0100: Memory Usage (434188K) : emwind_opc has 0 polygons
2026-02-28 16:27:38 +0100: Memory Usage (434188K) : deepco_drw has 0 polygons
2026-02-28 16:27:38 +0100: Memory Usage (434316K) : deepco_drw has 0 polygons
2026-02-28 16:27:38 +0100: Memory Usage (434316K) : mim_drw has 0 polygons
2026-02-28 16:27:38 +0100: Memory Usage (434444K) : edgeseal_drw has 0 polygons
2026-02-28 16:27:38 +0100: Memory Usage (434444K) : edgeseal_bound has 0 polygons
2026-02-28 16:27:38 +0100: Memory Usage (434572K) : substrate_drw has 0 polygons
2026-02-28 16:27:38 +0100: Memory Usage (434572K) : substrate_text has 0 polygons
2026-02-28 16:27:38 +0100: Memory Usage (434572K) : dfpad_drw has 0 polygons
2026-02-28 16:27:38 +0100: Memory Usage (434700K) : dfpad_pillar has 0 polygons
2026-02-28 16:27:38 +0100: Memory Usage (434700K) : dfpad_sbump has 0 polygons
2026-02-28 16:27:38 +0100: Memory Usage (434828K) : thickgateox_drw has 0 polygons
2026-02-28 16:27:38 +0100: Memory Usage (434828K) : pldb_drw has 0 polygons
2026-02-28 16:27:38 +0100: Memory Usage (434956K) : pwell_drw has 0 polygons
2026-02-28 16:27:38 +0100: Memory Usage (434956K) : pwell_pin has 0 polygons
2026-02-28 16:27:38 +0100: Memory Usage (434956K) : pwell_block has 0 polygons
2026-02-28 16:27:38 +0100: Memory Usage (435084K) : ic_drw has 0 polygons
2026-02-28 16:27:38 +0100: Memory Usage (435084K) : via3_drw has 124 polygons
2026-02-28 16:27:38 +0100: Memory Usage (435212K) : metal4_drw has 71 polygons
2026-02-28 16:27:38 +0100: Memory Usage (435212K) : metal4_pin has 0 polygons
2026-02-28 16:27:38 +0100: Memory Usage (435212K) : metal4_mask has 0 polygons
2026-02-28 16:27:38 +0100: Memory Usage (435340K) : metal4_filler has 0 polygons
2026-02-28 16:27:38 +0100: Memory Usage (435340K) : metal4_nofill has 0 polygons
2026-02-28 16:27:38 +0100: Memory Usage (435340K) : metal4_slit has 0 polygons
2026-02-28 16:27:38 +0100: Memory Usage (435468K) : metal4_text has 0 polygons
2026-02-28 16:27:38 +0100: Memory Usage (435468K) : metal4_opc has 0 polygons
2026-02-28 16:27:38 +0100: Memory Usage (435468K) : metal4_noqrc has 0 polygons
2026-02-28 16:27:38 +0100: Memory Usage (435596K) : metal4_res has 0 polygons
2026-02-28 16:27:38 +0100: Memory Usage (435596K) : metal4_iprobe has 0 polygons
2026-02-28 16:27:38 +0100: Memory Usage (435724K) : metal4_diffprb has 0 polygons
2026-02-28 16:27:38 +0100: Memory Usage (435724K) : heattrans_drw has 0 polygons
2026-02-28 16:27:38 +0100: Memory Usage (435724K) : heatres_drw has 0 polygons
2026-02-28 16:27:38 +0100: Memory Usage (435852K) : pempoly_drw has 0 polygons
2026-02-28 16:27:38 +0100: Memory Usage (435852K) : fbe_drw has 0 polygons
2026-02-28 16:27:38 +0100: Memory Usage (435980K) : empoly_drw has 0 polygons
2026-02-28 16:27:38 +0100: Memory Usage (435980K) : ldmos_drw has 0 polygons
2026-02-28 16:27:38 +0100: Memory Usage (436108K) : pbiwind_drw has 0 polygons
2026-02-28 16:27:38 +0100: Memory Usage (436108K) : digisub_drw has 0 polygons
2026-02-28 16:27:38 +0100: Memory Usage (436108K) : nodrc_drw has 0 polygons
2026-02-28 16:27:38 +0100: Memory Usage (436236K) : text_drw has 0 polygons
2026-02-28 16:27:38 +0100: Memory Usage (436236K) : via4_drw has 105 polygons
2026-02-28 16:27:38 +0100: Memory Usage (436364K) : metal5_drw has 63 polygons
2026-02-28 16:27:38 +0100: Memory Usage (436364K) : metal5_pin has 0 polygons
2026-02-28 16:27:38 +0100: Memory Usage (436492K) : metal5_mask has 0 polygons
2026-02-28 16:27:38 +0100: Memory Usage (436492K) : metal5_filler has 0 polygons
2026-02-28 16:27:38 +0100: Memory Usage (436492K) : metal5_nofill has 0 polygons
2026-02-28 16:27:38 +0100: Memory Usage (436492K) : metal5_slit has 0 polygons
2026-02-28 16:27:38 +0100: Memory Usage (436620K) : metal5_text has 0 polygons
2026-02-28 16:27:38 +0100: Memory Usage (436620K) : metal5_opc has 0 polygons
2026-02-28 16:27:38 +0100: Memory Usage (436620K) : metal5_noqrc has 0 polygons
2026-02-28 16:27:38 +0100: Memory Usage (436748K) : metal5_res has 0 polygons
2026-02-28 16:27:38 +0100: Memory Usage (436748K) : metal5_iprobe has 0 polygons
2026-02-28 16:27:38 +0100: Memory Usage (436876K) : metal5_diffprb has 0 polygons
2026-02-28 16:27:38 +0100: Memory Usage (436876K) : radhard_drw has 0 polygons
2026-02-28 16:27:38 +0100: Memory Usage (436876K) : memcap_drw has 0 polygons
2026-02-28 16:27:38 +0100: Memory Usage (437004K) : varicap_drw has 0 polygons
2026-02-28 16:27:38 +0100: Memory Usage (437004K) : flash_drw has 0 polygons
2026-02-28 16:27:38 +0100: Memory Usage (437132K) : intbondvia_drw has 0 polygons
2026-02-28 16:27:38 +0100: Memory Usage (437132K) : intbondmet_drw has 0 polygons
2026-02-28 16:27:38 +0100: Memory Usage (437260K) : devbondvia_drw has 0 polygons
2026-02-28 16:27:38 +0100: Memory Usage (437260K) : devbondmet_drw has 0 polygons
2026-02-28 16:27:38 +0100: Memory Usage (437260K) : devtrench_drw has 0 polygons
2026-02-28 16:27:38 +0100: Memory Usage (437388K) : redist_drw has 0 polygons
2026-02-28 16:27:38 +0100: Memory Usage (437388K) : graphbot_drw has 0 polygons
2026-02-28 16:27:38 +0100: Memory Usage (437516K) : graphtop_drw has 0 polygons
2026-02-28 16:27:38 +0100: Memory Usage (437516K) : antvia1_drw has 0 polygons
2026-02-28 16:27:38 +0100: Memory Usage (437644K) : antmetal2_drw has 0 polygons
2026-02-28 16:27:38 +0100: Memory Usage (437644K) : graphcont_drw has 0 polygons
2026-02-28 16:27:38 +0100: Memory Usage (437644K) : siwg_drw has 0 polygons
2026-02-28 16:27:38 +0100: Memory Usage (437772K) : siwg_filler has 0 polygons
2026-02-28 16:27:38 +0100: Memory Usage (437772K) : siwg_nofill has 0 polygons
2026-02-28 16:27:38 +0100: Memory Usage (437772K) : sigrating_drw has 0 polygons
2026-02-28 16:27:38 +0100: Memory Usage (437772K) : singrating_drw has 0 polygons
2026-02-28 16:27:38 +0100: Memory Usage (437900K) : graphpas_drw has 0 polygons
2026-02-28 16:27:38 +0100: Memory Usage (437900K) : emwind3_drw has 0 polygons
2026-02-28 16:27:38 +0100: Memory Usage (437900K) : emwihv3_drw has 0 polygons
2026-02-28 16:27:38 +0100: Memory Usage (438028K) : redbulay_drw has 0 polygons
2026-02-28 16:27:38 +0100: Memory Usage (438028K) : smos_drw has 0 polygons
2026-02-28 16:27:38 +0100: Memory Usage (438156K) : graphpad_drw has 0 polygons
2026-02-28 16:27:38 +0100: Memory Usage (438156K) : polimide_drw has 0 polygons
2026-02-28 16:27:38 +0100: Memory Usage (438284K) : polimide_pin has 0 polygons
2026-02-28 16:27:38 +0100: Memory Usage (438284K) : recog_drw has 0 polygons
2026-02-28 16:27:38 +0100: Memory Usage (438284K) : recog_pin has 0 polygons
2026-02-28 16:27:38 +0100: Memory Usage (438412K) : recog_esd has 0 polygons
2026-02-28 16:27:38 +0100: Memory Usage (438412K) : recog_diode has 0 polygons
2026-02-28 16:27:38 +0100: Memory Usage (438540K) : recog_tsv has 0 polygons
2026-02-28 16:27:38 +0100: Memory Usage (438540K) : recog_iprobe has 0 polygons
2026-02-28 16:27:38 +0100: Memory Usage (438540K) : recog_diffprb has 0 polygons
2026-02-28 16:27:38 +0100: Memory Usage (438668K) : recog_pillar has 0 polygons
2026-02-28 16:27:38 +0100: Memory Usage (438668K) : recog_sbump has 0 polygons
2026-02-28 16:27:38 +0100: Memory Usage (438796K) : recog_otp has 0 polygons
2026-02-28 16:27:38 +0100: Memory Usage (438796K) : recog_pdiode has 0 polygons
2026-02-28 16:27:38 +0100: Memory Usage (438924K) : recog_mom has 0 polygons
2026-02-28 16:27:38 +0100: Memory Usage (438924K) : recog_pcm has 0 polygons
2026-02-28 16:27:38 +0100: Memory Usage (438924K) : colopen_drw has 0 polygons
2026-02-28 16:27:38 +0100: Memory Usage (439052K) : graphmetal1_drw has 0 polygons
2026-02-28 16:27:38 +0100: Memory Usage (439052K) : graphmetal1_filler has 0 polygons
2026-02-28 16:27:38 +0100: Memory Usage (439180K) : graphmetal1_nofill has 0 polygons
2026-02-28 16:27:38 +0100: Memory Usage (439180K) : graphmetal1_slit has 0 polygons
2026-02-28 16:27:38 +0100: Memory Usage (439180K) : graphmetal1_opc has 0 polygons
2026-02-28 16:27:38 +0100: Memory Usage (439308K) : graphmet1l_drw has 0 polygons
2026-02-28 16:27:38 +0100: Memory Usage (439308K) : graphmet1l_filler has 0 polygons
2026-02-28 16:27:38 +0100: Memory Usage (439436K) : graphmet1l_nofill has 0 polygons
2026-02-28 16:27:38 +0100: Memory Usage (439436K) : graphmet1l_slit has 0 polygons
2026-02-28 16:27:38 +0100: Memory Usage (439564K) : graphmet1l_opc has 0 polygons
2026-02-28 16:27:38 +0100: Memory Usage (439564K) : extblock_drw has 0 polygons
2026-02-28 16:27:38 +0100: Memory Usage (439564K) : nldd_drw has 0 polygons
2026-02-28 16:27:38 +0100: Memory Usage (439692K) : pldd_drw has 0 polygons
2026-02-28 16:27:38 +0100: Memory Usage (439692K) : next_drw has 0 polygons
2026-02-28 16:27:38 +0100: Memory Usage (439820K) : pext_drw has 0 polygons
2026-02-28 16:27:38 +0100: Memory Usage (439820K) : nexthv_drw has 0 polygons
2026-02-28 16:27:38 +0100: Memory Usage (439948K) : pexthv_drw has 0 polygons
2026-02-28 16:27:38 +0100: Memory Usage (439948K) : graphgate_drw has 0 polygons
2026-02-28 16:27:38 +0100: Memory Usage (439948K) : sinwg_drw has 0 polygons
2026-02-28 16:27:38 +0100: Memory Usage (440076K) : sinwg_filler has 0 polygons
2026-02-28 16:27:38 +0100: Memory Usage (440076K) : sinwg_nofill has 0 polygons
2026-02-28 16:27:38 +0100: Memory Usage (440204K) : mempad_drw has 0 polygons
2026-02-28 16:27:38 +0100: Memory Usage (440204K) : topvia1_drw has 42 polygons
2026-02-28 16:27:38 +0100: Memory Usage (440332K) : topmetal1_drw has 27 polygons
2026-02-28 16:27:38 +0100: Memory Usage (440332K) : topmetal1_pin has 2 polygons
2026-02-28 16:27:38 +0100: Memory Usage (440332K) : topmetal1_mask has 0 polygons
2026-02-28 16:27:38 +0100: Memory Usage (440460K) : topmetal1_filler has 0 polygons
2026-02-28 16:27:38 +0100: Memory Usage (440460K) : topmetal1_nofill has 0 polygons
2026-02-28 16:27:38 +0100: Memory Usage (440588K) : topmetal1_slit has 0 polygons
2026-02-28 16:27:38 +0100: Memory Usage (440588K) : topmetal1_text has 2 polygons
2026-02-28 16:27:38 +0100: Memory Usage (440716K) : topmetal1_noqrc has 0 polygons
2026-02-28 16:27:38 +0100: Memory Usage (440716K) : topmetal1_res has 0 polygons
2026-02-28 16:27:38 +0100: Memory Usage (440716K) : topmetal1_iprobe has 0 polygons
2026-02-28 16:27:38 +0100: Memory Usage (440844K) : topmetal1_diffprb has 0 polygons
2026-02-28 16:27:38 +0100: Memory Usage (440844K) : inldpwl_drw has 0 polygons
2026-02-28 16:27:38 +0100: Memory Usage (440972K) : polyres_drw has 0 polygons
2026-02-28 16:27:38 +0100: Memory Usage (440972K) : polyres_pin has 0 polygons
2026-02-28 16:27:38 +0100: Memory Usage (440972K) : vmim_drw has 0 polygons
2026-02-28 16:27:38 +0100: Memory Usage (441100K) : nbulaycut_drw has 0 polygons
2026-02-28 16:27:38 +0100: Memory Usage (441100K) : antmetal1_drw has 0 polygons
2026-02-28 16:27:38 +0100: Memory Usage (441228K) : topvia2_drw has 2 polygons
2026-02-28 16:27:38 +0100: Memory Usage (441228K) : topmetal2_drw has 6 polygons
2026-02-28 16:27:38 +0100: Memory Usage (441228K) : topmetal2_pin has 2 polygons
2026-02-28 16:27:38 +0100: Memory Usage (441356K) : topmetal2_mask has 0 polygons
2026-02-28 16:27:38 +0100: Memory Usage (441356K) : topmetal2_filler has 0 polygons
2026-02-28 16:27:38 +0100: Memory Usage (441484K) : topmetal2_nofill has 0 polygons
2026-02-28 16:27:38 +0100: Memory Usage (441484K) : topmetal2_slit has 0 polygons
2026-02-28 16:27:38 +0100: Memory Usage (441612K) : topmetal2_text has 2 polygons
2026-02-28 16:27:38 +0100: Memory Usage (441612K) : topmetal2_noqrc has 0 polygons
2026-02-28 16:27:38 +0100: Memory Usage (441612K) : topmetal2_res has 0 polygons
2026-02-28 16:27:38 +0100: Memory Usage (441740K) : topmetal2_iprobe has 0 polygons
2026-02-28 16:27:38 +0100: Memory Usage (441740K) : topmetal2_diffprb has 0 polygons
2026-02-28 16:27:38 +0100: Memory Usage (441868K) : snsring_drw has 0 polygons
2026-02-28 16:27:38 +0100: Memory Usage (441868K) : sensor_drw has 0 polygons
2026-02-28 16:27:38 +0100: Memory Usage (441996K) : snsarms_drw has 0 polygons
2026-02-28 16:27:38 +0100: Memory Usage (441996K) : snscmosvia_drw has 0 polygons
2026-02-28 16:27:38 +0100: Memory Usage (441996K) : colwind_drw has 0 polygons
2026-02-28 16:27:38 +0100: Memory Usage (442124K) : flm_drw has 0 polygons
2026-02-28 16:27:38 +0100: Memory Usage (442124K) : hafniumox_drw has 0 polygons
2026-02-28 16:27:38 +0100: Memory Usage (442252K) : memvia_drw has 0 polygons
2026-02-28 16:27:38 +0100: Memory Usage (442252K) : thinfilmres_drw has 0 polygons
2026-02-28 16:27:38 +0100: Memory Usage (442380K) : rfmem_drw has 0 polygons
2026-02-28 16:27:38 +0100: Memory Usage (442380K) : norcx_drw has 0 polygons
2026-02-28 16:27:38 +0100: Memory Usage (442380K) : norcx_m2m3 has 0 polygons
2026-02-28 16:27:38 +0100: Memory Usage (442508K) : norcx_m2m4 has 0 polygons
2026-02-28 16:27:38 +0100: Memory Usage (442508K) : norcx_m2m5 has 0 polygons
2026-02-28 16:27:38 +0100: Memory Usage (442636K) : norcx_m2tm1 has 0 polygons
2026-02-28 16:27:38 +0100: Memory Usage (442636K) : norcx_m2tm2 has 0 polygons
2026-02-28 16:27:38 +0100: Memory Usage (442636K) : norcx_m3m4 has 0 polygons
2026-02-28 16:27:38 +0100: Memory Usage (442636K) : norcx_m3m5 has 0 polygons
2026-02-28 16:27:38 +0100: Memory Usage (442636K) : norcx_m3tm1 has 0 polygons
2026-02-28 16:27:38 +0100: Memory Usage (442636K) : norcx_m3tm2 has 0 polygons
2026-02-28 16:27:38 +0100: Memory Usage (442636K) : norcx_m4m5 has 0 polygons
2026-02-28 16:27:38 +0100: Memory Usage (442764K) : norcx_m4tm1 has 0 polygons
2026-02-28 16:27:38 +0100: Memory Usage (442764K) : norcx_m4tm2 has 0 polygons
2026-02-28 16:27:38 +0100: Memory Usage (442764K) : norcx_m5tm1 has 0 polygons
2026-02-28 16:27:38 +0100: Memory Usage (442892K) : norcx_m5tm2 has 0 polygons
2026-02-28 16:27:38 +0100: Memory Usage (442892K) : norcx_tm1tm2 has 0 polygons
2026-02-28 16:27:38 +0100: Memory Usage (443020K) : norcx_m1sub has 0 polygons
2026-02-28 16:27:38 +0100: Memory Usage (443020K) : norcx_m2sub has 0 polygons
2026-02-28 16:27:38 +0100: Memory Usage (443148K) : norcx_m3sub has 0 polygons
2026-02-28 16:27:38 +0100: Memory Usage (443148K) : norcx_m4sub has 0 polygons
2026-02-28 16:27:38 +0100: Memory Usage (443148K) : norcx_m5sub has 0 polygons
2026-02-28 16:27:38 +0100: Memory Usage (443276K) : norcx_tm1sub has 0 polygons
2026-02-28 16:27:38 +0100: Memory Usage (443276K) : norcx_tm2sub has 0 polygons
2026-02-28 16:27:38 +0100: Memory Usage (443404K) : snsbotvia_drw has 0 polygons
2026-02-28 16:27:38 +0100: Memory Usage (443404K) : snstopvia_drw has 0 polygons
2026-02-28 16:27:38 +0100: Memory Usage (443532K) : deepvia_drw has 0 polygons
2026-02-28 16:27:38 +0100: Memory Usage (443532K) : fgetch_drw has 0 polygons
2026-02-28 16:27:38 +0100: Memory Usage (443532K) : ctrgat_drw has 0 polygons
2026-02-28 16:27:38 +0100: Memory Usage (443660K) : fgimp_drw has 0 polygons
2026-02-28 16:27:38 +0100: Memory Usage (443660K) : emwihv_drw has 0 polygons
2026-02-28 16:27:38 +0100: Memory Usage (443660K) : lbe_drw has 0 polygons
2026-02-28 16:27:38 +0100: Memory Usage (443788K) : alcustop_drw has 0 polygons
2026-02-28 16:27:38 +0100: Memory Usage (443788K) : nometfiller_drw has 0 polygons
2026-02-28 16:27:38 +0100: Memory Usage (443788K) : prboundary_drw has 0 polygons
2026-02-28 16:27:38 +0100: Memory Usage (443916K) : exchange0_drw has 0 polygons
2026-02-28 16:27:38 +0100: Memory Usage (443916K) : exchange0_pin has 0 polygons
2026-02-28 16:27:38 +0100: Memory Usage (444044K) : exchange0_text has 0 polygons
2026-02-28 16:27:38 +0100: Memory Usage (444044K) : exchange1_drw has 0 polygons
2026-02-28 16:27:38 +0100: Memory Usage (444172K) : exchange1_pin has 0 polygons
2026-02-28 16:27:38 +0100: Memory Usage (444172K) : exchange1_text has 0 polygons
2026-02-28 16:27:38 +0100: Memory Usage (444172K) : exchange2_drw has 0 polygons
2026-02-28 16:27:38 +0100: Memory Usage (444300K) : exchange2_pin has 0 polygons
2026-02-28 16:27:38 +0100: Memory Usage (444300K) : exchange2_text has 0 polygons
2026-02-28 16:27:38 +0100: Memory Usage (444428K) : exchange3_drw has 0 polygons
2026-02-28 16:27:38 +0100: Memory Usage (444428K) : exchange3_pin has 0 polygons
2026-02-28 16:27:38 +0100: Memory Usage (444428K) : exchange3_text has 0 polygons
2026-02-28 16:27:38 +0100: Memory Usage (444556K) : exchange4_drw has 0 polygons
2026-02-28 16:27:38 +0100: Memory Usage (444556K) : exchange4_pin has 0 polygons
2026-02-28 16:27:38 +0100: Memory Usage (444684K) : exchange4_text has 0 polygons
2026-02-28 16:27:38 +0100: Memory Usage (444684K) : isonwell_drw has 0 polygons
2026-02-28 16:27:38 +0100: Memory Usage (444684K) : Total no. of polygons in the design is 34060
2026-02-28 16:27:38 +0100: Memory Usage (444684K) : Loaded TECH DRC rules values from /opt/pdks/ihp-sg13g2/libs.tech/klayout/python/sg13g2_pycell_lib/sg13g2_tech_mod.json
2026-02-28 16:27:38 +0100: Memory Usage (444684K) : Loaded default DRC rules values from /opt/pdks/ihp-sg13g2/libs.tech/klayout/tech/drc/rule_decks/sg13g2_tech_default.json
2026-02-28 16:27:38 +0100: Memory Usage (444684K) : The following rules values were missing in tech json and default values were used:
2026-02-28 16:27:38 +0100: Memory Usage (444684K) :   - Cnt_c_digibnd
2026-02-28 16:27:38 +0100: Memory Usage (445836K) : Total area of the design is 9428.392899999999 um^2.
2026-02-28 16:27:38 +0100: Memory Usage (445836K) : The design dimensions are 88.19 µm * 106.91 µm.
2026-02-28 16:27:38 +0100: Memory Usage (445836K) : Starting general IHP-SG13G2 derivations.
2026-02-28 16:27:38 +0100: Memory Usage (445836K) : Starting Pwell derivations
2026-02-28 16:27:38 +0100: Memory Usage (448396K) : Starting n-Activ derivations
2026-02-28 16:27:38 +0100: Memory Usage (449420K) : Starting p-Activ derivations
2026-02-28 16:27:38 +0100: Memory Usage (449548K) : Starting ptap derivations
2026-02-28 16:27:38 +0100: Memory Usage (449548K) : Starting ntap derivations
2026-02-28 16:27:38 +0100: Memory Usage (449548K) : Starting pact FET derivations
2026-02-28 16:27:38 +0100: Memory Usage (449548K) : Starting nact FET derivations
2026-02-28 16:27:38 +0100: Memory Usage (449676K) : Starting Gate derivations
2026-02-28 16:27:38 +0100: Memory Usage (449804K) : Starting cont/contbar general derivations
2026-02-28 16:27:38 +0100: Memory Usage (452108K) : Starting pad general derivations
2026-02-28 16:27:39 +0100: Memory Usage (452108K) : Starting IHP-SG13G2 DRC connectivity related derivations.
2026-02-28 16:27:39 +0100: Memory Usage (452108K) : Starting IHP-SG13G2 DRC connectivity setup
2026-02-28 16:27:39 +0100: Memory Usage (452364K) : Starting IHP-SG13G2 DRC rules.
2026-02-28 16:27:39 +0100: Memory Usage (452364K) : Running all FEOL rules
2026-02-28 16:27:39 +0100: Memory Usage (452364K) : Running all BEOL rules
2026-02-28 16:27:39 +0100: Memory Usage (452364K) : Running all PIN rules
2026-02-28 16:27:39 +0100: Memory Usage (452364K) : Running all FORBIDDEN rules
2026-02-28 16:27:39 +0100: Memory Usage (452364K) : Starting 5.1 NWell table
2026-02-28 16:27:39 +0100: Memory Usage (452364K) : Executing rule NW.b
2026-02-28 16:27:39 +0100: Memory Usage (452748K) : Executing rule NW.b1
2026-02-28 16:27:39 +0100: Memory Usage (452748K) : Starting 5.2 PWell:block
2026-02-28 16:27:39 +0100: Memory Usage (452748K) : Executing rule PWB.e
2026-02-28 16:27:39 +0100: Memory Usage (452748K) : Executing rule PWB.e1
2026-02-28 16:27:39 +0100: Memory Usage (452748K) : Executing rule PWB.f
2026-02-28 16:27:39 +0100: Memory Usage (452748K) : Executing rule PWB.f1
2026-02-28 16:27:39 +0100: Memory Usage (452748K) : Starting 5.3 nBuLay table
2026-02-28 16:27:39 +0100: Memory Usage (452748K) : Executing rule NBL.b
2026-02-28 16:27:39 +0100: Memory Usage (452748K) : Executing rule NBL.c
2026-02-28 16:27:39 +0100: Memory Usage (452748K) : Executing rule NBL.d
2026-02-28 16:27:39 +0100: Memory Usage (452748K) : Executing rule NBL.e
2026-02-28 16:27:39 +0100: Memory Usage (452748K) : Executing rule NBL.f
2026-02-28 16:27:39 +0100: Memory Usage (452748K) : Starting 5.5. Activ table
2026-02-28 16:27:39 +0100: Memory Usage (452748K) : Executing rule Act.a
2026-02-28 16:27:39 +0100: Memory Usage (452748K) : Executing rule Act.b
2026-02-28 16:27:39 +0100: Memory Usage (453004K) : Starting 5.6 Activ:filler table
2026-02-28 16:27:39 +0100: Memory Usage (453004K) : Executing rule AFil.c1
2026-02-28 16:27:39 +0100: Memory Usage (453004K) : Executing rule AFil.c
2026-02-28 16:27:39 +0100: Memory Usage (453004K) : Executing rule AFil.d
2026-02-28 16:27:39 +0100: Memory Usage (453004K) : Executing rule AFil.e
2026-02-28 16:27:39 +0100: Memory Usage (453004K) : Executing rule AFil.j
2026-02-28 16:27:39 +0100: Memory Usage (453004K) : Starting 5.7. ThickGateOx table
2026-02-28 16:27:39 +0100: Memory Usage (453004K) : Executing rule TGO.f
2026-02-28 16:27:39 +0100: Memory Usage (453004K) : Starting 5.8. GatPoly table
2026-02-28 16:27:39 +0100: Memory Usage (453004K) : Executing rule Gat.a
2026-02-28 16:27:39 +0100: Memory Usage (453004K) : Executing rule Gat.b
2026-02-28 16:27:39 +0100: Memory Usage (453004K) : Executing rule Gat.d
2026-02-28 16:27:39 +0100: Memory Usage (453004K) : Executing rule Gat.a1
2026-02-28 16:27:39 +0100: Memory Usage (453132K) : Executing rule Gat.a2
2026-02-28 16:27:39 +0100: Memory Usage (453132K) : Executing rule Gat.g
2026-02-28 16:27:39 +0100: Memory Usage (453132K) : Starting 5.9 GatPoly:filler
2026-02-28 16:27:39 +0100: Memory Usage (453132K) : Executing rule GFil.d
2026-02-28 16:27:39 +0100: Memory Usage (453132K) : Executing rule GFil.e
2026-02-28 16:27:39 +0100: Memory Usage (453132K) : Executing rule GFil.i
2026-02-28 16:27:39 +0100: Memory Usage (453132K) : Starting 5.10 pSD table
2026-02-28 16:27:39 +0100: Memory Usage (453132K) : Executing rule pSD.c1
2026-02-28 16:27:39 +0100: Memory Usage (453516K) : Starting 5.14. Cont table
2026-02-28 16:27:39 +0100: Memory Usage (453516K) : Executing rule Cnt.a
2026-02-28 16:27:39 +0100: Memory Usage (453516K) : Executing rule Cnt.b
2026-02-28 16:27:39 +0100: Memory Usage (453516K) : Executing rule Cnt.c
2026-02-28 16:27:39 +0100: Memory Usage (453644K) : Executing rule Cnt.c
2026-02-28 16:27:39 +0100: Memory Usage (453644K) : Executing rule Cnt.d
2026-02-28 16:27:39 +0100: Memory Usage (453644K) : Executing rule Cnt.e
2026-02-28 16:27:39 +0100: Memory Usage (453644K) : Executing rule Cnt.g1
2026-02-28 16:27:39 +0100: Memory Usage (453644K) : Executing rule Cnt.g2
2026-02-28 16:27:39 +0100: Memory Usage (453644K) : Starting 5.15. ContBar table
2026-02-28 16:27:39 +0100: Memory Usage (453644K) : Executing rule CntB.b1
2026-02-28 16:27:39 +0100: Memory Usage (453644K) : Executing rule CntB.h1
2026-02-28 16:27:39 +0100: Memory Usage (453644K) : Starting 6.1.3 NPN Substrate-Tie table
2026-02-28 16:27:39 +0100: Memory Usage (453644K) : Executing rule npn13G2.bR 
2026-02-28 16:27:39 +0100: Memory Usage (453644K) : Executing rule npn13G2L.cR 
2026-02-28 16:27:39 +0100: Memory Usage (453644K) : Executing rule npn13G2V.cR 
2026-02-28 16:27:39 +0100: Memory Usage (453644K) : Starting 6.7 Schottky diode table
2026-02-28 16:27:39 +0100: Memory Usage (453644K) : Executing rule Sdiod.d
2026-02-28 16:27:39 +0100: Memory Usage (453644K) : Executing rule Sdiod.e
2026-02-28 16:27:39 +0100: Memory Usage (453644K) : Starting 7.2 Latch-up table
2026-02-28 16:27:39 +0100: Memory Usage (453644K) : Executing rule LU.b
2026-02-28 16:27:40 +0100: Memory Usage (453644K) : Starting 5.16. Metal1 table
2026-02-28 16:27:40 +0100: Memory Usage (453644K) : Executing rule M1.a
2026-02-28 16:27:40 +0100: Memory Usage (453644K) : Executing rule M1.b
2026-02-28 16:27:40 +0100: Memory Usage (454284K) : Executing rule M1.e
2026-02-28 16:27:40 +0100: Memory Usage (454284K) : Executing rule M1.f
2026-02-28 16:27:40 +0100: Memory Usage (454284K) : Executing rule M1.g
2026-02-28 16:27:40 +0100: Memory Usage (454284K) : Executing rule M1.i
2026-02-28 16:27:40 +0100: Memory Usage (454668K) : Starting 5.17 Metaln table
2026-02-28 16:27:40 +0100: Memory Usage (454668K) : Executing rule M2.a
2026-02-28 16:27:40 +0100: Memory Usage (454668K) : Executing rule M2.b
2026-02-28 16:27:40 +0100: Memory Usage (454668K) : Executing rule M2.e
2026-02-28 16:27:40 +0100: Memory Usage (454668K) : Executing rule M2.f
2026-02-28 16:27:40 +0100: Memory Usage (454668K) : Executing rule M2.g
2026-02-28 16:27:40 +0100: Memory Usage (454668K) : Executing rule M2.i
2026-02-28 16:27:40 +0100: Memory Usage (454668K) : Executing rule M3.a
2026-02-28 16:27:40 +0100: Memory Usage (454668K) : Executing rule M3.b
2026-02-28 16:27:40 +0100: Memory Usage (454668K) : Executing rule M3.e
2026-02-28 16:27:40 +0100: Memory Usage (454668K) : Executing rule M3.f
2026-02-28 16:27:40 +0100: Memory Usage (454668K) : Executing rule M3.g
2026-02-28 16:27:40 +0100: Memory Usage (454668K) : Executing rule M3.i
2026-02-28 16:27:40 +0100: Memory Usage (454668K) : Executing rule M4.a
2026-02-28 16:27:40 +0100: Memory Usage (454668K) : Executing rule M4.b
2026-02-28 16:27:40 +0100: Memory Usage (454668K) : Executing rule M4.e
2026-02-28 16:27:40 +0100: Memory Usage (454668K) : Executing rule M4.f
2026-02-28 16:27:40 +0100: Memory Usage (454668K) : Executing rule M4.g
2026-02-28 16:27:40 +0100: Memory Usage (454668K) : Executing rule M4.i
2026-02-28 16:27:40 +0100: Memory Usage (454668K) : Executing rule M5.a
2026-02-28 16:27:40 +0100: Memory Usage (454668K) : Executing rule M5.b
2026-02-28 16:27:40 +0100: Memory Usage (454668K) : Executing rule M5.e
2026-02-28 16:27:40 +0100: Memory Usage (454668K) : Executing rule M5.f
2026-02-28 16:27:40 +0100: Memory Usage (454668K) : Executing rule M5.g
2026-02-28 16:27:40 +0100: Memory Usage (454668K) : Executing rule M5.i
2026-02-28 16:27:40 +0100: Memory Usage (454668K) : Starting 5.18 Metaln:filler table
2026-02-28 16:27:40 +0100: Memory Usage (454668K) : Executing rule M1Fil.c
2026-02-28 16:27:40 +0100: Memory Usage (454668K) : Executing rule M1Fil.a2
2026-02-28 16:27:40 +0100: Memory Usage (454668K) : Executing rule M2Fil.c
2026-02-28 16:27:40 +0100: Memory Usage (454668K) : Executing rule M2Fil.a2
2026-02-28 16:27:40 +0100: Memory Usage (454668K) : Executing rule M3Fil.c
2026-02-28 16:27:40 +0100: Memory Usage (454668K) : Executing rule M3Fil.a2
2026-02-28 16:27:40 +0100: Memory Usage (454668K) : Executing rule M4Fil.c
2026-02-28 16:27:40 +0100: Memory Usage (454668K) : Executing rule M4Fil.a2
2026-02-28 16:27:40 +0100: Memory Usage (454668K) : Executing rule M5Fil.c
2026-02-28 16:27:40 +0100: Memory Usage (454668K) : Executing rule M5Fil.a2
2026-02-28 16:27:40 +0100: Memory Usage (454668K) : Starting 5.19. Via1 table
2026-02-28 16:27:40 +0100: Memory Usage (454668K) : Starting 5.19. Via1 table derivations
2026-02-28 16:27:40 +0100: Memory Usage (454668K) : Executing rule V1.a
2026-02-28 16:27:40 +0100: Memory Usage (454668K) : Executing rule V1.b
2026-02-28 16:27:40 +0100: Memory Usage (454668K) : Executing rule V1.c
2026-02-28 16:27:40 +0100: Memory Usage (454668K) : Starting 5.20. Vian table
2026-02-28 16:27:40 +0100: Memory Usage (454668K) : Executing rule V2.a
2026-02-28 16:27:40 +0100: Memory Usage (454668K) : Executing rule V2.b
2026-02-28 16:27:40 +0100: Memory Usage (454668K) : Executing rule V2.c
2026-02-28 16:27:40 +0100: Memory Usage (454668K) : Executing rule V3.a
2026-02-28 16:27:40 +0100: Memory Usage (454668K) : Executing rule V3.b
2026-02-28 16:27:40 +0100: Memory Usage (454668K) : Executing rule V3.c
2026-02-28 16:27:40 +0100: Memory Usage (454668K) : Executing rule V4.a
2026-02-28 16:27:41 +0100: Memory Usage (454668K) : Executing rule V4.b
2026-02-28 16:27:41 +0100: Memory Usage (454668K) : Executing rule V4.c
2026-02-28 16:27:41 +0100: Memory Usage (454668K) : Starting 5.21. TopVia1 table
2026-02-28 16:27:41 +0100: Memory Usage (454668K) : Executing rule TV1.a
2026-02-28 16:27:41 +0100: Memory Usage (454668K) : Executing rule TV1.b
2026-02-28 16:27:41 +0100: Memory Usage (454668K) : Executing rule TV1.c
2026-02-28 16:27:41 +0100: Memory Usage (454668K) : Executing rule TV1.d
2026-02-28 16:27:41 +0100: Memory Usage (454668K) : Starting 5.22. TopMetal1 table
2026-02-28 16:27:41 +0100: Memory Usage (454668K) : Executing rule TM1.a
2026-02-28 16:27:41 +0100: Memory Usage (454668K) : Executing rule TM1.b
2026-02-28 16:27:41 +0100: Memory Usage (454668K) : Starting 5.23 TopMetal1:filler table
2026-02-28 16:27:41 +0100: Memory Usage (454668K) : Executing rule TM1Fil.c
2026-02-28 16:27:41 +0100: Memory Usage (454668K) : Executing rule TM1Fil.a1
2026-02-28 16:27:41 +0100: Memory Usage (454668K) : Starting 5.24. TopVia2 table
2026-02-28 16:27:41 +0100: Memory Usage (454668K) : Executing rule TV2.a
2026-02-28 16:27:41 +0100: Memory Usage (454668K) : Executing rule TV2.b
2026-02-28 16:27:41 +0100: Memory Usage (454668K) : Executing rule TV2.c
2026-02-28 16:27:41 +0100: Memory Usage (454668K) : Executing rule TV2.d
2026-02-28 16:27:41 +0100: Memory Usage (454668K) : Starting 5.25. TopMetal2 table
2026-02-28 16:27:41 +0100: Memory Usage (454668K) : Executing rule TM2.a
2026-02-28 16:27:41 +0100: Memory Usage (454668K) : Executing rule TM2.b
2026-02-28 16:27:41 +0100: Memory Usage (454668K) : Executing rule TM2.bR
2026-02-28 16:27:41 +0100: Memory Usage (454668K) : Starting 5.26 TopMetal2:filler table
2026-02-28 16:27:41 +0100: Memory Usage (454668K) : Executing rule TM2Fil.c
2026-02-28 16:27:41 +0100: Memory Usage (454668K) : Executing rule TM2Fil.a1
2026-02-28 16:27:41 +0100: Memory Usage (454668K) : Starting 5.27. Passiv table
2026-02-28 16:27:41 +0100: Memory Usage (454668K) : Executing rule Pas.a
2026-02-28 16:27:41 +0100: Memory Usage (454668K) : Executing rule Pas.b
2026-02-28 16:27:41 +0100: Memory Usage (454668K) : Executing rule Pas.c
2026-02-28 16:27:41 +0100: Memory Usage (454668K) : Starting 6.9.2 Copper Pillar table
2026-02-28 16:27:41 +0100: Memory Usage (454668K) : Executing rule Padc.a
2026-02-28 16:27:41 +0100: Memory Usage (454668K) : Executing rule Padc.b
2026-02-28 16:27:41 +0100: Memory Usage (454668K) : Executing rule Padc.c
2026-02-28 16:27:41 +0100: Memory Usage (454668K) : Executing rule Padb.f
2026-02-28 16:27:41 +0100: Memory Usage (454668K) : Starting 6.9.1 Solder Bump
2026-02-28 16:27:41 +0100: Memory Usage (454668K) : Executing rule Padb.a
2026-02-28 16:27:41 +0100: Memory Usage (454668K) : Executing rule Padb.b
2026-02-28 16:27:41 +0100: Memory Usage (454668K) : Executing rule Padb.c
2026-02-28 16:27:41 +0100: Memory Usage (454668K) : Executing rule Padb.f
2026-02-28 16:27:41 +0100: Memory Usage (454668K) : Executing rule Padb.d
2026-02-28 16:27:41 +0100: Memory Usage (454668K) : Starting 6.10 Sealring table
2026-02-28 16:27:41 +0100: Memory Usage (454668K) : Executing rule Seal.l
2026-02-28 16:27:41 +0100: Memory Usage (454668K) : Executing rule Seal.n
2026-02-28 16:27:41 +0100: Memory Usage (454668K) : Executing rule seal.b_metal1
2026-02-28 16:27:41 +0100: Memory Usage (454668K) : Executing rule seal.b_metal2
2026-02-28 16:27:41 +0100: Memory Usage (454668K) : Executing rule seal.b_metal3
2026-02-28 16:27:41 +0100: Memory Usage (454668K) : Executing rule seal.b_metal4
2026-02-28 16:27:41 +0100: Memory Usage (454668K) : Executing rule seal.b_metal5
2026-02-28 16:27:41 +0100: Memory Usage (454668K) : Executing rule seal.b_topmetal1
2026-02-28 16:27:41 +0100: Memory Usage (454668K) : Executing rule seal.b_topmetal2
2026-02-28 16:27:41 +0100: Memory Usage (454668K) : Executing rule seal.b_activ
2026-02-28 16:27:41 +0100: Memory Usage (454668K) : Executing rule seal.b_psd
2026-02-28 16:27:41 +0100: Memory Usage (454668K) : Executing rule Seal.k
2026-02-28 16:27:41 +0100: Memory Usage (454668K) : Executing rule Seal.m
2026-02-28 16:27:41 +0100: Memory Usage (454668K) : Starting 6.11 MIM table
2026-02-28 16:27:41 +0100: Memory Usage (454668K) : Executing rule MIM.c
2026-02-28 16:27:41 +0100: Memory Usage (454668K) : Executing rule MIM.d
2026-02-28 16:27:41 +0100: Memory Usage (454668K) : Executing rule MIM.gR
2026-02-28 16:27:41 +0100: Memory Usage (454668K) : Starting 7.3 Metal Slits table
2026-02-28 16:27:41 +0100: Memory Usage (454668K) : Executing rule Slt.e1_M1
2026-02-28 16:27:41 +0100: Memory Usage (454668K) : Executing rule Slt.e1_M2
2026-02-28 16:27:41 +0100: Memory Usage (454668K) : Executing rule Slt.e1_M3
2026-02-28 16:27:41 +0100: Memory Usage (454668K) : Executing rule Slt.e1_M4
2026-02-28 16:27:41 +0100: Memory Usage (454668K) : Executing rule Slt.e1_M5
2026-02-28 16:27:41 +0100: Memory Usage (454668K) : Executing rule Slt.e1_TM1
2026-02-28 16:27:41 +0100: Memory Usage (454668K) : Executing rule Slt.e1_TM2
2026-02-28 16:27:41 +0100: Memory Usage (454668K) : Starting 9.1. LBE table
2026-02-28 16:27:41 +0100: Memory Usage (454668K) : Executing rule LBE.a
2026-02-28 16:27:41 +0100: Memory Usage (454668K) : Executing rule LBE.b
2026-02-28 16:27:41 +0100: Memory Usage (454668K) : Executing rule LBE.b1
2026-02-28 16:27:41 +0100: Memory Usage (454668K) : Executing rule LBE.c
2026-02-28 16:27:41 +0100: Memory Usage (454668K) : Executing rule LBE.d
2026-02-28 16:27:41 +0100: Memory Usage (454668K) : Executing rule LBE.h
2026-02-28 16:27:41 +0100: Memory Usage (454668K) : Starting 7.4. PIN table
2026-02-28 16:27:41 +0100: Memory Usage (454668K) : Executing rule Pin.a
2026-02-28 16:27:41 +0100: Memory Usage (454668K) : Executing rule Pin.b
2026-02-28 16:27:41 +0100: Memory Usage (454668K) : Executing rule Pin.e
2026-02-28 16:27:41 +0100: Memory Usage (454668K) : Executing rule Pin.f_M2
2026-02-28 16:27:41 +0100: Memory Usage (454668K) : Executing rule Pin.f_M3
2026-02-28 16:27:41 +0100: Memory Usage (454668K) : Executing rule Pin.f_M4
2026-02-28 16:27:41 +0100: Memory Usage (454668K) : Executing rule Pin.f_M5
2026-02-28 16:27:41 +0100: Memory Usage (454668K) : Executing rule Pin.g
2026-02-28 16:27:41 +0100: Memory Usage (454668K) : Executing rule Pin.h
2026-02-28 16:27:41 +0100: Memory Usage (454668K) : Starting 3.2. FORBIDDEN table
2026-02-28 16:27:41 +0100: Memory Usage (454668K) : Executing rule forbidden.biwind
2026-02-28 16:27:41 +0100: Memory Usage (454668K) : Executing rule forbidden.pemwind
2026-02-28 16:27:41 +0100: Memory Usage (454668K) : Executing rule forbidden.baspoly
2026-02-28 16:27:41 +0100: Memory Usage (454668K) : Executing rule forbidden.deepco
2026-02-28 16:27:41 +0100: Memory Usage (454668K) : Executing rule forbidden.pempoly
2026-02-28 16:27:41 +0100: Memory Usage (454668K) : Executing rule forbidden.empoly
2026-02-28 16:27:41 +0100: Memory Usage (454668K) : Executing rule forbidden.ldmos
2026-02-28 16:27:41 +0100: Memory Usage (454668K) : Executing rule forbidden.pbiwind
2026-02-28 16:27:41 +0100: Memory Usage (454668K) : Executing rule forbidden.nodrc
2026-02-28 16:27:41 +0100: Memory Usage (454668K) : Executing rule forbidden.flash
2026-02-28 16:27:41 +0100: Memory Usage (454668K) : Executing rule forbidden.colwind
2026-02-28 16:27:41 +0100: Memory Usage (454668K) : KLayout DRC run for tables 'main' completed in 2.81 seconds
