# Logfile created on 2026-03-02 08:33:49 +0100 by logger.rb/v1.4.3
2026-03-02 08:33:49 +0100: Memory Usage (427764K) : Starting running IHP-SG13G2 KLayout DRC runset on /home/designer/shared/IHP-AnalogAcademy/modules/module_3_8_bit_SAR_ADC/part_5_analog_layout/bootstrap/layout/bootstrap_switch.gds
2026-03-02 08:33:49 +0100: Memory Usage (427764K) : Ruby Version for klayout: 3.0.2
2026-03-02 08:33:49 +0100: Memory Usage (429044K) : Loading database to memory is complete.
2026-03-02 08:33:49 +0100: Memory Usage (429044K) : IHP-SG13G2 KLayout DRC runset output at: /home/designer/shared/IHP-AnalogAcademy/modules/module_3_8_bit_SAR_ADC/part_5_analog_layout/bootstrap/layout/drc_run_bootstrap_switch/bootstrap_switch_bootstrap_switch_main.lyrdb
2026-03-02 08:33:49 +0100: Memory Usage (429172K) : Evaluate switches.
2026-03-02 08:33:49 +0100: Memory Usage (429172K) : tables selected: main
2026-03-02 08:33:49 +0100: Memory Usage (429172K) : KLayout will use 1 thread(s) in tiling mode.
2026-03-02 08:33:49 +0100: Memory Usage (429172K) : deep mode is enabled.
2026-03-02 08:33:49 +0100: Memory Usage (429172K) : FEOL enabled: true
2026-03-02 08:33:49 +0100: Memory Usage (429172K) : BEOL enabled: true
2026-03-02 08:33:49 +0100: Memory Usage (429172K) : OFFGRID enabled: true
2026-03-02 08:33:49 +0100: Memory Usage (429172K) : PIN enabled: true
2026-03-02 08:33:49 +0100: Memory Usage (429172K) : FORBIDDEN enabled: true
2026-03-02 08:33:49 +0100: Memory Usage (429172K) : RECOMMENDED enabled: true
2026-03-02 08:33:49 +0100: Memory Usage (429172K) : PreCheck DRC enabled: false
2026-03-02 08:33:49 +0100: Memory Usage (429172K) : CONNECTIVITY_RULES enabled: true.
2026-03-02 08:33:49 +0100: Memory Usage (429172K) : Read in polygons from layers.
2026-03-02 08:33:49 +0100: Memory Usage (429940K) : activ_drw has 75 polygons
2026-03-02 08:33:49 +0100: Memory Usage (429940K) : activ_pin has 0 polygons
2026-03-02 08:33:49 +0100: Memory Usage (429940K) : activ_mask has 0 polygons
2026-03-02 08:33:49 +0100: Memory Usage (429940K) : activ_filler has 0 polygons
2026-03-02 08:33:49 +0100: Memory Usage (429940K) : activ_nofill has 0 polygons
2026-03-02 08:33:49 +0100: Memory Usage (429940K) : activ_opc has 0 polygons
2026-03-02 08:33:49 +0100: Memory Usage (429940K) : activ_iopc has 0 polygons
2026-03-02 08:33:49 +0100: Memory Usage (429940K) : activ_noqrc has 0 polygons
2026-03-02 08:33:49 +0100: Memory Usage (429940K) : biwind_drw has 0 polygons
2026-03-02 08:33:49 +0100: Memory Usage (429940K) : biwind_opc has 0 polygons
2026-03-02 08:33:49 +0100: Memory Usage (429940K) : pemwind_drw has 0 polygons
2026-03-02 08:33:49 +0100: Memory Usage (429940K) : gatpoly_drw has 52 polygons
2026-03-02 08:33:49 +0100: Memory Usage (429940K) : gatpoly_pin has 13 polygons
2026-03-02 08:33:49 +0100: Memory Usage (429940K) : gatpoly_filler has 0 polygons
2026-03-02 08:33:49 +0100: Memory Usage (429940K) : gatpoly_nofill has 0 polygons
2026-03-02 08:33:49 +0100: Memory Usage (429940K) : gatpoly_opc has 0 polygons
2026-03-02 08:33:49 +0100: Memory Usage (429940K) : gatpoly_iopc has 0 polygons
2026-03-02 08:33:49 +0100: Memory Usage (429940K) : gatpoly_noqrc has 0 polygons
2026-03-02 08:33:49 +0100: Memory Usage (429940K) : cont_drw has 282 polygons
2026-03-02 08:33:49 +0100: Memory Usage (429940K) : cont_opc has 0 polygons
2026-03-02 08:33:49 +0100: Memory Usage (429940K) : nsd_drw has 0 polygons
2026-03-02 08:33:49 +0100: Memory Usage (429940K) : nsd_block has 0 polygons
2026-03-02 08:33:49 +0100: Memory Usage (430324K) : metal1_drw has 169 polygons
2026-03-02 08:33:49 +0100: Memory Usage (430324K) : metal1_pin has 30 polygons
2026-03-02 08:33:49 +0100: Memory Usage (430452K) : metal1_mask has 0 polygons
2026-03-02 08:33:49 +0100: Memory Usage (430452K) : metal1_filler has 0 polygons
2026-03-02 08:33:49 +0100: Memory Usage (430452K) : metal1_nofill has 0 polygons
2026-03-02 08:33:49 +0100: Memory Usage (430452K) : metal1_slit has 0 polygons
2026-03-02 08:33:49 +0100: Memory Usage (430580K) : metal1_text has 0 polygons
2026-03-02 08:33:49 +0100: Memory Usage (430836K) : metal1_opc has 0 polygons
2026-03-02 08:33:49 +0100: Memory Usage (430836K) : metal1_noqrc has 0 polygons
2026-03-02 08:33:49 +0100: Memory Usage (430836K) : metal1_res has 0 polygons
2026-03-02 08:33:49 +0100: Memory Usage (430836K) : metal1_iprobe has 0 polygons
2026-03-02 08:33:49 +0100: Memory Usage (430836K) : metal1_diffprb has 0 polygons
2026-03-02 08:33:49 +0100: Memory Usage (430836K) : passiv_drw has 0 polygons
2026-03-02 08:33:49 +0100: Memory Usage (430964K) : passiv_pin has 0 polygons
2026-03-02 08:33:49 +0100: Memory Usage (430964K) : passiv_sbump has 0 polygons
2026-03-02 08:33:49 +0100: Memory Usage (430964K) : passiv_pillar has 0 polygons
2026-03-02 08:33:49 +0100: Memory Usage (431092K) : passiv_pdl has 0 polygons
2026-03-02 08:33:49 +0100: Memory Usage (431092K) : metal2_drw has 63 polygons
2026-03-02 08:33:49 +0100: Memory Usage (431092K) : metal2_pin has 1 polygons
2026-03-02 08:33:49 +0100: Memory Usage (431092K) : metal2_mask has 0 polygons
2026-03-02 08:33:49 +0100: Memory Usage (431220K) : metal2_filler has 0 polygons
2026-03-02 08:33:49 +0100: Memory Usage (431220K) : metal2_nofill has 0 polygons
2026-03-02 08:33:49 +0100: Memory Usage (431348K) : metal2_slit has 0 polygons
2026-03-02 08:33:49 +0100: Memory Usage (431476K) : metal2_text has 1 polygons
2026-03-02 08:33:49 +0100: Memory Usage (431476K) : metal2_opc has 0 polygons
2026-03-02 08:33:49 +0100: Memory Usage (431476K) : metal2_noqrc has 0 polygons
2026-03-02 08:33:49 +0100: Memory Usage (431604K) : metal2_res has 0 polygons
2026-03-02 08:33:49 +0100: Memory Usage (431604K) : metal2_iprobe has 0 polygons
2026-03-02 08:33:49 +0100: Memory Usage (431604K) : metal2_diffprb has 0 polygons
2026-03-02 08:33:49 +0100: Memory Usage (431732K) : baspoly_drw has 0 polygons
2026-03-02 08:33:49 +0100: Memory Usage (431732K) : baspoly_pin has 0 polygons
2026-03-02 08:33:49 +0100: Memory Usage (431732K) : psd_drw has 15 polygons
2026-03-02 08:33:49 +0100: Memory Usage (431860K) : nldb_drw has 0 polygons
2026-03-02 08:33:49 +0100: Memory Usage (431860K) : digibnd_drw has 0 polygons
2026-03-02 08:33:49 +0100: Memory Usage (431860K) : via1_drw has 107 polygons
2026-03-02 08:33:49 +0100: Memory Usage (431988K) : backmetal1_drw has 0 polygons
2026-03-02 08:33:49 +0100: Memory Usage (431988K) : backmetal1_pin has 0 polygons
2026-03-02 08:33:49 +0100: Memory Usage (431988K) : backmetal1_mask has 0 polygons
2026-03-02 08:33:49 +0100: Memory Usage (432116K) : backmetal1_filler has 0 polygons
2026-03-02 08:33:49 +0100: Memory Usage (432116K) : backmetal1_nofill has 0 polygons
2026-03-02 08:33:49 +0100: Memory Usage (432116K) : backmetal1_slit has 0 polygons
2026-03-02 08:33:49 +0100: Memory Usage (432244K) : backmetal1_text has 0 polygons
2026-03-02 08:33:49 +0100: Memory Usage (432244K) : backmetal1_opc has 0 polygons
2026-03-02 08:33:49 +0100: Memory Usage (432244K) : backmetal1_noqrc has 0 polygons
2026-03-02 08:33:49 +0100: Memory Usage (432372K) : backmetal1_res has 0 polygons
2026-03-02 08:33:49 +0100: Memory Usage (432372K) : backmetal1_iprobe has 0 polygons
2026-03-02 08:33:49 +0100: Memory Usage (432372K) : backmetal1_diffprb has 0 polygons
2026-03-02 08:33:49 +0100: Memory Usage (432500K) : backpassiv_drw has 0 polygons
2026-03-02 08:33:49 +0100: Memory Usage (432500K) : res_drw has 0 polygons
2026-03-02 08:33:49 +0100: Memory Usage (432500K) : sram_drw has 0 polygons
2026-03-02 08:33:49 +0100: Memory Usage (432500K) : trans_drw has 0 polygons
2026-03-02 08:33:49 +0100: Memory Usage (432628K) : ind_drw has 0 polygons
2026-03-02 08:33:49 +0100: Memory Usage (432628K) : ind_pin has 0 polygons
2026-03-02 08:33:49 +0100: Memory Usage (432628K) : ind_text has 0 polygons
2026-03-02 08:33:49 +0100: Memory Usage (432756K) : salblock_drw has 0 polygons
2026-03-02 08:33:49 +0100: Memory Usage (432756K) : via2_drw has 83 polygons
2026-03-02 08:33:49 +0100: Memory Usage (432756K) : metal3_drw has 29 polygons
2026-03-02 08:33:49 +0100: Memory Usage (432884K) : metal3_pin has 2 polygons
2026-03-02 08:33:49 +0100: Memory Usage (432884K) : metal3_mask has 0 polygons
2026-03-02 08:33:49 +0100: Memory Usage (432884K) : metal3_filler has 0 polygons
2026-03-02 08:33:49 +0100: Memory Usage (433012K) : metal3_nofill has 0 polygons
2026-03-02 08:33:49 +0100: Memory Usage (433012K) : metal3_slit has 0 polygons
2026-03-02 08:33:49 +0100: Memory Usage (433012K) : metal3_text has 2 polygons
2026-03-02 08:33:49 +0100: Memory Usage (433140K) : metal3_opc has 0 polygons
2026-03-02 08:33:49 +0100: Memory Usage (433140K) : metal3_noqrc has 0 polygons
2026-03-02 08:33:49 +0100: Memory Usage (433140K) : metal3_res has 0 polygons
2026-03-02 08:33:49 +0100: Memory Usage (433268K) : metal3_iprobe has 0 polygons
2026-03-02 08:33:49 +0100: Memory Usage (433268K) : metal3_diffprb has 0 polygons
2026-03-02 08:33:49 +0100: Memory Usage (433268K) : nwell_drw has 11 polygons
2026-03-02 08:33:49 +0100: Memory Usage (433396K) : nwell_pin has 0 polygons
2026-03-02 08:33:49 +0100: Memory Usage (433396K) : nbulay_drw has 0 polygons
2026-03-02 08:33:49 +0100: Memory Usage (433396K) : nbulay_pin has 0 polygons
2026-03-02 08:33:49 +0100: Memory Usage (433524K) : nbulay_block has 0 polygons
2026-03-02 08:33:49 +0100: Memory Usage (433524K) : emwind_drw has 0 polygons
2026-03-02 08:33:49 +0100: Memory Usage (433524K) : emwind_opc has 0 polygons
2026-03-02 08:33:49 +0100: Memory Usage (433524K) : deepco_drw has 0 polygons
2026-03-02 08:33:49 +0100: Memory Usage (433524K) : deepco_drw has 0 polygons
2026-03-02 08:33:49 +0100: Memory Usage (433652K) : mim_drw has 3 polygons
2026-03-02 08:33:49 +0100: Memory Usage (433652K) : edgeseal_drw has 0 polygons
2026-03-02 08:33:49 +0100: Memory Usage (433652K) : edgeseal_bound has 0 polygons
2026-03-02 08:33:49 +0100: Memory Usage (433652K) : substrate_drw has 5 polygons
2026-03-02 08:33:49 +0100: Memory Usage (433780K) : substrate_text has 0 polygons
2026-03-02 08:33:49 +0100: Memory Usage (433780K) : dfpad_drw has 0 polygons
2026-03-02 08:33:49 +0100: Memory Usage (433908K) : dfpad_pillar has 0 polygons
2026-03-02 08:33:49 +0100: Memory Usage (433908K) : dfpad_sbump has 0 polygons
2026-03-02 08:33:49 +0100: Memory Usage (433908K) : thickgateox_drw has 0 polygons
2026-03-02 08:33:49 +0100: Memory Usage (434036K) : pldb_drw has 0 polygons
2026-03-02 08:33:49 +0100: Memory Usage (434036K) : pwell_drw has 6 polygons
2026-03-02 08:33:49 +0100: Memory Usage (434164K) : pwell_pin has 0 polygons
2026-03-02 08:33:49 +0100: Memory Usage (434164K) : pwell_block has 0 polygons
2026-03-02 08:33:49 +0100: Memory Usage (434292K) : ic_drw has 0 polygons
2026-03-02 08:33:49 +0100: Memory Usage (434292K) : via3_drw has 72 polygons
2026-03-02 08:33:49 +0100: Memory Usage (434292K) : metal4_drw has 18 polygons
2026-03-02 08:33:49 +0100: Memory Usage (434420K) : metal4_pin has 0 polygons
2026-03-02 08:33:49 +0100: Memory Usage (434420K) : metal4_mask has 0 polygons
2026-03-02 08:33:49 +0100: Memory Usage (434420K) : metal4_filler has 0 polygons
2026-03-02 08:33:49 +0100: Memory Usage (434548K) : metal4_nofill has 0 polygons
2026-03-02 08:33:49 +0100: Memory Usage (434548K) : metal4_slit has 0 polygons
2026-03-02 08:33:49 +0100: Memory Usage (434548K) : metal4_text has 0 polygons
2026-03-02 08:33:49 +0100: Memory Usage (434676K) : metal4_opc has 0 polygons
2026-03-02 08:33:49 +0100: Memory Usage (434676K) : metal4_noqrc has 0 polygons
2026-03-02 08:33:49 +0100: Memory Usage (434804K) : metal4_res has 0 polygons
2026-03-02 08:33:49 +0100: Memory Usage (434804K) : metal4_iprobe has 0 polygons
2026-03-02 08:33:49 +0100: Memory Usage (434804K) : metal4_diffprb has 0 polygons
2026-03-02 08:33:49 +0100: Memory Usage (434932K) : heattrans_drw has 18 polygons
2026-03-02 08:33:49 +0100: Memory Usage (434932K) : heatres_drw has 0 polygons
2026-03-02 08:33:49 +0100: Memory Usage (435060K) : pempoly_drw has 0 polygons
2026-03-02 08:33:49 +0100: Memory Usage (435060K) : fbe_drw has 0 polygons
2026-03-02 08:33:49 +0100: Memory Usage (435188K) : empoly_drw has 0 polygons
2026-03-02 08:33:49 +0100: Memory Usage (435188K) : ldmos_drw has 0 polygons
2026-03-02 08:33:49 +0100: Memory Usage (435188K) : pbiwind_drw has 0 polygons
2026-03-02 08:33:49 +0100: Memory Usage (435316K) : digisub_drw has 0 polygons
2026-03-02 08:33:49 +0100: Memory Usage (435316K) : nodrc_drw has 0 polygons
2026-03-02 08:33:49 +0100: Memory Usage (435444K) : text_drw has 18 polygons
2026-03-02 08:33:49 +0100: Memory Usage (435444K) : via4_drw has 72 polygons
2026-03-02 08:33:49 +0100: Memory Usage (435572K) : metal5_drw has 17 polygons
2026-03-02 08:33:49 +0100: Memory Usage (435572K) : metal5_pin has 0 polygons
2026-03-02 08:33:49 +0100: Memory Usage (435572K) : metal5_mask has 0 polygons
2026-03-02 08:33:49 +0100: Memory Usage (435700K) : metal5_filler has 0 polygons
2026-03-02 08:33:49 +0100: Memory Usage (435700K) : metal5_nofill has 0 polygons
2026-03-02 08:33:49 +0100: Memory Usage (435700K) : metal5_slit has 0 polygons
2026-03-02 08:33:49 +0100: Memory Usage (435828K) : metal5_text has 0 polygons
2026-03-02 08:33:49 +0100: Memory Usage (435828K) : metal5_opc has 0 polygons
2026-03-02 08:33:49 +0100: Memory Usage (435828K) : metal5_noqrc has 0 polygons
2026-03-02 08:33:49 +0100: Memory Usage (435956K) : metal5_res has 0 polygons
2026-03-02 08:33:49 +0100: Memory Usage (435956K) : metal5_iprobe has 0 polygons
2026-03-02 08:33:49 +0100: Memory Usage (435956K) : metal5_diffprb has 0 polygons
2026-03-02 08:33:49 +0100: Memory Usage (436084K) : radhard_drw has 0 polygons
2026-03-02 08:33:49 +0100: Memory Usage (436084K) : memcap_drw has 0 polygons
2026-03-02 08:33:49 +0100: Memory Usage (436212K) : varicap_drw has 0 polygons
2026-03-02 08:33:49 +0100: Memory Usage (436212K) : flash_drw has 0 polygons
2026-03-02 08:33:49 +0100: Memory Usage (436340K) : intbondvia_drw has 0 polygons
2026-03-02 08:33:49 +0100: Memory Usage (436340K) : intbondmet_drw has 0 polygons
2026-03-02 08:33:49 +0100: Memory Usage (436340K) : devbondvia_drw has 0 polygons
2026-03-02 08:33:49 +0100: Memory Usage (436468K) : devbondmet_drw has 0 polygons
2026-03-02 08:33:49 +0100: Memory Usage (436468K) : devtrench_drw has 0 polygons
2026-03-02 08:33:49 +0100: Memory Usage (436596K) : redist_drw has 0 polygons
2026-03-02 08:33:49 +0100: Memory Usage (436596K) : graphbot_drw has 0 polygons
2026-03-02 08:33:49 +0100: Memory Usage (436596K) : graphtop_drw has 0 polygons
2026-03-02 08:33:49 +0100: Memory Usage (436724K) : antvia1_drw has 0 polygons
2026-03-02 08:33:49 +0100: Memory Usage (436724K) : antmetal2_drw has 0 polygons
2026-03-02 08:33:49 +0100: Memory Usage (436852K) : graphcont_drw has 0 polygons
2026-03-02 08:33:49 +0100: Memory Usage (436852K) : siwg_drw has 0 polygons
2026-03-02 08:33:49 +0100: Memory Usage (436980K) : siwg_filler has 0 polygons
2026-03-02 08:33:49 +0100: Memory Usage (436980K) : siwg_nofill has 0 polygons
2026-03-02 08:33:49 +0100: Memory Usage (436980K) : sigrating_drw has 0 polygons
2026-03-02 08:33:49 +0100: Memory Usage (436980K) : singrating_drw has 0 polygons
2026-03-02 08:33:49 +0100: Memory Usage (436980K) : graphpas_drw has 0 polygons
2026-03-02 08:33:49 +0100: Memory Usage (437108K) : emwind3_drw has 0 polygons
2026-03-02 08:33:49 +0100: Memory Usage (437108K) : emwihv3_drw has 0 polygons
2026-03-02 08:33:49 +0100: Memory Usage (437236K) : redbulay_drw has 0 polygons
2026-03-02 08:33:49 +0100: Memory Usage (437236K) : smos_drw has 0 polygons
2026-03-02 08:33:49 +0100: Memory Usage (437364K) : graphpad_drw has 0 polygons
2026-03-02 08:33:49 +0100: Memory Usage (437364K) : polimide_drw has 0 polygons
2026-03-02 08:33:49 +0100: Memory Usage (437364K) : polimide_pin has 0 polygons
2026-03-02 08:33:49 +0100: Memory Usage (437492K) : recog_drw has 0 polygons
2026-03-02 08:33:49 +0100: Memory Usage (437492K) : recog_pin has 0 polygons
2026-03-02 08:33:49 +0100: Memory Usage (437620K) : recog_esd has 0 polygons
2026-03-02 08:33:49 +0100: Memory Usage (437620K) : recog_diode has 0 polygons
2026-03-02 08:33:49 +0100: Memory Usage (437748K) : recog_tsv has 0 polygons
2026-03-02 08:33:49 +0100: Memory Usage (437748K) : recog_iprobe has 0 polygons
2026-03-02 08:33:49 +0100: Memory Usage (437748K) : recog_diffprb has 0 polygons
2026-03-02 08:33:49 +0100: Memory Usage (437876K) : recog_pillar has 0 polygons
2026-03-02 08:33:49 +0100: Memory Usage (437876K) : recog_sbump has 0 polygons
2026-03-02 08:33:49 +0100: Memory Usage (438004K) : recog_otp has 0 polygons
2026-03-02 08:33:49 +0100: Memory Usage (438004K) : recog_pdiode has 0 polygons
2026-03-02 08:33:49 +0100: Memory Usage (438132K) : recog_mom has 0 polygons
2026-03-02 08:33:49 +0100: Memory Usage (438132K) : recog_pcm has 0 polygons
2026-03-02 08:33:49 +0100: Memory Usage (438132K) : colopen_drw has 0 polygons
2026-03-02 08:33:49 +0100: Memory Usage (438260K) : graphmetal1_drw has 0 polygons
2026-03-02 08:33:49 +0100: Memory Usage (438260K) : graphmetal1_filler has 0 polygons
2026-03-02 08:33:49 +0100: Memory Usage (438388K) : graphmetal1_nofill has 0 polygons
2026-03-02 08:33:49 +0100: Memory Usage (438388K) : graphmetal1_slit has 0 polygons
2026-03-02 08:33:49 +0100: Memory Usage (438388K) : graphmetal1_opc has 0 polygons
2026-03-02 08:33:49 +0100: Memory Usage (438516K) : graphmet1l_drw has 0 polygons
2026-03-02 08:33:49 +0100: Memory Usage (438516K) : graphmet1l_filler has 0 polygons
2026-03-02 08:33:49 +0100: Memory Usage (438644K) : graphmet1l_nofill has 0 polygons
2026-03-02 08:33:49 +0100: Memory Usage (438644K) : graphmet1l_slit has 0 polygons
2026-03-02 08:33:49 +0100: Memory Usage (438772K) : graphmet1l_opc has 0 polygons
2026-03-02 08:33:49 +0100: Memory Usage (438772K) : extblock_drw has 0 polygons
2026-03-02 08:33:49 +0100: Memory Usage (438772K) : nldd_drw has 0 polygons
2026-03-02 08:33:49 +0100: Memory Usage (438900K) : pldd_drw has 0 polygons
2026-03-02 08:33:49 +0100: Memory Usage (438900K) : next_drw has 0 polygons
2026-03-02 08:33:49 +0100: Memory Usage (439028K) : pext_drw has 0 polygons
2026-03-02 08:33:49 +0100: Memory Usage (439028K) : nexthv_drw has 0 polygons
2026-03-02 08:33:49 +0100: Memory Usage (439028K) : pexthv_drw has 0 polygons
2026-03-02 08:33:49 +0100: Memory Usage (439156K) : graphgate_drw has 0 polygons
2026-03-02 08:33:49 +0100: Memory Usage (439156K) : sinwg_drw has 0 polygons
2026-03-02 08:33:49 +0100: Memory Usage (439284K) : sinwg_filler has 0 polygons
2026-03-02 08:33:49 +0100: Memory Usage (439284K) : sinwg_nofill has 0 polygons
2026-03-02 08:33:49 +0100: Memory Usage (439412K) : mempad_drw has 0 polygons
2026-03-02 08:33:49 +0100: Memory Usage (439412K) : topvia1_drw has 11 polygons
2026-03-02 08:33:49 +0100: Memory Usage (439412K) : topmetal1_drw has 14 polygons
2026-03-02 08:33:49 +0100: Memory Usage (439540K) : topmetal1_pin has 1 polygons
2026-03-02 08:33:49 +0100: Memory Usage (439540K) : topmetal1_mask has 0 polygons
2026-03-02 08:33:49 +0100: Memory Usage (439668K) : topmetal1_filler has 0 polygons
2026-03-02 08:33:49 +0100: Memory Usage (439668K) : topmetal1_nofill has 0 polygons
2026-03-02 08:33:49 +0100: Memory Usage (439796K) : topmetal1_slit has 0 polygons
2026-03-02 08:33:49 +0100: Memory Usage (439796K) : topmetal1_text has 1 polygons
2026-03-02 08:33:49 +0100: Memory Usage (439796K) : topmetal1_noqrc has 0 polygons
2026-03-02 08:33:49 +0100: Memory Usage (439924K) : topmetal1_res has 0 polygons
2026-03-02 08:33:49 +0100: Memory Usage (439924K) : topmetal1_iprobe has 0 polygons
2026-03-02 08:33:49 +0100: Memory Usage (440052K) : topmetal1_diffprb has 0 polygons
2026-03-02 08:33:49 +0100: Memory Usage (440052K) : inldpwl_drw has 0 polygons
2026-03-02 08:33:49 +0100: Memory Usage (440052K) : polyres_drw has 0 polygons
2026-03-02 08:33:49 +0100: Memory Usage (440180K) : polyres_pin has 0 polygons
2026-03-02 08:33:49 +0100: Memory Usage (440180K) : vmim_drw has 65 polygons
2026-03-02 08:33:49 +0100: Memory Usage (440308K) : nbulaycut_drw has 0 polygons
2026-03-02 08:33:49 +0100: Memory Usage (440308K) : antmetal1_drw has 0 polygons
2026-03-02 08:33:49 +0100: Memory Usage (440436K) : topvia2_drw has 4 polygons
2026-03-02 08:33:49 +0100: Memory Usage (440436K) : topmetal2_drw has 4 polygons
2026-03-02 08:33:49 +0100: Memory Usage (440436K) : topmetal2_pin has 1 polygons
2026-03-02 08:33:49 +0100: Memory Usage (440564K) : topmetal2_mask has 0 polygons
2026-03-02 08:33:49 +0100: Memory Usage (440564K) : topmetal2_filler has 0 polygons
2026-03-02 08:33:49 +0100: Memory Usage (440692K) : topmetal2_nofill has 0 polygons
2026-03-02 08:33:49 +0100: Memory Usage (440692K) : topmetal2_slit has 0 polygons
2026-03-02 08:33:49 +0100: Memory Usage (440820K) : topmetal2_text has 1 polygons
2026-03-02 08:33:49 +0100: Memory Usage (440820K) : topmetal2_noqrc has 0 polygons
2026-03-02 08:33:49 +0100: Memory Usage (440820K) : topmetal2_res has 0 polygons
2026-03-02 08:33:49 +0100: Memory Usage (440948K) : topmetal2_iprobe has 0 polygons
2026-03-02 08:33:49 +0100: Memory Usage (440948K) : topmetal2_diffprb has 0 polygons
2026-03-02 08:33:49 +0100: Memory Usage (441076K) : snsring_drw has 0 polygons
2026-03-02 08:33:49 +0100: Memory Usage (441076K) : sensor_drw has 0 polygons
2026-03-02 08:33:49 +0100: Memory Usage (441076K) : snsarms_drw has 0 polygons
2026-03-02 08:33:49 +0100: Memory Usage (441204K) : snscmosvia_drw has 0 polygons
2026-03-02 08:33:49 +0100: Memory Usage (441204K) : colwind_drw has 0 polygons
2026-03-02 08:33:49 +0100: Memory Usage (441332K) : flm_drw has 0 polygons
2026-03-02 08:33:49 +0100: Memory Usage (441332K) : hafniumox_drw has 0 polygons
2026-03-02 08:33:49 +0100: Memory Usage (441332K) : memvia_drw has 0 polygons
2026-03-02 08:33:49 +0100: Memory Usage (441460K) : thinfilmres_drw has 0 polygons
2026-03-02 08:33:49 +0100: Memory Usage (441460K) : rfmem_drw has 0 polygons
2026-03-02 08:33:49 +0100: Memory Usage (441588K) : norcx_drw has 0 polygons
2026-03-02 08:33:49 +0100: Memory Usage (441588K) : norcx_m2m3 has 0 polygons
2026-03-02 08:33:49 +0100: Memory Usage (441716K) : norcx_m2m4 has 0 polygons
2026-03-02 08:33:49 +0100: Memory Usage (441716K) : norcx_m2m5 has 0 polygons
2026-03-02 08:33:49 +0100: Memory Usage (441844K) : norcx_m2tm1 has 0 polygons
2026-03-02 08:33:49 +0100: Memory Usage (441844K) : norcx_m2tm2 has 0 polygons
2026-03-02 08:33:49 +0100: Memory Usage (441844K) : norcx_m3m4 has 0 polygons
2026-03-02 08:33:49 +0100: Memory Usage (441844K) : norcx_m3m5 has 0 polygons
2026-03-02 08:33:49 +0100: Memory Usage (441844K) : norcx_m3tm1 has 0 polygons
2026-03-02 08:33:49 +0100: Memory Usage (441844K) : norcx_m3tm2 has 0 polygons
2026-03-02 08:33:49 +0100: Memory Usage (441844K) : norcx_m4m5 has 0 polygons
2026-03-02 08:33:49 +0100: Memory Usage (441972K) : norcx_m4tm1 has 0 polygons
2026-03-02 08:33:49 +0100: Memory Usage (441972K) : norcx_m4tm2 has 0 polygons
2026-03-02 08:33:49 +0100: Memory Usage (441972K) : norcx_m5tm1 has 0 polygons
2026-03-02 08:33:49 +0100: Memory Usage (442100K) : norcx_m5tm2 has 0 polygons
2026-03-02 08:33:49 +0100: Memory Usage (442100K) : norcx_tm1tm2 has 0 polygons
2026-03-02 08:33:49 +0100: Memory Usage (442228K) : norcx_m1sub has 0 polygons
2026-03-02 08:33:49 +0100: Memory Usage (442228K) : norcx_m2sub has 0 polygons
2026-03-02 08:33:49 +0100: Memory Usage (442228K) : norcx_m3sub has 0 polygons
2026-03-02 08:33:49 +0100: Memory Usage (442356K) : norcx_m4sub has 0 polygons
2026-03-02 08:33:49 +0100: Memory Usage (442356K) : norcx_m5sub has 0 polygons
2026-03-02 08:33:49 +0100: Memory Usage (442484K) : norcx_tm1sub has 0 polygons
2026-03-02 08:33:49 +0100: Memory Usage (442484K) : norcx_tm2sub has 0 polygons
2026-03-02 08:33:49 +0100: Memory Usage (442612K) : snsbotvia_drw has 0 polygons
2026-03-02 08:33:49 +0100: Memory Usage (442612K) : snstopvia_drw has 0 polygons
2026-03-02 08:33:49 +0100: Memory Usage (442612K) : deepvia_drw has 0 polygons
2026-03-02 08:33:49 +0100: Memory Usage (442740K) : fgetch_drw has 0 polygons
2026-03-02 08:33:49 +0100: Memory Usage (442740K) : ctrgat_drw has 0 polygons
2026-03-02 08:33:49 +0100: Memory Usage (442868K) : fgimp_drw has 0 polygons
2026-03-02 08:33:49 +0100: Memory Usage (442868K) : emwihv_drw has 0 polygons
2026-03-02 08:33:49 +0100: Memory Usage (442868K) : lbe_drw has 0 polygons
2026-03-02 08:33:49 +0100: Memory Usage (442996K) : alcustop_drw has 0 polygons
2026-03-02 08:33:49 +0100: Memory Usage (442996K) : nometfiller_drw has 0 polygons
2026-03-02 08:33:49 +0100: Memory Usage (442996K) : prboundary_drw has 0 polygons
2026-03-02 08:33:49 +0100: Memory Usage (443124K) : exchange0_drw has 0 polygons
2026-03-02 08:33:49 +0100: Memory Usage (443124K) : exchange0_pin has 0 polygons
2026-03-02 08:33:49 +0100: Memory Usage (443124K) : exchange0_text has 0 polygons
2026-03-02 08:33:49 +0100: Memory Usage (443252K) : exchange1_drw has 0 polygons
2026-03-02 08:33:49 +0100: Memory Usage (443252K) : exchange1_pin has 0 polygons
2026-03-02 08:33:49 +0100: Memory Usage (443380K) : exchange1_text has 0 polygons
2026-03-02 08:33:49 +0100: Memory Usage (443380K) : exchange2_drw has 0 polygons
2026-03-02 08:33:49 +0100: Memory Usage (443508K) : exchange2_pin has 0 polygons
2026-03-02 08:33:49 +0100: Memory Usage (443508K) : exchange2_text has 0 polygons
2026-03-02 08:33:49 +0100: Memory Usage (443508K) : exchange3_drw has 0 polygons
2026-03-02 08:33:49 +0100: Memory Usage (443636K) : exchange3_pin has 0 polygons
2026-03-02 08:33:49 +0100: Memory Usage (443636K) : exchange3_text has 0 polygons
2026-03-02 08:33:49 +0100: Memory Usage (443764K) : exchange4_drw has 0 polygons
2026-03-02 08:33:49 +0100: Memory Usage (443764K) : exchange4_pin has 0 polygons
2026-03-02 08:33:49 +0100: Memory Usage (443892K) : exchange4_text has 0 polygons
2026-03-02 08:33:49 +0100: Memory Usage (443892K) : isonwell_drw has 0 polygons
2026-03-02 08:33:49 +0100: Memory Usage (443892K) : Total no. of polygons in the design is 1266
2026-03-02 08:33:49 +0100: Memory Usage (443892K) : Loaded TECH DRC rules values from /opt/pdks/ihp-sg13g2/libs.tech/klayout/python/sg13g2_pycell_lib/sg13g2_tech_mod.json
2026-03-02 08:33:49 +0100: Memory Usage (443892K) : Loaded default DRC rules values from /opt/pdks/ihp-sg13g2/libs.tech/klayout/tech/drc/rule_decks/sg13g2_tech_default.json
2026-03-02 08:33:49 +0100: Memory Usage (443892K) : The following rules values were missing in tech json and default values were used:
2026-03-02 08:33:49 +0100: Memory Usage (443892K) :   - Cnt_c_digibnd
2026-03-02 08:33:49 +0100: Memory Usage (445172K) : Total area of the design is 1744.5185999999999 um^2.
2026-03-02 08:33:49 +0100: Memory Usage (445172K) : The design dimensions are 56.760000000000005 µm * 30.735 µm.
2026-03-02 08:33:49 +0100: Memory Usage (445172K) : Starting general IHP-SG13G2 derivations.
2026-03-02 08:33:49 +0100: Memory Usage (445172K) : Starting Pwell derivations
2026-03-02 08:33:49 +0100: Memory Usage (447476K) : Starting n-Activ derivations
2026-03-02 08:33:49 +0100: Memory Usage (447604K) : Starting p-Activ derivations
2026-03-02 08:33:49 +0100: Memory Usage (447732K) : Starting ptap derivations
2026-03-02 08:33:49 +0100: Memory Usage (447860K) : Starting ntap derivations
2026-03-02 08:33:49 +0100: Memory Usage (447860K) : Starting pact FET derivations
2026-03-02 08:33:49 +0100: Memory Usage (447988K) : Starting nact FET derivations
2026-03-02 08:33:49 +0100: Memory Usage (447988K) : Starting Gate derivations
2026-03-02 08:33:49 +0100: Memory Usage (448116K) : Starting cont/contbar general derivations
2026-03-02 08:33:49 +0100: Memory Usage (448372K) : Starting pad general derivations
2026-03-02 08:33:49 +0100: Memory Usage (448628K) : Starting IHP-SG13G2 DRC connectivity related derivations.
2026-03-02 08:33:49 +0100: Memory Usage (449524K) : Starting IHP-SG13G2 DRC connectivity setup
2026-03-02 08:33:49 +0100: Memory Usage (449908K) : Starting IHP-SG13G2 DRC rules.
2026-03-02 08:33:49 +0100: Memory Usage (449908K) : Running all FEOL rules
2026-03-02 08:33:49 +0100: Memory Usage (449908K) : Running all BEOL rules
2026-03-02 08:33:49 +0100: Memory Usage (449908K) : Running all PIN rules
2026-03-02 08:33:49 +0100: Memory Usage (449908K) : Running all FORBIDDEN rules
2026-03-02 08:33:49 +0100: Memory Usage (449908K) : Starting 5.1 NWell table
2026-03-02 08:33:49 +0100: Memory Usage (449908K) : Executing rule NW.b
2026-03-02 08:33:49 +0100: Memory Usage (450676K) : Executing rule NW.b1
2026-03-02 08:33:49 +0100: Memory Usage (450932K) : Starting 5.2 PWell:block
2026-03-02 08:33:49 +0100: Memory Usage (450932K) : Executing rule PWB.e
2026-03-02 08:33:49 +0100: Memory Usage (451060K) : Executing rule PWB.e1
2026-03-02 08:33:49 +0100: Memory Usage (451188K) : Executing rule PWB.f
2026-03-02 08:33:49 +0100: Memory Usage (451316K) : Executing rule PWB.f1
2026-03-02 08:33:49 +0100: Memory Usage (451956K) : Starting 5.3 nBuLay table
2026-03-02 08:33:49 +0100: Memory Usage (452084K) : Executing rule NBL.b
2026-03-02 08:33:49 +0100: Memory Usage (452212K) : Executing rule NBL.c
2026-03-02 08:33:49 +0100: Memory Usage (452468K) : Executing rule NBL.d
2026-03-02 08:33:49 +0100: Memory Usage (452724K) : Executing rule NBL.e
2026-03-02 08:33:49 +0100: Memory Usage (452852K) : Executing rule NBL.f
2026-03-02 08:33:49 +0100: Memory Usage (452852K) : Starting 5.5. Activ table
2026-03-02 08:33:49 +0100: Memory Usage (452852K) : Executing rule Act.a
2026-03-02 08:33:49 +0100: Memory Usage (452980K) : Executing rule Act.b
2026-03-02 08:33:49 +0100: Memory Usage (453236K) : Starting 5.6 Activ:filler table
2026-03-02 08:33:49 +0100: Memory Usage (453364K) : Executing rule AFil.c1
2026-03-02 08:33:49 +0100: Memory Usage (453492K) : Executing rule AFil.c
2026-03-02 08:33:49 +0100: Memory Usage (453492K) : Executing rule AFil.d
2026-03-02 08:33:49 +0100: Memory Usage (453876K) : Executing rule AFil.e
2026-03-02 08:33:49 +0100: Memory Usage (454004K) : Executing rule AFil.j
2026-03-02 08:33:49 +0100: Memory Usage (454260K) : Starting 5.7. ThickGateOx table
2026-03-02 08:33:49 +0100: Memory Usage (454260K) : Executing rule TGO.f
2026-03-02 08:33:49 +0100: Memory Usage (454388K) : Starting 5.8. GatPoly table
2026-03-02 08:33:49 +0100: Memory Usage (454388K) : Executing rule Gat.a
2026-03-02 08:33:49 +0100: Memory Usage (454388K) : Executing rule Gat.b
2026-03-02 08:33:49 +0100: Memory Usage (454516K) : Executing rule Gat.d
2026-03-02 08:33:49 +0100: Memory Usage (454644K) : Executing rule Gat.a1
2026-03-02 08:33:49 +0100: Memory Usage (455028K) : Executing rule Gat.a2
2026-03-02 08:33:49 +0100: Memory Usage (455284K) : Executing rule Gat.g
2026-03-02 08:33:49 +0100: Memory Usage (455540K) : Starting 5.9 GatPoly:filler
2026-03-02 08:33:49 +0100: Memory Usage (455668K) : Executing rule GFil.d
2026-03-02 08:33:49 +0100: Memory Usage (455668K) : Executing rule GFil.e
2026-03-02 08:33:49 +0100: Memory Usage (455668K) : Executing rule GFil.i
2026-03-02 08:33:49 +0100: Memory Usage (455668K) : Starting 5.10 pSD table
2026-03-02 08:33:49 +0100: Memory Usage (455668K) : Executing rule pSD.c1
2026-03-02 08:33:49 +0100: Memory Usage (455668K) : Starting 5.14. Cont table
2026-03-02 08:33:49 +0100: Memory Usage (455668K) : Executing rule Cnt.a
2026-03-02 08:33:49 +0100: Memory Usage (455668K) : Executing rule Cnt.b
2026-03-02 08:33:49 +0100: Memory Usage (455668K) : Executing rule Cnt.c
2026-03-02 08:33:49 +0100: Memory Usage (455668K) : Executing rule Cnt.c
2026-03-02 08:33:49 +0100: Memory Usage (455668K) : Executing rule Cnt.d
2026-03-02 08:33:49 +0100: Memory Usage (455668K) : Executing rule Cnt.e
2026-03-02 08:33:49 +0100: Memory Usage (455668K) : Executing rule Cnt.g1
2026-03-02 08:33:49 +0100: Memory Usage (455668K) : Executing rule Cnt.g2
2026-03-02 08:33:49 +0100: Memory Usage (455668K) : Starting 5.15. ContBar table
2026-03-02 08:33:49 +0100: Memory Usage (455668K) : Executing rule CntB.b1
2026-03-02 08:33:49 +0100: Memory Usage (455668K) : Executing rule CntB.h1
2026-03-02 08:33:49 +0100: Memory Usage (455668K) : Starting 6.1.3 NPN Substrate-Tie table
2026-03-02 08:33:49 +0100: Memory Usage (455668K) : Executing rule npn13G2.bR 
2026-03-02 08:33:49 +0100: Memory Usage (455668K) : Executing rule npn13G2L.cR 
2026-03-02 08:33:49 +0100: Memory Usage (455668K) : Executing rule npn13G2V.cR 
2026-03-02 08:33:49 +0100: Memory Usage (455668K) : Starting 6.7 Schottky diode table
2026-03-02 08:33:49 +0100: Memory Usage (455668K) : Executing rule Sdiod.d
2026-03-02 08:33:49 +0100: Memory Usage (455668K) : Executing rule Sdiod.e
2026-03-02 08:33:49 +0100: Memory Usage (455668K) : Starting 7.2 Latch-up table
2026-03-02 08:33:49 +0100: Memory Usage (455668K) : Executing rule LU.b
2026-03-02 08:33:49 +0100: Memory Usage (455668K) : Starting 5.16. Metal1 table
2026-03-02 08:33:49 +0100: Memory Usage (455668K) : Executing rule M1.a
2026-03-02 08:33:49 +0100: Memory Usage (455668K) : Executing rule M1.b
2026-03-02 08:33:49 +0100: Memory Usage (455668K) : Executing rule M1.e
2026-03-02 08:33:49 +0100: Memory Usage (455668K) : Executing rule M1.f
2026-03-02 08:33:49 +0100: Memory Usage (455668K) : Executing rule M1.g
2026-03-02 08:33:49 +0100: Memory Usage (455668K) : Executing rule M1.i
2026-03-02 08:33:49 +0100: Memory Usage (455668K) : Starting 5.17 Metaln table
2026-03-02 08:33:49 +0100: Memory Usage (455668K) : Executing rule M2.a
2026-03-02 08:33:49 +0100: Memory Usage (455668K) : Executing rule M2.b
2026-03-02 08:33:49 +0100: Memory Usage (455668K) : Executing rule M2.e
2026-03-02 08:33:49 +0100: Memory Usage (455668K) : Executing rule M2.f
2026-03-02 08:33:49 +0100: Memory Usage (455668K) : Executing rule M2.g
2026-03-02 08:33:49 +0100: Memory Usage (455668K) : Executing rule M2.i
2026-03-02 08:33:49 +0100: Memory Usage (455668K) : Executing rule M3.a
2026-03-02 08:33:49 +0100: Memory Usage (455668K) : Executing rule M3.b
2026-03-02 08:33:49 +0100: Memory Usage (455668K) : Executing rule M3.e
2026-03-02 08:33:49 +0100: Memory Usage (455668K) : Executing rule M3.f
2026-03-02 08:33:49 +0100: Memory Usage (455668K) : Executing rule M3.g
2026-03-02 08:33:49 +0100: Memory Usage (455668K) : Executing rule M3.i
2026-03-02 08:33:49 +0100: Memory Usage (455668K) : Executing rule M4.a
2026-03-02 08:33:49 +0100: Memory Usage (455668K) : Executing rule M4.b
2026-03-02 08:33:49 +0100: Memory Usage (455668K) : Executing rule M4.e
2026-03-02 08:33:49 +0100: Memory Usage (455668K) : Executing rule M4.f
2026-03-02 08:33:49 +0100: Memory Usage (455668K) : Executing rule M4.g
2026-03-02 08:33:49 +0100: Memory Usage (455668K) : Executing rule M4.i
2026-03-02 08:33:49 +0100: Memory Usage (455668K) : Executing rule M5.a
2026-03-02 08:33:49 +0100: Memory Usage (455668K) : Executing rule M5.b
2026-03-02 08:33:49 +0100: Memory Usage (455668K) : Executing rule M5.e
2026-03-02 08:33:49 +0100: Memory Usage (455668K) : Executing rule M5.f
2026-03-02 08:33:49 +0100: Memory Usage (455668K) : Executing rule M5.g
2026-03-02 08:33:49 +0100: Memory Usage (455668K) : Executing rule M5.i
2026-03-02 08:33:49 +0100: Memory Usage (455668K) : Starting 5.18 Metaln:filler table
2026-03-02 08:33:49 +0100: Memory Usage (455668K) : Executing rule M1Fil.c
2026-03-02 08:33:49 +0100: Memory Usage (455668K) : Executing rule M1Fil.a2
2026-03-02 08:33:50 +0100: Memory Usage (455668K) : Executing rule M2Fil.c
2026-03-02 08:33:50 +0100: Memory Usage (455668K) : Executing rule M2Fil.a2
2026-03-02 08:33:50 +0100: Memory Usage (455668K) : Executing rule M3Fil.c
2026-03-02 08:33:50 +0100: Memory Usage (455668K) : Executing rule M3Fil.a2
2026-03-02 08:33:50 +0100: Memory Usage (455668K) : Executing rule M4Fil.c
2026-03-02 08:33:50 +0100: Memory Usage (455668K) : Executing rule M4Fil.a2
2026-03-02 08:33:50 +0100: Memory Usage (455668K) : Executing rule M5Fil.c
2026-03-02 08:33:50 +0100: Memory Usage (455668K) : Executing rule M5Fil.a2
2026-03-02 08:33:50 +0100: Memory Usage (455668K) : Starting 5.19. Via1 table
2026-03-02 08:33:50 +0100: Memory Usage (455668K) : Starting 5.19. Via1 table derivations
2026-03-02 08:33:50 +0100: Memory Usage (455668K) : Executing rule V1.a
2026-03-02 08:33:50 +0100: Memory Usage (455668K) : Executing rule V1.b
2026-03-02 08:33:50 +0100: Memory Usage (455668K) : Executing rule V1.c
2026-03-02 08:33:50 +0100: Memory Usage (455668K) : Starting 5.20. Vian table
2026-03-02 08:33:50 +0100: Memory Usage (455668K) : Executing rule V2.a
2026-03-02 08:33:50 +0100: Memory Usage (455668K) : Executing rule V2.b
2026-03-02 08:33:50 +0100: Memory Usage (455668K) : Executing rule V2.c
2026-03-02 08:33:50 +0100: Memory Usage (455668K) : Executing rule V3.a
2026-03-02 08:33:50 +0100: Memory Usage (455668K) : Executing rule V3.b
2026-03-02 08:33:50 +0100: Memory Usage (455668K) : Executing rule V3.c
2026-03-02 08:33:50 +0100: Memory Usage (455668K) : Executing rule V4.a
2026-03-02 08:33:50 +0100: Memory Usage (455668K) : Executing rule V4.b
2026-03-02 08:33:50 +0100: Memory Usage (455668K) : Executing rule V4.c
2026-03-02 08:33:50 +0100: Memory Usage (455668K) : Starting 5.21. TopVia1 table
2026-03-02 08:33:50 +0100: Memory Usage (455668K) : Executing rule TV1.a
2026-03-02 08:33:50 +0100: Memory Usage (455668K) : Executing rule TV1.b
2026-03-02 08:33:50 +0100: Memory Usage (455668K) : Executing rule TV1.c
2026-03-02 08:33:50 +0100: Memory Usage (455668K) : Executing rule TV1.d
2026-03-02 08:33:50 +0100: Memory Usage (455668K) : Starting 5.22. TopMetal1 table
2026-03-02 08:33:50 +0100: Memory Usage (455668K) : Executing rule TM1.a
2026-03-02 08:33:50 +0100: Memory Usage (455668K) : Executing rule TM1.b
2026-03-02 08:33:50 +0100: Memory Usage (455668K) : Starting 5.23 TopMetal1:filler table
2026-03-02 08:33:50 +0100: Memory Usage (455668K) : Executing rule TM1Fil.c
2026-03-02 08:33:50 +0100: Memory Usage (455668K) : Executing rule TM1Fil.a1
2026-03-02 08:33:50 +0100: Memory Usage (455668K) : Starting 5.24. TopVia2 table
2026-03-02 08:33:50 +0100: Memory Usage (455668K) : Executing rule TV2.a
2026-03-02 08:33:50 +0100: Memory Usage (455668K) : Executing rule TV2.b
2026-03-02 08:33:50 +0100: Memory Usage (455668K) : Executing rule TV2.c
2026-03-02 08:33:50 +0100: Memory Usage (455668K) : Executing rule TV2.d
2026-03-02 08:33:50 +0100: Memory Usage (455668K) : Starting 5.25. TopMetal2 table
2026-03-02 08:33:50 +0100: Memory Usage (455668K) : Executing rule TM2.a
2026-03-02 08:33:50 +0100: Memory Usage (455668K) : Executing rule TM2.b
2026-03-02 08:33:50 +0100: Memory Usage (455668K) : Executing rule TM2.bR
2026-03-02 08:33:50 +0100: Memory Usage (455668K) : Starting 5.26 TopMetal2:filler table
2026-03-02 08:33:50 +0100: Memory Usage (455668K) : Executing rule TM2Fil.c
2026-03-02 08:33:50 +0100: Memory Usage (455668K) : Executing rule TM2Fil.a1
2026-03-02 08:33:50 +0100: Memory Usage (455668K) : Starting 5.27. Passiv table
2026-03-02 08:33:50 +0100: Memory Usage (455668K) : Executing rule Pas.a
2026-03-02 08:33:50 +0100: Memory Usage (455668K) : Executing rule Pas.b
2026-03-02 08:33:50 +0100: Memory Usage (455668K) : Executing rule Pas.c
2026-03-02 08:33:50 +0100: Memory Usage (455668K) : Starting 6.9.2 Copper Pillar table
2026-03-02 08:33:50 +0100: Memory Usage (455668K) : Executing rule Padc.a
2026-03-02 08:33:50 +0100: Memory Usage (455668K) : Executing rule Padc.b
2026-03-02 08:33:50 +0100: Memory Usage (455668K) : Executing rule Padc.c
2026-03-02 08:33:50 +0100: Memory Usage (455668K) : Executing rule Padb.f
2026-03-02 08:33:50 +0100: Memory Usage (455668K) : Starting 6.9 Pad table
2026-03-02 08:33:50 +0100: Memory Usage (455668K) : Executing rule Pad.m
2026-03-02 08:33:50 +0100: Memory Usage (455668K) : Executing rule Pad.fR_M1
2026-03-02 08:33:50 +0100: Memory Usage (455668K) : Executing rule Pad.fR_M2
2026-03-02 08:33:50 +0100: Memory Usage (455668K) : Executing rule Pad.fR_M3
2026-03-02 08:33:50 +0100: Memory Usage (455668K) : Executing rule Pad.fR_M4
2026-03-02 08:33:50 +0100: Memory Usage (455668K) : Executing rule Pad.fR_M5
2026-03-02 08:33:50 +0100: Memory Usage (455668K) : Executing rule Pad.fR_TM1
2026-03-02 08:33:50 +0100: Memory Usage (455668K) : Executing rule Pad.fR_TM2
2026-03-02 08:33:50 +0100: Memory Usage (455668K) : Executing rule Pad.i
2026-03-02 08:33:50 +0100: Memory Usage (455668K) : Starting 6.9.1 Solder Bump
2026-03-02 08:33:50 +0100: Memory Usage (455668K) : Executing rule Padb.a
2026-03-02 08:33:50 +0100: Memory Usage (455668K) : Executing rule Padb.b
2026-03-02 08:33:50 +0100: Memory Usage (455668K) : Executing rule Padb.c
2026-03-02 08:33:50 +0100: Memory Usage (455668K) : Executing rule Padb.f
2026-03-02 08:33:50 +0100: Memory Usage (455668K) : Executing rule Padb.d
2026-03-02 08:33:50 +0100: Memory Usage (455668K) : Starting 6.10 Sealring table
2026-03-02 08:33:50 +0100: Memory Usage (455668K) : Executing rule Seal.l
2026-03-02 08:33:50 +0100: Memory Usage (455668K) : Executing rule Seal.n
2026-03-02 08:33:50 +0100: Memory Usage (455668K) : Executing rule seal.b_metal1
2026-03-02 08:33:50 +0100: Memory Usage (455668K) : Executing rule seal.b_metal2
2026-03-02 08:33:50 +0100: Memory Usage (455668K) : Executing rule seal.b_metal3
2026-03-02 08:33:50 +0100: Memory Usage (455796K) : Executing rule seal.b_metal4
2026-03-02 08:33:50 +0100: Memory Usage (455924K) : Executing rule seal.b_metal5
2026-03-02 08:33:50 +0100: Memory Usage (456180K) : Executing rule seal.b_topmetal1
2026-03-02 08:33:50 +0100: Memory Usage (456308K) : Executing rule seal.b_topmetal2
2026-03-02 08:33:50 +0100: Memory Usage (456436K) : Executing rule seal.b_activ
2026-03-02 08:33:50 +0100: Memory Usage (456692K) : Executing rule seal.b_psd
2026-03-02 08:33:50 +0100: Memory Usage (456820K) : Executing rule Seal.k
2026-03-02 08:33:50 +0100: Memory Usage (457076K) : Executing rule Seal.m
2026-03-02 08:33:50 +0100: Memory Usage (457204K) : Starting 6.11 MIM table
2026-03-02 08:33:50 +0100: Memory Usage (457204K) : Executing rule MIM.c
2026-03-02 08:33:50 +0100: Memory Usage (457204K) : Executing rule MIM.d
2026-03-02 08:33:50 +0100: Memory Usage (457204K) : Executing rule MIM.gR
2026-03-02 08:33:50 +0100: Memory Usage (457204K) : Starting 7.3 Metal Slits table
2026-03-02 08:33:50 +0100: Memory Usage (457204K) : Executing rule Slt.e1_M1
2026-03-02 08:33:50 +0100: Memory Usage (457204K) : Executing rule Slt.e1_M2
2026-03-02 08:33:50 +0100: Memory Usage (457204K) : Executing rule Slt.e1_M3
2026-03-02 08:33:50 +0100: Memory Usage (457204K) : Executing rule Slt.e1_M4
2026-03-02 08:33:50 +0100: Memory Usage (457204K) : Executing rule Slt.e1_M5
2026-03-02 08:33:50 +0100: Memory Usage (457204K) : Executing rule Slt.e1_TM1
2026-03-02 08:33:50 +0100: Memory Usage (457204K) : Executing rule Slt.e1_TM2
2026-03-02 08:33:50 +0100: Memory Usage (457204K) : Starting 9.1. LBE table
2026-03-02 08:33:50 +0100: Memory Usage (457204K) : Executing rule LBE.a
2026-03-02 08:33:50 +0100: Memory Usage (457204K) : Executing rule LBE.b
2026-03-02 08:33:50 +0100: Memory Usage (457204K) : Executing rule LBE.b1
2026-03-02 08:33:50 +0100: Memory Usage (457204K) : Executing rule LBE.c
2026-03-02 08:33:50 +0100: Memory Usage (457204K) : Executing rule LBE.d
2026-03-02 08:33:50 +0100: Memory Usage (457204K) : Executing rule LBE.h
2026-03-02 08:33:50 +0100: Memory Usage (457204K) : Starting 7.4. PIN table
2026-03-02 08:33:50 +0100: Memory Usage (457204K) : Executing rule Pin.a
2026-03-02 08:33:50 +0100: Memory Usage (457204K) : Executing rule Pin.b
2026-03-02 08:33:50 +0100: Memory Usage (457204K) : Executing rule Pin.e
2026-03-02 08:33:50 +0100: Memory Usage (457204K) : Executing rule Pin.f_M2
2026-03-02 08:33:50 +0100: Memory Usage (457204K) : Executing rule Pin.f_M3
2026-03-02 08:33:50 +0100: Memory Usage (457204K) : Executing rule Pin.f_M4
2026-03-02 08:33:50 +0100: Memory Usage (457204K) : Executing rule Pin.f_M5
2026-03-02 08:33:50 +0100: Memory Usage (457204K) : Executing rule Pin.g
2026-03-02 08:33:50 +0100: Memory Usage (457204K) : Executing rule Pin.h
2026-03-02 08:33:50 +0100: Memory Usage (457204K) : Starting 3.2. FORBIDDEN table
2026-03-02 08:33:50 +0100: Memory Usage (457204K) : Executing rule forbidden.biwind
2026-03-02 08:33:50 +0100: Memory Usage (457204K) : Executing rule forbidden.pemwind
2026-03-02 08:33:50 +0100: Memory Usage (457204K) : Executing rule forbidden.baspoly
2026-03-02 08:33:50 +0100: Memory Usage (457204K) : Executing rule forbidden.deepco
2026-03-02 08:33:50 +0100: Memory Usage (457204K) : Executing rule forbidden.pempoly
2026-03-02 08:33:50 +0100: Memory Usage (457204K) : Executing rule forbidden.empoly
2026-03-02 08:33:50 +0100: Memory Usage (457204K) : Executing rule forbidden.ldmos
2026-03-02 08:33:50 +0100: Memory Usage (457204K) : Executing rule forbidden.pbiwind
2026-03-02 08:33:50 +0100: Memory Usage (457204K) : Executing rule forbidden.nodrc
2026-03-02 08:33:50 +0100: Memory Usage (457204K) : Executing rule forbidden.flash
2026-03-02 08:33:50 +0100: Memory Usage (457204K) : Executing rule forbidden.colwind
2026-03-02 08:33:50 +0100: Memory Usage (457204K) : KLayout DRC run for tables 'main' completed in 1.1 seconds
