
===========================================================================
report_checks -path_delay max (Setup)
============================================================================
======================= nom_slow_1p08V_125C Corner ===================================

Startpoint: fclk_in (clock source 'fclk_in')
Endpoint: fclk_comp (output port clocked by fclk_in)
Path Group: fclk_in
Path Type: max

Fanout         Cap        Slew       Delay        Time   Description
---------------------------------------------------------------------------------------------
                      0.150000   31.250000   31.250000   clock fclk_in (fall edge)
     7    0.016211    0.043415    0.018090   31.268091 v fclk_in (in)
                                                         fclk_in (net)
                      0.043415    0.000000   31.268091 v _240_/A (sg13g2_buf_1)
     1    0.006000    0.047421    0.110735   31.378826 v _240_/X (sg13g2_buf_1)
                                                         fclk_comp (net)
                      0.047421    0.000000   31.378826 v fclk_comp (out)
                                             31.378826   data arrival time

                      0.150000   62.500000   62.500000   clock fclk_in (rise edge)
                                  0.000000   62.500000   clock network delay (ideal)
                                 -0.250000   62.250004   clock uncertainty
                                  0.000000   62.250004   clock reconvergence pessimism
                                -12.500000   49.750004   output external delay
                                             49.750004   data required time
---------------------------------------------------------------------------------------------
                                             49.750004   data required time
                                            -31.378826   data arrival time
---------------------------------------------------------------------------------------------
                                             18.371180   slack (MET)


Startpoint: En (input port clocked by fclk_in)
Endpoint: _234_ (rising edge-triggered flip-flop clocked by fclk_in)
Path Group: fclk_in
Path Type: max

Fanout         Cap        Slew       Delay        Time   Description
---------------------------------------------------------------------------------------------
                      0.150000    0.000000    0.000000   clock fclk_in (rise edge)
                                  0.000000    0.000000   clock network delay (ideal)
                                 12.500000   12.500000 ^ input external delay
     7    0.022278    0.060984    0.028294   12.528294 ^ En (in)
                                                         En (net)
                      0.060984    0.000000   12.528294 ^ _111_/A (sg13g2_nand4_1)
     3    0.007985    0.206545    0.199388   12.727681 v _111_/Y (sg13g2_nand4_1)
                                                         _070_ (net)
                      0.206545    0.000000   12.727681 v _118_/A2 (sg13g2_o21ai_1)
     1    0.002152    0.114727    0.167025   12.894706 ^ _118_/Y (sg13g2_o21ai_1)
                                                         _072_ (net)
                      0.114727    0.000000   12.894706 ^ _119_/B_N (sg13g2_nor2b_1)
     1    0.001335    0.053972    0.159603   13.054309 ^ _119_/Y (sg13g2_nor2b_1)
                                                         _060_ (net)
                      0.053972    0.000000   13.054309 ^ _234_/D (sg13g2_dfrbpq_1)
                                             13.054309   data arrival time

                      0.150000   62.500000   62.500000   clock fclk_in (rise edge)
                                  0.000000   62.500000   clock network delay (ideal)
                                 -0.250000   62.250004   clock uncertainty
                                  0.000000   62.250004   clock reconvergence pessimism
                                             62.250004 ^ _234_/CLK (sg13g2_dfrbpq_1)
                                 -0.178588   62.071415   library setup time
                                             62.071415   data required time
---------------------------------------------------------------------------------------------
                                             62.071415   data required time
                                            -13.054309   data arrival time
---------------------------------------------------------------------------------------------
                                             49.017109   slack (MET)


Startpoint: En (input port clocked by fclk_in)
Endpoint: _239_ (rising edge-triggered flip-flop clocked by fclk_in)
Path Group: fclk_in
Path Type: max

Fanout         Cap        Slew       Delay        Time   Description
---------------------------------------------------------------------------------------------
                      0.150000    0.000000    0.000000   clock fclk_in (rise edge)
                                  0.000000    0.000000   clock network delay (ideal)
                                 12.500000   12.500000 ^ input external delay
     7    0.022278    0.060984    0.028294   12.528294 ^ En (in)
                                                         En (net)
                      0.060984    0.000000   12.528294 ^ _111_/A (sg13g2_nand4_1)
     3    0.007985    0.206545    0.199388   12.727681 v _111_/Y (sg13g2_nand4_1)
                                                         _070_ (net)
                      0.206545    0.000000   12.727681 v _117_/C (sg13g2_nor3_1)
     2    0.004165    0.167858    0.189867   12.917548 ^ _117_/Y (sg13g2_nor3_1)
                                                         _000_ (net)
                      0.167858    0.000000   12.917548 ^ _239_/D (sg13g2_dfrbpq_1)
                                             12.917548   data arrival time

                      0.150000   62.500000   62.500000   clock fclk_in (rise edge)
                                  0.000000   62.500000   clock network delay (ideal)
                                 -0.250000   62.250004   clock uncertainty
                                  0.000000   62.250004   clock reconvergence pessimism
                                             62.250004 ^ _239_/CLK (sg13g2_dfrbpq_1)
                                 -0.225040   62.024960   library setup time
                                             62.024960   data required time
---------------------------------------------------------------------------------------------
                                             62.024960   data required time
                                            -12.917548   data arrival time
---------------------------------------------------------------------------------------------
                                             49.107414   slack (MET)


Startpoint: En (input port clocked by fclk_in)
Endpoint: _238_ (rising edge-triggered flip-flop clocked by fclk_in)
Path Group: fclk_in
Path Type: max

Fanout         Cap        Slew       Delay        Time   Description
---------------------------------------------------------------------------------------------
                      0.150000    0.000000    0.000000   clock fclk_in (rise edge)
                                  0.000000    0.000000   clock network delay (ideal)
                                 12.500000   12.500000 ^ input external delay
     7    0.022278    0.060984    0.028294   12.528294 ^ En (in)
                                                         En (net)
                      0.060984    0.000000   12.528294 ^ _111_/A (sg13g2_nand4_1)
     3    0.007985    0.206545    0.199388   12.727681 v _111_/Y (sg13g2_nand4_1)
                                                         _070_ (net)
                      0.206545    0.000000   12.727681 v _112_/B (sg13g2_and2_1)
     1    0.001355    0.031378    0.177725   12.905407 v _112_/X (sg13g2_and2_1)
                                                         _064_ (net)
                      0.031378    0.000000   12.905407 v _238_/D (sg13g2_dfrbpq_1)
                                             12.905407   data arrival time

                      0.150000   62.500000   62.500000   clock fclk_in (rise edge)
                                  0.000000   62.500000   clock network delay (ideal)
                                 -0.250000   62.250004   clock uncertainty
                                  0.000000   62.250004   clock reconvergence pessimism
                                             62.250004 ^ _238_/CLK (sg13g2_dfrbpq_1)
                                 -0.139217   62.110786   library setup time
                                             62.110786   data required time
---------------------------------------------------------------------------------------------
                                             62.110786   data required time
                                            -12.905407   data arrival time
---------------------------------------------------------------------------------------------
                                             49.205379   slack (MET)


Startpoint: En (input port clocked by fclk_in)
Endpoint: _237_ (rising edge-triggered flip-flop clocked by fclk_in)
Path Group: fclk_in
Path Type: max

Fanout         Cap        Slew       Delay        Time   Description
---------------------------------------------------------------------------------------------
                      0.150000    0.000000    0.000000   clock fclk_in (rise edge)
                                  0.000000    0.000000   clock network delay (ideal)
                                 12.500000   12.500000 ^ input external delay
     7    0.022278    0.060984    0.028294   12.528294 ^ En (in)
                                                         En (net)
                      0.060984    0.000000   12.528294 ^ _110_/A (sg13g2_nand3_1)
     2    0.007137    0.140638    0.147137   12.675430 v _110_/Y (sg13g2_nand3_1)
                                                         _069_ (net)
                      0.140638    0.000000   12.675430 v _113_/B (sg13g2_xnor2_1)
     1    0.001355    0.050515    0.165372   12.840801 v _113_/Y (sg13g2_xnor2_1)
                                                         _063_ (net)
                      0.050515    0.000000   12.840801 v _237_/D (sg13g2_dfrbpq_1)
                                             12.840801   data arrival time

                      0.150000   62.500000   62.500000   clock fclk_in (rise edge)
                                  0.000000   62.500000   clock network delay (ideal)
                                 -0.250000   62.250004   clock uncertainty
                                  0.000000   62.250004   clock reconvergence pessimism
                                             62.250004 ^ _237_/CLK (sg13g2_dfrbpq_1)
                                 -0.147900   62.102104   library setup time
                                             62.102104   data required time
---------------------------------------------------------------------------------------------
                                             62.102104   data required time
                                            -12.840801   data arrival time
---------------------------------------------------------------------------------------------
                                             49.261303   slack (MET)


Startpoint: En (input port clocked by fclk_in)
Endpoint: _236_ (rising edge-triggered flip-flop clocked by fclk_in)
Path Group: fclk_in
Path Type: max

Fanout         Cap        Slew       Delay        Time   Description
---------------------------------------------------------------------------------------------
                      0.150000    0.000000    0.000000   clock fclk_in (rise edge)
                                  0.000000    0.000000   clock network delay (ideal)
                                 12.500000   12.500000 ^ input external delay
     7    0.022278    0.060984    0.028294   12.528294 ^ En (in)
                                                         En (net)
                      0.060984    0.000000   12.528294 ^ _114_/A1 (sg13g2_a21o_1)
     1    0.002404    0.041244    0.154732   12.683025 ^ _114_/X (sg13g2_a21o_1)
                                                         _071_ (net)
                      0.041244    0.000000   12.683025 ^ _115_/B (sg13g2_and2_1)
     1    0.001335    0.033099    0.122353   12.805379 ^ _115_/X (sg13g2_and2_1)
                                                         _062_ (net)
                      0.033099    0.000000   12.805379 ^ _236_/D (sg13g2_dfrbpq_1)
                                             12.805379   data arrival time

                      0.150000   62.500000   62.500000   clock fclk_in (rise edge)
                                  0.000000   62.500000   clock network delay (ideal)
                                 -0.250000   62.250004   clock uncertainty
                                  0.000000   62.250004   clock reconvergence pessimism
                                             62.250004 ^ _236_/CLK (sg13g2_dfrbpq_1)
                                 -0.170074   62.079929   library setup time
                                             62.079929   data required time
---------------------------------------------------------------------------------------------
                                             62.079929   data required time
                                            -12.805379   data arrival time
---------------------------------------------------------------------------------------------
                                             49.274548   slack (MET)


Startpoint: _234_ (rising edge-triggered flip-flop clocked by fclk_in)
Endpoint: fclk_samp (output port clocked by fclk_in)
Path Group: fclk_in
Path Type: max

Fanout         Cap        Slew       Delay        Time   Description
---------------------------------------------------------------------------------------------
                      0.150000    0.000000    0.000000   clock fclk_in (rise edge)
                                  0.000000    0.000000   clock network delay (ideal)
                      0.150000    0.000000    0.000000 ^ _234_/CLK (sg13g2_dfrbpq_1)
     2    0.005342    0.043954    0.325847    0.325847 v _234_/Q (sg13g2_dfrbpq_1)
                                                         _001_ (net)
                      0.043954    0.000000    0.325847 v _104_/A (sg13g2_inv_1)
     5    0.018069    0.125408    0.117372    0.443219 ^ _104_/Y (sg13g2_inv_1)
                                                         fclk_samp (net)
                      0.125408    0.000000    0.443219 ^ fclk_samp (out)
                                              0.443219   data arrival time

                      0.150000   62.500000   62.500000   clock fclk_in (rise edge)
                                  0.000000   62.500000   clock network delay (ideal)
                                 -0.250000   62.250004   clock uncertainty
                                  0.000000   62.250004   clock reconvergence pessimism
                                -12.500000   49.750004   output external delay
                                             49.750004   data required time
---------------------------------------------------------------------------------------------
                                             49.750004   data required time
                                             -0.443219   data arrival time
---------------------------------------------------------------------------------------------
                                             49.306786   slack (MET)


Startpoint: rst (input port clocked by fclk_in)
Endpoint: _234_ (recovery check against rising-edge clock fclk_in)
Path Group: asynchronous
Path Type: max

Fanout         Cap        Slew       Delay        Time   Description
---------------------------------------------------------------------------------------------
                      0.150000    0.000000    0.000000   clock fclk_in (rise edge)
                                  0.000000    0.000000   clock network delay (ideal)
                                 12.500000   12.500000 v input external delay
    32    0.084674    0.125555    0.094484   12.594483 v rst (in)
                                                         rst (net)
                      0.125555    0.000000   12.594483 v _202_/A (sg13g2_inv_1)
     1    0.004657    0.061375    0.082228   12.676712 ^ _202_/Y (sg13g2_inv_1)
                                                         _028_ (net)
                      0.061375    0.000000   12.676712 ^ _234_/RESET_B (sg13g2_dfrbpq_1)
                                             12.676712   data arrival time

                      0.150000   62.500000   62.500000   clock fclk_in (rise edge)
                                  0.000000   62.500000   clock network delay (ideal)
                                 -0.250000   62.250004   clock uncertainty
                                  0.000000   62.250004   clock reconvergence pessimism
                                             62.250004 ^ _234_/CLK (sg13g2_dfrbpq_1)
                                 -0.193778   62.056225   library recovery time
                                             62.056225   data required time
---------------------------------------------------------------------------------------------
                                             62.056225   data required time
                                            -12.676712   data arrival time
---------------------------------------------------------------------------------------------
                                             49.379513   slack (MET)


Startpoint: rst (input port clocked by fclk_in)
Endpoint: _235_ (recovery check against rising-edge clock fclk_in)
Path Group: asynchronous
Path Type: max

Fanout         Cap        Slew       Delay        Time   Description
---------------------------------------------------------------------------------------------
                      0.150000    0.000000    0.000000   clock fclk_in (rise edge)
                                  0.000000    0.000000   clock network delay (ideal)
                                 12.500000   12.500000 v input external delay
    32    0.084674    0.125555    0.094484   12.594483 v rst (in)
                                                         rst (net)
                      0.125555    0.000000   12.594483 v _203_/A (sg13g2_inv_1)
     1    0.004657    0.061375    0.082228   12.676712 ^ _203_/Y (sg13g2_inv_1)
                                                         _029_ (net)
                      0.061375    0.000000   12.676712 ^ _235_/RESET_B (sg13g2_dfrbpq_1)
                                             12.676712   data arrival time

                      0.150000   62.500000   62.500000   clock fclk_in (rise edge)
                                  0.000000   62.500000   clock network delay (ideal)
                                 -0.250000   62.250004   clock uncertainty
                                  0.000000   62.250004   clock reconvergence pessimism
                                             62.250004 ^ _235_/CLK (sg13g2_dfrbpq_1)
                                 -0.193778   62.056225   library recovery time
                                             62.056225   data required time
---------------------------------------------------------------------------------------------
                                             62.056225   data required time
                                            -12.676712   data arrival time
---------------------------------------------------------------------------------------------
                                             49.379513   slack (MET)


Startpoint: rst (input port clocked by fclk_in)
Endpoint: _236_ (recovery check against rising-edge clock fclk_in)
Path Group: asynchronous
Path Type: max

Fanout         Cap        Slew       Delay        Time   Description
---------------------------------------------------------------------------------------------
                      0.150000    0.000000    0.000000   clock fclk_in (rise edge)
                                  0.000000    0.000000   clock network delay (ideal)
                                 12.500000   12.500000 v input external delay
    32    0.084674    0.125555    0.094484   12.594483 v rst (in)
                                                         rst (net)
                      0.125555    0.000000   12.594483 v _204_/A (sg13g2_inv_1)
     1    0.004657    0.061375    0.082228   12.676712 ^ _204_/Y (sg13g2_inv_1)
                                                         _030_ (net)
                      0.061375    0.000000   12.676712 ^ _236_/RESET_B (sg13g2_dfrbpq_1)
                                             12.676712   data arrival time

                      0.150000   62.500000   62.500000   clock fclk_in (rise edge)
                                  0.000000   62.500000   clock network delay (ideal)
                                 -0.250000   62.250004   clock uncertainty
                                  0.000000   62.250004   clock reconvergence pessimism
                                             62.250004 ^ _236_/CLK (sg13g2_dfrbpq_1)
                                 -0.193778   62.056225   library recovery time
                                             62.056225   data required time
---------------------------------------------------------------------------------------------
                                             62.056225   data required time
                                            -12.676712   data arrival time
---------------------------------------------------------------------------------------------
                                             49.379513   slack (MET)


Startpoint: rst (input port clocked by fclk_in)
Endpoint: _237_ (recovery check against rising-edge clock fclk_in)
Path Group: asynchronous
Path Type: max

Fanout         Cap        Slew       Delay        Time   Description
---------------------------------------------------------------------------------------------
                      0.150000    0.000000    0.000000   clock fclk_in (rise edge)
                                  0.000000    0.000000   clock network delay (ideal)
                                 12.500000   12.500000 v input external delay
    32    0.084674    0.125555    0.094484   12.594483 v rst (in)
                                                         rst (net)
                      0.125555    0.000000   12.594483 v _205_/A (sg13g2_inv_1)
     1    0.004657    0.061375    0.082228   12.676712 ^ _205_/Y (sg13g2_inv_1)
                                                         _031_ (net)
                      0.061375    0.000000   12.676712 ^ _237_/RESET_B (sg13g2_dfrbpq_1)
                                             12.676712   data arrival time

                      0.150000   62.500000   62.500000   clock fclk_in (rise edge)
                                  0.000000   62.500000   clock network delay (ideal)
                                 -0.250000   62.250004   clock uncertainty
                                  0.000000   62.250004   clock reconvergence pessimism
                                             62.250004 ^ _237_/CLK (sg13g2_dfrbpq_1)
                                 -0.193778   62.056225   library recovery time
                                             62.056225   data required time
---------------------------------------------------------------------------------------------
                                             62.056225   data required time
                                            -12.676712   data arrival time
---------------------------------------------------------------------------------------------
                                             49.379513   slack (MET)


Startpoint: rst (input port clocked by fclk_in)
Endpoint: _238_ (recovery check against rising-edge clock fclk_in)
Path Group: asynchronous
Path Type: max

Fanout         Cap        Slew       Delay        Time   Description
---------------------------------------------------------------------------------------------
                      0.150000    0.000000    0.000000   clock fclk_in (rise edge)
                                  0.000000    0.000000   clock network delay (ideal)
                                 12.500000   12.500000 v input external delay
    32    0.084674    0.125555    0.094484   12.594483 v rst (in)
                                                         rst (net)
                      0.125555    0.000000   12.594483 v _206_/A (sg13g2_inv_1)
     1    0.004657    0.061375    0.082228   12.676712 ^ _206_/Y (sg13g2_inv_1)
                                                         _032_ (net)
                      0.061375    0.000000   12.676712 ^ _238_/RESET_B (sg13g2_dfrbpq_1)
                                             12.676712   data arrival time

                      0.150000   62.500000   62.500000   clock fclk_in (rise edge)
                                  0.000000   62.500000   clock network delay (ideal)
                                 -0.250000   62.250004   clock uncertainty
                                  0.000000   62.250004   clock reconvergence pessimism
                                             62.250004 ^ _238_/CLK (sg13g2_dfrbpq_1)
                                 -0.193778   62.056225   library recovery time
                                             62.056225   data required time
---------------------------------------------------------------------------------------------
                                             62.056225   data required time
                                            -12.676712   data arrival time
---------------------------------------------------------------------------------------------
                                             49.379513   slack (MET)


Startpoint: rst (input port clocked by fclk_in)
Endpoint: _239_ (recovery check against rising-edge clock fclk_in)
Path Group: asynchronous
Path Type: max

Fanout         Cap        Slew       Delay        Time   Description
---------------------------------------------------------------------------------------------
                      0.150000    0.000000    0.000000   clock fclk_in (rise edge)
                                  0.000000    0.000000   clock network delay (ideal)
                                 12.500000   12.500000 v input external delay
    32    0.084674    0.125555    0.094484   12.594483 v rst (in)
                                                         rst (net)
                      0.125555    0.000000   12.594483 v _207_/A (sg13g2_inv_1)
     1    0.004657    0.061375    0.082228   12.676712 ^ _207_/Y (sg13g2_inv_1)
                                                         _033_ (net)
                      0.061375    0.000000   12.676712 ^ _239_/RESET_B (sg13g2_dfrbpq_1)
                                             12.676712   data arrival time

                      0.150000   62.500000   62.500000   clock fclk_in (rise edge)
                                  0.000000   62.500000   clock network delay (ideal)
                                 -0.250000   62.250004   clock uncertainty
                                  0.000000   62.250004   clock reconvergence pessimism
                                             62.250004 ^ _239_/CLK (sg13g2_dfrbpq_1)
                                 -0.193778   62.056225   library recovery time
                                             62.056225   data required time
---------------------------------------------------------------------------------------------
                                             62.056225   data required time
                                            -12.676712   data arrival time
---------------------------------------------------------------------------------------------
                                             49.379513   slack (MET)


Startpoint: En (input port clocked by fclk_in)
Endpoint: _235_ (rising edge-triggered flip-flop clocked by fclk_in)
Path Group: fclk_in
Path Type: max

Fanout         Cap        Slew       Delay        Time   Description
---------------------------------------------------------------------------------------------
                      0.150000    0.000000    0.000000   clock fclk_in (rise edge)
                                  0.000000    0.000000   clock network delay (ideal)
                                 12.500000   12.500000 ^ input external delay
     7    0.022278    0.060984    0.028294   12.528294 ^ En (in)
                                                         En (net)
                      0.060984    0.000000   12.528294 ^ _116_/A (sg13g2_xor2_1)
     1    0.001335    0.061749    0.136049   12.664343 ^ _116_/X (sg13g2_xor2_1)
                                                         _061_ (net)
                      0.061749    0.000000   12.664343 ^ _235_/D (sg13g2_dfrbpq_1)
                                             12.664343   data arrival time

                      0.150000   62.500000   62.500000   clock fclk_in (rise edge)
                                  0.000000   62.500000   clock network delay (ideal)
                                 -0.250000   62.250004   clock uncertainty
                                  0.000000   62.250004   clock reconvergence pessimism
                                             62.250004 ^ _235_/CLK (sg13g2_dfrbpq_1)
                                 -0.181760   62.068249   library setup time
                                             62.068249   data required time
---------------------------------------------------------------------------------------------
                                             62.068249   data required time
                                            -12.664343   data arrival time
---------------------------------------------------------------------------------------------
                                             49.403904   slack (MET)


Startpoint: _239_ (rising edge-triggered flip-flop clocked by fclk_in)
Endpoint: fdac_clk (output port clocked by fclk_in)
Path Group: fclk_in
Path Type: max

Fanout         Cap        Slew       Delay        Time   Description
---------------------------------------------------------------------------------------------
                      0.150000    0.000000    0.000000   clock fclk_in (rise edge)
                                  0.000000    0.000000   clock network delay (ideal)
                      0.150000    0.000000    0.000000 ^ _239_/CLK (sg13g2_dfrbpq_1)
     1    0.006000    0.056284    0.332003    0.332003 ^ _239_/Q (sg13g2_dfrbpq_1)
                                                         fdac_clk (net)
                      0.056284    0.000000    0.332003 ^ fdac_clk (out)
                                              0.332003   data arrival time

                      0.150000   62.500000   62.500000   clock fclk_in (rise edge)
                                  0.000000   62.500000   clock network delay (ideal)
                                 -0.250000   62.250004   clock uncertainty
                                  0.000000   62.250004   clock reconvergence pessimism
                                -12.500000   49.750004   output external delay
                                             49.750004   data required time
---------------------------------------------------------------------------------------------
                                             49.750004   data required time
                                             -0.332003   data arrival time
---------------------------------------------------------------------------------------------
                                             49.418003   slack (MET)



