# Logfile created on 2026-02-13 10:56:16 +0100 by logger.rb/v1.4.3
2026-02-13 10:56:16 +0100: Memory Usage (428008K) : Starting running IHP-SG13G2 KLayout DRC runset on /home/designer/shared/IHP-AnalogAcademy/modules/module_3_8_bit_SAR_ADC/part_5_analog_layout/switch_array/layout/T_gate_switch.gds
2026-02-13 10:56:16 +0100: Memory Usage (428008K) : Ruby Version for klayout: 3.0.2
2026-02-13 10:56:16 +0100: Memory Usage (429160K) : Loading database to memory is complete.
2026-02-13 10:56:16 +0100: Memory Usage (429160K) : IHP-SG13G2 KLayout DRC runset output at: /home/designer/shared/IHP-AnalogAcademy/modules/module_3_8_bit_SAR_ADC/part_5_analog_layout/switch_array/layout/drc_run_T_gate_switch/T_gate_switch_T_gate_switch_main.lyrdb
2026-02-13 10:56:16 +0100: Memory Usage (429288K) : Evaluate switches.
2026-02-13 10:56:16 +0100: Memory Usage (429288K) : tables selected: main
2026-02-13 10:56:16 +0100: Memory Usage (429288K) : KLayout will use 1 thread(s) in tiling mode.
2026-02-13 10:56:16 +0100: Memory Usage (429288K) : deep mode is enabled.
2026-02-13 10:56:16 +0100: Memory Usage (429288K) : FEOL enabled: true
2026-02-13 10:56:16 +0100: Memory Usage (429288K) : BEOL enabled: true
2026-02-13 10:56:16 +0100: Memory Usage (429288K) : OFFGRID enabled: true
2026-02-13 10:56:16 +0100: Memory Usage (429288K) : PIN enabled: true
2026-02-13 10:56:16 +0100: Memory Usage (429288K) : FORBIDDEN enabled: true
2026-02-13 10:56:16 +0100: Memory Usage (429288K) : RECOMMENDED enabled: true
2026-02-13 10:56:16 +0100: Memory Usage (429288K) : PreCheck DRC enabled: false
2026-02-13 10:56:16 +0100: Memory Usage (429288K) : CONNECTIVITY_RULES enabled: true.
2026-02-13 10:56:16 +0100: Memory Usage (429288K) : Read in polygons from layers.
2026-02-13 10:56:16 +0100: Memory Usage (429928K) : activ_drw has 24 polygons
2026-02-13 10:56:16 +0100: Memory Usage (429928K) : activ_pin has 0 polygons
2026-02-13 10:56:16 +0100: Memory Usage (429928K) : activ_mask has 0 polygons
2026-02-13 10:56:16 +0100: Memory Usage (429928K) : activ_filler has 0 polygons
2026-02-13 10:56:16 +0100: Memory Usage (429928K) : activ_nofill has 0 polygons
2026-02-13 10:56:16 +0100: Memory Usage (429928K) : activ_opc has 0 polygons
2026-02-13 10:56:16 +0100: Memory Usage (429928K) : activ_iopc has 0 polygons
2026-02-13 10:56:16 +0100: Memory Usage (429928K) : activ_noqrc has 0 polygons
2026-02-13 10:56:16 +0100: Memory Usage (429928K) : biwind_drw has 0 polygons
2026-02-13 10:56:16 +0100: Memory Usage (429928K) : biwind_opc has 0 polygons
2026-02-13 10:56:17 +0100: Memory Usage (429928K) : pemwind_drw has 0 polygons
2026-02-13 10:56:17 +0100: Memory Usage (429928K) : gatpoly_drw has 19 polygons
2026-02-13 10:56:17 +0100: Memory Usage (429928K) : gatpoly_pin has 3 polygons
2026-02-13 10:56:17 +0100: Memory Usage (429928K) : gatpoly_filler has 0 polygons
2026-02-13 10:56:17 +0100: Memory Usage (429928K) : gatpoly_nofill has 0 polygons
2026-02-13 10:56:17 +0100: Memory Usage (429928K) : gatpoly_opc has 0 polygons
2026-02-13 10:56:17 +0100: Memory Usage (429928K) : gatpoly_iopc has 0 polygons
2026-02-13 10:56:17 +0100: Memory Usage (429928K) : gatpoly_noqrc has 0 polygons
2026-02-13 10:56:17 +0100: Memory Usage (429928K) : cont_drw has 67 polygons
2026-02-13 10:56:17 +0100: Memory Usage (429928K) : cont_opc has 0 polygons
2026-02-13 10:56:17 +0100: Memory Usage (429928K) : nsd_drw has 0 polygons
2026-02-13 10:56:17 +0100: Memory Usage (429928K) : nsd_block has 0 polygons
2026-02-13 10:56:17 +0100: Memory Usage (429928K) : metal1_drw has 63 polygons
2026-02-13 10:56:17 +0100: Memory Usage (430056K) : metal1_pin has 14 polygons
2026-02-13 10:56:17 +0100: Memory Usage (430056K) : metal1_mask has 0 polygons
2026-02-13 10:56:17 +0100: Memory Usage (430056K) : metal1_filler has 0 polygons
2026-02-13 10:56:17 +0100: Memory Usage (430056K) : metal1_nofill has 0 polygons
2026-02-13 10:56:17 +0100: Memory Usage (430184K) : metal1_slit has 0 polygons
2026-02-13 10:56:17 +0100: Memory Usage (430312K) : metal1_text has 10 polygons
2026-02-13 10:56:17 +0100: Memory Usage (430312K) : metal1_opc has 0 polygons
2026-02-13 10:56:17 +0100: Memory Usage (430440K) : metal1_noqrc has 0 polygons
2026-02-13 10:56:17 +0100: Memory Usage (430440K) : metal1_res has 0 polygons
2026-02-13 10:56:17 +0100: Memory Usage (430440K) : metal1_iprobe has 0 polygons
2026-02-13 10:56:17 +0100: Memory Usage (430440K) : metal1_diffprb has 0 polygons
2026-02-13 10:56:17 +0100: Memory Usage (430440K) : passiv_drw has 0 polygons
2026-02-13 10:56:17 +0100: Memory Usage (430568K) : passiv_pin has 0 polygons
2026-02-13 10:56:17 +0100: Memory Usage (430568K) : passiv_sbump has 0 polygons
2026-02-13 10:56:17 +0100: Memory Usage (430568K) : passiv_pillar has 0 polygons
2026-02-13 10:56:17 +0100: Memory Usage (430696K) : passiv_pdl has 0 polygons
2026-02-13 10:56:17 +0100: Memory Usage (430696K) : metal2_drw has 15 polygons
2026-02-13 10:56:17 +0100: Memory Usage (430696K) : metal2_pin has 4 polygons
2026-02-13 10:56:17 +0100: Memory Usage (430824K) : metal2_mask has 0 polygons
2026-02-13 10:56:17 +0100: Memory Usage (430824K) : metal2_filler has 0 polygons
2026-02-13 10:56:17 +0100: Memory Usage (430824K) : metal2_nofill has 0 polygons
2026-02-13 10:56:17 +0100: Memory Usage (430952K) : metal2_slit has 0 polygons
2026-02-13 10:56:17 +0100: Memory Usage (430952K) : metal2_text has 4 polygons
2026-02-13 10:56:17 +0100: Memory Usage (430952K) : metal2_opc has 0 polygons
2026-02-13 10:56:17 +0100: Memory Usage (431080K) : metal2_noqrc has 0 polygons
2026-02-13 10:56:17 +0100: Memory Usage (431080K) : metal2_res has 0 polygons
2026-02-13 10:56:17 +0100: Memory Usage (431080K) : metal2_iprobe has 0 polygons
2026-02-13 10:56:17 +0100: Memory Usage (431208K) : metal2_diffprb has 0 polygons
2026-02-13 10:56:17 +0100: Memory Usage (431208K) : baspoly_drw has 0 polygons
2026-02-13 10:56:17 +0100: Memory Usage (431208K) : baspoly_pin has 0 polygons
2026-02-13 10:56:17 +0100: Memory Usage (431336K) : psd_drw has 6 polygons
2026-02-13 10:56:17 +0100: Memory Usage (431336K) : nldb_drw has 0 polygons
2026-02-13 10:56:17 +0100: Memory Usage (431336K) : digibnd_drw has 0 polygons
2026-02-13 10:56:17 +0100: Memory Usage (431464K) : via1_drw has 8 polygons
2026-02-13 10:56:17 +0100: Memory Usage (431464K) : backmetal1_drw has 0 polygons
2026-02-13 10:56:17 +0100: Memory Usage (431464K) : backmetal1_pin has 0 polygons
2026-02-13 10:56:17 +0100: Memory Usage (431464K) : backmetal1_mask has 0 polygons
2026-02-13 10:56:17 +0100: Memory Usage (431592K) : backmetal1_filler has 0 polygons
2026-02-13 10:56:17 +0100: Memory Usage (431592K) : backmetal1_nofill has 0 polygons
2026-02-13 10:56:17 +0100: Memory Usage (431592K) : backmetal1_slit has 0 polygons
2026-02-13 10:56:17 +0100: Memory Usage (431720K) : backmetal1_text has 0 polygons
2026-02-13 10:56:17 +0100: Memory Usage (431720K) : backmetal1_opc has 0 polygons
2026-02-13 10:56:17 +0100: Memory Usage (431720K) : backmetal1_noqrc has 0 polygons
2026-02-13 10:56:17 +0100: Memory Usage (431848K) : backmetal1_res has 0 polygons
2026-02-13 10:56:17 +0100: Memory Usage (431848K) : backmetal1_iprobe has 0 polygons
2026-02-13 10:56:17 +0100: Memory Usage (431848K) : backmetal1_diffprb has 0 polygons
2026-02-13 10:56:17 +0100: Memory Usage (431976K) : backpassiv_drw has 0 polygons
2026-02-13 10:56:17 +0100: Memory Usage (431976K) : res_drw has 0 polygons
2026-02-13 10:56:17 +0100: Memory Usage (431976K) : sram_drw has 0 polygons
2026-02-13 10:56:17 +0100: Memory Usage (432104K) : trans_drw has 0 polygons
2026-02-13 10:56:17 +0100: Memory Usage (432104K) : ind_drw has 0 polygons
2026-02-13 10:56:17 +0100: Memory Usage (432104K) : ind_pin has 0 polygons
2026-02-13 10:56:17 +0100: Memory Usage (432232K) : ind_text has 0 polygons
2026-02-13 10:56:17 +0100: Memory Usage (432232K) : salblock_drw has 0 polygons
2026-02-13 10:56:17 +0100: Memory Usage (432232K) : via2_drw has 0 polygons
2026-02-13 10:56:17 +0100: Memory Usage (432360K) : metal3_drw has 0 polygons
2026-02-13 10:56:17 +0100: Memory Usage (432360K) : metal3_pin has 0 polygons
2026-02-13 10:56:17 +0100: Memory Usage (432360K) : metal3_mask has 0 polygons
2026-02-13 10:56:17 +0100: Memory Usage (432488K) : metal3_filler has 0 polygons
2026-02-13 10:56:17 +0100: Memory Usage (432488K) : metal3_nofill has 0 polygons
2026-02-13 10:56:17 +0100: Memory Usage (432488K) : metal3_slit has 0 polygons
2026-02-13 10:56:17 +0100: Memory Usage (432488K) : metal3_text has 0 polygons
2026-02-13 10:56:17 +0100: Memory Usage (432616K) : metal3_opc has 0 polygons
2026-02-13 10:56:17 +0100: Memory Usage (432616K) : metal3_noqrc has 0 polygons
2026-02-13 10:56:17 +0100: Memory Usage (432744K) : metal3_res has 0 polygons
2026-02-13 10:56:17 +0100: Memory Usage (432744K) : metal3_iprobe has 0 polygons
2026-02-13 10:56:17 +0100: Memory Usage (432744K) : metal3_diffprb has 0 polygons
2026-02-13 10:56:17 +0100: Memory Usage (432744K) : nwell_drw has 7 polygons
2026-02-13 10:56:17 +0100: Memory Usage (432872K) : nwell_pin has 0 polygons
2026-02-13 10:56:17 +0100: Memory Usage (432872K) : nbulay_drw has 2 polygons
2026-02-13 10:56:17 +0100: Memory Usage (432872K) : nbulay_pin has 0 polygons
2026-02-13 10:56:17 +0100: Memory Usage (433000K) : nbulay_block has 0 polygons
2026-02-13 10:56:17 +0100: Memory Usage (433000K) : emwind_drw has 0 polygons
2026-02-13 10:56:17 +0100: Memory Usage (433000K) : emwind_opc has 0 polygons
2026-02-13 10:56:17 +0100: Memory Usage (433000K) : deepco_drw has 0 polygons
2026-02-13 10:56:17 +0100: Memory Usage (433000K) : deepco_drw has 0 polygons
2026-02-13 10:56:17 +0100: Memory Usage (433128K) : mim_drw has 0 polygons
2026-02-13 10:56:17 +0100: Memory Usage (433128K) : edgeseal_drw has 0 polygons
2026-02-13 10:56:17 +0100: Memory Usage (433128K) : edgeseal_bound has 0 polygons
2026-02-13 10:56:17 +0100: Memory Usage (433256K) : substrate_drw has 3 polygons
2026-02-13 10:56:17 +0100: Memory Usage (433256K) : substrate_text has 0 polygons
2026-02-13 10:56:17 +0100: Memory Usage (433256K) : dfpad_drw has 0 polygons
2026-02-13 10:56:17 +0100: Memory Usage (433384K) : dfpad_pillar has 0 polygons
2026-02-13 10:56:17 +0100: Memory Usage (433384K) : dfpad_sbump has 0 polygons
2026-02-13 10:56:17 +0100: Memory Usage (433512K) : thickgateox_drw has 0 polygons
2026-02-13 10:56:17 +0100: Memory Usage (433512K) : pldb_drw has 0 polygons
2026-02-13 10:56:17 +0100: Memory Usage (433512K) : pwell_drw has 3 polygons
2026-02-13 10:56:17 +0100: Memory Usage (433640K) : pwell_pin has 0 polygons
2026-02-13 10:56:17 +0100: Memory Usage (433640K) : pwell_block has 0 polygons
2026-02-13 10:56:17 +0100: Memory Usage (433768K) : ic_drw has 0 polygons
2026-02-13 10:56:17 +0100: Memory Usage (433768K) : via3_drw has 0 polygons
2026-02-13 10:56:17 +0100: Memory Usage (433768K) : metal4_drw has 0 polygons
2026-02-13 10:56:17 +0100: Memory Usage (433896K) : metal4_pin has 0 polygons
2026-02-13 10:56:17 +0100: Memory Usage (433896K) : metal4_mask has 0 polygons
2026-02-13 10:56:17 +0100: Memory Usage (434024K) : metal4_filler has 0 polygons
2026-02-13 10:56:17 +0100: Memory Usage (434024K) : metal4_nofill has 0 polygons
2026-02-13 10:56:17 +0100: Memory Usage (434024K) : metal4_slit has 0 polygons
2026-02-13 10:56:17 +0100: Memory Usage (434024K) : metal4_text has 0 polygons
2026-02-13 10:56:17 +0100: Memory Usage (434152K) : metal4_opc has 0 polygons
2026-02-13 10:56:17 +0100: Memory Usage (434152K) : metal4_noqrc has 0 polygons
2026-02-13 10:56:17 +0100: Memory Usage (434280K) : metal4_res has 0 polygons
2026-02-13 10:56:17 +0100: Memory Usage (434280K) : metal4_iprobe has 0 polygons
2026-02-13 10:56:17 +0100: Memory Usage (434280K) : metal4_diffprb has 0 polygons
2026-02-13 10:56:17 +0100: Memory Usage (434408K) : heattrans_drw has 6 polygons
2026-02-13 10:56:17 +0100: Memory Usage (434408K) : heatres_drw has 0 polygons
2026-02-13 10:56:17 +0100: Memory Usage (434536K) : pempoly_drw has 0 polygons
2026-02-13 10:56:17 +0100: Memory Usage (434536K) : fbe_drw has 0 polygons
2026-02-13 10:56:17 +0100: Memory Usage (434664K) : empoly_drw has 0 polygons
2026-02-13 10:56:17 +0100: Memory Usage (434664K) : ldmos_drw has 0 polygons
2026-02-13 10:56:17 +0100: Memory Usage (434664K) : pbiwind_drw has 0 polygons
2026-02-13 10:56:17 +0100: Memory Usage (434792K) : digisub_drw has 0 polygons
2026-02-13 10:56:17 +0100: Memory Usage (434792K) : nodrc_drw has 0 polygons
2026-02-13 10:56:17 +0100: Memory Usage (434920K) : text_drw has 8 polygons
2026-02-13 10:56:17 +0100: Memory Usage (434920K) : via4_drw has 0 polygons
2026-02-13 10:56:17 +0100: Memory Usage (435048K) : metal5_drw has 0 polygons
2026-02-13 10:56:17 +0100: Memory Usage (435048K) : metal5_pin has 0 polygons
2026-02-13 10:56:17 +0100: Memory Usage (435048K) : metal5_mask has 0 polygons
2026-02-13 10:56:17 +0100: Memory Usage (435176K) : metal5_filler has 0 polygons
2026-02-13 10:56:17 +0100: Memory Usage (435176K) : metal5_nofill has 0 polygons
2026-02-13 10:56:17 +0100: Memory Usage (435176K) : metal5_slit has 0 polygons
2026-02-13 10:56:17 +0100: Memory Usage (435176K) : metal5_text has 0 polygons
2026-02-13 10:56:17 +0100: Memory Usage (435304K) : metal5_opc has 0 polygons
2026-02-13 10:56:17 +0100: Memory Usage (435304K) : metal5_noqrc has 0 polygons
2026-02-13 10:56:17 +0100: Memory Usage (435432K) : metal5_res has 0 polygons
2026-02-13 10:56:17 +0100: Memory Usage (435432K) : metal5_iprobe has 0 polygons
2026-02-13 10:56:17 +0100: Memory Usage (435432K) : metal5_diffprb has 0 polygons
2026-02-13 10:56:17 +0100: Memory Usage (435560K) : radhard_drw has 0 polygons
2026-02-13 10:56:17 +0100: Memory Usage (435560K) : memcap_drw has 0 polygons
2026-02-13 10:56:17 +0100: Memory Usage (435688K) : varicap_drw has 0 polygons
2026-02-13 10:56:17 +0100: Memory Usage (435688K) : flash_drw has 0 polygons
2026-02-13 10:56:17 +0100: Memory Usage (435816K) : intbondvia_drw has 0 polygons
2026-02-13 10:56:17 +0100: Memory Usage (435816K) : intbondmet_drw has 0 polygons
2026-02-13 10:56:17 +0100: Memory Usage (435816K) : devbondvia_drw has 0 polygons
2026-02-13 10:56:17 +0100: Memory Usage (435944K) : devbondmet_drw has 0 polygons
2026-02-13 10:56:17 +0100: Memory Usage (435944K) : devtrench_drw has 0 polygons
2026-02-13 10:56:17 +0100: Memory Usage (436072K) : redist_drw has 0 polygons
2026-02-13 10:56:17 +0100: Memory Usage (436072K) : graphbot_drw has 0 polygons
2026-02-13 10:56:17 +0100: Memory Usage (436072K) : graphtop_drw has 0 polygons
2026-02-13 10:56:17 +0100: Memory Usage (436200K) : antvia1_drw has 0 polygons
2026-02-13 10:56:17 +0100: Memory Usage (436200K) : antmetal2_drw has 0 polygons
2026-02-13 10:56:17 +0100: Memory Usage (436328K) : graphcont_drw has 0 polygons
2026-02-13 10:56:17 +0100: Memory Usage (436328K) : siwg_drw has 0 polygons
2026-02-13 10:56:17 +0100: Memory Usage (436456K) : siwg_filler has 0 polygons
2026-02-13 10:56:17 +0100: Memory Usage (436456K) : siwg_nofill has 0 polygons
2026-02-13 10:56:17 +0100: Memory Usage (436456K) : sigrating_drw has 0 polygons
2026-02-13 10:56:17 +0100: Memory Usage (436456K) : singrating_drw has 0 polygons
2026-02-13 10:56:17 +0100: Memory Usage (436584K) : graphpas_drw has 0 polygons
2026-02-13 10:56:17 +0100: Memory Usage (436584K) : emwind3_drw has 0 polygons
2026-02-13 10:56:17 +0100: Memory Usage (436584K) : emwihv3_drw has 0 polygons
2026-02-13 10:56:17 +0100: Memory Usage (436712K) : redbulay_drw has 0 polygons
2026-02-13 10:56:17 +0100: Memory Usage (436712K) : smos_drw has 0 polygons
2026-02-13 10:56:17 +0100: Memory Usage (436840K) : graphpad_drw has 0 polygons
2026-02-13 10:56:17 +0100: Memory Usage (436840K) : polimide_drw has 0 polygons
2026-02-13 10:56:17 +0100: Memory Usage (436840K) : polimide_pin has 0 polygons
2026-02-13 10:56:17 +0100: Memory Usage (436968K) : recog_drw has 0 polygons
2026-02-13 10:56:17 +0100: Memory Usage (436968K) : recog_pin has 0 polygons
2026-02-13 10:56:17 +0100: Memory Usage (437096K) : recog_esd has 0 polygons
2026-02-13 10:56:17 +0100: Memory Usage (437096K) : recog_diode has 0 polygons
2026-02-13 10:56:17 +0100: Memory Usage (437096K) : recog_tsv has 0 polygons
2026-02-13 10:56:17 +0100: Memory Usage (437224K) : recog_iprobe has 0 polygons
2026-02-13 10:56:17 +0100: Memory Usage (437224K) : recog_diffprb has 0 polygons
2026-02-13 10:56:17 +0100: Memory Usage (437352K) : recog_pillar has 0 polygons
2026-02-13 10:56:17 +0100: Memory Usage (437352K) : recog_sbump has 0 polygons
2026-02-13 10:56:17 +0100: Memory Usage (437480K) : recog_otp has 0 polygons
2026-02-13 10:56:17 +0100: Memory Usage (437480K) : recog_pdiode has 0 polygons
2026-02-13 10:56:17 +0100: Memory Usage (437480K) : recog_mom has 0 polygons
2026-02-13 10:56:17 +0100: Memory Usage (437608K) : recog_pcm has 0 polygons
2026-02-13 10:56:17 +0100: Memory Usage (437608K) : colopen_drw has 0 polygons
2026-02-13 10:56:17 +0100: Memory Usage (437736K) : graphmetal1_drw has 0 polygons
2026-02-13 10:56:17 +0100: Memory Usage (437736K) : graphmetal1_filler has 0 polygons
2026-02-13 10:56:17 +0100: Memory Usage (437864K) : graphmetal1_nofill has 0 polygons
2026-02-13 10:56:17 +0100: Memory Usage (437864K) : graphmetal1_slit has 0 polygons
2026-02-13 10:56:17 +0100: Memory Usage (437864K) : graphmetal1_opc has 0 polygons
2026-02-13 10:56:17 +0100: Memory Usage (437992K) : graphmet1l_drw has 0 polygons
2026-02-13 10:56:17 +0100: Memory Usage (437992K) : graphmet1l_filler has 0 polygons
2026-02-13 10:56:17 +0100: Memory Usage (438120K) : graphmet1l_nofill has 0 polygons
2026-02-13 10:56:17 +0100: Memory Usage (438120K) : graphmet1l_slit has 0 polygons
2026-02-13 10:56:17 +0100: Memory Usage (438120K) : graphmet1l_opc has 0 polygons
2026-02-13 10:56:17 +0100: Memory Usage (438248K) : extblock_drw has 0 polygons
2026-02-13 10:56:17 +0100: Memory Usage (438248K) : nldd_drw has 0 polygons
2026-02-13 10:56:17 +0100: Memory Usage (438376K) : pldd_drw has 0 polygons
2026-02-13 10:56:17 +0100: Memory Usage (438376K) : next_drw has 0 polygons
2026-02-13 10:56:17 +0100: Memory Usage (438504K) : pext_drw has 0 polygons
2026-02-13 10:56:17 +0100: Memory Usage (438504K) : nexthv_drw has 0 polygons
2026-02-13 10:56:17 +0100: Memory Usage (438504K) : pexthv_drw has 0 polygons
2026-02-13 10:56:17 +0100: Memory Usage (438632K) : graphgate_drw has 0 polygons
2026-02-13 10:56:17 +0100: Memory Usage (438632K) : sinwg_drw has 0 polygons
2026-02-13 10:56:17 +0100: Memory Usage (438760K) : sinwg_filler has 0 polygons
2026-02-13 10:56:17 +0100: Memory Usage (438760K) : sinwg_nofill has 0 polygons
2026-02-13 10:56:17 +0100: Memory Usage (438888K) : mempad_drw has 0 polygons
2026-02-13 10:56:17 +0100: Memory Usage (438888K) : topvia1_drw has 0 polygons
2026-02-13 10:56:17 +0100: Memory Usage (438888K) : topmetal1_drw has 0 polygons
2026-02-13 10:56:17 +0100: Memory Usage (439016K) : topmetal1_pin has 0 polygons
2026-02-13 10:56:17 +0100: Memory Usage (439016K) : topmetal1_mask has 0 polygons
2026-02-13 10:56:17 +0100: Memory Usage (439144K) : topmetal1_filler has 0 polygons
2026-02-13 10:56:17 +0100: Memory Usage (439144K) : topmetal1_nofill has 0 polygons
2026-02-13 10:56:17 +0100: Memory Usage (439144K) : topmetal1_slit has 0 polygons
2026-02-13 10:56:17 +0100: Memory Usage (439272K) : topmetal1_text has 0 polygons
2026-02-13 10:56:17 +0100: Memory Usage (439272K) : topmetal1_noqrc has 0 polygons
2026-02-13 10:56:17 +0100: Memory Usage (439400K) : topmetal1_res has 0 polygons
2026-02-13 10:56:17 +0100: Memory Usage (439400K) : topmetal1_iprobe has 0 polygons
2026-02-13 10:56:17 +0100: Memory Usage (439528K) : topmetal1_diffprb has 0 polygons
2026-02-13 10:56:17 +0100: Memory Usage (439528K) : inldpwl_drw has 0 polygons
2026-02-13 10:56:17 +0100: Memory Usage (439528K) : polyres_drw has 0 polygons
2026-02-13 10:56:17 +0100: Memory Usage (439656K) : polyres_pin has 0 polygons
2026-02-13 10:56:17 +0100: Memory Usage (439656K) : vmim_drw has 0 polygons
2026-02-13 10:56:17 +0100: Memory Usage (439784K) : nbulaycut_drw has 0 polygons
2026-02-13 10:56:17 +0100: Memory Usage (439784K) : antmetal1_drw has 0 polygons
2026-02-13 10:56:17 +0100: Memory Usage (439912K) : topvia2_drw has 0 polygons
2026-02-13 10:56:17 +0100: Memory Usage (439912K) : topmetal2_drw has 0 polygons
2026-02-13 10:56:17 +0100: Memory Usage (439912K) : topmetal2_pin has 0 polygons
2026-02-13 10:56:17 +0100: Memory Usage (440040K) : topmetal2_mask has 0 polygons
2026-02-13 10:56:17 +0100: Memory Usage (440040K) : topmetal2_filler has 0 polygons
2026-02-13 10:56:17 +0100: Memory Usage (440168K) : topmetal2_nofill has 0 polygons
2026-02-13 10:56:17 +0100: Memory Usage (440168K) : topmetal2_slit has 0 polygons
2026-02-13 10:56:17 +0100: Memory Usage (440168K) : topmetal2_text has 0 polygons
2026-02-13 10:56:17 +0100: Memory Usage (440296K) : topmetal2_noqrc has 0 polygons
2026-02-13 10:56:17 +0100: Memory Usage (440296K) : topmetal2_res has 0 polygons
2026-02-13 10:56:17 +0100: Memory Usage (440424K) : topmetal2_iprobe has 0 polygons
2026-02-13 10:56:17 +0100: Memory Usage (440424K) : topmetal2_diffprb has 0 polygons
2026-02-13 10:56:17 +0100: Memory Usage (440552K) : snsring_drw has 0 polygons
2026-02-13 10:56:17 +0100: Memory Usage (440552K) : sensor_drw has 0 polygons
2026-02-13 10:56:17 +0100: Memory Usage (440552K) : snsarms_drw has 0 polygons
2026-02-13 10:56:17 +0100: Memory Usage (440680K) : snscmosvia_drw has 0 polygons
2026-02-13 10:56:17 +0100: Memory Usage (440680K) : colwind_drw has 0 polygons
2026-02-13 10:56:17 +0100: Memory Usage (440808K) : flm_drw has 0 polygons
2026-02-13 10:56:17 +0100: Memory Usage (440808K) : hafniumox_drw has 0 polygons
2026-02-13 10:56:17 +0100: Memory Usage (440808K) : memvia_drw has 0 polygons
2026-02-13 10:56:17 +0100: Memory Usage (440936K) : thinfilmres_drw has 0 polygons
2026-02-13 10:56:17 +0100: Memory Usage (440936K) : rfmem_drw has 0 polygons
2026-02-13 10:56:17 +0100: Memory Usage (441064K) : norcx_drw has 0 polygons
2026-02-13 10:56:17 +0100: Memory Usage (441064K) : norcx_m2m3 has 0 polygons
2026-02-13 10:56:17 +0100: Memory Usage (441192K) : norcx_m2m4 has 0 polygons
2026-02-13 10:56:17 +0100: Memory Usage (441192K) : norcx_m2m5 has 0 polygons
2026-02-13 10:56:17 +0100: Memory Usage (441320K) : norcx_m2tm1 has 0 polygons
2026-02-13 10:56:17 +0100: Memory Usage (441320K) : norcx_m2tm2 has 0 polygons
2026-02-13 10:56:17 +0100: Memory Usage (441320K) : norcx_m3m4 has 0 polygons
2026-02-13 10:56:17 +0100: Memory Usage (441320K) : norcx_m3m5 has 0 polygons
2026-02-13 10:56:17 +0100: Memory Usage (441320K) : norcx_m3tm1 has 0 polygons
2026-02-13 10:56:17 +0100: Memory Usage (441320K) : norcx_m3tm2 has 0 polygons
2026-02-13 10:56:17 +0100: Memory Usage (441320K) : norcx_m4m5 has 0 polygons
2026-02-13 10:56:17 +0100: Memory Usage (441448K) : norcx_m4tm1 has 0 polygons
2026-02-13 10:56:17 +0100: Memory Usage (441448K) : norcx_m4tm2 has 0 polygons
2026-02-13 10:56:17 +0100: Memory Usage (441448K) : norcx_m5tm1 has 0 polygons
2026-02-13 10:56:17 +0100: Memory Usage (441576K) : norcx_m5tm2 has 0 polygons
2026-02-13 10:56:17 +0100: Memory Usage (441576K) : norcx_tm1tm2 has 0 polygons
2026-02-13 10:56:17 +0100: Memory Usage (441576K) : norcx_m1sub has 0 polygons
2026-02-13 10:56:17 +0100: Memory Usage (441704K) : norcx_m2sub has 0 polygons
2026-02-13 10:56:17 +0100: Memory Usage (441704K) : norcx_m3sub has 0 polygons
2026-02-13 10:56:17 +0100: Memory Usage (441832K) : norcx_m4sub has 0 polygons
2026-02-13 10:56:17 +0100: Memory Usage (441832K) : norcx_m5sub has 0 polygons
2026-02-13 10:56:17 +0100: Memory Usage (441960K) : norcx_tm1sub has 0 polygons
2026-02-13 10:56:17 +0100: Memory Usage (441960K) : norcx_tm2sub has 0 polygons
2026-02-13 10:56:17 +0100: Memory Usage (441960K) : snsbotvia_drw has 0 polygons
2026-02-13 10:56:17 +0100: Memory Usage (442088K) : snstopvia_drw has 0 polygons
2026-02-13 10:56:17 +0100: Memory Usage (442088K) : deepvia_drw has 0 polygons
2026-02-13 10:56:17 +0100: Memory Usage (442216K) : fgetch_drw has 0 polygons
2026-02-13 10:56:17 +0100: Memory Usage (442216K) : ctrgat_drw has 0 polygons
2026-02-13 10:56:17 +0100: Memory Usage (442344K) : fgimp_drw has 0 polygons
2026-02-13 10:56:17 +0100: Memory Usage (442344K) : emwihv_drw has 0 polygons
2026-02-13 10:56:17 +0100: Memory Usage (442344K) : lbe_drw has 0 polygons
2026-02-13 10:56:17 +0100: Memory Usage (442472K) : alcustop_drw has 0 polygons
2026-02-13 10:56:17 +0100: Memory Usage (442472K) : nometfiller_drw has 0 polygons
2026-02-13 10:56:17 +0100: Memory Usage (442472K) : prboundary_drw has 0 polygons
2026-02-13 10:56:17 +0100: Memory Usage (442600K) : exchange0_drw has 0 polygons
2026-02-13 10:56:17 +0100: Memory Usage (442600K) : exchange0_pin has 0 polygons
2026-02-13 10:56:17 +0100: Memory Usage (442600K) : exchange0_text has 0 polygons
2026-02-13 10:56:17 +0100: Memory Usage (442728K) : exchange1_drw has 0 polygons
2026-02-13 10:56:17 +0100: Memory Usage (442728K) : exchange1_pin has 0 polygons
2026-02-13 10:56:17 +0100: Memory Usage (442856K) : exchange1_text has 0 polygons
2026-02-13 10:56:17 +0100: Memory Usage (442856K) : exchange2_drw has 0 polygons
2026-02-13 10:56:17 +0100: Memory Usage (442856K) : exchange2_pin has 0 polygons
2026-02-13 10:56:17 +0100: Memory Usage (442984K) : exchange2_text has 0 polygons
2026-02-13 10:56:17 +0100: Memory Usage (442984K) : exchange3_drw has 0 polygons
2026-02-13 10:56:17 +0100: Memory Usage (443112K) : exchange3_pin has 0 polygons
2026-02-13 10:56:17 +0100: Memory Usage (443112K) : exchange3_text has 0 polygons
2026-02-13 10:56:17 +0100: Memory Usage (443240K) : exchange4_drw has 0 polygons
2026-02-13 10:56:17 +0100: Memory Usage (443240K) : exchange4_pin has 0 polygons
2026-02-13 10:56:17 +0100: Memory Usage (443240K) : exchange4_text has 0 polygons
2026-02-13 10:56:17 +0100: Memory Usage (443368K) : isonwell_drw has 0 polygons
2026-02-13 10:56:17 +0100: Memory Usage (443368K) : Total no. of polygons in the design is 266
2026-02-13 10:56:17 +0100: Memory Usage (443368K) : Loaded TECH DRC rules values from /opt/pdks/ihp-sg13g2/libs.tech/klayout/python/sg13g2_pycell_lib/sg13g2_tech_mod.json
2026-02-13 10:56:17 +0100: Memory Usage (443368K) : Loaded default DRC rules values from /opt/pdks/ihp-sg13g2/libs.tech/klayout/tech/drc/rule_decks/sg13g2_tech_default.json
2026-02-13 10:56:17 +0100: Memory Usage (443368K) : The following rules values were missing in tech json and default values were used:
2026-02-13 10:56:17 +0100: Memory Usage (443368K) :   - Cnt_c_digibnd
2026-02-13 10:56:17 +0100: Memory Usage (444648K) : Total area of the design is 83.33375 um^2.
2026-02-13 10:56:17 +0100: Memory Usage (444648K) : The design dimensions are 10.225000000000001 µm * 8.15 µm.
2026-02-13 10:56:17 +0100: Memory Usage (444648K) : Starting general IHP-SG13G2 derivations.
2026-02-13 10:56:17 +0100: Memory Usage (444648K) : Starting Pwell derivations
2026-02-13 10:56:17 +0100: Memory Usage (447208K) : Starting n-Activ derivations
2026-02-13 10:56:17 +0100: Memory Usage (447336K) : Starting p-Activ derivations
2026-02-13 10:56:17 +0100: Memory Usage (447464K) : Starting ptap derivations
2026-02-13 10:56:17 +0100: Memory Usage (447720K) : Starting ntap derivations
2026-02-13 10:56:17 +0100: Memory Usage (447720K) : Starting pact FET derivations
2026-02-13 10:56:17 +0100: Memory Usage (447848K) : Starting nact FET derivations
2026-02-13 10:56:17 +0100: Memory Usage (447848K) : Starting Gate derivations
2026-02-13 10:56:17 +0100: Memory Usage (447976K) : Starting cont/contbar general derivations
2026-02-13 10:56:17 +0100: Memory Usage (448104K) : Starting pad general derivations
2026-02-13 10:56:17 +0100: Memory Usage (448360K) : Starting IHP-SG13G2 DRC connectivity related derivations.
2026-02-13 10:56:17 +0100: Memory Usage (449384K) : Starting IHP-SG13G2 DRC connectivity setup
2026-02-13 10:56:17 +0100: Memory Usage (449640K) : Starting IHP-SG13G2 DRC rules.
2026-02-13 10:56:17 +0100: Memory Usage (449640K) : Running all FEOL rules
2026-02-13 10:56:17 +0100: Memory Usage (449640K) : Running all BEOL rules
2026-02-13 10:56:17 +0100: Memory Usage (449640K) : Running all PIN rules
2026-02-13 10:56:17 +0100: Memory Usage (449640K) : Running all FORBIDDEN rules
2026-02-13 10:56:17 +0100: Memory Usage (449640K) : Starting 5.1 NWell table
2026-02-13 10:56:17 +0100: Memory Usage (449640K) : Executing rule NW.b
2026-02-13 10:56:17 +0100: Memory Usage (450408K) : Executing rule NW.b1
2026-02-13 10:56:17 +0100: Memory Usage (450664K) : Starting 5.2 PWell:block
2026-02-13 10:56:17 +0100: Memory Usage (450664K) : Executing rule PWB.e
2026-02-13 10:56:17 +0100: Memory Usage (450792K) : Executing rule PWB.e1
2026-02-13 10:56:17 +0100: Memory Usage (450920K) : Executing rule PWB.f
2026-02-13 10:56:17 +0100: Memory Usage (451048K) : Executing rule PWB.f1
2026-02-13 10:56:17 +0100: Memory Usage (451560K) : Starting 5.3 nBuLay table
2026-02-13 10:56:17 +0100: Memory Usage (451816K) : Executing rule NBL.b
2026-02-13 10:56:17 +0100: Memory Usage (451944K) : Executing rule NBL.c
2026-02-13 10:56:17 +0100: Memory Usage (452200K) : Executing rule NBL.d
2026-02-13 10:56:17 +0100: Memory Usage (452456K) : Executing rule NBL.e
2026-02-13 10:56:17 +0100: Memory Usage (452456K) : Executing rule NBL.f
2026-02-13 10:56:17 +0100: Memory Usage (452584K) : Starting 5.5. Activ table
2026-02-13 10:56:17 +0100: Memory Usage (452584K) : Executing rule Act.a
2026-02-13 10:56:17 +0100: Memory Usage (452712K) : Executing rule Act.b
2026-02-13 10:56:17 +0100: Memory Usage (452840K) : Starting 5.6 Activ:filler table
2026-02-13 10:56:17 +0100: Memory Usage (453096K) : Executing rule AFil.c1
2026-02-13 10:56:17 +0100: Memory Usage (453224K) : Executing rule AFil.c
2026-02-13 10:56:17 +0100: Memory Usage (453224K) : Executing rule AFil.d
2026-02-13 10:56:17 +0100: Memory Usage (453608K) : Executing rule AFil.e
2026-02-13 10:56:17 +0100: Memory Usage (453608K) : Executing rule AFil.j
2026-02-13 10:56:17 +0100: Memory Usage (453992K) : Starting 5.7. ThickGateOx table
2026-02-13 10:56:17 +0100: Memory Usage (453992K) : Executing rule TGO.f
2026-02-13 10:56:17 +0100: Memory Usage (453992K) : Starting 5.8. GatPoly table
2026-02-13 10:56:17 +0100: Memory Usage (453992K) : Executing rule Gat.a
2026-02-13 10:56:17 +0100: Memory Usage (454120K) : Executing rule Gat.b
2026-02-13 10:56:17 +0100: Memory Usage (454248K) : Executing rule Gat.d
2026-02-13 10:56:17 +0100: Memory Usage (454248K) : Executing rule Gat.a1
2026-02-13 10:56:17 +0100: Memory Usage (454888K) : Executing rule Gat.a2
2026-02-13 10:56:17 +0100: Memory Usage (455144K) : Executing rule Gat.g
2026-02-13 10:56:17 +0100: Memory Usage (455400K) : Starting 5.9 GatPoly:filler
2026-02-13 10:56:17 +0100: Memory Usage (455656K) : Executing rule GFil.d
2026-02-13 10:56:17 +0100: Memory Usage (455784K) : Executing rule GFil.e
2026-02-13 10:56:17 +0100: Memory Usage (455912K) : Executing rule GFil.i
2026-02-13 10:56:17 +0100: Memory Usage (455912K) : Starting 5.10 pSD table
2026-02-13 10:56:17 +0100: Memory Usage (455912K) : Executing rule pSD.c1
2026-02-13 10:56:17 +0100: Memory Usage (456296K) : Starting 5.14. Cont table
2026-02-13 10:56:17 +0100: Memory Usage (456296K) : Executing rule Cnt.a
2026-02-13 10:56:17 +0100: Memory Usage (456424K) : Executing rule Cnt.b
2026-02-13 10:56:17 +0100: Memory Usage (456552K) : Executing rule Cnt.c
2026-02-13 10:56:17 +0100: Memory Usage (456680K) : Executing rule Cnt.c
2026-02-13 10:56:17 +0100: Memory Usage (456680K) : Executing rule Cnt.d
2026-02-13 10:56:17 +0100: Memory Usage (456680K) : Executing rule Cnt.e
2026-02-13 10:56:17 +0100: Memory Usage (456680K) : Executing rule Cnt.g1
2026-02-13 10:56:17 +0100: Memory Usage (456680K) : Executing rule Cnt.g2
2026-02-13 10:56:17 +0100: Memory Usage (456680K) : Starting 5.15. ContBar table
2026-02-13 10:56:17 +0100: Memory Usage (456680K) : Executing rule CntB.b1
2026-02-13 10:56:17 +0100: Memory Usage (456680K) : Executing rule CntB.h1
2026-02-13 10:56:17 +0100: Memory Usage (456680K) : Starting 6.1.3 NPN Substrate-Tie table
2026-02-13 10:56:17 +0100: Memory Usage (456680K) : Executing rule npn13G2.bR 
2026-02-13 10:56:17 +0100: Memory Usage (456680K) : Executing rule npn13G2L.cR 
2026-02-13 10:56:17 +0100: Memory Usage (456680K) : Executing rule npn13G2V.cR 
2026-02-13 10:56:17 +0100: Memory Usage (456680K) : Starting 6.7 Schottky diode table
2026-02-13 10:56:17 +0100: Memory Usage (456680K) : Executing rule Sdiod.d
2026-02-13 10:56:17 +0100: Memory Usage (456680K) : Executing rule Sdiod.e
2026-02-13 10:56:17 +0100: Memory Usage (456680K) : Starting 7.2 Latch-up table
2026-02-13 10:56:17 +0100: Memory Usage (456680K) : Executing rule LU.b
2026-02-13 10:56:17 +0100: Memory Usage (456680K) : Starting 5.16. Metal1 table
2026-02-13 10:56:17 +0100: Memory Usage (456680K) : Executing rule M1.a
2026-02-13 10:56:17 +0100: Memory Usage (456680K) : Executing rule M1.b
2026-02-13 10:56:17 +0100: Memory Usage (456680K) : Executing rule M1.e
2026-02-13 10:56:17 +0100: Memory Usage (456680K) : Executing rule M1.f
2026-02-13 10:56:17 +0100: Memory Usage (456680K) : Executing rule M1.g
2026-02-13 10:56:17 +0100: Memory Usage (456680K) : Executing rule M1.i
2026-02-13 10:56:17 +0100: Memory Usage (456680K) : Starting 5.17 Metaln table
2026-02-13 10:56:17 +0100: Memory Usage (456680K) : Executing rule M2.a
2026-02-13 10:56:17 +0100: Memory Usage (456680K) : Executing rule M2.b
2026-02-13 10:56:17 +0100: Memory Usage (456680K) : Executing rule M2.e
2026-02-13 10:56:17 +0100: Memory Usage (456680K) : Executing rule M2.f
2026-02-13 10:56:17 +0100: Memory Usage (456680K) : Executing rule M2.g
2026-02-13 10:56:17 +0100: Memory Usage (456680K) : Executing rule M2.i
2026-02-13 10:56:17 +0100: Memory Usage (456680K) : Executing rule M3.a
2026-02-13 10:56:17 +0100: Memory Usage (456680K) : Executing rule M3.b
2026-02-13 10:56:17 +0100: Memory Usage (456680K) : Executing rule M3.e
2026-02-13 10:56:17 +0100: Memory Usage (456680K) : Executing rule M3.f
2026-02-13 10:56:17 +0100: Memory Usage (456680K) : Executing rule M3.g
2026-02-13 10:56:17 +0100: Memory Usage (456680K) : Executing rule M3.i
2026-02-13 10:56:17 +0100: Memory Usage (456680K) : Executing rule M4.a
2026-02-13 10:56:17 +0100: Memory Usage (456680K) : Executing rule M4.b
2026-02-13 10:56:17 +0100: Memory Usage (456680K) : Executing rule M4.e
2026-02-13 10:56:17 +0100: Memory Usage (456680K) : Executing rule M4.f
2026-02-13 10:56:17 +0100: Memory Usage (456680K) : Executing rule M4.g
2026-02-13 10:56:17 +0100: Memory Usage (456680K) : Executing rule M4.i
2026-02-13 10:56:17 +0100: Memory Usage (456680K) : Executing rule M5.a
2026-02-13 10:56:17 +0100: Memory Usage (456680K) : Executing rule M5.b
2026-02-13 10:56:17 +0100: Memory Usage (456680K) : Executing rule M5.e
2026-02-13 10:56:17 +0100: Memory Usage (456680K) : Executing rule M5.f
2026-02-13 10:56:17 +0100: Memory Usage (456680K) : Executing rule M5.g
2026-02-13 10:56:17 +0100: Memory Usage (456680K) : Executing rule M5.i
2026-02-13 10:56:17 +0100: Memory Usage (456680K) : Starting 5.18 Metaln:filler table
2026-02-13 10:56:17 +0100: Memory Usage (456680K) : Executing rule M1Fil.c
2026-02-13 10:56:17 +0100: Memory Usage (456680K) : Executing rule M1Fil.a2
2026-02-13 10:56:17 +0100: Memory Usage (456680K) : Executing rule M2Fil.c
2026-02-13 10:56:17 +0100: Memory Usage (456680K) : Executing rule M2Fil.a2
2026-02-13 10:56:17 +0100: Memory Usage (456680K) : Executing rule M3Fil.c
2026-02-13 10:56:17 +0100: Memory Usage (456680K) : Executing rule M3Fil.a2
2026-02-13 10:56:17 +0100: Memory Usage (456680K) : Executing rule M4Fil.c
2026-02-13 10:56:17 +0100: Memory Usage (456680K) : Executing rule M4Fil.a2
2026-02-13 10:56:17 +0100: Memory Usage (456680K) : Executing rule M5Fil.c
2026-02-13 10:56:17 +0100: Memory Usage (456680K) : Executing rule M5Fil.a2
2026-02-13 10:56:17 +0100: Memory Usage (456680K) : Starting 5.19. Via1 table
2026-02-13 10:56:17 +0100: Memory Usage (456680K) : Starting 5.19. Via1 table derivations
2026-02-13 10:56:17 +0100: Memory Usage (456680K) : Executing rule V1.a
2026-02-13 10:56:17 +0100: Memory Usage (456680K) : Executing rule V1.b
2026-02-13 10:56:17 +0100: Memory Usage (456680K) : Executing rule V1.c
2026-02-13 10:56:17 +0100: Memory Usage (456680K) : Starting 5.20. Vian table
2026-02-13 10:56:17 +0100: Memory Usage (456680K) : Executing rule V2.a
2026-02-13 10:56:17 +0100: Memory Usage (456680K) : Executing rule V2.b
2026-02-13 10:56:17 +0100: Memory Usage (456680K) : Executing rule V2.c
2026-02-13 10:56:17 +0100: Memory Usage (456680K) : Executing rule V3.a
2026-02-13 10:56:17 +0100: Memory Usage (456680K) : Executing rule V3.b
2026-02-13 10:56:17 +0100: Memory Usage (456680K) : Executing rule V3.c
2026-02-13 10:56:17 +0100: Memory Usage (456680K) : Executing rule V4.a
2026-02-13 10:56:17 +0100: Memory Usage (456680K) : Executing rule V4.b
2026-02-13 10:56:17 +0100: Memory Usage (456680K) : Executing rule V4.c
2026-02-13 10:56:17 +0100: Memory Usage (456680K) : Starting 5.21. TopVia1 table
2026-02-13 10:56:17 +0100: Memory Usage (456680K) : Executing rule TV1.a
2026-02-13 10:56:17 +0100: Memory Usage (456680K) : Executing rule TV1.b
2026-02-13 10:56:17 +0100: Memory Usage (456680K) : Executing rule TV1.c
2026-02-13 10:56:17 +0100: Memory Usage (456680K) : Executing rule TV1.d
2026-02-13 10:56:17 +0100: Memory Usage (456680K) : Starting 5.22. TopMetal1 table
2026-02-13 10:56:17 +0100: Memory Usage (456680K) : Executing rule TM1.a
2026-02-13 10:56:17 +0100: Memory Usage (456680K) : Executing rule TM1.b
2026-02-13 10:56:17 +0100: Memory Usage (456680K) : Starting 5.23 TopMetal1:filler table
2026-02-13 10:56:17 +0100: Memory Usage (456680K) : Executing rule TM1Fil.c
2026-02-13 10:56:17 +0100: Memory Usage (456680K) : Executing rule TM1Fil.a1
2026-02-13 10:56:17 +0100: Memory Usage (456680K) : Starting 5.24. TopVia2 table
2026-02-13 10:56:17 +0100: Memory Usage (456680K) : Executing rule TV2.a
2026-02-13 10:56:17 +0100: Memory Usage (456680K) : Executing rule TV2.b
2026-02-13 10:56:17 +0100: Memory Usage (456680K) : Executing rule TV2.c
2026-02-13 10:56:17 +0100: Memory Usage (456680K) : Executing rule TV2.d
2026-02-13 10:56:17 +0100: Memory Usage (456680K) : Starting 5.25. TopMetal2 table
2026-02-13 10:56:17 +0100: Memory Usage (456680K) : Executing rule TM2.a
2026-02-13 10:56:17 +0100: Memory Usage (456680K) : Executing rule TM2.b
2026-02-13 10:56:17 +0100: Memory Usage (456680K) : Executing rule TM2.bR
2026-02-13 10:56:17 +0100: Memory Usage (456680K) : Starting 5.26 TopMetal2:filler table
2026-02-13 10:56:17 +0100: Memory Usage (456680K) : Executing rule TM2Fil.c
2026-02-13 10:56:17 +0100: Memory Usage (456680K) : Executing rule TM2Fil.a1
2026-02-13 10:56:17 +0100: Memory Usage (456680K) : Starting 5.27. Passiv table
2026-02-13 10:56:17 +0100: Memory Usage (456680K) : Executing rule Pas.a
2026-02-13 10:56:17 +0100: Memory Usage (456680K) : Executing rule Pas.b
2026-02-13 10:56:17 +0100: Memory Usage (456680K) : Executing rule Pas.c
2026-02-13 10:56:17 +0100: Memory Usage (456680K) : Starting 6.9.2 Copper Pillar table
2026-02-13 10:56:17 +0100: Memory Usage (456680K) : Executing rule Padc.a
2026-02-13 10:56:17 +0100: Memory Usage (456680K) : Executing rule Padc.b
2026-02-13 10:56:17 +0100: Memory Usage (456680K) : Executing rule Padc.c
2026-02-13 10:56:17 +0100: Memory Usage (456680K) : Executing rule Padb.f
2026-02-13 10:56:17 +0100: Memory Usage (456680K) : Starting 6.9 Pad table
2026-02-13 10:56:17 +0100: Memory Usage (456680K) : Executing rule Pad.m
2026-02-13 10:56:17 +0100: Memory Usage (456680K) : Executing rule Pad.fR_M1
2026-02-13 10:56:17 +0100: Memory Usage (456680K) : Executing rule Pad.fR_M2
2026-02-13 10:56:17 +0100: Memory Usage (456680K) : Executing rule Pad.fR_M3
2026-02-13 10:56:17 +0100: Memory Usage (456680K) : Executing rule Pad.fR_M4
2026-02-13 10:56:17 +0100: Memory Usage (456680K) : Executing rule Pad.fR_M5
2026-02-13 10:56:17 +0100: Memory Usage (456680K) : Executing rule Pad.fR_TM1
2026-02-13 10:56:17 +0100: Memory Usage (456680K) : Executing rule Pad.fR_TM2
2026-02-13 10:56:17 +0100: Memory Usage (456680K) : Executing rule Pad.i
2026-02-13 10:56:17 +0100: Memory Usage (456680K) : Starting 6.9.1 Solder Bump
2026-02-13 10:56:17 +0100: Memory Usage (456680K) : Executing rule Padb.a
2026-02-13 10:56:17 +0100: Memory Usage (456680K) : Executing rule Padb.b
2026-02-13 10:56:17 +0100: Memory Usage (456680K) : Executing rule Padb.c
2026-02-13 10:56:17 +0100: Memory Usage (456680K) : Executing rule Padb.f
2026-02-13 10:56:17 +0100: Memory Usage (456680K) : Executing rule Padb.d
2026-02-13 10:56:17 +0100: Memory Usage (456680K) : Starting 6.10 Sealring table
2026-02-13 10:56:17 +0100: Memory Usage (456680K) : Executing rule Seal.l
2026-02-13 10:56:17 +0100: Memory Usage (456680K) : Executing rule Seal.n
2026-02-13 10:56:17 +0100: Memory Usage (456680K) : Executing rule seal.b_metal1
2026-02-13 10:56:17 +0100: Memory Usage (456680K) : Executing rule seal.b_metal2
2026-02-13 10:56:17 +0100: Memory Usage (456680K) : Executing rule seal.b_metal3
2026-02-13 10:56:17 +0100: Memory Usage (456680K) : Executing rule seal.b_metal4
2026-02-13 10:56:17 +0100: Memory Usage (456680K) : Executing rule seal.b_metal5
2026-02-13 10:56:17 +0100: Memory Usage (456680K) : Executing rule seal.b_topmetal1
2026-02-13 10:56:17 +0100: Memory Usage (456680K) : Executing rule seal.b_topmetal2
2026-02-13 10:56:17 +0100: Memory Usage (456680K) : Executing rule seal.b_activ
2026-02-13 10:56:17 +0100: Memory Usage (456680K) : Executing rule seal.b_psd
2026-02-13 10:56:17 +0100: Memory Usage (456680K) : Executing rule Seal.k
2026-02-13 10:56:17 +0100: Memory Usage (456680K) : Executing rule Seal.m
2026-02-13 10:56:17 +0100: Memory Usage (456680K) : Starting 6.11 MIM table
2026-02-13 10:56:17 +0100: Memory Usage (456680K) : Executing rule MIM.c
2026-02-13 10:56:17 +0100: Memory Usage (456680K) : Executing rule MIM.d
2026-02-13 10:56:17 +0100: Memory Usage (456680K) : Executing rule MIM.gR
2026-02-13 10:56:17 +0100: Memory Usage (456680K) : Starting 7.3 Metal Slits table
2026-02-13 10:56:17 +0100: Memory Usage (456680K) : Executing rule Slt.e1_M1
2026-02-13 10:56:17 +0100: Memory Usage (456680K) : Executing rule Slt.e1_M2
2026-02-13 10:56:17 +0100: Memory Usage (456808K) : Executing rule Slt.e1_M3
2026-02-13 10:56:17 +0100: Memory Usage (456936K) : Executing rule Slt.e1_M4
2026-02-13 10:56:17 +0100: Memory Usage (456936K) : Executing rule Slt.e1_M5
2026-02-13 10:56:17 +0100: Memory Usage (457064K) : Executing rule Slt.e1_TM1
2026-02-13 10:56:17 +0100: Memory Usage (457192K) : Executing rule Slt.e1_TM2
2026-02-13 10:56:17 +0100: Memory Usage (457320K) : Starting 9.1. LBE table
2026-02-13 10:56:17 +0100: Memory Usage (457448K) : Executing rule LBE.a
2026-02-13 10:56:17 +0100: Memory Usage (457576K) : Executing rule LBE.b
2026-02-13 10:56:17 +0100: Memory Usage (457704K) : Executing rule LBE.b1
2026-02-13 10:56:17 +0100: Memory Usage (457704K) : Executing rule LBE.c
2026-02-13 10:56:17 +0100: Memory Usage (457832K) : Executing rule LBE.d
2026-02-13 10:56:17 +0100: Memory Usage (457960K) : Executing rule LBE.h
2026-02-13 10:56:17 +0100: Memory Usage (458088K) : Starting 7.4. PIN table
2026-02-13 10:56:17 +0100: Memory Usage (458088K) : Executing rule Pin.a
2026-02-13 10:56:17 +0100: Memory Usage (458216K) : Executing rule Pin.b
2026-02-13 10:56:17 +0100: Memory Usage (458344K) : Executing rule Pin.e
2026-02-13 10:56:17 +0100: Memory Usage (458472K) : Executing rule Pin.f_M2
2026-02-13 10:56:17 +0100: Memory Usage (458600K) : Executing rule Pin.f_M3
2026-02-13 10:56:17 +0100: Memory Usage (458728K) : Executing rule Pin.f_M4
2026-02-13 10:56:17 +0100: Memory Usage (458856K) : Executing rule Pin.f_M5
2026-02-13 10:56:17 +0100: Memory Usage (458984K) : Executing rule Pin.g
2026-02-13 10:56:17 +0100: Memory Usage (459112K) : Executing rule Pin.h
2026-02-13 10:56:17 +0100: Memory Usage (459240K) : Starting 3.2. FORBIDDEN table
2026-02-13 10:56:17 +0100: Memory Usage (459240K) : Executing rule forbidden.biwind
2026-02-13 10:56:18 +0100: Memory Usage (459240K) : Executing rule forbidden.pemwind
2026-02-13 10:56:18 +0100: Memory Usage (459368K) : Executing rule forbidden.baspoly
2026-02-13 10:56:18 +0100: Memory Usage (459368K) : Executing rule forbidden.deepco
2026-02-13 10:56:18 +0100: Memory Usage (459368K) : Executing rule forbidden.pempoly
2026-02-13 10:56:18 +0100: Memory Usage (459368K) : Executing rule forbidden.empoly
2026-02-13 10:56:18 +0100: Memory Usage (459368K) : Executing rule forbidden.ldmos
2026-02-13 10:56:18 +0100: Memory Usage (459496K) : Executing rule forbidden.pbiwind
2026-02-13 10:56:18 +0100: Memory Usage (459496K) : Executing rule forbidden.nodrc
2026-02-13 10:56:18 +0100: Memory Usage (459496K) : Executing rule forbidden.flash
2026-02-13 10:56:18 +0100: Memory Usage (459496K) : Executing rule forbidden.colwind
2026-02-13 10:56:18 +0100: Memory Usage (459496K) : KLayout DRC run for tables 'main' completed in 1.04 seconds
