
===========================================================================
report_checks -path_delay max (Setup)
============================================================================
======================= nom_typ_1p20V_25C Corner ===================================

Startpoint: fclk_in (clock source 'fclk_in')
Endpoint: fclk_comp (output port clocked by fclk_in)
Path Group: fclk_in
Path Type: max

Fanout         Cap        Slew       Delay        Time   Description
---------------------------------------------------------------------------------------------
                                 31.250000   31.250000   clock fclk_in (fall edge)
                                  0.000000   31.250000   clock source latency
     2    0.042078    0.045349    0.029821   31.279821 v fclk_in (in)
                                                         fclk_in (net)
                      0.045493    0.000000   31.279821 v clkbuf_0_fclk_in/A (sg13g2_buf_16)
     1    0.018387    0.020349    0.078970   31.358791 v clkbuf_0_fclk_in/X (sg13g2_buf_16)
                                                         clknet_0_fclk_in (net)
                      0.020351    0.000334   31.359125 v clkbuf_1_0__f_fclk_in/A (sg13g2_buf_16)
     1    0.003752    0.016857    0.064443   31.423569 v clkbuf_1_0__f_fclk_in/X (sg13g2_buf_16)
                                                         clknet_1_0__leaf_fclk_in (net)
                      0.016857    0.000053   31.423622 v _240_/A (sg13g2_buf_1)
     1    0.003114    0.019904    0.057163   31.480785 v _240_/X (sg13g2_buf_1)
                                                         net28 (net)
                      0.019904    0.000032   31.480818 v output28/A (sg13g2_buf_1)
     1    0.006000    0.028935    0.065572   31.546389 v output28/X (sg13g2_buf_1)
                                                         fclk_comp (net)
                      0.028935    0.000000   31.546389 v fclk_comp (out)
                                             31.546389   data arrival time

                                 62.500000   62.500000   clock fclk_in (rise edge)
                                  0.000000   62.500000   clock network delay (propagated)
                                 -0.250000   62.250004   clock uncertainty
                                  0.000000   62.250004   clock reconvergence pessimism
                                -12.500000   49.750004   output external delay
                                             49.750004   data required time
---------------------------------------------------------------------------------------------
                                             49.750004   data required time
                                            -31.546389   data arrival time
---------------------------------------------------------------------------------------------
                                             18.203615   slack (MET)


Startpoint: _234_ (rising edge-triggered flip-flop clocked by fclk_in)
Endpoint: fclk_samp (output port clocked by fclk_in)
Path Group: fclk_in
Path Type: max

Fanout         Cap        Slew       Delay        Time   Description
---------------------------------------------------------------------------------------------
                                  0.000000    0.000000   clock fclk_in (rise edge)
                                  0.000000    0.000000   clock source latency
     2    0.043222    0.057443    0.035906    0.035906 ^ fclk_in (in)
                                                         fclk_in (net)
                      0.057534    0.000000    0.035906 ^ clkbuf_regs_0_fclk_in/A (sg13g2_buf_16)
     1    0.018526    0.020428    0.078225    0.114131 ^ clkbuf_regs_0_fclk_in/X (sg13g2_buf_16)
                                                         fclk_in_regs (net)
                      0.020429    0.000266    0.114398 ^ clkbuf_0_fclk_in_regs/A (sg13g2_buf_16)
     2    0.037495    0.022974    0.064003    0.178401 ^ clkbuf_0_fclk_in_regs/X (sg13g2_buf_16)
                                                         clknet_0_fclk_in_regs (net)
                      0.022975    0.000301    0.178702 ^ clkbuf_1_1__f_fclk_in_regs/A (sg13g2_buf_16)
     3    0.011427    0.017121    0.060137    0.238839 ^ clkbuf_1_1__f_fclk_in_regs/X (sg13g2_buf_16)
                                                         clknet_1_1__leaf_fclk_in_regs (net)
                      0.017121    0.000117    0.238956 ^ _234_/CLK (sg13g2_dfrbpq_1)
     2    0.006446    0.029045    0.166880    0.405836 v _234_/Q (sg13g2_dfrbpq_1)
                                                         _001_ (net)
                      0.029045    0.000024    0.405860 v hold51/A (sg13g2_dlygate4sd3_1)
     1    0.002915    0.036723    0.371383    0.777242 v hold51/X (sg13g2_dlygate4sd3_1)
                                                         net51 (net)
                      0.036723    0.000014    0.777256 v _104_/A (sg13g2_inv_1)
     5    0.023225    0.100637    0.094039    0.871295 ^ _104_/Y (sg13g2_inv_1)
                                                         net29 (net)
                      0.100639    0.000381    0.871676 ^ output29/A (sg13g2_buf_1)
     1    0.006000    0.037503    0.098858    0.970534 ^ output29/X (sg13g2_buf_1)
                                                         fclk_samp (net)
                      0.037503    0.000000    0.970534 ^ fclk_samp (out)
                                              0.970534   data arrival time

                                 62.500000   62.500000   clock fclk_in (rise edge)
                                  0.000000   62.500000   clock network delay (propagated)
                                 -0.250000   62.250004   clock uncertainty
                                  0.000000   62.250004   clock reconvergence pessimism
                                -12.500000   49.750004   output external delay
                                             49.750004   data required time
---------------------------------------------------------------------------------------------
                                             49.750004   data required time
                                             -0.970534   data arrival time
---------------------------------------------------------------------------------------------
                                             48.779472   slack (MET)


Startpoint: En (input port clocked by fclk_in)
Endpoint: _234_ (rising edge-triggered flip-flop clocked by fclk_in)
Path Group: fclk_in
Path Type: max

Fanout         Cap        Slew       Delay        Time   Description
---------------------------------------------------------------------------------------------
                                  0.000000    0.000000   clock fclk_in (rise edge)
                                  0.000000    0.000000   clock network delay (propagated)
                                 12.500000   12.500000 ^ input external delay
     1    0.005085    0.022147    0.004229   12.504229 ^ En (in)
                                                         En (net)
                      0.022147    0.000000   12.504229 ^ input1/A (sg13g2_buf_1)
     7    0.028429    0.121656    0.130711   12.634939 ^ input1/X (sg13g2_buf_1)
                                                         net1 (net)
                      0.121658    0.000369   12.635308 ^ _111_/A (sg13g2_nand4_1)
     2    0.005850    0.111206    0.130592   12.765900 v _111_/Y (sg13g2_nand4_1)
                                                         _070_ (net)
                      0.111206    0.000052   12.765951 v hold49/A (sg13g2_dlygate4sd3_1)
     2    0.008279    0.051732    0.434248   13.200199 v hold49/X (sg13g2_dlygate4sd3_1)
                                                         net49 (net)
                      0.051732    0.000081   13.200280 v _118_/A2 (sg13g2_o21ai_1)
     1    0.003837    0.077368    0.091298   13.291578 ^ _118_/Y (sg13g2_o21ai_1)
                                                         _072_ (net)
                      0.077368    0.000053   13.291632 ^ _119_/B_N (sg13g2_nor2b_1)
     1    0.002398    0.042771    0.105363   13.396995 ^ _119_/Y (sg13g2_nor2b_1)
                                                         _060_ (net)
                      0.042771    0.000025   13.397019 ^ _234_/D (sg13g2_dfrbpq_1)
                                             13.397019   data arrival time

                                 62.500000   62.500000   clock fclk_in (rise edge)
                                  0.000000   62.500000   clock source latency
     2    0.043222    0.057443    0.035904   62.535904 ^ fclk_in (in)
                                                         fclk_in (net)
                      0.057534    0.000000   62.535904 ^ clkbuf_regs_0_fclk_in/A (sg13g2_buf_16)
     1    0.018526    0.020428    0.078231   62.614136 ^ clkbuf_regs_0_fclk_in/X (sg13g2_buf_16)
                                                         fclk_in_regs (net)
                      0.020429    0.000263   62.614399 ^ clkbuf_0_fclk_in_regs/A (sg13g2_buf_16)
     2    0.037495    0.022974    0.064006   62.678406 ^ clkbuf_0_fclk_in_regs/X (sg13g2_buf_16)
                                                         clknet_0_fclk_in_regs (net)
                      0.022975    0.000298   62.678703 ^ clkbuf_1_1__f_fclk_in_regs/A (sg13g2_buf_16)
     3    0.011427    0.017121    0.060140   62.738842 ^ clkbuf_1_1__f_fclk_in_regs/X (sg13g2_buf_16)
                                                         clknet_1_1__leaf_fclk_in_regs (net)
                      0.017121    0.000114   62.738956 ^ _234_/CLK (sg13g2_dfrbpq_1)
                                 -0.250000   62.488960   clock uncertainty
                                  0.000000   62.488960   clock reconvergence pessimism
                                 -0.120554   62.368408   library setup time
                                             62.368408   data required time
---------------------------------------------------------------------------------------------
                                             62.368408   data required time
                                            -13.397019   data arrival time
---------------------------------------------------------------------------------------------
                                             48.971390   slack (MET)


Startpoint: En (input port clocked by fclk_in)
Endpoint: _238_ (rising edge-triggered flip-flop clocked by fclk_in)
Path Group: fclk_in
Path Type: max

Fanout         Cap        Slew       Delay        Time   Description
---------------------------------------------------------------------------------------------
                                  0.000000    0.000000   clock fclk_in (rise edge)
                                  0.000000    0.000000   clock network delay (propagated)
                                 12.500000   12.500000 ^ input external delay
     1    0.005085    0.022147    0.004229   12.504229 ^ En (in)
                                                         En (net)
                      0.022147    0.000000   12.504229 ^ input1/A (sg13g2_buf_1)
     7    0.028429    0.121656    0.130711   12.634939 ^ input1/X (sg13g2_buf_1)
                                                         net1 (net)
                      0.121658    0.000369   12.635308 ^ _111_/A (sg13g2_nand4_1)
     2    0.005850    0.111206    0.130592   12.765900 v _111_/Y (sg13g2_nand4_1)
                                                         _070_ (net)
                      0.111206    0.000052   12.765951 v hold49/A (sg13g2_dlygate4sd3_1)
     2    0.008279    0.051732    0.434248   13.200199 v hold49/X (sg13g2_dlygate4sd3_1)
                                                         net49 (net)
                      0.051732    0.000048   13.200248 v _112_/B (sg13g2_and2_1)
     1    0.002557    0.020415    0.080661   13.280909 v _112_/X (sg13g2_and2_1)
                                                         _064_ (net)
                      0.020415    0.000028   13.280937 v _238_/D (sg13g2_dfrbpq_1)
                                             13.280937   data arrival time

                                 62.500000   62.500000   clock fclk_in (rise edge)
                                  0.000000   62.500000   clock source latency
     2    0.043222    0.057443    0.035904   62.535904 ^ fclk_in (in)
                                                         fclk_in (net)
                      0.057534    0.000000   62.535904 ^ clkbuf_regs_0_fclk_in/A (sg13g2_buf_16)
     1    0.018526    0.020428    0.078231   62.614136 ^ clkbuf_regs_0_fclk_in/X (sg13g2_buf_16)
                                                         fclk_in_regs (net)
                      0.020429    0.000263   62.614399 ^ clkbuf_0_fclk_in_regs/A (sg13g2_buf_16)
     2    0.037495    0.022974    0.064006   62.678406 ^ clkbuf_0_fclk_in_regs/X (sg13g2_buf_16)
                                                         clknet_0_fclk_in_regs (net)
                      0.022975    0.000298   62.678703 ^ clkbuf_1_1__f_fclk_in_regs/A (sg13g2_buf_16)
     3    0.011427    0.017121    0.060140   62.738842 ^ clkbuf_1_1__f_fclk_in_regs/X (sg13g2_buf_16)
                                                         clknet_1_1__leaf_fclk_in_regs (net)
                      0.017121    0.000121   62.738964 ^ _238_/CLK (sg13g2_dfrbpq_1)
                                 -0.250000   62.488968   clock uncertainty
                                  0.000000   62.488968   clock reconvergence pessimism
                                 -0.113511   62.375458   library setup time
                                             62.375458   data required time
---------------------------------------------------------------------------------------------
                                             62.375458   data required time
                                            -13.280937   data arrival time
---------------------------------------------------------------------------------------------
                                             49.094521   slack (MET)


Startpoint: En (input port clocked by fclk_in)
Endpoint: _239_ (rising edge-triggered flip-flop clocked by fclk_in)
Path Group: fclk_in
Path Type: max

Fanout         Cap        Slew       Delay        Time   Description
---------------------------------------------------------------------------------------------
                                  0.000000    0.000000   clock fclk_in (rise edge)
                                  0.000000    0.000000   clock network delay (propagated)
                                 12.500000   12.500000 ^ input external delay
     1    0.005085    0.022147    0.004229   12.504229 ^ En (in)
                                                         En (net)
                      0.022147    0.000000   12.504229 ^ input1/A (sg13g2_buf_1)
     7    0.028429    0.121656    0.130711   12.634939 ^ input1/X (sg13g2_buf_1)
                                                         net1 (net)
                      0.121658    0.000369   12.635308 ^ _111_/A (sg13g2_nand4_1)
     2    0.005850    0.111206    0.130592   12.765900 v _111_/Y (sg13g2_nand4_1)
                                                         _070_ (net)
                      0.111206    0.000033   12.765933 v _117_/C (sg13g2_nor3_1)
     1    0.003077    0.090794    0.102315   12.868248 ^ _117_/Y (sg13g2_nor3_1)
                                                         _000_ (net)
                      0.090794    0.000043   12.868291 ^ hold45/A (sg13g2_dlygate4sd3_1)
     2    0.005028    0.041339    0.396652   13.264943 ^ hold45/X (sg13g2_dlygate4sd3_1)
                                                         net45 (net)
                      0.041339    0.000017   13.264960 ^ _239_/D (sg13g2_dfrbpq_1)
                                             13.264960   data arrival time

                                 62.500000   62.500000   clock fclk_in (rise edge)
                                  0.000000   62.500000   clock source latency
     2    0.043222    0.057443    0.035904   62.535904 ^ fclk_in (in)
                                                         fclk_in (net)
                      0.057534    0.000000   62.535904 ^ clkbuf_regs_0_fclk_in/A (sg13g2_buf_16)
     1    0.018526    0.020428    0.078231   62.614136 ^ clkbuf_regs_0_fclk_in/X (sg13g2_buf_16)
                                                         fclk_in_regs (net)
                      0.020429    0.000263   62.614399 ^ clkbuf_0_fclk_in_regs/A (sg13g2_buf_16)
     2    0.037495    0.022974    0.064006   62.678406 ^ clkbuf_0_fclk_in_regs/X (sg13g2_buf_16)
                                                         clknet_0_fclk_in_regs (net)
                      0.022975    0.000298   62.678703 ^ clkbuf_1_1__f_fclk_in_regs/A (sg13g2_buf_16)
     3    0.011427    0.017121    0.060140   62.738842 ^ clkbuf_1_1__f_fclk_in_regs/X (sg13g2_buf_16)
                                                         clknet_1_1__leaf_fclk_in_regs (net)
                      0.017121    0.000149   62.738991 ^ _239_/CLK (sg13g2_dfrbpq_1)
                                 -0.250000   62.488995   clock uncertainty
                                  0.000000   62.488995   clock reconvergence pessimism
                                 -0.120088   62.368908   library setup time
                                             62.368908   data required time
---------------------------------------------------------------------------------------------
                                             62.368908   data required time
                                            -13.264960   data arrival time
---------------------------------------------------------------------------------------------
                                             49.103947   slack (MET)


Startpoint: En (input port clocked by fclk_in)
Endpoint: _237_ (rising edge-triggered flip-flop clocked by fclk_in)
Path Group: fclk_in
Path Type: max

Fanout         Cap        Slew       Delay        Time   Description
---------------------------------------------------------------------------------------------
                                  0.000000    0.000000   clock fclk_in (rise edge)
                                  0.000000    0.000000   clock network delay (propagated)
                                 12.500000   12.500000 ^ input external delay
     1    0.005085    0.022147    0.004229   12.504229 ^ En (in)
                                                         En (net)
                      0.022147    0.000000   12.504229 ^ input1/A (sg13g2_buf_1)
     7    0.028429    0.121656    0.130711   12.634939 ^ input1/X (sg13g2_buf_1)
                                                         net1 (net)
                      0.121657    0.000141   12.635080 ^ _110_/A (sg13g2_nand3_1)
     2    0.010016    0.115380    0.136526   12.771606 v _110_/Y (sg13g2_nand3_1)
                                                         _069_ (net)
                      0.115380    0.000078   12.771685 v _113_/B (sg13g2_xnor2_1)
     1    0.002471    0.039130    0.115168   12.886853 v _113_/Y (sg13g2_xnor2_1)
                                                         _063_ (net)
                      0.039130    0.000024   12.886877 v hold47/A (sg13g2_dlygate4sd3_1)
     1    0.001995    0.034183    0.373754   13.260632 v hold47/X (sg13g2_dlygate4sd3_1)
                                                         net47 (net)
                      0.034183    0.000016   13.260647 v _237_/D (sg13g2_dfrbpq_1)
                                             13.260647   data arrival time

                                 62.500000   62.500000   clock fclk_in (rise edge)
                                  0.000000   62.500000   clock source latency
     2    0.043222    0.057443    0.035904   62.535904 ^ fclk_in (in)
                                                         fclk_in (net)
                      0.057534    0.000000   62.535904 ^ clkbuf_regs_0_fclk_in/A (sg13g2_buf_16)
     1    0.018526    0.020428    0.078231   62.614136 ^ clkbuf_regs_0_fclk_in/X (sg13g2_buf_16)
                                                         fclk_in_regs (net)
                      0.020429    0.000263   62.614399 ^ clkbuf_0_fclk_in_regs/A (sg13g2_buf_16)
     2    0.037495    0.022974    0.064006   62.678406 ^ clkbuf_0_fclk_in_regs/X (sg13g2_buf_16)
                                                         clknet_0_fclk_in_regs (net)
                      0.022975    0.000348   62.678753 ^ clkbuf_1_0__f_fclk_in_regs/A (sg13g2_buf_16)
     3    0.011067    0.017050    0.060069   62.738823 ^ clkbuf_1_0__f_fclk_in_regs/X (sg13g2_buf_16)
                                                         clknet_1_0__leaf_fclk_in_regs (net)
                      0.017050    0.000135   62.738956 ^ _237_/CLK (sg13g2_dfrbpq_1)
                                 -0.250000   62.488960   clock uncertainty
                                  0.000000   62.488960   clock reconvergence pessimism
                                 -0.118488   62.370468   library setup time
                                             62.370468   data required time
---------------------------------------------------------------------------------------------
                                             62.370468   data required time
                                            -13.260647   data arrival time
---------------------------------------------------------------------------------------------
                                             49.109825   slack (MET)


Startpoint: _239_ (rising edge-triggered flip-flop clocked by fclk_in)
Endpoint: fdac_clk (output port clocked by fclk_in)
Path Group: fclk_in
Path Type: max

Fanout         Cap        Slew       Delay        Time   Description
---------------------------------------------------------------------------------------------
                                  0.000000    0.000000   clock fclk_in (rise edge)
                                  0.000000    0.000000   clock source latency
     2    0.043222    0.057443    0.035906    0.035906 ^ fclk_in (in)
                                                         fclk_in (net)
                      0.057534    0.000000    0.035906 ^ clkbuf_regs_0_fclk_in/A (sg13g2_buf_16)
     1    0.018526    0.020428    0.078225    0.114131 ^ clkbuf_regs_0_fclk_in/X (sg13g2_buf_16)
                                                         fclk_in_regs (net)
                      0.020429    0.000266    0.114398 ^ clkbuf_0_fclk_in_regs/A (sg13g2_buf_16)
     2    0.037495    0.022974    0.064003    0.178401 ^ clkbuf_0_fclk_in_regs/X (sg13g2_buf_16)
                                                         clknet_0_fclk_in_regs (net)
                      0.022975    0.000301    0.178702 ^ clkbuf_1_1__f_fclk_in_regs/A (sg13g2_buf_16)
     3    0.011427    0.017121    0.060137    0.238839 ^ clkbuf_1_1__f_fclk_in_regs/X (sg13g2_buf_16)
                                                         clknet_1_1__leaf_fclk_in_regs (net)
                      0.017121    0.000149    0.238988 ^ _239_/CLK (sg13g2_dfrbpq_1)
     1    0.004495    0.029640    0.165755    0.404742 ^ _239_/Q (sg13g2_dfrbpq_1)
                                                         net30 (net)
                      0.029640    0.000082    0.404824 ^ output30/A (sg13g2_buf_1)
     1    0.006000    0.035044    0.069077    0.473901 ^ output30/X (sg13g2_buf_1)
                                                         fdac_clk (net)
                      0.035044    0.000000    0.473901 ^ fdac_clk (out)
                                              0.473901   data arrival time

                                 62.500000   62.500000   clock fclk_in (rise edge)
                                  0.000000   62.500000   clock network delay (propagated)
                                 -0.250000   62.250004   clock uncertainty
                                  0.000000   62.250004   clock reconvergence pessimism
                                -12.500000   49.750004   output external delay
                                             49.750004   data required time
---------------------------------------------------------------------------------------------
                                             49.750004   data required time
                                             -0.473901   data arrival time
---------------------------------------------------------------------------------------------
                                             49.276104   slack (MET)


Startpoint: rst (input port clocked by fclk_in)
Endpoint: _236_ (recovery check against rising-edge clock fclk_in)
Path Group: asynchronous
Path Type: max

Fanout         Cap        Slew       Delay        Time   Description
---------------------------------------------------------------------------------------------
                                  0.000000    0.000000   clock fclk_in (rise edge)
                                  0.000000    0.000000   clock network delay (propagated)
                                 12.500000   12.500000 v input external delay
     1    0.004911    0.018538    0.003475   12.503474 v rst (in)
                                                         rst (net)
                      0.018538    0.000000   12.503474 v input5/A (sg13g2_buf_1)
     1    0.004730    0.024316    0.061833   12.565308 v input5/X (sg13g2_buf_1)
                                                         net5 (net)
                      0.024317    0.000093   12.565401 v fanout39/A (sg13g2_buf_1)
     4    0.018263    0.064691    0.097486   12.662888 v fanout39/X (sg13g2_buf_1)
                                                         net39 (net)
                      0.064691    0.000059   12.662946 v fanout35/A (sg13g2_buf_1)
     8    0.035786    0.116156    0.155646   12.818592 v fanout35/X (sg13g2_buf_1)
                                                         net35 (net)
                      0.116156    0.000208   12.818800 v fanout34/A (sg13g2_buf_1)
     8    0.032895    0.107847    0.168606   12.987406 v fanout34/X (sg13g2_buf_1)
                                                         net34 (net)
                      0.107847    0.000212   12.987618 v _204_/A (sg13g2_inv_1)
     1    0.005797    0.046828    0.060705   13.048324 ^ _204_/Y (sg13g2_inv_1)
                                                         _030_ (net)
                      0.046828    0.000056   13.048380 ^ _236_/RESET_B (sg13g2_dfrbpq_1)
                                             13.048380   data arrival time

                                 62.500000   62.500000   clock fclk_in (rise edge)
                                  0.000000   62.500000   clock source latency
     2    0.043222    0.057443    0.035904   62.535904 ^ fclk_in (in)
                                                         fclk_in (net)
                      0.057534    0.000000   62.535904 ^ clkbuf_regs_0_fclk_in/A (sg13g2_buf_16)
     1    0.018526    0.020428    0.078231   62.614136 ^ clkbuf_regs_0_fclk_in/X (sg13g2_buf_16)
                                                         fclk_in_regs (net)
                      0.020429    0.000263   62.614399 ^ clkbuf_0_fclk_in_regs/A (sg13g2_buf_16)
     2    0.037495    0.022974    0.064006   62.678406 ^ clkbuf_0_fclk_in_regs/X (sg13g2_buf_16)
                                                         clknet_0_fclk_in_regs (net)
                      0.022975    0.000348   62.678753 ^ clkbuf_1_0__f_fclk_in_regs/A (sg13g2_buf_16)
     3    0.011067    0.017050    0.060069   62.738823 ^ clkbuf_1_0__f_fclk_in_regs/X (sg13g2_buf_16)
                                                         clknet_1_0__leaf_fclk_in_regs (net)
                      0.017050    0.000085   62.738907 ^ _236_/CLK (sg13g2_dfrbpq_1)
                                 -0.250000   62.488911   clock uncertainty
                                  0.000000   62.488911   clock reconvergence pessimism
                                 -0.128652   62.360260   library recovery time
                                             62.360260   data required time
---------------------------------------------------------------------------------------------
                                             62.360260   data required time
                                            -13.048380   data arrival time
---------------------------------------------------------------------------------------------
                                             49.311882   slack (MET)


Startpoint: rst (input port clocked by fclk_in)
Endpoint: _235_ (recovery check against rising-edge clock fclk_in)
Path Group: asynchronous
Path Type: max

Fanout         Cap        Slew       Delay        Time   Description
---------------------------------------------------------------------------------------------
                                  0.000000    0.000000   clock fclk_in (rise edge)
                                  0.000000    0.000000   clock network delay (propagated)
                                 12.500000   12.500000 v input external delay
     1    0.004911    0.018538    0.003475   12.503474 v rst (in)
                                                         rst (net)
                      0.018538    0.000000   12.503474 v input5/A (sg13g2_buf_1)
     1    0.004730    0.024316    0.061833   12.565308 v input5/X (sg13g2_buf_1)
                                                         net5 (net)
                      0.024317    0.000093   12.565401 v fanout39/A (sg13g2_buf_1)
     4    0.018263    0.064691    0.097486   12.662888 v fanout39/X (sg13g2_buf_1)
                                                         net39 (net)
                      0.064691    0.000059   12.662946 v fanout35/A (sg13g2_buf_1)
     8    0.035786    0.116156    0.155646   12.818592 v fanout35/X (sg13g2_buf_1)
                                                         net35 (net)
                      0.116156    0.000208   12.818800 v fanout34/A (sg13g2_buf_1)
     8    0.032895    0.107847    0.168606   12.987406 v fanout34/X (sg13g2_buf_1)
                                                         net34 (net)
                      0.107847    0.000170   12.987576 v _203_/A (sg13g2_inv_1)
     1    0.005583    0.046097    0.059841   13.047417 ^ _203_/Y (sg13g2_inv_1)
                                                         _029_ (net)
                      0.046097    0.000045   13.047462 ^ _235_/RESET_B (sg13g2_dfrbpq_1)
                                             13.047462   data arrival time

                                 62.500000   62.500000   clock fclk_in (rise edge)
                                  0.000000   62.500000   clock source latency
     2    0.043222    0.057443    0.035904   62.535904 ^ fclk_in (in)
                                                         fclk_in (net)
                      0.057534    0.000000   62.535904 ^ clkbuf_regs_0_fclk_in/A (sg13g2_buf_16)
     1    0.018526    0.020428    0.078231   62.614136 ^ clkbuf_regs_0_fclk_in/X (sg13g2_buf_16)
                                                         fclk_in_regs (net)
                      0.020429    0.000263   62.614399 ^ clkbuf_0_fclk_in_regs/A (sg13g2_buf_16)
     2    0.037495    0.022974    0.064006   62.678406 ^ clkbuf_0_fclk_in_regs/X (sg13g2_buf_16)
                                                         clknet_0_fclk_in_regs (net)
                      0.022975    0.000348   62.678753 ^ clkbuf_1_0__f_fclk_in_regs/A (sg13g2_buf_16)
     3    0.011067    0.017050    0.060069   62.738823 ^ clkbuf_1_0__f_fclk_in_regs/X (sg13g2_buf_16)
                                                         clknet_1_0__leaf_fclk_in_regs (net)
                      0.017050    0.000128   62.738949 ^ _235_/CLK (sg13g2_dfrbpq_1)
                                 -0.250000   62.488953   clock uncertainty
                                  0.000000   62.488953   clock reconvergence pessimism
                                 -0.128429   62.360523   library recovery time
                                             62.360523   data required time
---------------------------------------------------------------------------------------------
                                             62.360523   data required time
                                            -13.047462   data arrival time
---------------------------------------------------------------------------------------------
                                             49.313061   slack (MET)


Startpoint: En (input port clocked by fclk_in)
Endpoint: _236_ (rising edge-triggered flip-flop clocked by fclk_in)
Path Group: fclk_in
Path Type: max

Fanout         Cap        Slew       Delay        Time   Description
---------------------------------------------------------------------------------------------
                                  0.000000    0.000000   clock fclk_in (rise edge)
                                  0.000000    0.000000   clock network delay (propagated)
                                 12.500000   12.500000 ^ input external delay
     1    0.005085    0.022147    0.004229   12.504229 ^ En (in)
                                                         En (net)
                      0.022147    0.000000   12.504229 ^ input1/A (sg13g2_buf_1)
     7    0.028429    0.121656    0.130711   12.634939 ^ input1/X (sg13g2_buf_1)
                                                         net1 (net)
                      0.121657    0.000141   12.635080 ^ _110_/A (sg13g2_nand3_1)
     2    0.010016    0.115380    0.136526   12.771606 v _110_/Y (sg13g2_nand3_1)
                                                         _069_ (net)
                      0.115380    0.000131   12.771737 v _115_/A (sg13g2_and2_1)
     1    0.002439    0.021994    0.098715   12.870452 v _115_/X (sg13g2_and2_1)
                                                         _062_ (net)
                      0.021994    0.000026   12.870478 v _236_/D (sg13g2_dfrbpq_1)
                                             12.870478   data arrival time

                                 62.500000   62.500000   clock fclk_in (rise edge)
                                  0.000000   62.500000   clock source latency
     2    0.043222    0.057443    0.035904   62.535904 ^ fclk_in (in)
                                                         fclk_in (net)
                      0.057534    0.000000   62.535904 ^ clkbuf_regs_0_fclk_in/A (sg13g2_buf_16)
     1    0.018526    0.020428    0.078231   62.614136 ^ clkbuf_regs_0_fclk_in/X (sg13g2_buf_16)
                                                         fclk_in_regs (net)
                      0.020429    0.000263   62.614399 ^ clkbuf_0_fclk_in_regs/A (sg13g2_buf_16)
     2    0.037495    0.022974    0.064006   62.678406 ^ clkbuf_0_fclk_in_regs/X (sg13g2_buf_16)
                                                         clknet_0_fclk_in_regs (net)
                      0.022975    0.000348   62.678753 ^ clkbuf_1_0__f_fclk_in_regs/A (sg13g2_buf_16)
     3    0.011067    0.017050    0.060069   62.738823 ^ clkbuf_1_0__f_fclk_in_regs/X (sg13g2_buf_16)
                                                         clknet_1_0__leaf_fclk_in_regs (net)
                      0.017050    0.000085   62.738907 ^ _236_/CLK (sg13g2_dfrbpq_1)
                                 -0.250000   62.488911   clock uncertainty
                                  0.000000   62.488911   clock reconvergence pessimism
                                 -0.114098   62.374809   library setup time
                                             62.374809   data required time
---------------------------------------------------------------------------------------------
                                             62.374809   data required time
                                            -12.870478   data arrival time
---------------------------------------------------------------------------------------------
                                             49.504333   slack (MET)


Startpoint: rst (input port clocked by fclk_in)
Endpoint: _237_ (recovery check against rising-edge clock fclk_in)
Path Group: asynchronous
Path Type: max

Fanout         Cap        Slew       Delay        Time   Description
---------------------------------------------------------------------------------------------
                                  0.000000    0.000000   clock fclk_in (rise edge)
                                  0.000000    0.000000   clock network delay (propagated)
                                 12.500000   12.500000 v input external delay
     1    0.004911    0.018538    0.003475   12.503474 v rst (in)
                                                         rst (net)
                      0.018538    0.000000   12.503474 v input5/A (sg13g2_buf_1)
     1    0.004730    0.024316    0.061833   12.565308 v input5/X (sg13g2_buf_1)
                                                         net5 (net)
                      0.024317    0.000093   12.565401 v fanout39/A (sg13g2_buf_1)
     4    0.018263    0.064691    0.097486   12.662888 v fanout39/X (sg13g2_buf_1)
                                                         net39 (net)
                      0.064691    0.000069   12.662956 v fanout36/A (sg13g2_buf_1)
     4    0.016971    0.061369    0.111911   12.774868 v fanout36/X (sg13g2_buf_1)
                                                         net36 (net)
                      0.061369    0.000069   12.774937 v _205_/A (sg13g2_inv_1)
     1    0.007205    0.043646    0.052411   12.827348 ^ _205_/Y (sg13g2_inv_1)
                                                         _031_ (net)
                      0.043646    0.000144   12.827492 ^ _237_/RESET_B (sg13g2_dfrbpq_1)
                                             12.827492   data arrival time

                                 62.500000   62.500000   clock fclk_in (rise edge)
                                  0.000000   62.500000   clock source latency
     2    0.043222    0.057443    0.035904   62.535904 ^ fclk_in (in)
                                                         fclk_in (net)
                      0.057534    0.000000   62.535904 ^ clkbuf_regs_0_fclk_in/A (sg13g2_buf_16)
     1    0.018526    0.020428    0.078231   62.614136 ^ clkbuf_regs_0_fclk_in/X (sg13g2_buf_16)
                                                         fclk_in_regs (net)
                      0.020429    0.000263   62.614399 ^ clkbuf_0_fclk_in_regs/A (sg13g2_buf_16)
     2    0.037495    0.022974    0.064006   62.678406 ^ clkbuf_0_fclk_in_regs/X (sg13g2_buf_16)
                                                         clknet_0_fclk_in_regs (net)
                      0.022975    0.000348   62.678753 ^ clkbuf_1_0__f_fclk_in_regs/A (sg13g2_buf_16)
     3    0.011067    0.017050    0.060069   62.738823 ^ clkbuf_1_0__f_fclk_in_regs/X (sg13g2_buf_16)
                                                         clknet_1_0__leaf_fclk_in_regs (net)
                      0.017050    0.000135   62.738956 ^ _237_/CLK (sg13g2_dfrbpq_1)
                                 -0.250000   62.488960   clock uncertainty
                                  0.000000   62.488960   clock reconvergence pessimism
                                 -0.127680   62.361282   library recovery time
                                             62.361282   data required time
---------------------------------------------------------------------------------------------
                                             62.361282   data required time
                                            -12.827492   data arrival time
---------------------------------------------------------------------------------------------
                                             49.533791   slack (MET)


Startpoint: rst (input port clocked by fclk_in)
Endpoint: _234_ (recovery check against rising-edge clock fclk_in)
Path Group: asynchronous
Path Type: max

Fanout         Cap        Slew       Delay        Time   Description
---------------------------------------------------------------------------------------------
                                  0.000000    0.000000   clock fclk_in (rise edge)
                                  0.000000    0.000000   clock network delay (propagated)
                                 12.500000   12.500000 v input external delay
     1    0.004911    0.018538    0.003475   12.503474 v rst (in)
                                                         rst (net)
                      0.018538    0.000000   12.503474 v input5/A (sg13g2_buf_1)
     1    0.004730    0.024316    0.061833   12.565308 v input5/X (sg13g2_buf_1)
                                                         net5 (net)
                      0.024317    0.000093   12.565401 v fanout39/A (sg13g2_buf_1)
     4    0.018263    0.064691    0.097486   12.662888 v fanout39/X (sg13g2_buf_1)
                                                         net39 (net)
                      0.064691    0.000069   12.662956 v fanout36/A (sg13g2_buf_1)
     4    0.016971    0.061369    0.111911   12.774868 v fanout36/X (sg13g2_buf_1)
                                                         net36 (net)
                      0.061369    0.000143   12.775011 v _202_/A (sg13g2_inv_1)
     1    0.006530    0.041124    0.050108   12.825119 ^ _202_/Y (sg13g2_inv_1)
                                                         _028_ (net)
                      0.041124    0.000098   12.825217 ^ _234_/RESET_B (sg13g2_dfrbpq_1)
                                             12.825217   data arrival time

                                 62.500000   62.500000   clock fclk_in (rise edge)
                                  0.000000   62.500000   clock source latency
     2    0.043222    0.057443    0.035904   62.535904 ^ fclk_in (in)
                                                         fclk_in (net)
                      0.057534    0.000000   62.535904 ^ clkbuf_regs_0_fclk_in/A (sg13g2_buf_16)
     1    0.018526    0.020428    0.078231   62.614136 ^ clkbuf_regs_0_fclk_in/X (sg13g2_buf_16)
                                                         fclk_in_regs (net)
                      0.020429    0.000263   62.614399 ^ clkbuf_0_fclk_in_regs/A (sg13g2_buf_16)
     2    0.037495    0.022974    0.064006   62.678406 ^ clkbuf_0_fclk_in_regs/X (sg13g2_buf_16)
                                                         clknet_0_fclk_in_regs (net)
                      0.022975    0.000298   62.678703 ^ clkbuf_1_1__f_fclk_in_regs/A (sg13g2_buf_16)
     3    0.011427    0.017121    0.060140   62.738842 ^ clkbuf_1_1__f_fclk_in_regs/X (sg13g2_buf_16)
                                                         clknet_1_1__leaf_fclk_in_regs (net)
                      0.017121    0.000114   62.738956 ^ _234_/CLK (sg13g2_dfrbpq_1)
                                 -0.250000   62.488960   clock uncertainty
                                  0.000000   62.488960   clock reconvergence pessimism
                                 -0.126900   62.362057   library recovery time
                                             62.362057   data required time
---------------------------------------------------------------------------------------------
                                             62.362057   data required time
                                            -12.825217   data arrival time
---------------------------------------------------------------------------------------------
                                             49.536839   slack (MET)


Startpoint: rst (input port clocked by fclk_in)
Endpoint: _239_ (recovery check against rising-edge clock fclk_in)
Path Group: asynchronous
Path Type: max

Fanout         Cap        Slew       Delay        Time   Description
---------------------------------------------------------------------------------------------
                                  0.000000    0.000000   clock fclk_in (rise edge)
                                  0.000000    0.000000   clock network delay (propagated)
                                 12.500000   12.500000 v input external delay
     1    0.004911    0.018538    0.003475   12.503474 v rst (in)
                                                         rst (net)
                      0.018538    0.000000   12.503474 v input5/A (sg13g2_buf_1)
     1    0.004730    0.024316    0.061833   12.565308 v input5/X (sg13g2_buf_1)
                                                         net5 (net)
                      0.024317    0.000093   12.565401 v fanout39/A (sg13g2_buf_1)
     4    0.018263    0.064691    0.097486   12.662888 v fanout39/X (sg13g2_buf_1)
                                                         net39 (net)
                      0.064691    0.000069   12.662956 v fanout36/A (sg13g2_buf_1)
     4    0.016971    0.061369    0.111911   12.774868 v fanout36/X (sg13g2_buf_1)
                                                         net36 (net)
                      0.061370    0.000283   12.775151 v _207_/A (sg13g2_inv_1)
     1    0.006357    0.040485    0.049520   12.824672 ^ _207_/Y (sg13g2_inv_1)
                                                         _033_ (net)
                      0.040485    0.000083   12.824754 ^ _239_/RESET_B (sg13g2_dfrbpq_1)
                                             12.824754   data arrival time

                                 62.500000   62.500000   clock fclk_in (rise edge)
                                  0.000000   62.500000   clock source latency
     2    0.043222    0.057443    0.035904   62.535904 ^ fclk_in (in)
                                                         fclk_in (net)
                      0.057534    0.000000   62.535904 ^ clkbuf_regs_0_fclk_in/A (sg13g2_buf_16)
     1    0.018526    0.020428    0.078231   62.614136 ^ clkbuf_regs_0_fclk_in/X (sg13g2_buf_16)
                                                         fclk_in_regs (net)
                      0.020429    0.000263   62.614399 ^ clkbuf_0_fclk_in_regs/A (sg13g2_buf_16)
     2    0.037495    0.022974    0.064006   62.678406 ^ clkbuf_0_fclk_in_regs/X (sg13g2_buf_16)
                                                         clknet_0_fclk_in_regs (net)
                      0.022975    0.000298   62.678703 ^ clkbuf_1_1__f_fclk_in_regs/A (sg13g2_buf_16)
     3    0.011427    0.017121    0.060140   62.738842 ^ clkbuf_1_1__f_fclk_in_regs/X (sg13g2_buf_16)
                                                         clknet_1_1__leaf_fclk_in_regs (net)
                      0.017121    0.000149   62.738991 ^ _239_/CLK (sg13g2_dfrbpq_1)
                                 -0.250000   62.488995   clock uncertainty
                                  0.000000   62.488995   clock reconvergence pessimism
                                 -0.126705   62.362289   library recovery time
                                             62.362289   data required time
---------------------------------------------------------------------------------------------
                                             62.362289   data required time
                                            -12.824754   data arrival time
---------------------------------------------------------------------------------------------
                                             49.537537   slack (MET)


Startpoint: rst (input port clocked by fclk_in)
Endpoint: _238_ (recovery check against rising-edge clock fclk_in)
Path Group: asynchronous
Path Type: max

Fanout         Cap        Slew       Delay        Time   Description
---------------------------------------------------------------------------------------------
                                  0.000000    0.000000   clock fclk_in (rise edge)
                                  0.000000    0.000000   clock network delay (propagated)
                                 12.500000   12.500000 v input external delay
     1    0.004911    0.018538    0.003475   12.503474 v rst (in)
                                                         rst (net)
                      0.018538    0.000000   12.503474 v input5/A (sg13g2_buf_1)
     1    0.004730    0.024316    0.061833   12.565308 v input5/X (sg13g2_buf_1)
                                                         net5 (net)
                      0.024317    0.000093   12.565401 v fanout39/A (sg13g2_buf_1)
     4    0.018263    0.064691    0.097486   12.662888 v fanout39/X (sg13g2_buf_1)
                                                         net39 (net)
                      0.064691    0.000069   12.662956 v fanout36/A (sg13g2_buf_1)
     4    0.016971    0.061369    0.111911   12.774868 v fanout36/X (sg13g2_buf_1)
                                                         net36 (net)
                      0.061369    0.000187   12.775054 v _206_/A (sg13g2_inv_1)
     1    0.006315    0.040331    0.049376   12.824430 ^ _206_/Y (sg13g2_inv_1)
                                                         _032_ (net)
                      0.040331    0.000086   12.824516 ^ _238_/RESET_B (sg13g2_dfrbpq_1)
                                             12.824516   data arrival time

                                 62.500000   62.500000   clock fclk_in (rise edge)
                                  0.000000   62.500000   clock source latency
     2    0.043222    0.057443    0.035904   62.535904 ^ fclk_in (in)
                                                         fclk_in (net)
                      0.057534    0.000000   62.535904 ^ clkbuf_regs_0_fclk_in/A (sg13g2_buf_16)
     1    0.018526    0.020428    0.078231   62.614136 ^ clkbuf_regs_0_fclk_in/X (sg13g2_buf_16)
                                                         fclk_in_regs (net)
                      0.020429    0.000263   62.614399 ^ clkbuf_0_fclk_in_regs/A (sg13g2_buf_16)
     2    0.037495    0.022974    0.064006   62.678406 ^ clkbuf_0_fclk_in_regs/X (sg13g2_buf_16)
                                                         clknet_0_fclk_in_regs (net)
                      0.022975    0.000298   62.678703 ^ clkbuf_1_1__f_fclk_in_regs/A (sg13g2_buf_16)
     3    0.011427    0.017121    0.060140   62.738842 ^ clkbuf_1_1__f_fclk_in_regs/X (sg13g2_buf_16)
                                                         clknet_1_1__leaf_fclk_in_regs (net)
                      0.017121    0.000121   62.738964 ^ _238_/CLK (sg13g2_dfrbpq_1)
                                 -0.250000   62.488968   clock uncertainty
                                  0.000000   62.488968   clock reconvergence pessimism
                                 -0.126658   62.362312   library recovery time
                                             62.362312   data required time
---------------------------------------------------------------------------------------------
                                             62.362312   data required time
                                            -12.824516   data arrival time
---------------------------------------------------------------------------------------------
                                             49.537796   slack (MET)


Startpoint: En (input port clocked by fclk_in)
Endpoint: _235_ (rising edge-triggered flip-flop clocked by fclk_in)
Path Group: fclk_in
Path Type: max

Fanout         Cap        Slew       Delay        Time   Description
---------------------------------------------------------------------------------------------
                                  0.000000    0.000000   clock fclk_in (rise edge)
                                  0.000000    0.000000   clock network delay (propagated)
                                 12.500000   12.500000 ^ input external delay
     1    0.005085    0.022147    0.004229   12.504229 ^ En (in)
                                                         En (net)
                      0.022147    0.000000   12.504229 ^ input1/A (sg13g2_buf_1)
     7    0.028429    0.121656    0.130711   12.634939 ^ input1/X (sg13g2_buf_1)
                                                         net1 (net)
                      0.121657    0.000158   12.635097 ^ _116_/A (sg13g2_xor2_1)
     1    0.001899    0.051940    0.122096   12.757193 ^ _116_/X (sg13g2_xor2_1)
                                                         _061_ (net)
                      0.051940    0.000014   12.757207 ^ _235_/D (sg13g2_dfrbpq_1)
                                             12.757207   data arrival time

                                 62.500000   62.500000   clock fclk_in (rise edge)
                                  0.000000   62.500000   clock source latency
     2    0.043222    0.057443    0.035904   62.535904 ^ fclk_in (in)
                                                         fclk_in (net)
                      0.057534    0.000000   62.535904 ^ clkbuf_regs_0_fclk_in/A (sg13g2_buf_16)
     1    0.018526    0.020428    0.078231   62.614136 ^ clkbuf_regs_0_fclk_in/X (sg13g2_buf_16)
                                                         fclk_in_regs (net)
                      0.020429    0.000263   62.614399 ^ clkbuf_0_fclk_in_regs/A (sg13g2_buf_16)
     2    0.037495    0.022974    0.064006   62.678406 ^ clkbuf_0_fclk_in_regs/X (sg13g2_buf_16)
                                                         clknet_0_fclk_in_regs (net)
                      0.022975    0.000348   62.678753 ^ clkbuf_1_0__f_fclk_in_regs/A (sg13g2_buf_16)
     3    0.011067    0.017050    0.060069   62.738823 ^ clkbuf_1_0__f_fclk_in_regs/X (sg13g2_buf_16)
                                                         clknet_1_0__leaf_fclk_in_regs (net)
                      0.017050    0.000128   62.738949 ^ _235_/CLK (sg13g2_dfrbpq_1)
                                 -0.250000   62.488953   clock uncertainty
                                  0.000000   62.488953   clock reconvergence pessimism
                                 -0.123546   62.365402   library setup time
                                             62.365402   data required time
---------------------------------------------------------------------------------------------
                                             62.365402   data required time
                                            -12.757207   data arrival time
---------------------------------------------------------------------------------------------
                                             49.608196   slack (MET)



