
===========================================================================
report_checks -path_delay min (Hold)
============================================================================
======================= nom_typ_1p20V_25C Corner ===================================

Startpoint: _238_ (rising edge-triggered flip-flop clocked by fclk_in)
Endpoint: _238_ (rising edge-triggered flip-flop clocked by fclk_in)
Path Group: fclk_in
Path Type: min

Fanout         Cap        Slew       Delay        Time   Description
---------------------------------------------------------------------------------------------
                                  0.000000    0.000000   clock fclk_in (rise edge)
                                  0.000000    0.000000   clock source latency
     2    0.043222    0.057443    0.035906    0.035906 ^ fclk_in (in)
                                                         fclk_in (net)
                      0.057534    0.000000    0.035906 ^ clkbuf_regs_0_fclk_in/A (sg13g2_buf_16)
     1    0.018526    0.020428    0.078225    0.114131 ^ clkbuf_regs_0_fclk_in/X (sg13g2_buf_16)
                                                         fclk_in_regs (net)
                      0.020429    0.000266    0.114398 ^ clkbuf_0_fclk_in_regs/A (sg13g2_buf_16)
     2    0.037495    0.022974    0.064003    0.178401 ^ clkbuf_0_fclk_in_regs/X (sg13g2_buf_16)
                                                         clknet_0_fclk_in_regs (net)
                      0.022975    0.000301    0.178702 ^ clkbuf_1_1__f_fclk_in_regs/A (sg13g2_buf_16)
     3    0.011427    0.017121    0.060137    0.238839 ^ clkbuf_1_1__f_fclk_in_regs/X (sg13g2_buf_16)
                                                         clknet_1_1__leaf_fclk_in_regs (net)
                      0.017121    0.000125    0.238964 ^ _238_/CLK (sg13g2_dfrbpq_1)
     1    0.002405    0.018229    0.157005    0.395970 v _238_/Q (sg13g2_dfrbpq_1)
                                                         cnt[3] (net)
                      0.018229    0.000023    0.395993 v hold44/A (sg13g2_dlygate4sd3_1)
     3    0.012007    0.063865    0.397053    0.793046 v hold44/X (sg13g2_dlygate4sd3_1)
                                                         net44 (net)
                      0.063865    0.000104    0.793150 v _112_/A (sg13g2_and2_1)
     1    0.002557    0.020414    0.079793    0.872942 v _112_/X (sg13g2_and2_1)
                                                         _064_ (net)
                      0.020414    0.000028    0.872971 v _238_/D (sg13g2_dfrbpq_1)
                                              0.872971   data arrival time

                                  0.000000    0.000000   clock fclk_in (rise edge)
                                  0.000000    0.000000   clock source latency
     2    0.043222    0.057443    0.035906    0.035906 ^ fclk_in (in)
                                                         fclk_in (net)
                      0.057534    0.000000    0.035906 ^ clkbuf_regs_0_fclk_in/A (sg13g2_buf_16)
     1    0.018526    0.020428    0.078225    0.114131 ^ clkbuf_regs_0_fclk_in/X (sg13g2_buf_16)
                                                         fclk_in_regs (net)
                      0.020429    0.000266    0.114398 ^ clkbuf_0_fclk_in_regs/A (sg13g2_buf_16)
     2    0.037495    0.022974    0.064003    0.178401 ^ clkbuf_0_fclk_in_regs/X (sg13g2_buf_16)
                                                         clknet_0_fclk_in_regs (net)
                      0.022975    0.000301    0.178702 ^ clkbuf_1_1__f_fclk_in_regs/A (sg13g2_buf_16)
     3    0.011427    0.017121    0.060137    0.238839 ^ clkbuf_1_1__f_fclk_in_regs/X (sg13g2_buf_16)
                                                         clknet_1_1__leaf_fclk_in_regs (net)
                      0.017121    0.000125    0.238964 ^ _238_/CLK (sg13g2_dfrbpq_1)
                                  0.250000    0.488964   clock uncertainty
                                  0.000000    0.488964   clock reconvergence pessimism
                                 -0.035116    0.453849   library hold time
                                              0.453849   data required time
---------------------------------------------------------------------------------------------
                                              0.453849   data required time
                                             -0.872971   data arrival time
---------------------------------------------------------------------------------------------
                                              0.419122   slack (MET)


Startpoint: _235_ (rising edge-triggered flip-flop clocked by fclk_in)
Endpoint: _235_ (rising edge-triggered flip-flop clocked by fclk_in)
Path Group: fclk_in
Path Type: min

Fanout         Cap        Slew       Delay        Time   Description
---------------------------------------------------------------------------------------------
                                  0.000000    0.000000   clock fclk_in (rise edge)
                                  0.000000    0.000000   clock source latency
     2    0.043222    0.057443    0.035906    0.035906 ^ fclk_in (in)
                                                         fclk_in (net)
                      0.057534    0.000000    0.035906 ^ clkbuf_regs_0_fclk_in/A (sg13g2_buf_16)
     1    0.018526    0.020428    0.078225    0.114131 ^ clkbuf_regs_0_fclk_in/X (sg13g2_buf_16)
                                                         fclk_in_regs (net)
                      0.020429    0.000266    0.114398 ^ clkbuf_0_fclk_in_regs/A (sg13g2_buf_16)
     2    0.037495    0.022974    0.064003    0.178401 ^ clkbuf_0_fclk_in_regs/X (sg13g2_buf_16)
                                                         clknet_0_fclk_in_regs (net)
                      0.022975    0.000350    0.178751 ^ clkbuf_1_0__f_fclk_in_regs/A (sg13g2_buf_16)
     3    0.011067    0.017050    0.060067    0.238818 ^ clkbuf_1_0__f_fclk_in_regs/X (sg13g2_buf_16)
                                                         clknet_1_0__leaf_fclk_in_regs (net)
                      0.017050    0.000128    0.238946 ^ _235_/CLK (sg13g2_dfrbpq_1)
     2    0.006474    0.036815    0.171484    0.410430 ^ _235_/Q (sg13g2_dfrbpq_1)
                                                         cnt[0] (net)
                      0.036815    0.000025    0.410455 ^ hold50/A (sg13g2_dlygate4sd3_1)
     3    0.013999    0.075301    0.399694    0.810148 ^ hold50/X (sg13g2_dlygate4sd3_1)
                                                         net50 (net)
                      0.075301    0.000083    0.810231 ^ _116_/B (sg13g2_xor2_1)
     1    0.001919    0.025310    0.064668    0.874900 v _116_/X (sg13g2_xor2_1)
                                                         _061_ (net)
                      0.025310    0.000014    0.874914 v _235_/D (sg13g2_dfrbpq_1)
                                              0.874914   data arrival time

                                  0.000000    0.000000   clock fclk_in (rise edge)
                                  0.000000    0.000000   clock source latency
     2    0.043222    0.057443    0.035906    0.035906 ^ fclk_in (in)
                                                         fclk_in (net)
                      0.057534    0.000000    0.035906 ^ clkbuf_regs_0_fclk_in/A (sg13g2_buf_16)
     1    0.018526    0.020428    0.078225    0.114131 ^ clkbuf_regs_0_fclk_in/X (sg13g2_buf_16)
                                                         fclk_in_regs (net)
                      0.020429    0.000266    0.114398 ^ clkbuf_0_fclk_in_regs/A (sg13g2_buf_16)
     2    0.037495    0.022974    0.064003    0.178401 ^ clkbuf_0_fclk_in_regs/X (sg13g2_buf_16)
                                                         clknet_0_fclk_in_regs (net)
                      0.022975    0.000350    0.178751 ^ clkbuf_1_0__f_fclk_in_regs/A (sg13g2_buf_16)
     3    0.011067    0.017050    0.060067    0.238818 ^ clkbuf_1_0__f_fclk_in_regs/X (sg13g2_buf_16)
                                                         clknet_1_0__leaf_fclk_in_regs (net)
                      0.017050    0.000128    0.238946 ^ _235_/CLK (sg13g2_dfrbpq_1)
                                  0.250000    0.488946   clock uncertainty
                                  0.000000    0.488946   clock reconvergence pessimism
                                 -0.036682    0.452264   library hold time
                                              0.452264   data required time
---------------------------------------------------------------------------------------------
                                              0.452264   data required time
                                             -0.874914   data arrival time
---------------------------------------------------------------------------------------------
                                              0.422650   slack (MET)


Startpoint: _235_ (rising edge-triggered flip-flop clocked by fclk_in)
Endpoint: _239_ (rising edge-triggered flip-flop clocked by fclk_in)
Path Group: fclk_in
Path Type: min

Fanout         Cap        Slew       Delay        Time   Description
---------------------------------------------------------------------------------------------
                                  0.000000    0.000000   clock fclk_in (rise edge)
                                  0.000000    0.000000   clock source latency
     2    0.043222    0.057443    0.035906    0.035906 ^ fclk_in (in)
                                                         fclk_in (net)
                      0.057534    0.000000    0.035906 ^ clkbuf_regs_0_fclk_in/A (sg13g2_buf_16)
     1    0.018526    0.020428    0.078225    0.114131 ^ clkbuf_regs_0_fclk_in/X (sg13g2_buf_16)
                                                         fclk_in_regs (net)
                      0.020429    0.000266    0.114398 ^ clkbuf_0_fclk_in_regs/A (sg13g2_buf_16)
     2    0.037495    0.022974    0.064003    0.178401 ^ clkbuf_0_fclk_in_regs/X (sg13g2_buf_16)
                                                         clknet_0_fclk_in_regs (net)
                      0.022975    0.000350    0.178751 ^ clkbuf_1_0__f_fclk_in_regs/A (sg13g2_buf_16)
     3    0.011067    0.017050    0.060067    0.238818 ^ clkbuf_1_0__f_fclk_in_regs/X (sg13g2_buf_16)
                                                         clknet_1_0__leaf_fclk_in_regs (net)
                      0.017050    0.000128    0.238946 ^ _235_/CLK (sg13g2_dfrbpq_1)
     2    0.006267    0.028545    0.166409    0.405355 v _235_/Q (sg13g2_dfrbpq_1)
                                                         cnt[0] (net)
                      0.028545    0.000060    0.405415 v _111_/D (sg13g2_nand4_1)
     2    0.005968    0.049401    0.053343    0.458758 ^ _111_/Y (sg13g2_nand4_1)
                                                         _070_ (net)
                      0.049401    0.000034    0.458792 ^ _117_/C (sg13g2_nor3_1)
     1    0.003114    0.024703    0.038667    0.497458 v _117_/Y (sg13g2_nor3_1)
                                                         _000_ (net)
                      0.024703    0.000043    0.497502 v hold45/A (sg13g2_dlygate4sd3_1)
     2    0.004901    0.041963    0.375901    0.873402 v hold45/X (sg13g2_dlygate4sd3_1)
                                                         net45 (net)
                      0.041963    0.000016    0.873419 v _239_/D (sg13g2_dfrbpq_1)
                                              0.873419   data arrival time

                                  0.000000    0.000000   clock fclk_in (rise edge)
                                  0.000000    0.000000   clock source latency
     2    0.043222    0.057443    0.035906    0.035906 ^ fclk_in (in)
                                                         fclk_in (net)
                      0.057534    0.000000    0.035906 ^ clkbuf_regs_0_fclk_in/A (sg13g2_buf_16)
     1    0.018526    0.020428    0.078225    0.114131 ^ clkbuf_regs_0_fclk_in/X (sg13g2_buf_16)
                                                         fclk_in_regs (net)
                      0.020429    0.000266    0.114398 ^ clkbuf_0_fclk_in_regs/A (sg13g2_buf_16)
     2    0.037495    0.022974    0.064003    0.178401 ^ clkbuf_0_fclk_in_regs/X (sg13g2_buf_16)
                                                         clknet_0_fclk_in_regs (net)
                      0.022975    0.000301    0.178702 ^ clkbuf_1_1__f_fclk_in_regs/A (sg13g2_buf_16)
     3    0.011427    0.017121    0.060137    0.238839 ^ clkbuf_1_1__f_fclk_in_regs/X (sg13g2_buf_16)
                                                         clknet_1_1__leaf_fclk_in_regs (net)
                      0.017121    0.000149    0.238988 ^ _239_/CLK (sg13g2_dfrbpq_1)
                                  0.250000    0.488988   clock uncertainty
                                  0.000000    0.488988   clock reconvergence pessimism
                                 -0.041942    0.447045   library hold time
                                              0.447045   data required time
---------------------------------------------------------------------------------------------
                                              0.447045   data required time
                                             -0.873419   data arrival time
---------------------------------------------------------------------------------------------
                                              0.426374   slack (MET)


Startpoint: _238_ (rising edge-triggered flip-flop clocked by fclk_in)
Endpoint: _234_ (rising edge-triggered flip-flop clocked by fclk_in)
Path Group: fclk_in
Path Type: min

Fanout         Cap        Slew       Delay        Time   Description
---------------------------------------------------------------------------------------------
                                  0.000000    0.000000   clock fclk_in (rise edge)
                                  0.000000    0.000000   clock source latency
     2    0.043222    0.057443    0.035906    0.035906 ^ fclk_in (in)
                                                         fclk_in (net)
                      0.057534    0.000000    0.035906 ^ clkbuf_regs_0_fclk_in/A (sg13g2_buf_16)
     1    0.018526    0.020428    0.078225    0.114131 ^ clkbuf_regs_0_fclk_in/X (sg13g2_buf_16)
                                                         fclk_in_regs (net)
                      0.020429    0.000266    0.114398 ^ clkbuf_0_fclk_in_regs/A (sg13g2_buf_16)
     2    0.037495    0.022974    0.064003    0.178401 ^ clkbuf_0_fclk_in_regs/X (sg13g2_buf_16)
                                                         clknet_0_fclk_in_regs (net)
                      0.022975    0.000301    0.178702 ^ clkbuf_1_1__f_fclk_in_regs/A (sg13g2_buf_16)
     3    0.011427    0.017121    0.060137    0.238839 ^ clkbuf_1_1__f_fclk_in_regs/X (sg13g2_buf_16)
                                                         clknet_1_1__leaf_fclk_in_regs (net)
                      0.017121    0.000125    0.238964 ^ _238_/CLK (sg13g2_dfrbpq_1)
     1    0.002367    0.022059    0.159577    0.398542 ^ _238_/Q (sg13g2_dfrbpq_1)
                                                         cnt[3] (net)
                      0.022059    0.000023    0.398564 ^ hold44/A (sg13g2_dlygate4sd3_1)
     3    0.012115    0.067888    0.385452    0.784016 ^ hold44/X (sg13g2_dlygate4sd3_1)
                                                         net44 (net)
                      0.067888    0.000084    0.784100 ^ _118_/A1 (sg13g2_o21ai_1)
     1    0.003777    0.036786    0.075742    0.859842 v _118_/Y (sg13g2_o21ai_1)
                                                         _072_ (net)
                      0.036786    0.000052    0.859894 v _119_/B_N (sg13g2_nor2b_1)
     1    0.002419    0.019570    0.070148    0.930042 v _119_/Y (sg13g2_nor2b_1)
                                                         _060_ (net)
                      0.019571    0.000025    0.930067 v _234_/D (sg13g2_dfrbpq_1)
                                              0.930067   data arrival time

                                  0.000000    0.000000   clock fclk_in (rise edge)
                                  0.000000    0.000000   clock source latency
     2    0.043222    0.057443    0.035906    0.035906 ^ fclk_in (in)
                                                         fclk_in (net)
                      0.057534    0.000000    0.035906 ^ clkbuf_regs_0_fclk_in/A (sg13g2_buf_16)
     1    0.018526    0.020428    0.078225    0.114131 ^ clkbuf_regs_0_fclk_in/X (sg13g2_buf_16)
                                                         fclk_in_regs (net)
                      0.020429    0.000266    0.114398 ^ clkbuf_0_fclk_in_regs/A (sg13g2_buf_16)
     2    0.037495    0.022974    0.064003    0.178401 ^ clkbuf_0_fclk_in_regs/X (sg13g2_buf_16)
                                                         clknet_0_fclk_in_regs (net)
                      0.022975    0.000301    0.178702 ^ clkbuf_1_1__f_fclk_in_regs/A (sg13g2_buf_16)
     3    0.011427    0.017121    0.060137    0.238839 ^ clkbuf_1_1__f_fclk_in_regs/X (sg13g2_buf_16)
                                                         clknet_1_1__leaf_fclk_in_regs (net)
                      0.017121    0.000117    0.238956 ^ _234_/CLK (sg13g2_dfrbpq_1)
                                  0.250000    0.488956   clock uncertainty
                                  0.000000    0.488956   clock reconvergence pessimism
                                 -0.034849    0.454107   library hold time
                                              0.454107   data required time
---------------------------------------------------------------------------------------------
                                              0.454107   data required time
                                             -0.930067   data arrival time
---------------------------------------------------------------------------------------------
                                              0.475960   slack (MET)


Startpoint: _236_ (rising edge-triggered flip-flop clocked by fclk_in)
Endpoint: _236_ (rising edge-triggered flip-flop clocked by fclk_in)
Path Group: fclk_in
Path Type: min

Fanout         Cap        Slew       Delay        Time   Description
---------------------------------------------------------------------------------------------
                                  0.000000    0.000000   clock fclk_in (rise edge)
                                  0.000000    0.000000   clock source latency
     2    0.043222    0.057443    0.035906    0.035906 ^ fclk_in (in)
                                                         fclk_in (net)
                      0.057534    0.000000    0.035906 ^ clkbuf_regs_0_fclk_in/A (sg13g2_buf_16)
     1    0.018526    0.020428    0.078225    0.114131 ^ clkbuf_regs_0_fclk_in/X (sg13g2_buf_16)
                                                         fclk_in_regs (net)
                      0.020429    0.000266    0.114398 ^ clkbuf_0_fclk_in_regs/A (sg13g2_buf_16)
     2    0.037495    0.022974    0.064003    0.178401 ^ clkbuf_0_fclk_in_regs/X (sg13g2_buf_16)
                                                         clknet_0_fclk_in_regs (net)
                      0.022975    0.000350    0.178751 ^ clkbuf_1_0__f_fclk_in_regs/A (sg13g2_buf_16)
     3    0.011067    0.017050    0.060067    0.238818 ^ clkbuf_1_0__f_fclk_in_regs/X (sg13g2_buf_16)
                                                         clknet_1_0__leaf_fclk_in_regs (net)
                      0.017050    0.000089    0.238908 ^ _236_/CLK (sg13g2_dfrbpq_1)
     1    0.001897    0.016889    0.155731    0.394639 v _236_/Q (sg13g2_dfrbpq_1)
                                                         cnt[1] (net)
                      0.016889    0.000012    0.394651 v hold48/A (sg13g2_dlygate4sd3_1)
     3    0.012538    0.065657    0.398162    0.792813 v hold48/X (sg13g2_dlygate4sd3_1)
                                                         net48 (net)
                      0.065657    0.000091    0.792903 v _114_/B1 (sg13g2_a21o_1)
     1    0.002639    0.022914    0.089735    0.882638 v _114_/X (sg13g2_a21o_1)
                                                         _071_ (net)
                      0.022914    0.000014    0.882652 v _115_/B (sg13g2_and2_1)
     1    0.002439    0.019330    0.067062    0.949713 v _115_/X (sg13g2_and2_1)
                                                         _062_ (net)
                      0.019330    0.000026    0.949739 v _236_/D (sg13g2_dfrbpq_1)
                                              0.949739   data arrival time

                                  0.000000    0.000000   clock fclk_in (rise edge)
                                  0.000000    0.000000   clock source latency
     2    0.043222    0.057443    0.035906    0.035906 ^ fclk_in (in)
                                                         fclk_in (net)
                      0.057534    0.000000    0.035906 ^ clkbuf_regs_0_fclk_in/A (sg13g2_buf_16)
     1    0.018526    0.020428    0.078225    0.114131 ^ clkbuf_regs_0_fclk_in/X (sg13g2_buf_16)
                                                         fclk_in_regs (net)
                      0.020429    0.000266    0.114398 ^ clkbuf_0_fclk_in_regs/A (sg13g2_buf_16)
     2    0.037495    0.022974    0.064003    0.178401 ^ clkbuf_0_fclk_in_regs/X (sg13g2_buf_16)
                                                         clknet_0_fclk_in_regs (net)
                      0.022975    0.000350    0.178751 ^ clkbuf_1_0__f_fclk_in_regs/A (sg13g2_buf_16)
     3    0.011067    0.017050    0.060067    0.238818 ^ clkbuf_1_0__f_fclk_in_regs/X (sg13g2_buf_16)
                                                         clknet_1_0__leaf_fclk_in_regs (net)
                      0.017050    0.000089    0.238908 ^ _236_/CLK (sg13g2_dfrbpq_1)
                                  0.250000    0.488907   clock uncertainty
                                  0.000000    0.488907   clock reconvergence pessimism
                                 -0.034787    0.454120   library hold time
                                              0.454120   data required time
---------------------------------------------------------------------------------------------
                                              0.454120   data required time
                                             -0.949739   data arrival time
---------------------------------------------------------------------------------------------
                                              0.495619   slack (MET)


Startpoint: _237_ (rising edge-triggered flip-flop clocked by fclk_in)
Endpoint: _237_ (rising edge-triggered flip-flop clocked by fclk_in)
Path Group: fclk_in
Path Type: min

Fanout         Cap        Slew       Delay        Time   Description
---------------------------------------------------------------------------------------------
                                  0.000000    0.000000   clock fclk_in (rise edge)
                                  0.000000    0.000000   clock source latency
     2    0.043222    0.057443    0.035906    0.035906 ^ fclk_in (in)
                                                         fclk_in (net)
                      0.057534    0.000000    0.035906 ^ clkbuf_regs_0_fclk_in/A (sg13g2_buf_16)
     1    0.018526    0.020428    0.078225    0.114131 ^ clkbuf_regs_0_fclk_in/X (sg13g2_buf_16)
                                                         fclk_in_regs (net)
                      0.020429    0.000266    0.114398 ^ clkbuf_0_fclk_in_regs/A (sg13g2_buf_16)
     2    0.037495    0.022974    0.064003    0.178401 ^ clkbuf_0_fclk_in_regs/X (sg13g2_buf_16)
                                                         clknet_0_fclk_in_regs (net)
                      0.022975    0.000350    0.178751 ^ clkbuf_1_0__f_fclk_in_regs/A (sg13g2_buf_16)
     3    0.011067    0.017050    0.060067    0.238818 ^ clkbuf_1_0__f_fclk_in_regs/X (sg13g2_buf_16)
                                                         clknet_1_0__leaf_fclk_in_regs (net)
                      0.017050    0.000134    0.238952 ^ _237_/CLK (sg13g2_dfrbpq_1)
     1    0.002163    0.021328    0.158949    0.397901 ^ _237_/Q (sg13g2_dfrbpq_1)
                                                         cnt[2] (net)
                      0.021328    0.000019    0.397919 ^ hold46/A (sg13g2_dlygate4sd3_1)
     2    0.011340    0.064869    0.382380    0.780300 ^ hold46/X (sg13g2_dlygate4sd3_1)
                                                         net46 (net)
                      0.064869    0.000102    0.780402 ^ _113_/A (sg13g2_xnor2_1)
     1    0.002471    0.031374    0.072045    0.852447 v _113_/Y (sg13g2_xnor2_1)
                                                         _063_ (net)
                      0.031374    0.000024    0.852470 v hold47/A (sg13g2_dlygate4sd3_1)
     1    0.001995    0.034183    0.369464    1.221935 v hold47/X (sg13g2_dlygate4sd3_1)
                                                         net47 (net)
                      0.034183    0.000016    1.221950 v _237_/D (sg13g2_dfrbpq_1)
                                              1.221950   data arrival time

                                  0.000000    0.000000   clock fclk_in (rise edge)
                                  0.000000    0.000000   clock source latency
     2    0.043222    0.057443    0.035906    0.035906 ^ fclk_in (in)
                                                         fclk_in (net)
                      0.057534    0.000000    0.035906 ^ clkbuf_regs_0_fclk_in/A (sg13g2_buf_16)
     1    0.018526    0.020428    0.078225    0.114131 ^ clkbuf_regs_0_fclk_in/X (sg13g2_buf_16)
                                                         fclk_in_regs (net)
                      0.020429    0.000266    0.114398 ^ clkbuf_0_fclk_in_regs/A (sg13g2_buf_16)
     2    0.037495    0.022974    0.064003    0.178401 ^ clkbuf_0_fclk_in_regs/X (sg13g2_buf_16)
                                                         clknet_0_fclk_in_regs (net)
                      0.022975    0.000350    0.178751 ^ clkbuf_1_0__f_fclk_in_regs/A (sg13g2_buf_16)
     3    0.011067    0.017050    0.060067    0.238818 ^ clkbuf_1_0__f_fclk_in_regs/X (sg13g2_buf_16)
                                                         clknet_1_0__leaf_fclk_in_regs (net)
                      0.017050    0.000134    0.238952 ^ _237_/CLK (sg13g2_dfrbpq_1)
                                  0.250000    0.488952   clock uncertainty
                                  0.000000    0.488952   clock reconvergence pessimism
                                 -0.039492    0.449460   library hold time
                                              0.449460   data required time
---------------------------------------------------------------------------------------------
                                              0.449460   data required time
                                             -1.221950   data arrival time
---------------------------------------------------------------------------------------------
                                              0.772491   slack (MET)


Startpoint: rst (input port clocked by fclk_in)
Endpoint: _238_ (removal check against rising-edge clock fclk_in)
Path Group: asynchronous
Path Type: min

Fanout         Cap        Slew       Delay        Time   Description
---------------------------------------------------------------------------------------------
                                  0.000000    0.000000   clock fclk_in (rise edge)
                                  0.000000    0.000000   clock network delay (propagated)
                                 12.500000   12.500000 v input external delay
     1    0.004911    0.018538    0.003475   12.503474 v rst (in)
                                                         rst (net)
                      0.018538    0.000000   12.503474 v input5/A (sg13g2_buf_1)
     1    0.004730    0.024316    0.061833   12.565308 v input5/X (sg13g2_buf_1)
                                                         net5 (net)
                      0.024317    0.000093   12.565401 v fanout39/A (sg13g2_buf_1)
     4    0.018263    0.064691    0.097486   12.662888 v fanout39/X (sg13g2_buf_1)
                                                         net39 (net)
                      0.064691    0.000069   12.662956 v fanout36/A (sg13g2_buf_1)
     4    0.016971    0.061369    0.111911   12.774868 v fanout36/X (sg13g2_buf_1)
                                                         net36 (net)
                      0.061369    0.000187   12.775054 v _206_/A (sg13g2_inv_1)
     1    0.006315    0.040331    0.049376   12.824430 ^ _206_/Y (sg13g2_inv_1)
                                                         _032_ (net)
                      0.040331    0.000086   12.824516 ^ _238_/RESET_B (sg13g2_dfrbpq_1)
                                             12.824516   data arrival time

                                  0.000000    0.000000   clock fclk_in (rise edge)
                                  0.000000    0.000000   clock source latency
     2    0.043222    0.057443    0.035906    0.035906 ^ fclk_in (in)
                                                         fclk_in (net)
                      0.057534    0.000000    0.035906 ^ clkbuf_regs_0_fclk_in/A (sg13g2_buf_16)
     1    0.018526    0.020428    0.078225    0.114131 ^ clkbuf_regs_0_fclk_in/X (sg13g2_buf_16)
                                                         fclk_in_regs (net)
                      0.020429    0.000266    0.114398 ^ clkbuf_0_fclk_in_regs/A (sg13g2_buf_16)
     2    0.037495    0.022974    0.064003    0.178401 ^ clkbuf_0_fclk_in_regs/X (sg13g2_buf_16)
                                                         clknet_0_fclk_in_regs (net)
                      0.022975    0.000301    0.178702 ^ clkbuf_1_1__f_fclk_in_regs/A (sg13g2_buf_16)
     3    0.011427    0.017121    0.060137    0.238839 ^ clkbuf_1_1__f_fclk_in_regs/X (sg13g2_buf_16)
                                                         clknet_1_1__leaf_fclk_in_regs (net)
                      0.017121    0.000125    0.238964 ^ _238_/CLK (sg13g2_dfrbpq_1)
                                  0.250000    0.488964   clock uncertainty
                                  0.000000    0.488964   clock reconvergence pessimism
                                 -0.106949    0.382016   library removal time
                                              0.382016   data required time
---------------------------------------------------------------------------------------------
                                              0.382016   data required time
                                            -12.824516   data arrival time
---------------------------------------------------------------------------------------------
                                             12.442501   slack (MET)


Startpoint: rst (input port clocked by fclk_in)
Endpoint: _239_ (removal check against rising-edge clock fclk_in)
Path Group: asynchronous
Path Type: min

Fanout         Cap        Slew       Delay        Time   Description
---------------------------------------------------------------------------------------------
                                  0.000000    0.000000   clock fclk_in (rise edge)
                                  0.000000    0.000000   clock network delay (propagated)
                                 12.500000   12.500000 v input external delay
     1    0.004911    0.018538    0.003475   12.503474 v rst (in)
                                                         rst (net)
                      0.018538    0.000000   12.503474 v input5/A (sg13g2_buf_1)
     1    0.004730    0.024316    0.061833   12.565308 v input5/X (sg13g2_buf_1)
                                                         net5 (net)
                      0.024317    0.000093   12.565401 v fanout39/A (sg13g2_buf_1)
     4    0.018263    0.064691    0.097486   12.662888 v fanout39/X (sg13g2_buf_1)
                                                         net39 (net)
                      0.064691    0.000069   12.662956 v fanout36/A (sg13g2_buf_1)
     4    0.016971    0.061369    0.111911   12.774868 v fanout36/X (sg13g2_buf_1)
                                                         net36 (net)
                      0.061370    0.000283   12.775151 v _207_/A (sg13g2_inv_1)
     1    0.006357    0.040485    0.049520   12.824672 ^ _207_/Y (sg13g2_inv_1)
                                                         _033_ (net)
                      0.040485    0.000083   12.824754 ^ _239_/RESET_B (sg13g2_dfrbpq_1)
                                             12.824754   data arrival time

                                  0.000000    0.000000   clock fclk_in (rise edge)
                                  0.000000    0.000000   clock source latency
     2    0.043222    0.057443    0.035906    0.035906 ^ fclk_in (in)
                                                         fclk_in (net)
                      0.057534    0.000000    0.035906 ^ clkbuf_regs_0_fclk_in/A (sg13g2_buf_16)
     1    0.018526    0.020428    0.078225    0.114131 ^ clkbuf_regs_0_fclk_in/X (sg13g2_buf_16)
                                                         fclk_in_regs (net)
                      0.020429    0.000266    0.114398 ^ clkbuf_0_fclk_in_regs/A (sg13g2_buf_16)
     2    0.037495    0.022974    0.064003    0.178401 ^ clkbuf_0_fclk_in_regs/X (sg13g2_buf_16)
                                                         clknet_0_fclk_in_regs (net)
                      0.022975    0.000301    0.178702 ^ clkbuf_1_1__f_fclk_in_regs/A (sg13g2_buf_16)
     3    0.011427    0.017121    0.060137    0.238839 ^ clkbuf_1_1__f_fclk_in_regs/X (sg13g2_buf_16)
                                                         clknet_1_1__leaf_fclk_in_regs (net)
                      0.017121    0.000149    0.238988 ^ _239_/CLK (sg13g2_dfrbpq_1)
                                  0.250000    0.488988   clock uncertainty
                                  0.000000    0.488988   clock reconvergence pessimism
                                 -0.106995    0.381993   library removal time
                                              0.381993   data required time
---------------------------------------------------------------------------------------------
                                              0.381993   data required time
                                            -12.824754   data arrival time
---------------------------------------------------------------------------------------------
                                             12.442761   slack (MET)


Startpoint: rst (input port clocked by fclk_in)
Endpoint: _234_ (removal check against rising-edge clock fclk_in)
Path Group: asynchronous
Path Type: min

Fanout         Cap        Slew       Delay        Time   Description
---------------------------------------------------------------------------------------------
                                  0.000000    0.000000   clock fclk_in (rise edge)
                                  0.000000    0.000000   clock network delay (propagated)
                                 12.500000   12.500000 v input external delay
     1    0.004911    0.018538    0.003475   12.503474 v rst (in)
                                                         rst (net)
                      0.018538    0.000000   12.503474 v input5/A (sg13g2_buf_1)
     1    0.004730    0.024316    0.061833   12.565308 v input5/X (sg13g2_buf_1)
                                                         net5 (net)
                      0.024317    0.000093   12.565401 v fanout39/A (sg13g2_buf_1)
     4    0.018263    0.064691    0.097486   12.662888 v fanout39/X (sg13g2_buf_1)
                                                         net39 (net)
                      0.064691    0.000069   12.662956 v fanout36/A (sg13g2_buf_1)
     4    0.016971    0.061369    0.111911   12.774868 v fanout36/X (sg13g2_buf_1)
                                                         net36 (net)
                      0.061369    0.000143   12.775011 v _202_/A (sg13g2_inv_1)
     1    0.006530    0.041124    0.050108   12.825119 ^ _202_/Y (sg13g2_inv_1)
                                                         _028_ (net)
                      0.041124    0.000098   12.825217 ^ _234_/RESET_B (sg13g2_dfrbpq_1)
                                             12.825217   data arrival time

                                  0.000000    0.000000   clock fclk_in (rise edge)
                                  0.000000    0.000000   clock source latency
     2    0.043222    0.057443    0.035906    0.035906 ^ fclk_in (in)
                                                         fclk_in (net)
                      0.057534    0.000000    0.035906 ^ clkbuf_regs_0_fclk_in/A (sg13g2_buf_16)
     1    0.018526    0.020428    0.078225    0.114131 ^ clkbuf_regs_0_fclk_in/X (sg13g2_buf_16)
                                                         fclk_in_regs (net)
                      0.020429    0.000266    0.114398 ^ clkbuf_0_fclk_in_regs/A (sg13g2_buf_16)
     2    0.037495    0.022974    0.064003    0.178401 ^ clkbuf_0_fclk_in_regs/X (sg13g2_buf_16)
                                                         clknet_0_fclk_in_regs (net)
                      0.022975    0.000301    0.178702 ^ clkbuf_1_1__f_fclk_in_regs/A (sg13g2_buf_16)
     3    0.011427    0.017121    0.060137    0.238839 ^ clkbuf_1_1__f_fclk_in_regs/X (sg13g2_buf_16)
                                                         clknet_1_1__leaf_fclk_in_regs (net)
                      0.017121    0.000117    0.238956 ^ _234_/CLK (sg13g2_dfrbpq_1)
                                  0.250000    0.488956   clock uncertainty
                                  0.000000    0.488956   clock reconvergence pessimism
                                 -0.107186    0.381770   library removal time
                                              0.381770   data required time
---------------------------------------------------------------------------------------------
                                              0.381770   data required time
                                            -12.825217   data arrival time
---------------------------------------------------------------------------------------------
                                             12.443446   slack (MET)


Startpoint: rst (input port clocked by fclk_in)
Endpoint: _237_ (removal check against rising-edge clock fclk_in)
Path Group: asynchronous
Path Type: min

Fanout         Cap        Slew       Delay        Time   Description
---------------------------------------------------------------------------------------------
                                  0.000000    0.000000   clock fclk_in (rise edge)
                                  0.000000    0.000000   clock network delay (propagated)
                                 12.500000   12.500000 v input external delay
     1    0.004911    0.018538    0.003475   12.503474 v rst (in)
                                                         rst (net)
                      0.018538    0.000000   12.503474 v input5/A (sg13g2_buf_1)
     1    0.004730    0.024316    0.061833   12.565308 v input5/X (sg13g2_buf_1)
                                                         net5 (net)
                      0.024317    0.000093   12.565401 v fanout39/A (sg13g2_buf_1)
     4    0.018263    0.064691    0.097486   12.662888 v fanout39/X (sg13g2_buf_1)
                                                         net39 (net)
                      0.064691    0.000069   12.662956 v fanout36/A (sg13g2_buf_1)
     4    0.016971    0.061369    0.111911   12.774868 v fanout36/X (sg13g2_buf_1)
                                                         net36 (net)
                      0.061369    0.000069   12.774937 v _205_/A (sg13g2_inv_1)
     1    0.007205    0.043646    0.052411   12.827348 ^ _205_/Y (sg13g2_inv_1)
                                                         _031_ (net)
                      0.043646    0.000144   12.827492 ^ _237_/RESET_B (sg13g2_dfrbpq_1)
                                             12.827492   data arrival time

                                  0.000000    0.000000   clock fclk_in (rise edge)
                                  0.000000    0.000000   clock source latency
     2    0.043222    0.057443    0.035906    0.035906 ^ fclk_in (in)
                                                         fclk_in (net)
                      0.057534    0.000000    0.035906 ^ clkbuf_regs_0_fclk_in/A (sg13g2_buf_16)
     1    0.018526    0.020428    0.078225    0.114131 ^ clkbuf_regs_0_fclk_in/X (sg13g2_buf_16)
                                                         fclk_in_regs (net)
                      0.020429    0.000266    0.114398 ^ clkbuf_0_fclk_in_regs/A (sg13g2_buf_16)
     2    0.037495    0.022974    0.064003    0.178401 ^ clkbuf_0_fclk_in_regs/X (sg13g2_buf_16)
                                                         clknet_0_fclk_in_regs (net)
                      0.022975    0.000350    0.178751 ^ clkbuf_1_0__f_fclk_in_regs/A (sg13g2_buf_16)
     3    0.011067    0.017050    0.060067    0.238818 ^ clkbuf_1_0__f_fclk_in_regs/X (sg13g2_buf_16)
                                                         clknet_1_0__leaf_fclk_in_regs (net)
                      0.017050    0.000134    0.238952 ^ _237_/CLK (sg13g2_dfrbpq_1)
                                  0.250000    0.488952   clock uncertainty
                                  0.000000    0.488952   clock reconvergence pessimism
                                 -0.107951    0.381002   library removal time
                                              0.381002   data required time
---------------------------------------------------------------------------------------------
                                              0.381002   data required time
                                            -12.827492   data arrival time
---------------------------------------------------------------------------------------------
                                             12.446489   slack (MET)


Startpoint: fclk_in (clock source 'fclk_in')
Endpoint: fclk_comp (output port clocked by fclk_in)
Path Group: fclk_in
Path Type: min

Fanout         Cap        Slew       Delay        Time   Description
---------------------------------------------------------------------------------------------
                                  0.000000    0.000000   clock fclk_in (rise edge)
                                  0.000000    0.000000   clock source latency
     2    0.043222    0.057443    0.036026    0.036026 ^ fclk_in (in)
                                                         fclk_in (net)
                      0.057547    0.000000    0.036026 ^ clkbuf_0_fclk_in/A (sg13g2_buf_16)
     1    0.018958    0.020527    0.078307    0.114334 ^ clkbuf_0_fclk_in/X (sg13g2_buf_16)
                                                         clknet_0_fclk_in (net)
                      0.020528    0.000344    0.114677 ^ clkbuf_1_0__f_fclk_in/A (sg13g2_buf_16)
     1    0.003811    0.015169    0.057456    0.172133 ^ clkbuf_1_0__f_fclk_in/X (sg13g2_buf_16)
                                                         clknet_1_0__leaf_fclk_in (net)
                      0.015169    0.000054    0.172187 ^ _240_/A (sg13g2_buf_1)
     1    0.003173    0.022707    0.054590    0.226777 ^ _240_/X (sg13g2_buf_1)
                                                         net28 (net)
                      0.022707    0.000032    0.226809 ^ output28/A (sg13g2_buf_1)
     1    0.006000    0.034805    0.066106    0.292916 ^ output28/X (sg13g2_buf_1)
                                                         fclk_comp (net)
                      0.034805    0.000000    0.292916 ^ fclk_comp (out)
                                              0.292916   data arrival time

                                  0.000000    0.000000   clock fclk_in (rise edge)
                                  0.000000    0.000000   clock network delay (propagated)
                                  0.250000    0.250000   clock uncertainty
                                  0.000000    0.250000   clock reconvergence pessimism
                                -12.500000  -12.250000   output external delay
                                            -12.250000   data required time
---------------------------------------------------------------------------------------------
                                            -12.250000   data required time
                                             -0.292916   data arrival time
---------------------------------------------------------------------------------------------
                                             12.542915   slack (MET)


Startpoint: rst (input port clocked by fclk_in)
Endpoint: _235_ (removal check against rising-edge clock fclk_in)
Path Group: asynchronous
Path Type: min

Fanout         Cap        Slew       Delay        Time   Description
---------------------------------------------------------------------------------------------
                                  0.000000    0.000000   clock fclk_in (rise edge)
                                  0.000000    0.000000   clock network delay (propagated)
                                 12.500000   12.500000 v input external delay
     1    0.004911    0.018538    0.003475   12.503474 v rst (in)
                                                         rst (net)
                      0.018538    0.000000   12.503474 v input5/A (sg13g2_buf_1)
     1    0.004730    0.024316    0.061833   12.565308 v input5/X (sg13g2_buf_1)
                                                         net5 (net)
                      0.024317    0.000093   12.565401 v fanout39/A (sg13g2_buf_1)
     4    0.018263    0.064691    0.097486   12.662888 v fanout39/X (sg13g2_buf_1)
                                                         net39 (net)
                      0.064691    0.000059   12.662946 v fanout35/A (sg13g2_buf_1)
     8    0.035786    0.116156    0.155646   12.818592 v fanout35/X (sg13g2_buf_1)
                                                         net35 (net)
                      0.116156    0.000208   12.818800 v fanout34/A (sg13g2_buf_1)
     8    0.032895    0.107847    0.168606   12.987406 v fanout34/X (sg13g2_buf_1)
                                                         net34 (net)
                      0.107847    0.000170   12.987576 v _203_/A (sg13g2_inv_1)
     1    0.005583    0.046097    0.059841   13.047417 ^ _203_/Y (sg13g2_inv_1)
                                                         _029_ (net)
                      0.046097    0.000045   13.047462 ^ _235_/RESET_B (sg13g2_dfrbpq_1)
                                             13.047462   data arrival time

                                  0.000000    0.000000   clock fclk_in (rise edge)
                                  0.000000    0.000000   clock source latency
     2    0.043222    0.057443    0.035906    0.035906 ^ fclk_in (in)
                                                         fclk_in (net)
                      0.057534    0.000000    0.035906 ^ clkbuf_regs_0_fclk_in/A (sg13g2_buf_16)
     1    0.018526    0.020428    0.078225    0.114131 ^ clkbuf_regs_0_fclk_in/X (sg13g2_buf_16)
                                                         fclk_in_regs (net)
                      0.020429    0.000266    0.114398 ^ clkbuf_0_fclk_in_regs/A (sg13g2_buf_16)
     2    0.037495    0.022974    0.064003    0.178401 ^ clkbuf_0_fclk_in_regs/X (sg13g2_buf_16)
                                                         clknet_0_fclk_in_regs (net)
                      0.022975    0.000350    0.178751 ^ clkbuf_1_0__f_fclk_in_regs/A (sg13g2_buf_16)
     3    0.011067    0.017050    0.060067    0.238818 ^ clkbuf_1_0__f_fclk_in_regs/X (sg13g2_buf_16)
                                                         clknet_1_0__leaf_fclk_in_regs (net)
                      0.017050    0.000128    0.238946 ^ _235_/CLK (sg13g2_dfrbpq_1)
                                  0.250000    0.488946   clock uncertainty
                                  0.000000    0.488946   clock reconvergence pessimism
                                 -0.108685    0.380261   library removal time
                                              0.380261   data required time
---------------------------------------------------------------------------------------------
                                              0.380261   data required time
                                            -13.047462   data arrival time
---------------------------------------------------------------------------------------------
                                             12.667201   slack (MET)


Startpoint: rst (input port clocked by fclk_in)
Endpoint: _236_ (removal check against rising-edge clock fclk_in)
Path Group: asynchronous
Path Type: min

Fanout         Cap        Slew       Delay        Time   Description
---------------------------------------------------------------------------------------------
                                  0.000000    0.000000   clock fclk_in (rise edge)
                                  0.000000    0.000000   clock network delay (propagated)
                                 12.500000   12.500000 v input external delay
     1    0.004911    0.018538    0.003475   12.503474 v rst (in)
                                                         rst (net)
                      0.018538    0.000000   12.503474 v input5/A (sg13g2_buf_1)
     1    0.004730    0.024316    0.061833   12.565308 v input5/X (sg13g2_buf_1)
                                                         net5 (net)
                      0.024317    0.000093   12.565401 v fanout39/A (sg13g2_buf_1)
     4    0.018263    0.064691    0.097486   12.662888 v fanout39/X (sg13g2_buf_1)
                                                         net39 (net)
                      0.064691    0.000059   12.662946 v fanout35/A (sg13g2_buf_1)
     8    0.035786    0.116156    0.155646   12.818592 v fanout35/X (sg13g2_buf_1)
                                                         net35 (net)
                      0.116156    0.000208   12.818800 v fanout34/A (sg13g2_buf_1)
     8    0.032895    0.107847    0.168606   12.987406 v fanout34/X (sg13g2_buf_1)
                                                         net34 (net)
                      0.107847    0.000212   12.987618 v _204_/A (sg13g2_inv_1)
     1    0.005797    0.046828    0.060705   13.048324 ^ _204_/Y (sg13g2_inv_1)
                                                         _030_ (net)
                      0.046828    0.000056   13.048380 ^ _236_/RESET_B (sg13g2_dfrbpq_1)
                                             13.048380   data arrival time

                                  0.000000    0.000000   clock fclk_in (rise edge)
                                  0.000000    0.000000   clock source latency
     2    0.043222    0.057443    0.035906    0.035906 ^ fclk_in (in)
                                                         fclk_in (net)
                      0.057534    0.000000    0.035906 ^ clkbuf_regs_0_fclk_in/A (sg13g2_buf_16)
     1    0.018526    0.020428    0.078225    0.114131 ^ clkbuf_regs_0_fclk_in/X (sg13g2_buf_16)
                                                         fclk_in_regs (net)
                      0.020429    0.000266    0.114398 ^ clkbuf_0_fclk_in_regs/A (sg13g2_buf_16)
     2    0.037495    0.022974    0.064003    0.178401 ^ clkbuf_0_fclk_in_regs/X (sg13g2_buf_16)
                                                         clknet_0_fclk_in_regs (net)
                      0.022975    0.000350    0.178751 ^ clkbuf_1_0__f_fclk_in_regs/A (sg13g2_buf_16)
     3    0.011067    0.017050    0.060067    0.238818 ^ clkbuf_1_0__f_fclk_in_regs/X (sg13g2_buf_16)
                                                         clknet_1_0__leaf_fclk_in_regs (net)
                      0.017050    0.000089    0.238908 ^ _236_/CLK (sg13g2_dfrbpq_1)
                                  0.250000    0.488907   clock uncertainty
                                  0.000000    0.488907   clock reconvergence pessimism
                                 -0.108904    0.380003   library removal time
                                              0.380003   data required time
---------------------------------------------------------------------------------------------
                                              0.380003   data required time
                                            -13.048380   data arrival time
---------------------------------------------------------------------------------------------
                                             12.668376   slack (MET)


Startpoint: _239_ (rising edge-triggered flip-flop clocked by fclk_in)
Endpoint: fdac_clk (output port clocked by fclk_in)
Path Group: fclk_in
Path Type: min

Fanout         Cap        Slew       Delay        Time   Description
---------------------------------------------------------------------------------------------
                                  0.000000    0.000000   clock fclk_in (rise edge)
                                  0.000000    0.000000   clock source latency
     2    0.043222    0.057443    0.035906    0.035906 ^ fclk_in (in)
                                                         fclk_in (net)
                      0.057534    0.000000    0.035906 ^ clkbuf_regs_0_fclk_in/A (sg13g2_buf_16)
     1    0.018526    0.020428    0.078225    0.114131 ^ clkbuf_regs_0_fclk_in/X (sg13g2_buf_16)
                                                         fclk_in_regs (net)
                      0.020429    0.000266    0.114398 ^ clkbuf_0_fclk_in_regs/A (sg13g2_buf_16)
     2    0.037495    0.022974    0.064003    0.178401 ^ clkbuf_0_fclk_in_regs/X (sg13g2_buf_16)
                                                         clknet_0_fclk_in_regs (net)
                      0.022975    0.000301    0.178702 ^ clkbuf_1_1__f_fclk_in_regs/A (sg13g2_buf_16)
     3    0.011427    0.017121    0.060137    0.238839 ^ clkbuf_1_1__f_fclk_in_regs/X (sg13g2_buf_16)
                                                         clknet_1_1__leaf_fclk_in_regs (net)
                      0.017121    0.000149    0.238988 ^ _239_/CLK (sg13g2_dfrbpq_1)
     1    0.004437    0.023567    0.161959    0.400947 v _239_/Q (sg13g2_dfrbpq_1)
                                                         net30 (net)
                      0.023567    0.000081    0.401028 v output30/A (sg13g2_buf_1)
     1    0.006000    0.029044    0.067126    0.468154 v output30/X (sg13g2_buf_1)
                                                         fdac_clk (net)
                      0.029044    0.000000    0.468154 v fdac_clk (out)
                                              0.468154   data arrival time

                                  0.000000    0.000000   clock fclk_in (rise edge)
                                  0.000000    0.000000   clock network delay (propagated)
                                  0.250000    0.250000   clock uncertainty
                                  0.000000    0.250000   clock reconvergence pessimism
                                -12.500000  -12.250000   output external delay
                                            -12.250000   data required time
---------------------------------------------------------------------------------------------
                                            -12.250000   data required time
                                             -0.468154   data arrival time
---------------------------------------------------------------------------------------------
                                             12.718154   slack (MET)


Startpoint: _234_ (rising edge-triggered flip-flop clocked by fclk_in)
Endpoint: fclk_samp (output port clocked by fclk_in)
Path Group: fclk_in
Path Type: min

Fanout         Cap        Slew       Delay        Time   Description
---------------------------------------------------------------------------------------------
                                  0.000000    0.000000   clock fclk_in (rise edge)
                                  0.000000    0.000000   clock source latency
     2    0.043222    0.057443    0.035906    0.035906 ^ fclk_in (in)
                                                         fclk_in (net)
                      0.057534    0.000000    0.035906 ^ clkbuf_regs_0_fclk_in/A (sg13g2_buf_16)
     1    0.018526    0.020428    0.078225    0.114131 ^ clkbuf_regs_0_fclk_in/X (sg13g2_buf_16)
                                                         fclk_in_regs (net)
                      0.020429    0.000266    0.114398 ^ clkbuf_0_fclk_in_regs/A (sg13g2_buf_16)
     2    0.037495    0.022974    0.064003    0.178401 ^ clkbuf_0_fclk_in_regs/X (sg13g2_buf_16)
                                                         clknet_0_fclk_in_regs (net)
                      0.022975    0.000301    0.178702 ^ clkbuf_1_1__f_fclk_in_regs/A (sg13g2_buf_16)
     3    0.011427    0.017121    0.060137    0.238839 ^ clkbuf_1_1__f_fclk_in_regs/X (sg13g2_buf_16)
                                                         clknet_1_1__leaf_fclk_in_regs (net)
                      0.017121    0.000117    0.238956 ^ _234_/CLK (sg13g2_dfrbpq_1)
     2    0.006621    0.037356    0.171944    0.410900 ^ _234_/Q (sg13g2_dfrbpq_1)
                                                         _001_ (net)
                      0.037356    0.000024    0.410924 ^ hold51/A (sg13g2_dlygate4sd3_1)
     1    0.003018    0.034633    0.361835    0.772759 ^ hold51/X (sg13g2_dlygate4sd3_1)
                                                         net51 (net)
                      0.034633    0.000014    0.772774 ^ _104_/A (sg13g2_inv_1)
     5    0.022585    0.076779    0.079235    0.852009 v _104_/Y (sg13g2_inv_1)
                                                         net29 (net)
                      0.076780    0.000373    0.852382 v output29/A (sg13g2_buf_1)
     1    0.006000    0.030623    0.089714    0.942096 v output29/X (sg13g2_buf_1)
                                                         fclk_samp (net)
                      0.030623    0.000000    0.942096 v fclk_samp (out)
                                              0.942096   data arrival time

                                  0.000000    0.000000   clock fclk_in (rise edge)
                                  0.000000    0.000000   clock network delay (propagated)
                                  0.250000    0.250000   clock uncertainty
                                  0.000000    0.250000   clock reconvergence pessimism
                                -12.500000  -12.250000   output external delay
                                            -12.250000   data required time
---------------------------------------------------------------------------------------------
                                            -12.250000   data required time
                                             -0.942096   data arrival time
---------------------------------------------------------------------------------------------
                                             13.192096   slack (MET)



