Clock: fclk_in
Sources: fclk_in 
Generated: no
Virtual: yes
Propagated: no
Period: 62.500000

===========================================================================
report_clock_properties
============================================================================
Clock                   Period          Waveform
----------------------------------------------------
fclk_in              62.500000    0.000000 31.250000

===========================================================================
report_clock_latency
============================================================================
Clock fclk_in
rise -> rise
    min     max
0.000000 0.000000 source latency
0.383674         network latency _236_/CLK
        13.232020 network latency _215_/CLK
---------------
0.383674 13.232020 latency
        12.848346 skew

rise -> fall
    min     max
0.000000 0.000000 source latency
12.821583         network latency _221_/CLK
        13.144371 network latency _215_/CLK
---------------
12.821583 13.144371 latency
        0.322789 skew

fall -> fall
    min     max
0.000000 0.000000 source latency
0.389356         network latency _236_/CLK
        0.389779 network latency _239_/CLK
---------------
0.389356 0.389779 latency
        0.000423 skew



===========================================================================
report_clock_min_period
============================================================================
fclk_in period_min = 2.61 fmax = 383.45
