
===========================================================================
report_checks -path_delay max (Setup)
============================================================================
======================= nom_slow_1p08V_125C Corner ===================================

Startpoint: fclk_in (clock source 'fclk_in')
Endpoint: fclk_comp (output port clocked by fclk_in)
Path Group: fclk_in
Path Type: max

Fanout         Cap        Slew       Delay        Time   Description
---------------------------------------------------------------------------------------------
                                 31.250000   31.250000   clock fclk_in (fall edge)
                                  0.000000   31.250000   clock source latency
     2    0.041878    0.073579    0.048519   31.298521 v fclk_in (in)
                                                         fclk_in (net)
                      0.073945    0.000000   31.298521 v clkbuf_0_fclk_in/A (sg13g2_buf_16)
     1    0.016859    0.030696    0.126448   31.424969 v clkbuf_0_fclk_in/X (sg13g2_buf_16)
                                                         clknet_0_fclk_in (net)
                      0.030700    0.000753   31.425722 v clkbuf_1_0__f_fclk_in/A (sg13g2_buf_16)
     1    0.003871    0.026105    0.099817   31.525539 v clkbuf_1_0__f_fclk_in/X (sg13g2_buf_16)
                                                         clknet_1_0__leaf_fclk_in (net)
                      0.026105    0.000242   31.525780 v _240_/A (sg13g2_buf_1)
     1    0.003234    0.032903    0.090850   31.616631 v _240_/X (sg13g2_buf_1)
                                                         net28 (net)
                      0.032904    0.000210   31.616840 v output28/A (sg13g2_buf_1)
     1    0.007704    0.053643    0.112230   31.729071 v output28/X (sg13g2_buf_1)
                                                         fclk_comp (net)
                      0.053643    0.000206   31.729277 v fclk_comp (out)
                                             31.729277   data arrival time

                                 62.500000   62.500000   clock fclk_in (rise edge)
                                  0.000000   62.500000   clock network delay (propagated)
                                 -0.250000   62.250004   clock uncertainty
                                  0.000000   62.250004   clock reconvergence pessimism
                                -12.500000   49.750004   output external delay
                                             49.750004   data required time
---------------------------------------------------------------------------------------------
                                             49.750004   data required time
                                            -31.729277   data arrival time
---------------------------------------------------------------------------------------------
                                             18.020729   slack (MET)


Startpoint: _234_ (rising edge-triggered flip-flop clocked by fclk_in)
Endpoint: fclk_samp (output port clocked by fclk_in)
Path Group: fclk_in
Path Type: max

Fanout         Cap        Slew       Delay        Time   Description
---------------------------------------------------------------------------------------------
                                  0.000000    0.000000   clock fclk_in (rise edge)
                                  0.000000    0.000000   clock source latency
     2    0.043131    0.089711    0.056620    0.056620 ^ fclk_in (in)
                                                         fclk_in (net)
                      0.090013    0.000000    0.056620 ^ clkbuf_regs_0_fclk_in/A (sg13g2_buf_16)
     1    0.017146    0.030751    0.128396    0.185016 ^ clkbuf_regs_0_fclk_in/X (sg13g2_buf_16)
                                                         fclk_in_regs (net)
                      0.030755    0.000749    0.185766 ^ clkbuf_0_fclk_in_regs/A (sg13g2_buf_16)
     2    0.035609    0.035143    0.100225    0.285991 ^ clkbuf_0_fclk_in_regs/X (sg13g2_buf_16)
                                                         clknet_0_fclk_in_regs (net)
                      0.035157    0.001497    0.287488 ^ clkbuf_1_1__f_fclk_in_regs/A (sg13g2_buf_16)
     3    0.012518    0.027157    0.095921    0.383409 ^ clkbuf_1_1__f_fclk_in_regs/X (sg13g2_buf_16)
                                                         clknet_1_1__leaf_fclk_in_regs (net)
                      0.027158    0.000706    0.384115 ^ _234_/CLK (sg13g2_dfrbpq_1)
     2    0.007175    0.050833    0.270189    0.654304 v _234_/Q (sg13g2_dfrbpq_1)
                                                         _001_ (net)
                      0.050876    0.000361    0.654666 v hold51/A (sg13g2_dlygate4sd3_1)
     1    0.002746    0.058083    0.597130    1.251796 v hold51/X (sg13g2_dlygate4sd3_1)
                                                         net51 (net)
                      0.058083    0.000109    1.251906 v _104_/A (sg13g2_inv_1)
     5    0.027912    0.182590    0.169205    1.421110 ^ _104_/Y (sg13g2_inv_1)
                                                         net29 (net)
                      0.182605    0.001368    1.422478 ^ output29/A (sg13g2_buf_1)
     1    0.007379    0.064803    0.176344    1.598821 ^ output29/X (sg13g2_buf_1)
                                                         fclk_samp (net)
                      0.064803    0.000191    1.599012 ^ fclk_samp (out)
                                              1.599012   data arrival time

                                 62.500000   62.500000   clock fclk_in (rise edge)
                                  0.000000   62.500000   clock network delay (propagated)
                                 -0.250000   62.250004   clock uncertainty
                                  0.000000   62.250004   clock reconvergence pessimism
                                -12.500000   49.750004   output external delay
                                             49.750004   data required time
---------------------------------------------------------------------------------------------
                                             49.750004   data required time
                                             -1.599012   data arrival time
---------------------------------------------------------------------------------------------
                                             48.150993   slack (MET)


Startpoint: En (input port clocked by fclk_in)
Endpoint: _234_ (rising edge-triggered flip-flop clocked by fclk_in)
Path Group: fclk_in
Path Type: max

Fanout         Cap        Slew       Delay        Time   Description
---------------------------------------------------------------------------------------------
                                  0.000000    0.000000   clock fclk_in (rise edge)
                                  0.000000    0.000000   clock network delay (propagated)
                                 12.500000   12.500000 ^ input external delay
     1    0.004906    0.035489    0.006343   12.506343 ^ En (in)
                                                         En (net)
                      0.035489    0.000000   12.506343 ^ input1/A (sg13g2_buf_1)
     7    0.030793    0.203051    0.217296   12.723639 ^ input1/X (sg13g2_buf_1)
                                                         net1 (net)
                      0.203059    0.001092   12.724730 ^ _111_/A (sg13g2_nand4_1)
     2    0.006709    0.196838    0.230663   12.955395 v _111_/Y (sg13g2_nand4_1)
                                                         _070_ (net)
                      0.196838    0.000515   12.955910 v hold49/A (sg13g2_dlygate4sd3_1)
     2    0.009138    0.087709    0.713626   13.669536 v hold49/X (sg13g2_dlygate4sd3_1)
                                                         net49 (net)
                      0.087709    0.000573   13.670108 v _118_/A2 (sg13g2_o21ai_1)
     1    0.004263    0.120877    0.149372   13.819480 ^ _118_/Y (sg13g2_o21ai_1)
                                                         _072_ (net)
                      0.120877    0.000258   13.819737 ^ _119_/B_N (sg13g2_nor2b_1)
     1    0.002906    0.072393    0.176413   13.996150 ^ _119_/Y (sg13g2_nor2b_1)
                                                         _060_ (net)
                      0.072393    0.000109   13.996260 ^ _234_/D (sg13g2_dfrbpq_1)
                                             13.996260   data arrival time

                                 62.500000   62.500000   clock fclk_in (rise edge)
                                  0.000000   62.500000   clock source latency
     2    0.043131    0.089711    0.056623   62.556625 ^ fclk_in (in)
                                                         fclk_in (net)
                      0.090013    0.000000   62.556625 ^ clkbuf_regs_0_fclk_in/A (sg13g2_buf_16)
     1    0.017146    0.030751    0.128395   62.685020 ^ clkbuf_regs_0_fclk_in/X (sg13g2_buf_16)
                                                         fclk_in_regs (net)
                      0.030755    0.000746   62.685764 ^ clkbuf_0_fclk_in_regs/A (sg13g2_buf_16)
     2    0.035609    0.035143    0.100229   62.785995 ^ clkbuf_0_fclk_in_regs/X (sg13g2_buf_16)
                                                         clknet_0_fclk_in_regs (net)
                      0.035157    0.001492   62.787487 ^ clkbuf_1_1__f_fclk_in_regs/A (sg13g2_buf_16)
     3    0.012518    0.027157    0.095923   62.883411 ^ clkbuf_1_1__f_fclk_in_regs/X (sg13g2_buf_16)
                                                         clknet_1_1__leaf_fclk_in_regs (net)
                      0.027158    0.000703   62.884113 ^ _234_/CLK (sg13g2_dfrbpq_1)
                                 -0.250000   62.634117   clock uncertainty
                                  0.000000   62.634117   clock reconvergence pessimism
                                 -0.211223   62.422894   library setup time
                                             62.422894   data required time
---------------------------------------------------------------------------------------------
                                             62.422894   data required time
                                            -13.996260   data arrival time
---------------------------------------------------------------------------------------------
                                             48.426632   slack (MET)


Startpoint: En (input port clocked by fclk_in)
Endpoint: _238_ (rising edge-triggered flip-flop clocked by fclk_in)
Path Group: fclk_in
Path Type: max

Fanout         Cap        Slew       Delay        Time   Description
---------------------------------------------------------------------------------------------
                                  0.000000    0.000000   clock fclk_in (rise edge)
                                  0.000000    0.000000   clock network delay (propagated)
                                 12.500000   12.500000 ^ input external delay
     1    0.004906    0.035489    0.006343   12.506343 ^ En (in)
                                                         En (net)
                      0.035489    0.000000   12.506343 ^ input1/A (sg13g2_buf_1)
     7    0.030793    0.203051    0.217296   12.723639 ^ input1/X (sg13g2_buf_1)
                                                         net1 (net)
                      0.203059    0.001092   12.724730 ^ _111_/A (sg13g2_nand4_1)
     2    0.006709    0.196838    0.230663   12.955395 v _111_/Y (sg13g2_nand4_1)
                                                         _070_ (net)
                      0.196838    0.000515   12.955910 v hold49/A (sg13g2_dlygate4sd3_1)
     2    0.009138    0.087709    0.713626   13.669536 v hold49/X (sg13g2_dlygate4sd3_1)
                                                         net49 (net)
                      0.087709    0.000519   13.670053 v _112_/B (sg13g2_and2_1)
     1    0.002703    0.033249    0.134774   13.804828 v _112_/X (sg13g2_and2_1)
                                                         _064_ (net)
                      0.033249    0.000153   13.804980 v _238_/D (sg13g2_dfrbpq_1)
                                             13.804980   data arrival time

                                 62.500000   62.500000   clock fclk_in (rise edge)
                                  0.000000   62.500000   clock source latency
     2    0.043131    0.089711    0.056623   62.556625 ^ fclk_in (in)
                                                         fclk_in (net)
                      0.090013    0.000000   62.556625 ^ clkbuf_regs_0_fclk_in/A (sg13g2_buf_16)
     1    0.017146    0.030751    0.128395   62.685020 ^ clkbuf_regs_0_fclk_in/X (sg13g2_buf_16)
                                                         fclk_in_regs (net)
                      0.030755    0.000746   62.685764 ^ clkbuf_0_fclk_in_regs/A (sg13g2_buf_16)
     2    0.035609    0.035143    0.100229   62.785995 ^ clkbuf_0_fclk_in_regs/X (sg13g2_buf_16)
                                                         clknet_0_fclk_in_regs (net)
                      0.035157    0.001492   62.787487 ^ clkbuf_1_1__f_fclk_in_regs/A (sg13g2_buf_16)
     3    0.012518    0.027157    0.095923   62.883411 ^ clkbuf_1_1__f_fclk_in_regs/X (sg13g2_buf_16)
                                                         clknet_1_1__leaf_fclk_in_regs (net)
                      0.027157    0.000668   62.884079 ^ _238_/CLK (sg13g2_dfrbpq_1)
                                 -0.250000   62.634083   clock uncertainty
                                  0.000000   62.634083   clock reconvergence pessimism
                                 -0.182203   62.451878   library setup time
                                             62.451878   data required time
---------------------------------------------------------------------------------------------
                                             62.451878   data required time
                                            -13.804980   data arrival time
---------------------------------------------------------------------------------------------
                                             48.646896   slack (MET)


Startpoint: En (input port clocked by fclk_in)
Endpoint: _239_ (rising edge-triggered flip-flop clocked by fclk_in)
Path Group: fclk_in
Path Type: max

Fanout         Cap        Slew       Delay        Time   Description
---------------------------------------------------------------------------------------------
                                  0.000000    0.000000   clock fclk_in (rise edge)
                                  0.000000    0.000000   clock network delay (propagated)
                                 12.500000   12.500000 ^ input external delay
     1    0.004906    0.035489    0.006343   12.506343 ^ En (in)
                                                         En (net)
                      0.035489    0.000000   12.506343 ^ input1/A (sg13g2_buf_1)
     7    0.030793    0.203051    0.217296   12.723639 ^ input1/X (sg13g2_buf_1)
                                                         net1 (net)
                      0.203059    0.001092   12.724730 ^ _111_/A (sg13g2_nand4_1)
     2    0.006709    0.196838    0.230663   12.955395 v _111_/Y (sg13g2_nand4_1)
                                                         _070_ (net)
                      0.196838    0.000449   12.955844 v _117_/C (sg13g2_nor3_1)
     1    0.003398    0.150007    0.176071   13.131914 ^ _117_/Y (sg13g2_nor3_1)
                                                         _000_ (net)
                      0.150007    0.000203   13.132117 ^ hold45/A (sg13g2_dlygate4sd3_1)
     2    0.004746    0.066046    0.631384   13.763501 ^ hold45/X (sg13g2_dlygate4sd3_1)
                                                         net45 (net)
                      0.066046    0.000125   13.763626 ^ _239_/D (sg13g2_dfrbpq_1)
                                             13.763626   data arrival time

                                 62.500000   62.500000   clock fclk_in (rise edge)
                                  0.000000   62.500000   clock source latency
     2    0.043131    0.089711    0.056623   62.556625 ^ fclk_in (in)
                                                         fclk_in (net)
                      0.090013    0.000000   62.556625 ^ clkbuf_regs_0_fclk_in/A (sg13g2_buf_16)
     1    0.017146    0.030751    0.128395   62.685020 ^ clkbuf_regs_0_fclk_in/X (sg13g2_buf_16)
                                                         fclk_in_regs (net)
                      0.030755    0.000746   62.685764 ^ clkbuf_0_fclk_in_regs/A (sg13g2_buf_16)
     2    0.035609    0.035143    0.100229   62.785995 ^ clkbuf_0_fclk_in_regs/X (sg13g2_buf_16)
                                                         clknet_0_fclk_in_regs (net)
                      0.035157    0.001492   62.787487 ^ clkbuf_1_1__f_fclk_in_regs/A (sg13g2_buf_16)
     3    0.012518    0.027157    0.095923   62.883411 ^ clkbuf_1_1__f_fclk_in_regs/X (sg13g2_buf_16)
                                                         clknet_1_1__leaf_fclk_in_regs (net)
                      0.027158    0.000711   62.884121 ^ _239_/CLK (sg13g2_dfrbpq_1)
                                 -0.250000   62.634125   clock uncertainty
                                  0.000000   62.634125   clock reconvergence pessimism
                                 -0.208600   62.425522   library setup time
                                             62.425522   data required time
---------------------------------------------------------------------------------------------
                                             62.425522   data required time
                                            -13.763626   data arrival time
---------------------------------------------------------------------------------------------
                                             48.661896   slack (MET)


Startpoint: En (input port clocked by fclk_in)
Endpoint: _237_ (rising edge-triggered flip-flop clocked by fclk_in)
Path Group: fclk_in
Path Type: max

Fanout         Cap        Slew       Delay        Time   Description
---------------------------------------------------------------------------------------------
                                  0.000000    0.000000   clock fclk_in (rise edge)
                                  0.000000    0.000000   clock network delay (propagated)
                                 12.500000   12.500000 ^ input external delay
     1    0.004906    0.035489    0.006343   12.506343 ^ En (in)
                                                         En (net)
                      0.035489    0.000000   12.506343 ^ input1/A (sg13g2_buf_1)
     7    0.030793    0.203051    0.217296   12.723639 ^ input1/X (sg13g2_buf_1)
                                                         net1 (net)
                      0.203052    0.000305   12.723943 ^ _110_/A (sg13g2_nand3_1)
     2    0.010928    0.201912    0.238913   12.962856 v _110_/Y (sg13g2_nand3_1)
                                                         _069_ (net)
                      0.201982    0.000661   12.963517 v _113_/B (sg13g2_xnor2_1)
     1    0.003554    0.071079    0.201552   13.165069 v _113_/Y (sg13g2_xnor2_1)
                                                         _063_ (net)
                      0.071079    0.000206   13.165275 v hold47/A (sg13g2_dlygate4sd3_1)
     1    0.001784    0.053767    0.602982   13.768256 v hold47/X (sg13g2_dlygate4sd3_1)
                                                         net47 (net)
                      0.053767    0.000067   13.768323 v _237_/D (sg13g2_dfrbpq_1)
                                             13.768323   data arrival time

                                 62.500000   62.500000   clock fclk_in (rise edge)
                                  0.000000   62.500000   clock source latency
     2    0.043131    0.089711    0.056623   62.556625 ^ fclk_in (in)
                                                         fclk_in (net)
                      0.090013    0.000000   62.556625 ^ clkbuf_regs_0_fclk_in/A (sg13g2_buf_16)
     1    0.017146    0.030751    0.128395   62.685020 ^ clkbuf_regs_0_fclk_in/X (sg13g2_buf_16)
                                                         fclk_in_regs (net)
                      0.030755    0.000746   62.685764 ^ clkbuf_0_fclk_in_regs/A (sg13g2_buf_16)
     2    0.035609    0.035143    0.100229   62.785995 ^ clkbuf_0_fclk_in_regs/X (sg13g2_buf_16)
                                                         clknet_0_fclk_in_regs (net)
                      0.035157    0.001478   62.787472 ^ clkbuf_1_0__f_fclk_in_regs/A (sg13g2_buf_16)
     3    0.011457    0.026770    0.095604   62.883076 ^ clkbuf_1_0__f_fclk_in_regs/X (sg13g2_buf_16)
                                                         clknet_1_0__leaf_fclk_in_regs (net)
                      0.026770    0.000654   62.883732 ^ _237_/CLK (sg13g2_dfrbpq_1)
                                 -0.250000   62.633732   clock uncertainty
                                  0.000000   62.633732   clock reconvergence pessimism
                                 -0.191635   62.442101   library setup time
                                             62.442101   data required time
---------------------------------------------------------------------------------------------
                                             62.442101   data required time
                                            -13.768323   data arrival time
---------------------------------------------------------------------------------------------
                                             48.673779   slack (MET)


Startpoint: rst (input port clocked by fclk_in)
Endpoint: _236_ (recovery check against rising-edge clock fclk_in)
Path Group: asynchronous
Path Type: max

Fanout         Cap        Slew       Delay        Time   Description
---------------------------------------------------------------------------------------------
                                  0.000000    0.000000   clock fclk_in (rise edge)
                                  0.000000    0.000000   clock network delay (propagated)
                                 12.500000   12.500000 v input external delay
     1    0.004379    0.029144    0.005107   12.505107 v rst (in)
                                                         rst (net)
                      0.029144    0.000000   12.505107 v input5/A (sg13g2_buf_1)
     1    0.005010    0.040880    0.099486   12.604592 v input5/X (sg13g2_buf_1)
                                                         net5 (net)
                      0.040882    0.000316   12.604909 v fanout39/A (sg13g2_buf_1)
     4    0.025545    0.139948    0.186078   12.790986 v fanout39/X (sg13g2_buf_1)
                                                         net39 (net)
                      0.140037    0.002131   12.793118 v fanout35/A (sg13g2_buf_1)
     8    0.039036    0.208378    0.282112   13.075230 v fanout35/X (sg13g2_buf_1)
                                                         net35 (net)
                      0.208390    0.001755   13.076984 v fanout34/A (sg13g2_buf_1)
     8    0.034355    0.185769    0.288522   13.365506 v fanout34/X (sg13g2_buf_1)
                                                         net34 (net)
                      0.185793    0.002102   13.367609 v _204_/A (sg13g2_inv_1)
     1    0.005462    0.075359    0.102461   13.470070 ^ _204_/Y (sg13g2_inv_1)
                                                         _030_ (net)
                      0.075367    0.000411   13.470481 ^ _236_/RESET_B (sg13g2_dfrbpq_1)
                                             13.470481   data arrival time

                                 62.500000   62.500000   clock fclk_in (rise edge)
                                  0.000000   62.500000   clock source latency
     2    0.043131    0.089711    0.056623   62.556625 ^ fclk_in (in)
                                                         fclk_in (net)
                      0.090013    0.000000   62.556625 ^ clkbuf_regs_0_fclk_in/A (sg13g2_buf_16)
     1    0.017146    0.030751    0.128395   62.685020 ^ clkbuf_regs_0_fclk_in/X (sg13g2_buf_16)
                                                         fclk_in_regs (net)
                      0.030755    0.000746   62.685764 ^ clkbuf_0_fclk_in_regs/A (sg13g2_buf_16)
     2    0.035609    0.035143    0.100229   62.785995 ^ clkbuf_0_fclk_in_regs/X (sg13g2_buf_16)
                                                         clknet_0_fclk_in_regs (net)
                      0.035157    0.001478   62.787472 ^ clkbuf_1_0__f_fclk_in_regs/A (sg13g2_buf_16)
     3    0.011457    0.026770    0.095604   62.883076 ^ clkbuf_1_0__f_fclk_in_regs/X (sg13g2_buf_16)
                                                         clknet_1_0__leaf_fclk_in_regs (net)
                      0.026770    0.000597   62.883675 ^ _236_/CLK (sg13g2_dfrbpq_1)
                                 -0.250000   62.633675   clock uncertainty
                                  0.000000   62.633675   clock reconvergence pessimism
                                 -0.223697   62.409977   library recovery time
                                             62.409977   data required time
---------------------------------------------------------------------------------------------
                                             62.409977   data required time
                                            -13.470481   data arrival time
---------------------------------------------------------------------------------------------
                                             48.939495   slack (MET)


Startpoint: rst (input port clocked by fclk_in)
Endpoint: _235_ (recovery check against rising-edge clock fclk_in)
Path Group: asynchronous
Path Type: max

Fanout         Cap        Slew       Delay        Time   Description
---------------------------------------------------------------------------------------------
                                  0.000000    0.000000   clock fclk_in (rise edge)
                                  0.000000    0.000000   clock network delay (propagated)
                                 12.500000   12.500000 v input external delay
     1    0.004379    0.029144    0.005107   12.505107 v rst (in)
                                                         rst (net)
                      0.029144    0.000000   12.505107 v input5/A (sg13g2_buf_1)
     1    0.005010    0.040880    0.099486   12.604592 v input5/X (sg13g2_buf_1)
                                                         net5 (net)
                      0.040882    0.000316   12.604909 v fanout39/A (sg13g2_buf_1)
     4    0.025545    0.139948    0.186078   12.790986 v fanout39/X (sg13g2_buf_1)
                                                         net39 (net)
                      0.140037    0.002131   12.793118 v fanout35/A (sg13g2_buf_1)
     8    0.039036    0.208378    0.282112   13.075230 v fanout35/X (sg13g2_buf_1)
                                                         net35 (net)
                      0.208390    0.001755   13.076984 v fanout34/A (sg13g2_buf_1)
     8    0.034355    0.185769    0.288522   13.365506 v fanout34/X (sg13g2_buf_1)
                                                         net34 (net)
                      0.185791    0.002046   13.367553 v _203_/A (sg13g2_inv_1)
     1    0.005071    0.073442    0.099965   13.467518 ^ _203_/Y (sg13g2_inv_1)
                                                         _029_ (net)
                      0.073442    0.000204   13.467723 ^ _235_/RESET_B (sg13g2_dfrbpq_1)
                                             13.467723   data arrival time

                                 62.500000   62.500000   clock fclk_in (rise edge)
                                  0.000000   62.500000   clock source latency
     2    0.043131    0.089711    0.056623   62.556625 ^ fclk_in (in)
                                                         fclk_in (net)
                      0.090013    0.000000   62.556625 ^ clkbuf_regs_0_fclk_in/A (sg13g2_buf_16)
     1    0.017146    0.030751    0.128395   62.685020 ^ clkbuf_regs_0_fclk_in/X (sg13g2_buf_16)
                                                         fclk_in_regs (net)
                      0.030755    0.000746   62.685764 ^ clkbuf_0_fclk_in_regs/A (sg13g2_buf_16)
     2    0.035609    0.035143    0.100229   62.785995 ^ clkbuf_0_fclk_in_regs/X (sg13g2_buf_16)
                                                         clknet_0_fclk_in_regs (net)
                      0.035157    0.001478   62.787472 ^ clkbuf_1_0__f_fclk_in_regs/A (sg13g2_buf_16)
     3    0.011457    0.026770    0.095604   62.883076 ^ clkbuf_1_0__f_fclk_in_regs/X (sg13g2_buf_16)
                                                         clknet_1_0__leaf_fclk_in_regs (net)
                      0.026770    0.000618   62.883694 ^ _235_/CLK (sg13g2_dfrbpq_1)
                                 -0.250000   62.633698   clock uncertainty
                                  0.000000   62.633698   clock reconvergence pessimism
                                 -0.222939   62.410759   library recovery time
                                             62.410759   data required time
---------------------------------------------------------------------------------------------
                                             62.410759   data required time
                                            -13.467723   data arrival time
---------------------------------------------------------------------------------------------
                                             48.943035   slack (MET)


Startpoint: _239_ (rising edge-triggered flip-flop clocked by fclk_in)
Endpoint: fdac_clk (output port clocked by fclk_in)
Path Group: fclk_in
Path Type: max

Fanout         Cap        Slew       Delay        Time   Description
---------------------------------------------------------------------------------------------
                                  0.000000    0.000000   clock fclk_in (rise edge)
                                  0.000000    0.000000   clock source latency
     2    0.043131    0.089711    0.056620    0.056620 ^ fclk_in (in)
                                                         fclk_in (net)
                      0.090013    0.000000    0.056620 ^ clkbuf_regs_0_fclk_in/A (sg13g2_buf_16)
     1    0.017146    0.030751    0.128396    0.185016 ^ clkbuf_regs_0_fclk_in/X (sg13g2_buf_16)
                                                         fclk_in_regs (net)
                      0.030755    0.000749    0.185766 ^ clkbuf_0_fclk_in_regs/A (sg13g2_buf_16)
     2    0.035609    0.035143    0.100225    0.285991 ^ clkbuf_0_fclk_in_regs/X (sg13g2_buf_16)
                                                         clknet_0_fclk_in_regs (net)
                      0.035157    0.001497    0.287488 ^ clkbuf_1_1__f_fclk_in_regs/A (sg13g2_buf_16)
     3    0.012518    0.027157    0.095921    0.383409 ^ clkbuf_1_1__f_fclk_in_regs/X (sg13g2_buf_16)
                                                         clknet_1_1__leaf_fclk_in_regs (net)
                      0.027158    0.000713    0.384123 ^ _239_/CLK (sg13g2_dfrbpq_1)
     1    0.004717    0.046978    0.263374    0.647496 ^ _239_/Q (sg13g2_dfrbpq_1)
                                                         net30 (net)
                      0.046978    0.000316    0.647813 ^ output30/A (sg13g2_buf_1)
     1    0.009547    0.073805    0.128231    0.776043 ^ output30/X (sg13g2_buf_1)
                                                         fdac_clk (net)
                      0.073805    0.000300    0.776344 ^ fdac_clk (out)
                                              0.776344   data arrival time

                                 62.500000   62.500000   clock fclk_in (rise edge)
                                  0.000000   62.500000   clock network delay (propagated)
                                 -0.250000   62.250004   clock uncertainty
                                  0.000000   62.250004   clock reconvergence pessimism
                                -12.500000   49.750004   output external delay
                                             49.750004   data required time
---------------------------------------------------------------------------------------------
                                             49.750004   data required time
                                             -0.776344   data arrival time
---------------------------------------------------------------------------------------------
                                             48.973663   slack (MET)


Startpoint: rst (input port clocked by fclk_in)
Endpoint: _234_ (recovery check against rising-edge clock fclk_in)
Path Group: asynchronous
Path Type: max

Fanout         Cap        Slew       Delay        Time   Description
---------------------------------------------------------------------------------------------
                                  0.000000    0.000000   clock fclk_in (rise edge)
                                  0.000000    0.000000   clock network delay (propagated)
                                 12.500000   12.500000 v input external delay
     1    0.004379    0.029144    0.005107   12.505107 v rst (in)
                                                         rst (net)
                      0.029144    0.000000   12.505107 v input5/A (sg13g2_buf_1)
     1    0.005010    0.040880    0.099486   12.604592 v input5/X (sg13g2_buf_1)
                                                         net5 (net)
                      0.040882    0.000316   12.604909 v fanout39/A (sg13g2_buf_1)
     4    0.025545    0.139948    0.186078   12.790986 v fanout39/X (sg13g2_buf_1)
                                                         net39 (net)
                      0.140016    0.001590   12.792576 v fanout36/A (sg13g2_buf_1)
     4    0.020649    0.119425    0.213477   13.006054 v fanout36/X (sg13g2_buf_1)
                                                         net36 (net)
                      0.119434    0.001102   13.007155 v _202_/A (sg13g2_inv_1)
     1    0.007670    0.074327    0.097145   13.104301 ^ _202_/Y (sg13g2_inv_1)
                                                         _028_ (net)
                      0.074360    0.000520   13.104820 ^ _234_/RESET_B (sg13g2_dfrbpq_1)
                                             13.104820   data arrival time

                                 62.500000   62.500000   clock fclk_in (rise edge)
                                  0.000000   62.500000   clock source latency
     2    0.043131    0.089711    0.056623   62.556625 ^ fclk_in (in)
                                                         fclk_in (net)
                      0.090013    0.000000   62.556625 ^ clkbuf_regs_0_fclk_in/A (sg13g2_buf_16)
     1    0.017146    0.030751    0.128395   62.685020 ^ clkbuf_regs_0_fclk_in/X (sg13g2_buf_16)
                                                         fclk_in_regs (net)
                      0.030755    0.000746   62.685764 ^ clkbuf_0_fclk_in_regs/A (sg13g2_buf_16)
     2    0.035609    0.035143    0.100229   62.785995 ^ clkbuf_0_fclk_in_regs/X (sg13g2_buf_16)
                                                         clknet_0_fclk_in_regs (net)
                      0.035157    0.001492   62.787487 ^ clkbuf_1_1__f_fclk_in_regs/A (sg13g2_buf_16)
     3    0.012518    0.027157    0.095923   62.883411 ^ clkbuf_1_1__f_fclk_in_regs/X (sg13g2_buf_16)
                                                         clknet_1_1__leaf_fclk_in_regs (net)
                      0.027158    0.000703   62.884113 ^ _234_/CLK (sg13g2_dfrbpq_1)
                                 -0.250000   62.634117   clock uncertainty
                                  0.000000   62.634117   clock reconvergence pessimism
                                 -0.223224   62.410892   library recovery time
                                             62.410892   data required time
---------------------------------------------------------------------------------------------
                                             62.410892   data required time
                                            -13.104820   data arrival time
---------------------------------------------------------------------------------------------
                                             49.306072   slack (MET)


Startpoint: rst (input port clocked by fclk_in)
Endpoint: _237_ (recovery check against rising-edge clock fclk_in)
Path Group: asynchronous
Path Type: max

Fanout         Cap        Slew       Delay        Time   Description
---------------------------------------------------------------------------------------------
                                  0.000000    0.000000   clock fclk_in (rise edge)
                                  0.000000    0.000000   clock network delay (propagated)
                                 12.500000   12.500000 v input external delay
     1    0.004379    0.029144    0.005107   12.505107 v rst (in)
                                                         rst (net)
                      0.029144    0.000000   12.505107 v input5/A (sg13g2_buf_1)
     1    0.005010    0.040880    0.099486   12.604592 v input5/X (sg13g2_buf_1)
                                                         net5 (net)
                      0.040882    0.000316   12.604909 v fanout39/A (sg13g2_buf_1)
     4    0.025545    0.139948    0.186078   12.790986 v fanout39/X (sg13g2_buf_1)
                                                         net39 (net)
                      0.140016    0.001590   12.792576 v fanout36/A (sg13g2_buf_1)
     4    0.020649    0.119425    0.213477   13.006054 v fanout36/X (sg13g2_buf_1)
                                                         net36 (net)
                      0.119425    0.000280   13.006333 v _205_/A (sg13g2_inv_1)
     1    0.007019    0.070698    0.093552   13.099885 ^ _205_/Y (sg13g2_inv_1)
                                                         _031_ (net)
                      0.070700    0.000489   13.100374 ^ _237_/RESET_B (sg13g2_dfrbpq_1)
                                             13.100374   data arrival time

                                 62.500000   62.500000   clock fclk_in (rise edge)
                                  0.000000   62.500000   clock source latency
     2    0.043131    0.089711    0.056623   62.556625 ^ fclk_in (in)
                                                         fclk_in (net)
                      0.090013    0.000000   62.556625 ^ clkbuf_regs_0_fclk_in/A (sg13g2_buf_16)
     1    0.017146    0.030751    0.128395   62.685020 ^ clkbuf_regs_0_fclk_in/X (sg13g2_buf_16)
                                                         fclk_in_regs (net)
                      0.030755    0.000746   62.685764 ^ clkbuf_0_fclk_in_regs/A (sg13g2_buf_16)
     2    0.035609    0.035143    0.100229   62.785995 ^ clkbuf_0_fclk_in_regs/X (sg13g2_buf_16)
                                                         clknet_0_fclk_in_regs (net)
                      0.035157    0.001478   62.787472 ^ clkbuf_1_0__f_fclk_in_regs/A (sg13g2_buf_16)
     3    0.011457    0.026770    0.095604   62.883076 ^ clkbuf_1_0__f_fclk_in_regs/X (sg13g2_buf_16)
                                                         clknet_1_0__leaf_fclk_in_regs (net)
                      0.026770    0.000654   62.883732 ^ _237_/CLK (sg13g2_dfrbpq_1)
                                 -0.250000   62.633732   clock uncertainty
                                  0.000000   62.633732   clock reconvergence pessimism
                                 -0.221859   62.411873   library recovery time
                                             62.411873   data required time
---------------------------------------------------------------------------------------------
                                             62.411873   data required time
                                            -13.100374   data arrival time
---------------------------------------------------------------------------------------------
                                             49.311497   slack (MET)


Startpoint: rst (input port clocked by fclk_in)
Endpoint: _239_ (recovery check against rising-edge clock fclk_in)
Path Group: asynchronous
Path Type: max

Fanout         Cap        Slew       Delay        Time   Description
---------------------------------------------------------------------------------------------
                                  0.000000    0.000000   clock fclk_in (rise edge)
                                  0.000000    0.000000   clock network delay (propagated)
                                 12.500000   12.500000 v input external delay
     1    0.004379    0.029144    0.005107   12.505107 v rst (in)
                                                         rst (net)
                      0.029144    0.000000   12.505107 v input5/A (sg13g2_buf_1)
     1    0.005010    0.040880    0.099486   12.604592 v input5/X (sg13g2_buf_1)
                                                         net5 (net)
                      0.040882    0.000316   12.604909 v fanout39/A (sg13g2_buf_1)
     4    0.025545    0.139948    0.186078   12.790986 v fanout39/X (sg13g2_buf_1)
                                                         net39 (net)
                      0.140016    0.001590   12.792576 v fanout36/A (sg13g2_buf_1)
     4    0.020649    0.119425    0.213477   13.006054 v fanout36/X (sg13g2_buf_1)
                                                         net36 (net)
                      0.119444    0.001512   13.007565 v _207_/A (sg13g2_inv_1)
     1    0.006693    0.068864    0.091757   13.099322 ^ _207_/Y (sg13g2_inv_1)
                                                         _033_ (net)
                      0.068866    0.000469   13.099791 ^ _239_/RESET_B (sg13g2_dfrbpq_1)
                                             13.099791   data arrival time

                                 62.500000   62.500000   clock fclk_in (rise edge)
                                  0.000000   62.500000   clock source latency
     2    0.043131    0.089711    0.056623   62.556625 ^ fclk_in (in)
                                                         fclk_in (net)
                      0.090013    0.000000   62.556625 ^ clkbuf_regs_0_fclk_in/A (sg13g2_buf_16)
     1    0.017146    0.030751    0.128395   62.685020 ^ clkbuf_regs_0_fclk_in/X (sg13g2_buf_16)
                                                         fclk_in_regs (net)
                      0.030755    0.000746   62.685764 ^ clkbuf_0_fclk_in_regs/A (sg13g2_buf_16)
     2    0.035609    0.035143    0.100229   62.785995 ^ clkbuf_0_fclk_in_regs/X (sg13g2_buf_16)
                                                         clknet_0_fclk_in_regs (net)
                      0.035157    0.001492   62.787487 ^ clkbuf_1_1__f_fclk_in_regs/A (sg13g2_buf_16)
     3    0.012518    0.027157    0.095923   62.883411 ^ clkbuf_1_1__f_fclk_in_regs/X (sg13g2_buf_16)
                                                         clknet_1_1__leaf_fclk_in_regs (net)
                      0.027158    0.000711   62.884121 ^ _239_/CLK (sg13g2_dfrbpq_1)
                                 -0.250000   62.634125   clock uncertainty
                                  0.000000   62.634125   clock reconvergence pessimism
                                 -0.221060   62.413067   library recovery time
                                             62.413067   data required time
---------------------------------------------------------------------------------------------
                                             62.413067   data required time
                                            -13.099791   data arrival time
---------------------------------------------------------------------------------------------
                                             49.313278   slack (MET)


Startpoint: rst (input port clocked by fclk_in)
Endpoint: _238_ (recovery check against rising-edge clock fclk_in)
Path Group: asynchronous
Path Type: max

Fanout         Cap        Slew       Delay        Time   Description
---------------------------------------------------------------------------------------------
                                  0.000000    0.000000   clock fclk_in (rise edge)
                                  0.000000    0.000000   clock network delay (propagated)
                                 12.500000   12.500000 v input external delay
     1    0.004379    0.029144    0.005107   12.505107 v rst (in)
                                                         rst (net)
                      0.029144    0.000000   12.505107 v input5/A (sg13g2_buf_1)
     1    0.005010    0.040880    0.099486   12.604592 v input5/X (sg13g2_buf_1)
                                                         net5 (net)
                      0.040882    0.000316   12.604909 v fanout39/A (sg13g2_buf_1)
     4    0.025545    0.139948    0.186078   12.790986 v fanout39/X (sg13g2_buf_1)
                                                         net39 (net)
                      0.140016    0.001590   12.792576 v fanout36/A (sg13g2_buf_1)
     4    0.020649    0.119425    0.213477   13.006054 v fanout36/X (sg13g2_buf_1)
                                                         net36 (net)
                      0.119441    0.001378   13.007431 v _206_/A (sg13g2_inv_1)
     1    0.006436    0.067472    0.090327   13.097758 ^ _206_/Y (sg13g2_inv_1)
                                                         _032_ (net)
                      0.067474    0.000457   13.098215 ^ _238_/RESET_B (sg13g2_dfrbpq_1)
                                             13.098215   data arrival time

                                 62.500000   62.500000   clock fclk_in (rise edge)
                                  0.000000   62.500000   clock source latency
     2    0.043131    0.089711    0.056623   62.556625 ^ fclk_in (in)
                                                         fclk_in (net)
                      0.090013    0.000000   62.556625 ^ clkbuf_regs_0_fclk_in/A (sg13g2_buf_16)
     1    0.017146    0.030751    0.128395   62.685020 ^ clkbuf_regs_0_fclk_in/X (sg13g2_buf_16)
                                                         fclk_in_regs (net)
                      0.030755    0.000746   62.685764 ^ clkbuf_0_fclk_in_regs/A (sg13g2_buf_16)
     2    0.035609    0.035143    0.100229   62.785995 ^ clkbuf_0_fclk_in_regs/X (sg13g2_buf_16)
                                                         clknet_0_fclk_in_regs (net)
                      0.035157    0.001492   62.787487 ^ clkbuf_1_1__f_fclk_in_regs/A (sg13g2_buf_16)
     3    0.012518    0.027157    0.095923   62.883411 ^ clkbuf_1_1__f_fclk_in_regs/X (sg13g2_buf_16)
                                                         clknet_1_1__leaf_fclk_in_regs (net)
                      0.027157    0.000668   62.884079 ^ _238_/CLK (sg13g2_dfrbpq_1)
                                 -0.250000   62.634083   clock uncertainty
                                  0.000000   62.634083   clock reconvergence pessimism
                                 -0.220512   62.413570   library recovery time
                                             62.413570   data required time
---------------------------------------------------------------------------------------------
                                             62.413570   data required time
                                            -13.098215   data arrival time
---------------------------------------------------------------------------------------------
                                             49.315353   slack (MET)


Startpoint: En (input port clocked by fclk_in)
Endpoint: _236_ (rising edge-triggered flip-flop clocked by fclk_in)
Path Group: fclk_in
Path Type: max

Fanout         Cap        Slew       Delay        Time   Description
---------------------------------------------------------------------------------------------
                                  0.000000    0.000000   clock fclk_in (rise edge)
                                  0.000000    0.000000   clock network delay (propagated)
                                 12.500000   12.500000 ^ input external delay
     1    0.004906    0.035489    0.006343   12.506343 ^ En (in)
                                                         En (net)
                      0.035489    0.000000   12.506343 ^ input1/A (sg13g2_buf_1)
     7    0.030793    0.203051    0.217296   12.723639 ^ input1/X (sg13g2_buf_1)
                                                         net1 (net)
                      0.203052    0.000305   12.723943 ^ _110_/A (sg13g2_nand3_1)
     2    0.010928    0.201912    0.238913   12.962856 v _110_/Y (sg13g2_nand3_1)
                                                         _069_ (net)
                      0.201982    0.000660   12.963516 v _115_/A (sg13g2_and2_1)
     1    0.002258    0.035096    0.167440   13.130957 v _115_/X (sg13g2_and2_1)
                                                         _062_ (net)
                      0.035096    0.000080   13.131036 v _236_/D (sg13g2_dfrbpq_1)
                                             13.131036   data arrival time

                                 62.500000   62.500000   clock fclk_in (rise edge)
                                  0.000000   62.500000   clock source latency
     2    0.043131    0.089711    0.056623   62.556625 ^ fclk_in (in)
                                                         fclk_in (net)
                      0.090013    0.000000   62.556625 ^ clkbuf_regs_0_fclk_in/A (sg13g2_buf_16)
     1    0.017146    0.030751    0.128395   62.685020 ^ clkbuf_regs_0_fclk_in/X (sg13g2_buf_16)
                                                         fclk_in_regs (net)
                      0.030755    0.000746   62.685764 ^ clkbuf_0_fclk_in_regs/A (sg13g2_buf_16)
     2    0.035609    0.035143    0.100229   62.785995 ^ clkbuf_0_fclk_in_regs/X (sg13g2_buf_16)
                                                         clknet_0_fclk_in_regs (net)
                      0.035157    0.001478   62.787472 ^ clkbuf_1_0__f_fclk_in_regs/A (sg13g2_buf_16)
     3    0.011457    0.026770    0.095604   62.883076 ^ clkbuf_1_0__f_fclk_in_regs/X (sg13g2_buf_16)
                                                         clknet_1_0__leaf_fclk_in_regs (net)
                      0.026770    0.000597   62.883675 ^ _236_/CLK (sg13g2_dfrbpq_1)
                                 -0.250000   62.633675   clock uncertainty
                                  0.000000   62.633675   clock reconvergence pessimism
                                 -0.183173   62.450504   library setup time
                                             62.450504   data required time
---------------------------------------------------------------------------------------------
                                             62.450504   data required time
                                            -13.131036   data arrival time
---------------------------------------------------------------------------------------------
                                             49.319469   slack (MET)


Startpoint: En (input port clocked by fclk_in)
Endpoint: _235_ (rising edge-triggered flip-flop clocked by fclk_in)
Path Group: fclk_in
Path Type: max

Fanout         Cap        Slew       Delay        Time   Description
---------------------------------------------------------------------------------------------
                                  0.000000    0.000000   clock fclk_in (rise edge)
                                  0.000000    0.000000   clock network delay (propagated)
                                 12.500000   12.500000 ^ input external delay
     1    0.004906    0.035489    0.006343   12.506343 ^ En (in)
                                                         En (net)
                      0.035489    0.000000   12.506343 ^ input1/A (sg13g2_buf_1)
     7    0.030793    0.203051    0.217296   12.723639 ^ input1/X (sg13g2_buf_1)
                                                         net1 (net)
                      0.203053    0.000599   12.724237 ^ _116_/A (sg13g2_xor2_1)
     1    0.002205    0.083355    0.207485   12.931722 ^ _116_/X (sg13g2_xor2_1)
                                                         _061_ (net)
                      0.083355    0.000083   12.931806 ^ _235_/D (sg13g2_dfrbpq_1)
                                             12.931806   data arrival time

                                 62.500000   62.500000   clock fclk_in (rise edge)
                                  0.000000   62.500000   clock source latency
     2    0.043131    0.089711    0.056623   62.556625 ^ fclk_in (in)
                                                         fclk_in (net)
                      0.090013    0.000000   62.556625 ^ clkbuf_regs_0_fclk_in/A (sg13g2_buf_16)
     1    0.017146    0.030751    0.128395   62.685020 ^ clkbuf_regs_0_fclk_in/X (sg13g2_buf_16)
                                                         fclk_in_regs (net)
                      0.030755    0.000746   62.685764 ^ clkbuf_0_fclk_in_regs/A (sg13g2_buf_16)
     2    0.035609    0.035143    0.100229   62.785995 ^ clkbuf_0_fclk_in_regs/X (sg13g2_buf_16)
                                                         clknet_0_fclk_in_regs (net)
                      0.035157    0.001478   62.787472 ^ clkbuf_1_0__f_fclk_in_regs/A (sg13g2_buf_16)
     3    0.011457    0.026770    0.095604   62.883076 ^ clkbuf_1_0__f_fclk_in_regs/X (sg13g2_buf_16)
                                                         clknet_1_0__leaf_fclk_in_regs (net)
                      0.026770    0.000618   62.883694 ^ _235_/CLK (sg13g2_dfrbpq_1)
                                 -0.250000   62.633698   clock uncertainty
                                  0.000000   62.633698   clock reconvergence pessimism
                                 -0.215832   62.417862   library setup time
                                             62.417862   data required time
---------------------------------------------------------------------------------------------
                                             62.417862   data required time
                                            -12.931806   data arrival time
---------------------------------------------------------------------------------------------
                                             49.486057   slack (MET)



