
===========================================================================
report_checks -path_delay min (Hold)
============================================================================
======================= nom_slow_1p08V_125C Corner ===================================

Startpoint: _235_ (rising edge-triggered flip-flop clocked by fclk_in)
Endpoint: _235_ (rising edge-triggered flip-flop clocked by fclk_in)
Path Group: fclk_in
Path Type: min

Fanout         Cap        Slew       Delay        Time   Description
---------------------------------------------------------------------------------------------
                                  0.000000    0.000000   clock fclk_in (rise edge)
                                  0.000000    0.000000   clock source latency
     2    0.043131    0.089711    0.056620    0.056620 ^ fclk_in (in)
                                                         fclk_in (net)
                      0.090013    0.000000    0.056620 ^ clkbuf_regs_0_fclk_in/A (sg13g2_buf_16)
     1    0.017146    0.030751    0.128396    0.185016 ^ clkbuf_regs_0_fclk_in/X (sg13g2_buf_16)
                                                         fclk_in_regs (net)
                      0.030755    0.000749    0.185766 ^ clkbuf_0_fclk_in_regs/A (sg13g2_buf_16)
     2    0.035609    0.035143    0.100225    0.285991 ^ clkbuf_0_fclk_in_regs/X (sg13g2_buf_16)
                                                         clknet_0_fclk_in_regs (net)
                      0.035157    0.001483    0.287474 ^ clkbuf_1_0__f_fclk_in_regs/A (sg13g2_buf_16)
     3    0.011457    0.026770    0.095604    0.383078 ^ clkbuf_1_0__f_fclk_in_regs/X (sg13g2_buf_16)
                                                         clknet_1_0__leaf_fclk_in_regs (net)
                      0.026770    0.000612    0.383690 ^ _235_/CLK (sg13g2_dfrbpq_1)
     2    0.006626    0.057746    0.271874    0.655564 ^ _235_/Q (sg13g2_dfrbpq_1)
                                                         cnt[0] (net)
                      0.057746    0.000069    0.655632 ^ hold50/A (sg13g2_dlygate4sd3_1)
     3    0.015111    0.127012    0.639375    1.295007 ^ hold50/X (sg13g2_dlygate4sd3_1)
                                                         net50 (net)
                      0.127014    0.000736    1.295743 ^ _116_/B (sg13g2_xor2_1)
     1    0.002225    0.041791    0.113177    1.408920 v _116_/X (sg13g2_xor2_1)
                                                         _061_ (net)
                      0.041791    0.000084    1.409004 v _235_/D (sg13g2_dfrbpq_1)
                                              1.409004   data arrival time

                                  0.000000    0.000000   clock fclk_in (rise edge)
                                  0.000000    0.000000   clock source latency
     2    0.043131    0.089711    0.056620    0.056620 ^ fclk_in (in)
                                                         fclk_in (net)
                      0.090013    0.000000    0.056620 ^ clkbuf_regs_0_fclk_in/A (sg13g2_buf_16)
     1    0.017146    0.030751    0.128396    0.185016 ^ clkbuf_regs_0_fclk_in/X (sg13g2_buf_16)
                                                         fclk_in_regs (net)
                      0.030755    0.000749    0.185766 ^ clkbuf_0_fclk_in_regs/A (sg13g2_buf_16)
     2    0.035609    0.035143    0.100225    0.285991 ^ clkbuf_0_fclk_in_regs/X (sg13g2_buf_16)
                                                         clknet_0_fclk_in_regs (net)
                      0.035157    0.001483    0.287474 ^ clkbuf_1_0__f_fclk_in_regs/A (sg13g2_buf_16)
     3    0.011457    0.026770    0.095604    0.383078 ^ clkbuf_1_0__f_fclk_in_regs/X (sg13g2_buf_16)
                                                         clknet_1_0__leaf_fclk_in_regs (net)
                      0.026770    0.000612    0.383690 ^ _235_/CLK (sg13g2_dfrbpq_1)
                                  0.250000    0.633690   clock uncertainty
                                  0.000000    0.633690   clock reconvergence pessimism
                                 -0.055888    0.577802   library hold time
                                              0.577802   data required time
---------------------------------------------------------------------------------------------
                                              0.577802   data required time
                                             -1.409004   data arrival time
---------------------------------------------------------------------------------------------
                                              0.831202   slack (MET)


Startpoint: _238_ (rising edge-triggered flip-flop clocked by fclk_in)
Endpoint: _238_ (rising edge-triggered flip-flop clocked by fclk_in)
Path Group: fclk_in
Path Type: min

Fanout         Cap        Slew       Delay        Time   Description
---------------------------------------------------------------------------------------------
                                  0.000000    0.000000   clock fclk_in (rise edge)
                                  0.000000    0.000000   clock source latency
     2    0.043131    0.089711    0.056620    0.056620 ^ fclk_in (in)
                                                         fclk_in (net)
                      0.090013    0.000000    0.056620 ^ clkbuf_regs_0_fclk_in/A (sg13g2_buf_16)
     1    0.017146    0.030751    0.128396    0.185016 ^ clkbuf_regs_0_fclk_in/X (sg13g2_buf_16)
                                                         fclk_in_regs (net)
                      0.030755    0.000749    0.185766 ^ clkbuf_0_fclk_in_regs/A (sg13g2_buf_16)
     2    0.035609    0.035143    0.100225    0.285991 ^ clkbuf_0_fclk_in_regs/X (sg13g2_buf_16)
                                                         clknet_0_fclk_in_regs (net)
                      0.035157    0.001497    0.287488 ^ clkbuf_1_1__f_fclk_in_regs/A (sg13g2_buf_16)
     3    0.012518    0.027157    0.095921    0.383409 ^ clkbuf_1_1__f_fclk_in_regs/X (sg13g2_buf_16)
                                                         clknet_1_1__leaf_fclk_in_regs (net)
                      0.027157    0.000669    0.384079 ^ _238_/CLK (sg13g2_dfrbpq_1)
     1    0.002724    0.030879    0.252479    0.636558 v _238_/Q (sg13g2_dfrbpq_1)
                                                         cnt[3] (net)
                      0.030879    0.000178    0.636736 v hold44/A (sg13g2_dlygate4sd3_1)
     3    0.013513    0.111375    0.645641    1.282377 v hold44/X (sg13g2_dlygate4sd3_1)
                                                         net44 (net)
                      0.111379    0.000804    1.283181 v _112_/A (sg13g2_and2_1)
     1    0.002703    0.032934    0.136174    1.419355 v _112_/X (sg13g2_and2_1)
                                                         _064_ (net)
                      0.032934    0.000153    1.419508 v _238_/D (sg13g2_dfrbpq_1)
                                              1.419508   data arrival time

                                  0.000000    0.000000   clock fclk_in (rise edge)
                                  0.000000    0.000000   clock source latency
     2    0.043131    0.089711    0.056620    0.056620 ^ fclk_in (in)
                                                         fclk_in (net)
                      0.090013    0.000000    0.056620 ^ clkbuf_regs_0_fclk_in/A (sg13g2_buf_16)
     1    0.017146    0.030751    0.128396    0.185016 ^ clkbuf_regs_0_fclk_in/X (sg13g2_buf_16)
                                                         fclk_in_regs (net)
                      0.030755    0.000749    0.185766 ^ clkbuf_0_fclk_in_regs/A (sg13g2_buf_16)
     2    0.035609    0.035143    0.100225    0.285991 ^ clkbuf_0_fclk_in_regs/X (sg13g2_buf_16)
                                                         clknet_0_fclk_in_regs (net)
                      0.035157    0.001497    0.287488 ^ clkbuf_1_1__f_fclk_in_regs/A (sg13g2_buf_16)
     3    0.012518    0.027157    0.095921    0.383409 ^ clkbuf_1_1__f_fclk_in_regs/X (sg13g2_buf_16)
                                                         clknet_1_1__leaf_fclk_in_regs (net)
                      0.027157    0.000669    0.384079 ^ _238_/CLK (sg13g2_dfrbpq_1)
                                  0.250000    0.634079   clock uncertainty
                                  0.000000    0.634079   clock reconvergence pessimism
                                 -0.052209    0.581870   library hold time
                                              0.581870   data required time
---------------------------------------------------------------------------------------------
                                              0.581870   data required time
                                             -1.419508   data arrival time
---------------------------------------------------------------------------------------------
                                              0.837638   slack (MET)


Startpoint: _235_ (rising edge-triggered flip-flop clocked by fclk_in)
Endpoint: _239_ (rising edge-triggered flip-flop clocked by fclk_in)
Path Group: fclk_in
Path Type: min

Fanout         Cap        Slew       Delay        Time   Description
---------------------------------------------------------------------------------------------
                                  0.000000    0.000000   clock fclk_in (rise edge)
                                  0.000000    0.000000   clock source latency
     2    0.043131    0.089711    0.056620    0.056620 ^ fclk_in (in)
                                                         fclk_in (net)
                      0.090013    0.000000    0.056620 ^ clkbuf_regs_0_fclk_in/A (sg13g2_buf_16)
     1    0.017146    0.030751    0.128396    0.185016 ^ clkbuf_regs_0_fclk_in/X (sg13g2_buf_16)
                                                         fclk_in_regs (net)
                      0.030755    0.000749    0.185766 ^ clkbuf_0_fclk_in_regs/A (sg13g2_buf_16)
     2    0.035609    0.035143    0.100225    0.285991 ^ clkbuf_0_fclk_in_regs/X (sg13g2_buf_16)
                                                         clknet_0_fclk_in_regs (net)
                      0.035157    0.001483    0.287474 ^ clkbuf_1_0__f_fclk_in_regs/A (sg13g2_buf_16)
     3    0.011457    0.026770    0.095604    0.383078 ^ clkbuf_1_0__f_fclk_in_regs/X (sg13g2_buf_16)
                                                         clknet_1_0__leaf_fclk_in_regs (net)
                      0.026770    0.000612    0.383690 ^ _235_/CLK (sg13g2_dfrbpq_1)
     2    0.006472    0.047574    0.267277    0.650966 v _235_/Q (sg13g2_dfrbpq_1)
                                                         cnt[0] (net)
                      0.047574    0.000294    0.651260 v _111_/D (sg13g2_nand4_1)
     2    0.006806    0.079872    0.090107    0.741367 ^ _111_/Y (sg13g2_nand4_1)
                                                         _070_ (net)
                      0.079873    0.000459    0.741826 ^ _117_/C (sg13g2_nor3_1)
     1    0.003432    0.042548    0.068508    0.810334 v _117_/Y (sg13g2_nor3_1)
                                                         _000_ (net)
                      0.042548    0.000206    0.810539 v hold45/A (sg13g2_dlygate4sd3_1)
     2    0.004632    0.066341    0.603023    1.413563 v hold45/X (sg13g2_dlygate4sd3_1)
                                                         net45 (net)
                      0.066341    0.000123    1.413686 v _239_/D (sg13g2_dfrbpq_1)
                                              1.413686   data arrival time

                                  0.000000    0.000000   clock fclk_in (rise edge)
                                  0.000000    0.000000   clock source latency
     2    0.043131    0.089711    0.056620    0.056620 ^ fclk_in (in)
                                                         fclk_in (net)
                      0.090013    0.000000    0.056620 ^ clkbuf_regs_0_fclk_in/A (sg13g2_buf_16)
     1    0.017146    0.030751    0.128396    0.185016 ^ clkbuf_regs_0_fclk_in/X (sg13g2_buf_16)
                                                         fclk_in_regs (net)
                      0.030755    0.000749    0.185766 ^ clkbuf_0_fclk_in_regs/A (sg13g2_buf_16)
     2    0.035609    0.035143    0.100225    0.285991 ^ clkbuf_0_fclk_in_regs/X (sg13g2_buf_16)
                                                         clknet_0_fclk_in_regs (net)
                      0.035157    0.001497    0.287488 ^ clkbuf_1_1__f_fclk_in_regs/A (sg13g2_buf_16)
     3    0.012518    0.027157    0.095921    0.383409 ^ clkbuf_1_1__f_fclk_in_regs/X (sg13g2_buf_16)
                                                         clknet_1_1__leaf_fclk_in_regs (net)
                      0.027158    0.000713    0.384123 ^ _239_/CLK (sg13g2_dfrbpq_1)
                                  0.250000    0.634123   clock uncertainty
                                  0.000000    0.634123   clock reconvergence pessimism
                                 -0.065662    0.568460   library hold time
                                              0.568460   data required time
---------------------------------------------------------------------------------------------
                                              0.568460   data required time
                                             -1.413686   data arrival time
---------------------------------------------------------------------------------------------
                                              0.845226   slack (MET)


Startpoint: _238_ (rising edge-triggered flip-flop clocked by fclk_in)
Endpoint: _234_ (rising edge-triggered flip-flop clocked by fclk_in)
Path Group: fclk_in
Path Type: min

Fanout         Cap        Slew       Delay        Time   Description
---------------------------------------------------------------------------------------------
                                  0.000000    0.000000   clock fclk_in (rise edge)
                                  0.000000    0.000000   clock source latency
     2    0.043131    0.089711    0.056620    0.056620 ^ fclk_in (in)
                                                         fclk_in (net)
                      0.090013    0.000000    0.056620 ^ clkbuf_regs_0_fclk_in/A (sg13g2_buf_16)
     1    0.017146    0.030751    0.128396    0.185016 ^ clkbuf_regs_0_fclk_in/X (sg13g2_buf_16)
                                                         fclk_in_regs (net)
                      0.030755    0.000749    0.185766 ^ clkbuf_0_fclk_in_regs/A (sg13g2_buf_16)
     2    0.035609    0.035143    0.100225    0.285991 ^ clkbuf_0_fclk_in_regs/X (sg13g2_buf_16)
                                                         clknet_0_fclk_in_regs (net)
                      0.035157    0.001497    0.287488 ^ clkbuf_1_1__f_fclk_in_regs/A (sg13g2_buf_16)
     3    0.012518    0.027157    0.095921    0.383409 ^ clkbuf_1_1__f_fclk_in_regs/X (sg13g2_buf_16)
                                                         clknet_1_1__leaf_fclk_in_regs (net)
                      0.027157    0.000669    0.384079 ^ _238_/CLK (sg13g2_dfrbpq_1)
     1    0.002690    0.035848    0.254185    0.638263 ^ _238_/Q (sg13g2_dfrbpq_1)
                                                         cnt[3] (net)
                      0.035848    0.000175    0.638438 ^ hold44/A (sg13g2_dlygate4sd3_1)
     3    0.013735    0.118537    0.618796    1.257234 ^ hold44/X (sg13g2_dlygate4sd3_1)
                                                         net44 (net)
                      0.118539    0.000758    1.257992 ^ _118_/A1 (sg13g2_o21ai_1)
     1    0.004194    0.064597    0.134975    1.392967 v _118_/Y (sg13g2_o21ai_1)
                                                         _072_ (net)
                      0.064599    0.000252    1.393219 v _119_/B_N (sg13g2_nor2b_1)
     1    0.002926    0.035041    0.118573    1.511791 v _119_/Y (sg13g2_nor2b_1)
                                                         _060_ (net)
                      0.035042    0.000110    1.511902 v _234_/D (sg13g2_dfrbpq_1)
                                              1.511902   data arrival time

                                  0.000000    0.000000   clock fclk_in (rise edge)
                                  0.000000    0.000000   clock source latency
     2    0.043131    0.089711    0.056620    0.056620 ^ fclk_in (in)
                                                         fclk_in (net)
                      0.090013    0.000000    0.056620 ^ clkbuf_regs_0_fclk_in/A (sg13g2_buf_16)
     1    0.017146    0.030751    0.128396    0.185016 ^ clkbuf_regs_0_fclk_in/X (sg13g2_buf_16)
                                                         fclk_in_regs (net)
                      0.030755    0.000749    0.185766 ^ clkbuf_0_fclk_in_regs/A (sg13g2_buf_16)
     2    0.035609    0.035143    0.100225    0.285991 ^ clkbuf_0_fclk_in_regs/X (sg13g2_buf_16)
                                                         clknet_0_fclk_in_regs (net)
                      0.035157    0.001497    0.287488 ^ clkbuf_1_1__f_fclk_in_regs/A (sg13g2_buf_16)
     3    0.012518    0.027157    0.095921    0.383409 ^ clkbuf_1_1__f_fclk_in_regs/X (sg13g2_buf_16)
                                                         clknet_1_1__leaf_fclk_in_regs (net)
                      0.027158    0.000706    0.384115 ^ _234_/CLK (sg13g2_dfrbpq_1)
                                  0.250000    0.634115   clock uncertainty
                                  0.000000    0.634115   clock reconvergence pessimism
                                 -0.053058    0.581057   library hold time
                                              0.581057   data required time
---------------------------------------------------------------------------------------------
                                              0.581057   data required time
                                             -1.511902   data arrival time
---------------------------------------------------------------------------------------------
                                              0.930845   slack (MET)


Startpoint: _236_ (rising edge-triggered flip-flop clocked by fclk_in)
Endpoint: _236_ (rising edge-triggered flip-flop clocked by fclk_in)
Path Group: fclk_in
Path Type: min

Fanout         Cap        Slew       Delay        Time   Description
---------------------------------------------------------------------------------------------
                                  0.000000    0.000000   clock fclk_in (rise edge)
                                  0.000000    0.000000   clock source latency
     2    0.043131    0.089711    0.056620    0.056620 ^ fclk_in (in)
                                                         fclk_in (net)
                      0.090013    0.000000    0.056620 ^ clkbuf_regs_0_fclk_in/A (sg13g2_buf_16)
     1    0.017146    0.030751    0.128396    0.185016 ^ clkbuf_regs_0_fclk_in/X (sg13g2_buf_16)
                                                         fclk_in_regs (net)
                      0.030755    0.000749    0.185766 ^ clkbuf_0_fclk_in_regs/A (sg13g2_buf_16)
     2    0.035609    0.035143    0.100225    0.285991 ^ clkbuf_0_fclk_in_regs/X (sg13g2_buf_16)
                                                         clknet_0_fclk_in_regs (net)
                      0.035157    0.001483    0.287474 ^ clkbuf_1_0__f_fclk_in_regs/A (sg13g2_buf_16)
     3    0.011457    0.026770    0.095604    0.383078 ^ clkbuf_1_0__f_fclk_in_regs/X (sg13g2_buf_16)
                                                         clknet_1_0__leaf_fclk_in_regs (net)
                      0.026770    0.000596    0.383674 ^ _236_/CLK (sg13g2_dfrbpq_1)
     1    0.002194    0.028565    0.250141    0.633815 v _236_/Q (sg13g2_dfrbpq_1)
                                                         cnt[1] (net)
                      0.028565    0.000140    0.633955 v hold48/A (sg13g2_dlygate4sd3_1)
     3    0.013044    0.108536    0.642105    1.276060 v hold48/X (sg13g2_dlygate4sd3_1)
                                                         net48 (net)
                      0.108536    0.000350    1.276410 v _114_/B1 (sg13g2_a21o_1)
     1    0.002567    0.035814    0.147484    1.423894 v _114_/X (sg13g2_a21o_1)
                                                         _071_ (net)
                      0.035814    0.000101    1.423995 v _115_/B (sg13g2_and2_1)
     1    0.002258    0.030303    0.105605    1.529600 v _115_/X (sg13g2_and2_1)
                                                         _062_ (net)
                      0.030303    0.000080    1.529680 v _236_/D (sg13g2_dfrbpq_1)
                                              1.529680   data arrival time

                                  0.000000    0.000000   clock fclk_in (rise edge)
                                  0.000000    0.000000   clock source latency
     2    0.043131    0.089711    0.056620    0.056620 ^ fclk_in (in)
                                                         fclk_in (net)
                      0.090013    0.000000    0.056620 ^ clkbuf_regs_0_fclk_in/A (sg13g2_buf_16)
     1    0.017146    0.030751    0.128396    0.185016 ^ clkbuf_regs_0_fclk_in/X (sg13g2_buf_16)
                                                         fclk_in_regs (net)
                      0.030755    0.000749    0.185766 ^ clkbuf_0_fclk_in_regs/A (sg13g2_buf_16)
     2    0.035609    0.035143    0.100225    0.285991 ^ clkbuf_0_fclk_in_regs/X (sg13g2_buf_16)
                                                         clknet_0_fclk_in_regs (net)
                      0.035157    0.001483    0.287474 ^ clkbuf_1_0__f_fclk_in_regs/A (sg13g2_buf_16)
     3    0.011457    0.026770    0.095604    0.383078 ^ clkbuf_1_0__f_fclk_in_regs/X (sg13g2_buf_16)
                                                         clknet_1_0__leaf_fclk_in_regs (net)
                      0.026770    0.000596    0.383674 ^ _236_/CLK (sg13g2_dfrbpq_1)
                                  0.250000    0.633674   clock uncertainty
                                  0.000000    0.633674   clock reconvergence pessimism
                                 -0.051261    0.582413   library hold time
                                              0.582413   data required time
---------------------------------------------------------------------------------------------
                                              0.582413   data required time
                                             -1.529680   data arrival time
---------------------------------------------------------------------------------------------
                                              0.947268   slack (MET)


Startpoint: _237_ (rising edge-triggered flip-flop clocked by fclk_in)
Endpoint: _237_ (rising edge-triggered flip-flop clocked by fclk_in)
Path Group: fclk_in
Path Type: min

Fanout         Cap        Slew       Delay        Time   Description
---------------------------------------------------------------------------------------------
                                  0.000000    0.000000   clock fclk_in (rise edge)
                                  0.000000    0.000000   clock source latency
     2    0.043131    0.089711    0.056620    0.056620 ^ fclk_in (in)
                                                         fclk_in (net)
                      0.090013    0.000000    0.056620 ^ clkbuf_regs_0_fclk_in/A (sg13g2_buf_16)
     1    0.017146    0.030751    0.128396    0.185016 ^ clkbuf_regs_0_fclk_in/X (sg13g2_buf_16)
                                                         fclk_in_regs (net)
                      0.030755    0.000749    0.185766 ^ clkbuf_0_fclk_in_regs/A (sg13g2_buf_16)
     2    0.035609    0.035143    0.100225    0.285991 ^ clkbuf_0_fclk_in_regs/X (sg13g2_buf_16)
                                                         clknet_0_fclk_in_regs (net)
                      0.035157    0.001483    0.287474 ^ clkbuf_1_0__f_fclk_in_regs/A (sg13g2_buf_16)
     3    0.011457    0.026770    0.095604    0.383078 ^ clkbuf_1_0__f_fclk_in_regs/X (sg13g2_buf_16)
                                                         clknet_1_0__leaf_fclk_in_regs (net)
                      0.026770    0.000651    0.383729 ^ _237_/CLK (sg13g2_dfrbpq_1)
     1    0.002251    0.033432    0.251978    0.635706 ^ _237_/Q (sg13g2_dfrbpq_1)
                                                         cnt[2] (net)
                      0.033432    0.000141    0.635847 ^ hold46/A (sg13g2_dlygate4sd3_1)
     2    0.011747    0.106324    0.606377    1.242224 ^ hold46/X (sg13g2_dlygate4sd3_1)
                                                         net46 (net)
                      0.106328    0.000804    1.243028 ^ _113_/A (sg13g2_xnor2_1)
     1    0.003554    0.059226    0.130912    1.373941 v _113_/Y (sg13g2_xnor2_1)
                                                         _063_ (net)
                      0.059226    0.000206    1.374146 v hold47/A (sg13g2_dlygate4sd3_1)
     1    0.001784    0.053744    0.596402    1.970549 v hold47/X (sg13g2_dlygate4sd3_1)
                                                         net47 (net)
                      0.053744    0.000066    1.970615 v _237_/D (sg13g2_dfrbpq_1)
                                              1.970615   data arrival time

                                  0.000000    0.000000   clock fclk_in (rise edge)
                                  0.000000    0.000000   clock source latency
     2    0.043131    0.089711    0.056620    0.056620 ^ fclk_in (in)
                                                         fclk_in (net)
                      0.090013    0.000000    0.056620 ^ clkbuf_regs_0_fclk_in/A (sg13g2_buf_16)
     1    0.017146    0.030751    0.128396    0.185016 ^ clkbuf_regs_0_fclk_in/X (sg13g2_buf_16)
                                                         fclk_in_regs (net)
                      0.030755    0.000749    0.185766 ^ clkbuf_0_fclk_in_regs/A (sg13g2_buf_16)
     2    0.035609    0.035143    0.100225    0.285991 ^ clkbuf_0_fclk_in_regs/X (sg13g2_buf_16)
                                                         clknet_0_fclk_in_regs (net)
                      0.035157    0.001483    0.287474 ^ clkbuf_1_0__f_fclk_in_regs/A (sg13g2_buf_16)
     3    0.011457    0.026770    0.095604    0.383078 ^ clkbuf_1_0__f_fclk_in_regs/X (sg13g2_buf_16)
                                                         clknet_1_0__leaf_fclk_in_regs (net)
                      0.026770    0.000651    0.383729 ^ _237_/CLK (sg13g2_dfrbpq_1)
                                  0.250000    0.633729   clock uncertainty
                                  0.000000    0.633729   clock reconvergence pessimism
                                 -0.060701    0.573027   library hold time
                                              0.573027   data required time
---------------------------------------------------------------------------------------------
                                              0.573027   data required time
                                             -1.970615   data arrival time
---------------------------------------------------------------------------------------------
                                              1.397588   slack (MET)


Startpoint: rst (input port clocked by fclk_in)
Endpoint: _238_ (removal check against rising-edge clock fclk_in)
Path Group: asynchronous
Path Type: min

Fanout         Cap        Slew       Delay        Time   Description
---------------------------------------------------------------------------------------------
                                  0.000000    0.000000   clock fclk_in (rise edge)
                                  0.000000    0.000000   clock network delay (propagated)
                                 12.500000   12.500000 v input external delay
     1    0.004379    0.029144    0.005107   12.505107 v rst (in)
                                                         rst (net)
                      0.029144    0.000000   12.505107 v input5/A (sg13g2_buf_1)
     1    0.005010    0.040880    0.099486   12.604592 v input5/X (sg13g2_buf_1)
                                                         net5 (net)
                      0.040882    0.000316   12.604909 v fanout39/A (sg13g2_buf_1)
     4    0.025545    0.139948    0.186078   12.790986 v fanout39/X (sg13g2_buf_1)
                                                         net39 (net)
                      0.140016    0.001590   12.792576 v fanout36/A (sg13g2_buf_1)
     4    0.020649    0.119425    0.213477   13.006054 v fanout36/X (sg13g2_buf_1)
                                                         net36 (net)
                      0.119441    0.001378   13.007431 v _206_/A (sg13g2_inv_1)
     1    0.006436    0.067472    0.090327   13.097758 ^ _206_/Y (sg13g2_inv_1)
                                                         _032_ (net)
                      0.067474    0.000457   13.098215 ^ _238_/RESET_B (sg13g2_dfrbpq_1)
                                             13.098215   data arrival time

                                  0.000000    0.000000   clock fclk_in (rise edge)
                                  0.000000    0.000000   clock source latency
     2    0.043131    0.089711    0.056620    0.056620 ^ fclk_in (in)
                                                         fclk_in (net)
                      0.090013    0.000000    0.056620 ^ clkbuf_regs_0_fclk_in/A (sg13g2_buf_16)
     1    0.017146    0.030751    0.128396    0.185016 ^ clkbuf_regs_0_fclk_in/X (sg13g2_buf_16)
                                                         fclk_in_regs (net)
                      0.030755    0.000749    0.185766 ^ clkbuf_0_fclk_in_regs/A (sg13g2_buf_16)
     2    0.035609    0.035143    0.100225    0.285991 ^ clkbuf_0_fclk_in_regs/X (sg13g2_buf_16)
                                                         clknet_0_fclk_in_regs (net)
                      0.035157    0.001497    0.287488 ^ clkbuf_1_1__f_fclk_in_regs/A (sg13g2_buf_16)
     3    0.012518    0.027157    0.095921    0.383409 ^ clkbuf_1_1__f_fclk_in_regs/X (sg13g2_buf_16)
                                                         clknet_1_1__leaf_fclk_in_regs (net)
                      0.027157    0.000669    0.384079 ^ _238_/CLK (sg13g2_dfrbpq_1)
                                  0.250000    0.634079   clock uncertainty
                                  0.000000    0.634079   clock reconvergence pessimism
                                 -0.183755    0.450324   library removal time
                                              0.450324   data required time
---------------------------------------------------------------------------------------------
                                              0.450324   data required time
                                            -13.098215   data arrival time
---------------------------------------------------------------------------------------------
                                             12.647892   slack (MET)


Startpoint: rst (input port clocked by fclk_in)
Endpoint: _239_ (removal check against rising-edge clock fclk_in)
Path Group: asynchronous
Path Type: min

Fanout         Cap        Slew       Delay        Time   Description
---------------------------------------------------------------------------------------------
                                  0.000000    0.000000   clock fclk_in (rise edge)
                                  0.000000    0.000000   clock network delay (propagated)
                                 12.500000   12.500000 v input external delay
     1    0.004379    0.029144    0.005107   12.505107 v rst (in)
                                                         rst (net)
                      0.029144    0.000000   12.505107 v input5/A (sg13g2_buf_1)
     1    0.005010    0.040880    0.099486   12.604592 v input5/X (sg13g2_buf_1)
                                                         net5 (net)
                      0.040882    0.000316   12.604909 v fanout39/A (sg13g2_buf_1)
     4    0.025545    0.139948    0.186078   12.790986 v fanout39/X (sg13g2_buf_1)
                                                         net39 (net)
                      0.140016    0.001590   12.792576 v fanout36/A (sg13g2_buf_1)
     4    0.020649    0.119425    0.213477   13.006054 v fanout36/X (sg13g2_buf_1)
                                                         net36 (net)
                      0.119444    0.001512   13.007565 v _207_/A (sg13g2_inv_1)
     1    0.006693    0.068864    0.091757   13.099322 ^ _207_/Y (sg13g2_inv_1)
                                                         _033_ (net)
                      0.068866    0.000469   13.099791 ^ _239_/RESET_B (sg13g2_dfrbpq_1)
                                             13.099791   data arrival time

                                  0.000000    0.000000   clock fclk_in (rise edge)
                                  0.000000    0.000000   clock source latency
     2    0.043131    0.089711    0.056620    0.056620 ^ fclk_in (in)
                                                         fclk_in (net)
                      0.090013    0.000000    0.056620 ^ clkbuf_regs_0_fclk_in/A (sg13g2_buf_16)
     1    0.017146    0.030751    0.128396    0.185016 ^ clkbuf_regs_0_fclk_in/X (sg13g2_buf_16)
                                                         fclk_in_regs (net)
                      0.030755    0.000749    0.185766 ^ clkbuf_0_fclk_in_regs/A (sg13g2_buf_16)
     2    0.035609    0.035143    0.100225    0.285991 ^ clkbuf_0_fclk_in_regs/X (sg13g2_buf_16)
                                                         clknet_0_fclk_in_regs (net)
                      0.035157    0.001497    0.287488 ^ clkbuf_1_1__f_fclk_in_regs/A (sg13g2_buf_16)
     3    0.012518    0.027157    0.095921    0.383409 ^ clkbuf_1_1__f_fclk_in_regs/X (sg13g2_buf_16)
                                                         clknet_1_1__leaf_fclk_in_regs (net)
                      0.027158    0.000713    0.384123 ^ _239_/CLK (sg13g2_dfrbpq_1)
                                  0.250000    0.634123   clock uncertainty
                                  0.000000    0.634123   clock reconvergence pessimism
                                 -0.184294    0.449829   library removal time
                                              0.449829   data required time
---------------------------------------------------------------------------------------------
                                              0.449829   data required time
                                            -13.099791   data arrival time
---------------------------------------------------------------------------------------------
                                             12.649962   slack (MET)


Startpoint: rst (input port clocked by fclk_in)
Endpoint: _237_ (removal check against rising-edge clock fclk_in)
Path Group: asynchronous
Path Type: min

Fanout         Cap        Slew       Delay        Time   Description
---------------------------------------------------------------------------------------------
                                  0.000000    0.000000   clock fclk_in (rise edge)
                                  0.000000    0.000000   clock network delay (propagated)
                                 12.500000   12.500000 v input external delay
     1    0.004379    0.029144    0.005107   12.505107 v rst (in)
                                                         rst (net)
                      0.029144    0.000000   12.505107 v input5/A (sg13g2_buf_1)
     1    0.005010    0.040880    0.099486   12.604592 v input5/X (sg13g2_buf_1)
                                                         net5 (net)
                      0.040882    0.000316   12.604909 v fanout39/A (sg13g2_buf_1)
     4    0.025545    0.139948    0.186078   12.790986 v fanout39/X (sg13g2_buf_1)
                                                         net39 (net)
                      0.140016    0.001590   12.792576 v fanout36/A (sg13g2_buf_1)
     4    0.020649    0.119425    0.213477   13.006054 v fanout36/X (sg13g2_buf_1)
                                                         net36 (net)
                      0.119425    0.000280   13.006333 v _205_/A (sg13g2_inv_1)
     1    0.007019    0.070698    0.093552   13.099885 ^ _205_/Y (sg13g2_inv_1)
                                                         _031_ (net)
                      0.070700    0.000489   13.100374 ^ _237_/RESET_B (sg13g2_dfrbpq_1)
                                             13.100374   data arrival time

                                  0.000000    0.000000   clock fclk_in (rise edge)
                                  0.000000    0.000000   clock source latency
     2    0.043131    0.089711    0.056620    0.056620 ^ fclk_in (in)
                                                         fclk_in (net)
                      0.090013    0.000000    0.056620 ^ clkbuf_regs_0_fclk_in/A (sg13g2_buf_16)
     1    0.017146    0.030751    0.128396    0.185016 ^ clkbuf_regs_0_fclk_in/X (sg13g2_buf_16)
                                                         fclk_in_regs (net)
                      0.030755    0.000749    0.185766 ^ clkbuf_0_fclk_in_regs/A (sg13g2_buf_16)
     2    0.035609    0.035143    0.100225    0.285991 ^ clkbuf_0_fclk_in_regs/X (sg13g2_buf_16)
                                                         clknet_0_fclk_in_regs (net)
                      0.035157    0.001483    0.287474 ^ clkbuf_1_0__f_fclk_in_regs/A (sg13g2_buf_16)
     3    0.011457    0.026770    0.095604    0.383078 ^ clkbuf_1_0__f_fclk_in_regs/X (sg13g2_buf_16)
                                                         clknet_1_0__leaf_fclk_in_regs (net)
                      0.026770    0.000651    0.383729 ^ _237_/CLK (sg13g2_dfrbpq_1)
                                  0.250000    0.633729   clock uncertainty
                                  0.000000    0.633729   clock reconvergence pessimism
                                 -0.185070    0.448659   library removal time
                                              0.448659   data required time
---------------------------------------------------------------------------------------------
                                              0.448659   data required time
                                            -13.100374   data arrival time
---------------------------------------------------------------------------------------------
                                             12.651715   slack (MET)


Startpoint: rst (input port clocked by fclk_in)
Endpoint: _234_ (removal check against rising-edge clock fclk_in)
Path Group: asynchronous
Path Type: min

Fanout         Cap        Slew       Delay        Time   Description
---------------------------------------------------------------------------------------------
                                  0.000000    0.000000   clock fclk_in (rise edge)
                                  0.000000    0.000000   clock network delay (propagated)
                                 12.500000   12.500000 v input external delay
     1    0.004379    0.029144    0.005107   12.505107 v rst (in)
                                                         rst (net)
                      0.029144    0.000000   12.505107 v input5/A (sg13g2_buf_1)
     1    0.005010    0.040880    0.099486   12.604592 v input5/X (sg13g2_buf_1)
                                                         net5 (net)
                      0.040882    0.000316   12.604909 v fanout39/A (sg13g2_buf_1)
     4    0.025545    0.139948    0.186078   12.790986 v fanout39/X (sg13g2_buf_1)
                                                         net39 (net)
                      0.140016    0.001590   12.792576 v fanout36/A (sg13g2_buf_1)
     4    0.020649    0.119425    0.213477   13.006054 v fanout36/X (sg13g2_buf_1)
                                                         net36 (net)
                      0.119434    0.001102   13.007155 v _202_/A (sg13g2_inv_1)
     1    0.007670    0.074327    0.097145   13.104301 ^ _202_/Y (sg13g2_inv_1)
                                                         _028_ (net)
                      0.074360    0.000520   13.104820 ^ _234_/RESET_B (sg13g2_dfrbpq_1)
                                             13.104820   data arrival time

                                  0.000000    0.000000   clock fclk_in (rise edge)
                                  0.000000    0.000000   clock source latency
     2    0.043131    0.089711    0.056620    0.056620 ^ fclk_in (in)
                                                         fclk_in (net)
                      0.090013    0.000000    0.056620 ^ clkbuf_regs_0_fclk_in/A (sg13g2_buf_16)
     1    0.017146    0.030751    0.128396    0.185016 ^ clkbuf_regs_0_fclk_in/X (sg13g2_buf_16)
                                                         fclk_in_regs (net)
                      0.030755    0.000749    0.185766 ^ clkbuf_0_fclk_in_regs/A (sg13g2_buf_16)
     2    0.035609    0.035143    0.100225    0.285991 ^ clkbuf_0_fclk_in_regs/X (sg13g2_buf_16)
                                                         clknet_0_fclk_in_regs (net)
                      0.035157    0.001497    0.287488 ^ clkbuf_1_1__f_fclk_in_regs/A (sg13g2_buf_16)
     3    0.012518    0.027157    0.095921    0.383409 ^ clkbuf_1_1__f_fclk_in_regs/X (sg13g2_buf_16)
                                                         clknet_1_1__leaf_fclk_in_regs (net)
                      0.027158    0.000706    0.384115 ^ _234_/CLK (sg13g2_dfrbpq_1)
                                  0.250000    0.634115   clock uncertainty
                                  0.000000    0.634115   clock reconvergence pessimism
                                 -0.186421    0.447694   library removal time
                                              0.447694   data required time
---------------------------------------------------------------------------------------------
                                              0.447694   data required time
                                            -13.104820   data arrival time
---------------------------------------------------------------------------------------------
                                             12.657126   slack (MET)


Startpoint: fclk_in (clock source 'fclk_in')
Endpoint: fclk_comp (output port clocked by fclk_in)
Path Group: fclk_in
Path Type: min

Fanout         Cap        Slew       Delay        Time   Description
---------------------------------------------------------------------------------------------
                                  0.000000    0.000000   clock fclk_in (rise edge)
                                  0.000000    0.000000   clock source latency
     2    0.043131    0.089711    0.056782    0.056782 ^ fclk_in (in)
                                                         fclk_in (net)
                      0.090037    0.000000    0.056782 ^ clkbuf_0_fclk_in/A (sg13g2_buf_16)
     1    0.017486    0.030872    0.128510    0.185292 ^ clkbuf_0_fclk_in/X (sg13g2_buf_16)
                                                         clknet_0_fclk_in (net)
                      0.030877    0.000781    0.186073 ^ clkbuf_1_0__f_fclk_in/A (sg13g2_buf_16)
     1    0.003940    0.023855    0.090917    0.276990 ^ clkbuf_1_0__f_fclk_in/X (sg13g2_buf_16)
                                                         clknet_1_0__leaf_fclk_in (net)
                      0.023855    0.000246    0.277236 ^ _240_/A (sg13g2_buf_1)
     1    0.003303    0.036492    0.087637    0.364873 ^ _240_/X (sg13g2_buf_1)
                                                         net28 (net)
                      0.036493    0.000216    0.365090 ^ output28/A (sg13g2_buf_1)
     1    0.007704    0.062514    0.114340    0.479430 ^ output28/X (sg13g2_buf_1)
                                                         fclk_comp (net)
                      0.062514    0.000206    0.479636 ^ fclk_comp (out)
                                              0.479636   data arrival time

                                  0.000000    0.000000   clock fclk_in (rise edge)
                                  0.000000    0.000000   clock network delay (propagated)
                                  0.250000    0.250000   clock uncertainty
                                  0.000000    0.250000   clock reconvergence pessimism
                                -12.500000  -12.250000   output external delay
                                            -12.250000   data required time
---------------------------------------------------------------------------------------------
                                            -12.250000   data required time
                                             -0.479636   data arrival time
---------------------------------------------------------------------------------------------
                                             12.729635   slack (MET)


Startpoint: _239_ (rising edge-triggered flip-flop clocked by fclk_in)
Endpoint: fdac_clk (output port clocked by fclk_in)
Path Group: fclk_in
Path Type: min

Fanout         Cap        Slew       Delay        Time   Description
---------------------------------------------------------------------------------------------
                                  0.000000    0.000000   clock fclk_in (rise edge)
                                  0.000000    0.000000   clock source latency
     2    0.043131    0.089711    0.056620    0.056620 ^ fclk_in (in)
                                                         fclk_in (net)
                      0.090013    0.000000    0.056620 ^ clkbuf_regs_0_fclk_in/A (sg13g2_buf_16)
     1    0.017146    0.030751    0.128396    0.185016 ^ clkbuf_regs_0_fclk_in/X (sg13g2_buf_16)
                                                         fclk_in_regs (net)
                      0.030755    0.000749    0.185766 ^ clkbuf_0_fclk_in_regs/A (sg13g2_buf_16)
     2    0.035609    0.035143    0.100225    0.285991 ^ clkbuf_0_fclk_in_regs/X (sg13g2_buf_16)
                                                         clknet_0_fclk_in_regs (net)
                      0.035157    0.001497    0.287488 ^ clkbuf_1_1__f_fclk_in_regs/A (sg13g2_buf_16)
     3    0.012518    0.027157    0.095921    0.383409 ^ clkbuf_1_1__f_fclk_in_regs/X (sg13g2_buf_16)
                                                         clknet_1_1__leaf_fclk_in_regs (net)
                      0.027158    0.000713    0.384123 ^ _239_/CLK (sg13g2_dfrbpq_1)
     1    0.004648    0.039243    0.260154    0.644277 v _239_/Q (sg13g2_dfrbpq_1)
                                                         net30 (net)
                      0.039248    0.000310    0.644587 v output30/A (sg13g2_buf_1)
     1    0.009547    0.062679    0.122805    0.767392 v output30/X (sg13g2_buf_1)
                                                         fdac_clk (net)
                      0.062679    0.000300    0.767692 v fdac_clk (out)
                                              0.767692   data arrival time

                                  0.000000    0.000000   clock fclk_in (rise edge)
                                  0.000000    0.000000   clock network delay (propagated)
                                  0.250000    0.250000   clock uncertainty
                                  0.000000    0.250000   clock reconvergence pessimism
                                -12.500000  -12.250000   output external delay
                                            -12.250000   data required time
---------------------------------------------------------------------------------------------
                                            -12.250000   data required time
                                             -0.767692   data arrival time
---------------------------------------------------------------------------------------------
                                             13.017693   slack (MET)


Startpoint: rst (input port clocked by fclk_in)
Endpoint: _235_ (removal check against rising-edge clock fclk_in)
Path Group: asynchronous
Path Type: min

Fanout         Cap        Slew       Delay        Time   Description
---------------------------------------------------------------------------------------------
                                  0.000000    0.000000   clock fclk_in (rise edge)
                                  0.000000    0.000000   clock network delay (propagated)
                                 12.500000   12.500000 v input external delay
     1    0.004379    0.029144    0.005107   12.505107 v rst (in)
                                                         rst (net)
                      0.029144    0.000000   12.505107 v input5/A (sg13g2_buf_1)
     1    0.005010    0.040880    0.099486   12.604592 v input5/X (sg13g2_buf_1)
                                                         net5 (net)
                      0.040882    0.000316   12.604909 v fanout39/A (sg13g2_buf_1)
     4    0.025545    0.139948    0.186078   12.790986 v fanout39/X (sg13g2_buf_1)
                                                         net39 (net)
                      0.140037    0.002131   12.793118 v fanout35/A (sg13g2_buf_1)
     8    0.039036    0.208378    0.282112   13.075230 v fanout35/X (sg13g2_buf_1)
                                                         net35 (net)
                      0.208390    0.001755   13.076984 v fanout34/A (sg13g2_buf_1)
     8    0.034355    0.185769    0.288522   13.365506 v fanout34/X (sg13g2_buf_1)
                                                         net34 (net)
                      0.185791    0.002046   13.367553 v _203_/A (sg13g2_inv_1)
     1    0.005071    0.073442    0.099965   13.467518 ^ _203_/Y (sg13g2_inv_1)
                                                         _029_ (net)
                      0.073442    0.000204   13.467723 ^ _235_/RESET_B (sg13g2_dfrbpq_1)
                                             13.467723   data arrival time

                                  0.000000    0.000000   clock fclk_in (rise edge)
                                  0.000000    0.000000   clock source latency
     2    0.043131    0.089711    0.056620    0.056620 ^ fclk_in (in)
                                                         fclk_in (net)
                      0.090013    0.000000    0.056620 ^ clkbuf_regs_0_fclk_in/A (sg13g2_buf_16)
     1    0.017146    0.030751    0.128396    0.185016 ^ clkbuf_regs_0_fclk_in/X (sg13g2_buf_16)
                                                         fclk_in_regs (net)
                      0.030755    0.000749    0.185766 ^ clkbuf_0_fclk_in_regs/A (sg13g2_buf_16)
     2    0.035609    0.035143    0.100225    0.285991 ^ clkbuf_0_fclk_in_regs/X (sg13g2_buf_16)
                                                         clknet_0_fclk_in_regs (net)
                      0.035157    0.001483    0.287474 ^ clkbuf_1_0__f_fclk_in_regs/A (sg13g2_buf_16)
     3    0.011457    0.026770    0.095604    0.383078 ^ clkbuf_1_0__f_fclk_in_regs/X (sg13g2_buf_16)
                                                         clknet_1_0__leaf_fclk_in_regs (net)
                      0.026770    0.000612    0.383690 ^ _235_/CLK (sg13g2_dfrbpq_1)
                                  0.250000    0.633690   clock uncertainty
                                  0.000000    0.633690   clock reconvergence pessimism
                                 -0.186132    0.447558   library removal time
                                              0.447558   data required time
---------------------------------------------------------------------------------------------
                                              0.447558   data required time
                                            -13.467723   data arrival time
---------------------------------------------------------------------------------------------
                                             13.020164   slack (MET)


Startpoint: rst (input port clocked by fclk_in)
Endpoint: _236_ (removal check against rising-edge clock fclk_in)
Path Group: asynchronous
Path Type: min

Fanout         Cap        Slew       Delay        Time   Description
---------------------------------------------------------------------------------------------
                                  0.000000    0.000000   clock fclk_in (rise edge)
                                  0.000000    0.000000   clock network delay (propagated)
                                 12.500000   12.500000 v input external delay
     1    0.004379    0.029144    0.005107   12.505107 v rst (in)
                                                         rst (net)
                      0.029144    0.000000   12.505107 v input5/A (sg13g2_buf_1)
     1    0.005010    0.040880    0.099486   12.604592 v input5/X (sg13g2_buf_1)
                                                         net5 (net)
                      0.040882    0.000316   12.604909 v fanout39/A (sg13g2_buf_1)
     4    0.025545    0.139948    0.186078   12.790986 v fanout39/X (sg13g2_buf_1)
                                                         net39 (net)
                      0.140037    0.002131   12.793118 v fanout35/A (sg13g2_buf_1)
     8    0.039036    0.208378    0.282112   13.075230 v fanout35/X (sg13g2_buf_1)
                                                         net35 (net)
                      0.208390    0.001755   13.076984 v fanout34/A (sg13g2_buf_1)
     8    0.034355    0.185769    0.288522   13.365506 v fanout34/X (sg13g2_buf_1)
                                                         net34 (net)
                      0.185793    0.002102   13.367609 v _204_/A (sg13g2_inv_1)
     1    0.005462    0.075359    0.102461   13.470070 ^ _204_/Y (sg13g2_inv_1)
                                                         _030_ (net)
                      0.075367    0.000411   13.470481 ^ _236_/RESET_B (sg13g2_dfrbpq_1)
                                             13.470481   data arrival time

                                  0.000000    0.000000   clock fclk_in (rise edge)
                                  0.000000    0.000000   clock source latency
     2    0.043131    0.089711    0.056620    0.056620 ^ fclk_in (in)
                                                         fclk_in (net)
                      0.090013    0.000000    0.056620 ^ clkbuf_regs_0_fclk_in/A (sg13g2_buf_16)
     1    0.017146    0.030751    0.128396    0.185016 ^ clkbuf_regs_0_fclk_in/X (sg13g2_buf_16)
                                                         fclk_in_regs (net)
                      0.030755    0.000749    0.185766 ^ clkbuf_0_fclk_in_regs/A (sg13g2_buf_16)
     2    0.035609    0.035143    0.100225    0.285991 ^ clkbuf_0_fclk_in_regs/X (sg13g2_buf_16)
                                                         clknet_0_fclk_in_regs (net)
                      0.035157    0.001483    0.287474 ^ clkbuf_1_0__f_fclk_in_regs/A (sg13g2_buf_16)
     3    0.011457    0.026770    0.095604    0.383078 ^ clkbuf_1_0__f_fclk_in_regs/X (sg13g2_buf_16)
                                                         clknet_1_0__leaf_fclk_in_regs (net)
                      0.026770    0.000596    0.383674 ^ _236_/CLK (sg13g2_dfrbpq_1)
                                  0.250000    0.633674   clock uncertainty
                                  0.000000    0.633674   clock reconvergence pessimism
                                 -0.186877    0.446797   library removal time
                                              0.446797   data required time
---------------------------------------------------------------------------------------------
                                              0.446797   data required time
                                            -13.470481   data arrival time
---------------------------------------------------------------------------------------------
                                             13.023684   slack (MET)


Startpoint: _234_ (rising edge-triggered flip-flop clocked by fclk_in)
Endpoint: fclk_samp (output port clocked by fclk_in)
Path Group: fclk_in
Path Type: min

Fanout         Cap        Slew       Delay        Time   Description
---------------------------------------------------------------------------------------------
                                  0.000000    0.000000   clock fclk_in (rise edge)
                                  0.000000    0.000000   clock source latency
     2    0.043131    0.089711    0.056620    0.056620 ^ fclk_in (in)
                                                         fclk_in (net)
                      0.090013    0.000000    0.056620 ^ clkbuf_regs_0_fclk_in/A (sg13g2_buf_16)
     1    0.017146    0.030751    0.128396    0.185016 ^ clkbuf_regs_0_fclk_in/X (sg13g2_buf_16)
                                                         fclk_in_regs (net)
                      0.030755    0.000749    0.185766 ^ clkbuf_0_fclk_in_regs/A (sg13g2_buf_16)
     2    0.035609    0.035143    0.100225    0.285991 ^ clkbuf_0_fclk_in_regs/X (sg13g2_buf_16)
                                                         clknet_0_fclk_in_regs (net)
                      0.035157    0.001497    0.287488 ^ clkbuf_1_1__f_fclk_in_regs/A (sg13g2_buf_16)
     3    0.012518    0.027157    0.095921    0.383409 ^ clkbuf_1_1__f_fclk_in_regs/X (sg13g2_buf_16)
                                                         clknet_1_1__leaf_fclk_in_regs (net)
                      0.027158    0.000706    0.384115 ^ _234_/CLK (sg13g2_dfrbpq_1)
     2    0.007316    0.061695    0.275110    0.659225 ^ _234_/Q (sg13g2_dfrbpq_1)
                                                         _001_ (net)
                      0.061696    0.000365    0.659591 ^ hold51/A (sg13g2_dlygate4sd3_1)
     1    0.002859    0.056155    0.573879    1.233470 ^ hold51/X (sg13g2_dlygate4sd3_1)
                                                         net51 (net)
                      0.056155    0.000114    1.233584 ^ _104_/A (sg13g2_inv_1)
     5    0.027251    0.145817    0.149999    1.383583 v _104_/Y (sg13g2_inv_1)
                                                         net29 (net)
                      0.145835    0.001342    1.384925 v output29/A (sg13g2_buf_1)
     1    0.007379    0.054800    0.161981    1.546906 v output29/X (sg13g2_buf_1)
                                                         fclk_samp (net)
                      0.054800    0.000191    1.547097 v fclk_samp (out)
                                              1.547097   data arrival time

                                  0.000000    0.000000   clock fclk_in (rise edge)
                                  0.000000    0.000000   clock network delay (propagated)
                                  0.250000    0.250000   clock uncertainty
                                  0.000000    0.250000   clock reconvergence pessimism
                                -12.500000  -12.250000   output external delay
                                            -12.250000   data required time
---------------------------------------------------------------------------------------------
                                            -12.250000   data required time
                                             -1.547097   data arrival time
---------------------------------------------------------------------------------------------
                                             13.797096   slack (MET)



