
 /----------------------------------------------------------------------------\
 |  yosys -- Yosys Open SYnthesis Suite                                       |
 |  Copyright (C) 2012 - 2025  Claire Xenia Wolf <claire@yosyshq.com>         |
 |  Distributed under an ISC-like license, type "license" to see terms        |
 \----------------------------------------------------------------------------/
 Yosys 0.60 (git sha1 5bafeb77dc71e054fa331ab9efa613e6fb0a1c49, clang++ 21.1.2 -fPIC -O3)

1. Executing Verilog-2005 frontend: /home/designer/shared/SAR_ADC_8BIT_IHP/librelane/sar_algo/runs/RUN_2026-04-03_07-12-32/tmp/88951eee081447a3868cccdef0aab787.bb.v
Parsing SystemVerilog input from `/home/designer/shared/SAR_ADC_8BIT_IHP/librelane/sar_algo/runs/RUN_2026-04-03_07-12-32/tmp/88951eee081447a3868cccdef0aab787.bb.v' to AST representation.
verilog frontend filename /home/designer/shared/SAR_ADC_8BIT_IHP/librelane/sar_algo/runs/RUN_2026-04-03_07-12-32/tmp/88951eee081447a3868cccdef0aab787.bb.v
Generating RTLIL representation for module `\sg13g2_a21o_1'.
Generating RTLIL representation for module `\sg13g2_a21o_2'.
Generating RTLIL representation for module `\sg13g2_a21oi_1'.
Generating RTLIL representation for module `\sg13g2_a21oi_2'.
Generating RTLIL representation for module `\sg13g2_a221oi_1'.
Generating RTLIL representation for module `\sg13g2_a22oi_1'.
Generating RTLIL representation for module `\sg13g2_and2_1'.
Generating RTLIL representation for module `\sg13g2_and2_2'.
Generating RTLIL representation for module `\sg13g2_and3_1'.
Generating RTLIL representation for module `\sg13g2_and3_2'.
Generating RTLIL representation for module `\sg13g2_and4_1'.
Generating RTLIL representation for module `\sg13g2_and4_2'.
Generating RTLIL representation for module `\sg13g2_antennanp'.
Generating RTLIL representation for module `\sg13g2_buf_1'.
Generating RTLIL representation for module `\sg13g2_buf_16'.
Generating RTLIL representation for module `\sg13g2_buf_2'.
Generating RTLIL representation for module `\sg13g2_buf_4'.
Generating RTLIL representation for module `\sg13g2_buf_8'.
Generating RTLIL representation for module `\sg13g2_decap_4'.
Generating RTLIL representation for module `\sg13g2_decap_8'.
Generating RTLIL representation for module `\sg13g2_dfrbp_1'.
Generating RTLIL representation for module `\sg13g2_dfrbp_2'.
Generating RTLIL representation for module `\sg13g2_dfrbpq_1'.
Generating RTLIL representation for module `\sg13g2_dfrbpq_2'.
Generating RTLIL representation for module `\sg13g2_dlhq_1'.
Generating RTLIL representation for module `\sg13g2_dlhr_1'.
Generating RTLIL representation for module `\sg13g2_dlhrq_1'.
Generating RTLIL representation for module `\sg13g2_dllr_1'.
Generating RTLIL representation for module `\sg13g2_dllrq_1'.
Generating RTLIL representation for module `\sg13g2_dlygate4sd1_1'.
Generating RTLIL representation for module `\sg13g2_dlygate4sd2_1'.
Generating RTLIL representation for module `\sg13g2_dlygate4sd3_1'.
Generating RTLIL representation for module `\sg13g2_ebufn_2'.
Generating RTLIL representation for module `\sg13g2_ebufn_4'.
Generating RTLIL representation for module `\sg13g2_ebufn_8'.
Generating RTLIL representation for module `\sg13g2_einvn_2'.
Generating RTLIL representation for module `\sg13g2_einvn_4'.
Generating RTLIL representation for module `\sg13g2_einvn_8'.
Generating RTLIL representation for module `\sg13g2_fill_1'.
Generating RTLIL representation for module `\sg13g2_fill_2'.
Generating RTLIL representation for module `\sg13g2_fill_4'.
Generating RTLIL representation for module `\sg13g2_fill_8'.
Generating RTLIL representation for module `\sg13g2_inv_1'.
Generating RTLIL representation for module `\sg13g2_inv_16'.
Generating RTLIL representation for module `\sg13g2_inv_2'.
Generating RTLIL representation for module `\sg13g2_inv_4'.
Generating RTLIL representation for module `\sg13g2_inv_8'.
Generating RTLIL representation for module `\sg13g2_lgcp_1'.
Generating RTLIL representation for module `\sg13g2_mux2_1'.
Generating RTLIL representation for module `\sg13g2_mux2_2'.
Generating RTLIL representation for module `\sg13g2_mux4_1'.
Generating RTLIL representation for module `\sg13g2_nand2_1'.
Generating RTLIL representation for module `\sg13g2_nand2_2'.
Generating RTLIL representation for module `\sg13g2_nand2b_1'.
Generating RTLIL representation for module `\sg13g2_nand2b_2'.
Generating RTLIL representation for module `\sg13g2_nand3_1'.
Generating RTLIL representation for module `\sg13g2_nand3b_1'.
Generating RTLIL representation for module `\sg13g2_nand4_1'.
Generating RTLIL representation for module `\sg13g2_nor2_1'.
Generating RTLIL representation for module `\sg13g2_nor2_2'.
Generating RTLIL representation for module `\sg13g2_nor2b_1'.
Generating RTLIL representation for module `\sg13g2_nor2b_2'.
Generating RTLIL representation for module `\sg13g2_nor3_1'.
Generating RTLIL representation for module `\sg13g2_nor3_2'.
Generating RTLIL representation for module `\sg13g2_nor4_1'.
Generating RTLIL representation for module `\sg13g2_nor4_2'.
Generating RTLIL representation for module `\sg13g2_o21ai_1'.
Generating RTLIL representation for module `\sg13g2_or2_1'.
Generating RTLIL representation for module `\sg13g2_or2_2'.
Generating RTLIL representation for module `\sg13g2_or3_1'.
Generating RTLIL representation for module `\sg13g2_or3_2'.
Generating RTLIL representation for module `\sg13g2_or4_1'.
Generating RTLIL representation for module `\sg13g2_or4_2'.
Generating RTLIL representation for module `\sg13g2_sdfbbp_1'.
Generating RTLIL representation for module `\sg13g2_sdfrbp_1'.
Generating RTLIL representation for module `\sg13g2_sdfrbp_2'.
Generating RTLIL representation for module `\sg13g2_sdfrbpq_1'.
Generating RTLIL representation for module `\sg13g2_sdfrbpq_2'.
Generating RTLIL representation for module `\sg13g2_sighold'.
Generating RTLIL representation for module `\sg13g2_slgcp_1'.
Generating RTLIL representation for module `\sg13g2_tiehi'.
Generating RTLIL representation for module `\sg13g2_tielo'.
Generating RTLIL representation for module `\sg13g2_xnor2_1'.
Generating RTLIL representation for module `\sg13g2_xor2_1'.
Successfully finished Verilog frontend.

2. Executing Verilog-2005 frontend: /home/designer/shared/SAR_ADC_8BIT_IHP/librelane/sar_algo/runs/RUN_2026-04-03_07-12-32/tmp/0901d2b91aec4451b22c71d74595a97f.bb.v
Parsing SystemVerilog input from `/home/designer/shared/SAR_ADC_8BIT_IHP/librelane/sar_algo/runs/RUN_2026-04-03_07-12-32/tmp/0901d2b91aec4451b22c71d74595a97f.bb.v' to AST representation.
verilog frontend filename /home/designer/shared/SAR_ADC_8BIT_IHP/librelane/sar_algo/runs/RUN_2026-04-03_07-12-32/tmp/0901d2b91aec4451b22c71d74595a97f.bb.v
Generating RTLIL representation for module `\sg13g2_Corner'.
Generating RTLIL representation for module `\sg13g2_Filler1000'.
Generating RTLIL representation for module `\sg13g2_Filler10000'.
Generating RTLIL representation for module `\sg13g2_Filler200'.
Generating RTLIL representation for module `\sg13g2_Filler2000'.
Generating RTLIL representation for module `\sg13g2_Filler400'.
Generating RTLIL representation for module `\sg13g2_Filler4000'.
Generating RTLIL representation for module `\sg13g2_IOPadAnalog'.
Generating RTLIL representation for module `\sg13g2_IOPadIOVdd'.
Generating RTLIL representation for module `\sg13g2_IOPadIOVss'.
Generating RTLIL representation for module `\sg13g2_IOPadIn'.
Generating RTLIL representation for module `\sg13g2_IOPadInOut16mA'.
Generating RTLIL representation for module `\sg13g2_IOPadInOut30mA'.
Generating RTLIL representation for module `\sg13g2_IOPadInOut4mA'.
Generating RTLIL representation for module `\sg13g2_IOPadOut16mA'.
Generating RTLIL representation for module `\sg13g2_IOPadOut30mA'.
Generating RTLIL representation for module `\sg13g2_IOPadOut4mA'.
Generating RTLIL representation for module `\sg13g2_IOPadTriOut16mA'.
Generating RTLIL representation for module `\sg13g2_IOPadTriOut30mA'.
Generating RTLIL representation for module `\sg13g2_IOPadTriOut4mA'.
Generating RTLIL representation for module `\sg13g2_IOPadVdd'.
Generating RTLIL representation for module `\sg13g2_IOPadVss'.
Successfully finished Verilog frontend.
wtaf

3. Executing Verilog-2005 frontend: /home/designer/shared/SAR_ADC_8BIT_IHP/librelane/sar_algo/sar_algo.v
Parsing SystemVerilog input from `/home/designer/shared/SAR_ADC_8BIT_IHP/librelane/sar_algo/sar_algo.v' to AST representation.
verilog frontend filename /home/designer/shared/SAR_ADC_8BIT_IHP/librelane/sar_algo/sar_algo.v
Storing AST representation for module `$abstract\sar_algo'.
Successfully finished Verilog frontend.

4. Executing HIERARCHY pass (managing design hierarchy).

5. Executing AST frontend in derive mode using pre-parsed AST for module `\sar_algo'.
Generating RTLIL representation for module `\sar_algo'.

5.1. Analyzing design hierarchy..
Top module:  \sar_algo

5.2. Analyzing design hierarchy..
Top module:  \sar_algo
Removing unused module `$abstract\sar_algo'.
Removed 1 unused modules.
Renaming module sar_algo to sar_algo.

6. Executing PROC pass (convert processes to netlists).

6.1. Executing PROC_CLEAN pass (remove empty switches from decision trees).
Cleaned up 0 empty switches.

6.2. Executing PROC_RMDEAD pass (remove dead branches from decision trees).
Marked 1 switch rules as full_case in process $proc$/home/designer/shared/SAR_ADC_8BIT_IHP/librelane/sar_algo/sar_algo.v:63$76 in module sar_algo.
Marked 5 switch rules as full_case in process $proc$/home/designer/shared/SAR_ADC_8BIT_IHP/librelane/sar_algo/sar_algo.v:40$12 in module sar_algo.
Marked 2 switch rules as full_case in process $proc$/home/designer/shared/SAR_ADC_8BIT_IHP/librelane/sar_algo/sar_algo.v:21$4 in module sar_algo.
Removed a total of 0 dead cases.

6.3. Executing PROC_PRUNE pass (remove redundant assignments in processes).
Removed 1 redundant assignment.
Promoted 11 assignments to connections.

6.4. Executing PROC_INIT pass (extract init attributes).
Found init rule in `\sar_algo.$proc$/home/designer/shared/SAR_ADC_8BIT_IHP/librelane/sar_algo/sar_algo.v:18$82'.
  Set init value: \counter = 4'0000
Found init rule in `\sar_algo.$proc$/home/designer/shared/SAR_ADC_8BIT_IHP/librelane/sar_algo/sar_algo.v:17$81'.
  Set init value: \cnt = 4'0000

6.5. Executing PROC_ARST pass (detect async resets in processes).
Found async reset \rst in `\sar_algo.$proc$/home/designer/shared/SAR_ADC_8BIT_IHP/librelane/sar_algo/sar_algo.v:63$76'.
Found async reset \rst in `\sar_algo.$proc$/home/designer/shared/SAR_ADC_8BIT_IHP/librelane/sar_algo/sar_algo.v:40$12'.
Found async reset \rst in `\sar_algo.$proc$/home/designer/shared/SAR_ADC_8BIT_IHP/librelane/sar_algo/sar_algo.v:21$4'.

6.6. Executing PROC_ROM pass (convert switches to ROMs).
Converted 0 switches.
<suppressed ~6 debug messages>

6.7. Executing PROC_MUX pass (convert decision trees to multiplexers).
Creating decoders for process `\sar_algo.$proc$/home/designer/shared/SAR_ADC_8BIT_IHP/librelane/sar_algo/sar_algo.v:18$82'.
Creating decoders for process `\sar_algo.$proc$/home/designer/shared/SAR_ADC_8BIT_IHP/librelane/sar_algo/sar_algo.v:17$81'.
Creating decoders for process `\sar_algo.$proc$/home/designer/shared/SAR_ADC_8BIT_IHP/librelane/sar_algo/sar_algo.v:63$76'.
     1/1: $0\fdac_clk[0:0]
Creating decoders for process `\sar_algo.$proc$/home/designer/shared/SAR_ADC_8BIT_IHP/librelane/sar_algo/sar_algo.v:40$12'.
     1/29: $5$lookahead\BN$11[6:0]$57
     2/29: $5$bitselwrite$pos$/home/designer/shared/SAR_ADC_8BIT_IHP/librelane/sar_algo/sar_algo.v:51$3[31:0]$55
     3/29: $5$lookahead\B$10[6:0]$56
     4/29: $5$bitselwrite$pos$/home/designer/shared/SAR_ADC_8BIT_IHP/librelane/sar_algo/sar_algo.v:50$2[31:0]$54
     5/29: $4$lookahead\BN$11[6:0]$44
     6/29: $4$lookahead\B$10[6:0]$43
     7/29: $4$bitselwrite$pos$/home/designer/shared/SAR_ADC_8BIT_IHP/librelane/sar_algo/sar_algo.v:51$3[31:0]$41
     8/29: $4$bitselwrite$pos$/home/designer/shared/SAR_ADC_8BIT_IHP/librelane/sar_algo/sar_algo.v:50$2[31:0]$40
     9/29: $4$lookahead\D$9[7:0]$42
    10/29: $4$bitselwrite$pos$/home/designer/shared/SAR_ADC_8BIT_IHP/librelane/sar_algo/sar_algo.v:47$1[31:0]$39
    11/29: $3$lookahead\BN$11[6:0]$37
    12/29: $3$lookahead\B$10[6:0]$36
    13/29: $3$lookahead\D$9[7:0]$35
    14/29: $3$bitselwrite$pos$/home/designer/shared/SAR_ADC_8BIT_IHP/librelane/sar_algo/sar_algo.v:51$3[31:0]$34
    15/29: $3$bitselwrite$pos$/home/designer/shared/SAR_ADC_8BIT_IHP/librelane/sar_algo/sar_algo.v:50$2[31:0]$33
    16/29: $3$bitselwrite$pos$/home/designer/shared/SAR_ADC_8BIT_IHP/librelane/sar_algo/sar_algo.v:47$1[31:0]$32
    17/29: $2$lookahead\BN$11[6:0]$30
    18/29: $2$lookahead\B$10[6:0]$29
    19/29: $2$lookahead\D$9[7:0]$28
    20/29: $2$bitselwrite$pos$/home/designer/shared/SAR_ADC_8BIT_IHP/librelane/sar_algo/sar_algo.v:51$3[31:0]$27
    21/29: $2$bitselwrite$pos$/home/designer/shared/SAR_ADC_8BIT_IHP/librelane/sar_algo/sar_algo.v:50$2[31:0]$26
    22/29: $2$bitselwrite$pos$/home/designer/shared/SAR_ADC_8BIT_IHP/librelane/sar_algo/sar_algo.v:47$1[31:0]$25
    23/29: $1$lookahead\BN$11[6:0]$24
    24/29: $1$lookahead\B$10[6:0]$23
    25/29: $1$lookahead\D$9[7:0]$22
    26/29: $1$bitselwrite$pos$/home/designer/shared/SAR_ADC_8BIT_IHP/librelane/sar_algo/sar_algo.v:51$3[31:0]$21
    27/29: $1$bitselwrite$pos$/home/designer/shared/SAR_ADC_8BIT_IHP/librelane/sar_algo/sar_algo.v:50$2[31:0]$20
    28/29: $1$bitselwrite$pos$/home/designer/shared/SAR_ADC_8BIT_IHP/librelane/sar_algo/sar_algo.v:47$1[31:0]$19
    29/29: $0\counter[3:0]
Creating decoders for process `\sar_algo.$proc$/home/designer/shared/SAR_ADC_8BIT_IHP/librelane/sar_algo/sar_algo.v:21$4'.
     1/2: $0\cnt[3:0]
     2/2: $0\fclk_samp[0:0]

6.8. Executing PROC_DLATCH pass (convert process syncs to latches).

6.9. Executing PROC_DFF pass (convert process syncs to FFs).
Creating register for signal `\sar_algo.\fdac_clk' using process `\sar_algo.$proc$/home/designer/shared/SAR_ADC_8BIT_IHP/librelane/sar_algo/sar_algo.v:63$76'.
  created $adff cell `$procdff$260' with positive edge clock and positive level reset.
Creating register for signal `\sar_algo.\B' using process `\sar_algo.$proc$/home/designer/shared/SAR_ADC_8BIT_IHP/librelane/sar_algo/sar_algo.v:40$12'.
  created $adff cell `$procdff$263' with positive edge clock and positive level reset.
Creating register for signal `\sar_algo.\D' using process `\sar_algo.$proc$/home/designer/shared/SAR_ADC_8BIT_IHP/librelane/sar_algo/sar_algo.v:40$12'.
  created $adff cell `$procdff$266' with positive edge clock and positive level reset.
Creating register for signal `\sar_algo.\BN' using process `\sar_algo.$proc$/home/designer/shared/SAR_ADC_8BIT_IHP/librelane/sar_algo/sar_algo.v:40$12'.
  created $adff cell `$procdff$269' with positive edge clock and positive level reset.
Creating register for signal `\sar_algo.\counter' using process `\sar_algo.$proc$/home/designer/shared/SAR_ADC_8BIT_IHP/librelane/sar_algo/sar_algo.v:40$12'.
  created $adff cell `$procdff$272' with positive edge clock and positive level reset.
Creating register for signal `\sar_algo.$bitselwrite$pos$/home/designer/shared/SAR_ADC_8BIT_IHP/librelane/sar_algo/sar_algo.v:47$1' using process `\sar_algo.$proc$/home/designer/shared/SAR_ADC_8BIT_IHP/librelane/sar_algo/sar_algo.v:40$12'.
  created $adff cell `$procdff$275' with positive edge clock and positive level reset.
Creating register for signal `\sar_algo.$bitselwrite$pos$/home/designer/shared/SAR_ADC_8BIT_IHP/librelane/sar_algo/sar_algo.v:50$2' using process `\sar_algo.$proc$/home/designer/shared/SAR_ADC_8BIT_IHP/librelane/sar_algo/sar_algo.v:40$12'.
  created $adff cell `$procdff$278' with positive edge clock and positive level reset.
Creating register for signal `\sar_algo.$bitselwrite$pos$/home/designer/shared/SAR_ADC_8BIT_IHP/librelane/sar_algo/sar_algo.v:51$3' using process `\sar_algo.$proc$/home/designer/shared/SAR_ADC_8BIT_IHP/librelane/sar_algo/sar_algo.v:40$12'.
  created $adff cell `$procdff$281' with positive edge clock and positive level reset.
Creating register for signal `\sar_algo.$lookahead\D$9' using process `\sar_algo.$proc$/home/designer/shared/SAR_ADC_8BIT_IHP/librelane/sar_algo/sar_algo.v:40$12'.
  created $adff cell `$procdff$284' with positive edge clock and positive level reset.
Creating register for signal `\sar_algo.$lookahead\B$10' using process `\sar_algo.$proc$/home/designer/shared/SAR_ADC_8BIT_IHP/librelane/sar_algo/sar_algo.v:40$12'.
  created $adff cell `$procdff$287' with positive edge clock and positive level reset.
Creating register for signal `\sar_algo.$lookahead\BN$11' using process `\sar_algo.$proc$/home/designer/shared/SAR_ADC_8BIT_IHP/librelane/sar_algo/sar_algo.v:40$12'.
  created $adff cell `$procdff$290' with positive edge clock and positive level reset.
Creating register for signal `\sar_algo.\fclk_samp' using process `\sar_algo.$proc$/home/designer/shared/SAR_ADC_8BIT_IHP/librelane/sar_algo/sar_algo.v:21$4'.
  created $adff cell `$procdff$293' with positive edge clock and positive level reset.
Creating register for signal `\sar_algo.\cnt' using process `\sar_algo.$proc$/home/designer/shared/SAR_ADC_8BIT_IHP/librelane/sar_algo/sar_algo.v:21$4'.
  created $adff cell `$procdff$296' with positive edge clock and positive level reset.

6.10. Executing PROC_MEMWR pass (convert process memory writes to cells).

6.11. Executing PROC_CLEAN pass (remove empty switches from decision trees).
Removing empty process `sar_algo.$proc$/home/designer/shared/SAR_ADC_8BIT_IHP/librelane/sar_algo/sar_algo.v:18$82'.
Removing empty process `sar_algo.$proc$/home/designer/shared/SAR_ADC_8BIT_IHP/librelane/sar_algo/sar_algo.v:17$81'.
Removing empty process `sar_algo.$proc$/home/designer/shared/SAR_ADC_8BIT_IHP/librelane/sar_algo/sar_algo.v:63$76'.
Found and cleaned up 4 empty switches in `\sar_algo.$proc$/home/designer/shared/SAR_ADC_8BIT_IHP/librelane/sar_algo/sar_algo.v:40$12'.
Removing empty process `sar_algo.$proc$/home/designer/shared/SAR_ADC_8BIT_IHP/librelane/sar_algo/sar_algo.v:40$12'.
Found and cleaned up 2 empty switches in `\sar_algo.$proc$/home/designer/shared/SAR_ADC_8BIT_IHP/librelane/sar_algo/sar_algo.v:21$4'.
Removing empty process `sar_algo.$proc$/home/designer/shared/SAR_ADC_8BIT_IHP/librelane/sar_algo/sar_algo.v:21$4'.
Cleaned up 6 empty switches.

6.12. Executing OPT_EXPR pass (perform const folding).
Optimizing module sar_algo.
<suppressed ~31 debug messages>

7. Executing FLATTEN pass (flatten design).

8. Executing OPT_CLEAN pass (remove unused cells and wires).
Finding unused cells or wires in module \sar_algo..
Removed 33 unused cells and 149 unused wires.
<suppressed ~34 debug messages>
