Reading timing models for corner nom_typ_1p20V_25C…
Reading timing library for the 'nom_typ_1p20V_25C' corner at '/opt/pdks/ihp-sg13g2/libs.ref/sg13g2_stdcell/lib/sg13g2_stdcell_typ_1p20V_25C.lib'…
Reading timing library for the 'nom_typ_1p20V_25C' corner at '/opt/pdks/ihp-sg13g2/libs.ref/sg13g2_io/lib/sg13g2_io_typ_1p2V_3p3V_25C.lib'…
Reading OpenROAD database at '/home/designer/shared/SAR_ADC_8BIT_IHP/librelane/sar_algo/runs/RUN_2026-04-03_07-12-32/42-openroad-repairantennas/1-diodeinsertion/sar_algo.odb'…
Reading design constraints file at '/nix/store/8h87vsa3wlidvqi062p0312chxkh8ihd-python3.13-librelane-3.0.0.dev47/lib/python3.13/site-packages/librelane/scripts/base.sdc'…
[INFO] Using clock fclk_in…
[INFO] Setting output delay to: 12.5
[INFO] Setting input delay to: 12.5
[INFO] Setting load to: 0.006
[INFO] Setting clock uncertainty to: 0.25
[INFO] Setting clock transition to: 0.15
[INFO] Setting timing derate to: 5%
[INFO] Setting signal min routing layer to: Metal2 and clock min routing layer to Metal2. 
[INFO] Setting signal max routing layer to: Metal4 and clock max routing layer to Metal4. 
+ global_route -congestion_iterations 50 -verbose
[INFO GRT-0020] Min routing layer: Metal2
[INFO GRT-0021] Max routing layer: Metal4
[INFO GRT-0022] Global adjustment: 30%
[INFO GRT-0023] Grid origin: (0, 0)
[INFO GRT-0088] Layer Metal1  Track-Pitch = 0.4200  line-2-Via Pitch: 0.3650
[INFO GRT-0088] Layer Metal2  Track-Pitch = 0.4800  line-2-Via Pitch: 0.4150
[INFO GRT-0088] Layer Metal3  Track-Pitch = 0.4200  line-2-Via Pitch: 0.4150
[INFO GRT-0088] Layer Metal4  Track-Pitch = 0.4800  line-2-Via Pitch: 0.4100
[INFO GRT-0003] Macros: 0
[INFO GRT-0004] Blockages: 0
[INFO GRT-0019] Found 9 clock nets.
[INFO GRT-0001] Minimum degree: 2
[INFO GRT-0002] Maximum degree: 9

[INFO GRT-0053] Routing resources analysis:
          Routing      Original      Derated      Resource
Layer     Direction    Resources     Resources    Reduction (%)
---------------------------------------------------------------
Metal1     Horizontal          0             0          0.00%
Metal2     Vertical         3211          2136          33.48%
Metal3     Horizontal       3962          2595          34.50%
Metal4     Vertical         3211          2136          33.48%
---------------------------------------------------------------

[INFO GRT-0197] Via related to pin nodes: 890
[INFO GRT-0198] Via related Steiner nodes: 13
[INFO GRT-0199] Via filling finished.
[INFO GRT-0111] Final number of vias: 1094
[INFO GRT-0112] Final usage 3D: 3979

[INFO GRT-0096] Final congestion report:
Layer         Resource        Demand        Usage (%)    Max H / Max V / Total Overflow
---------------------------------------------------------------------------------------
Metal1               0             0            0.00%             0 /  0 /  0
Metal2            2136           295           13.81%             0 /  0 /  0
Metal3            2595           402           15.49%             0 /  0 /  0
Metal4            2136             0            0.00%             0 /  0 /  0
---------------------------------------------------------------------------------------
Total             6867           697           10.15%             0 /  0 /  0

[INFO GRT-0018] Total wirelength: 7768 um
[INFO GRT-0014] Routed nets: 200
[INFO ORD-0030] Using 8 thread(s).
+ detailed_route -droute_end_iter 64 -or_seed 42 -verbose 1 -output_drc /home/designer/shared/SAR_ADC_8BIT_IHP/librelane/sar_algo/runs/RUN_2026-04-03_07-12-32/44-openroad-detailedrouting/drt-run-0/sar_algo.drc
[INFO DRT-0149] Reading tech and libs.
[WARNING DRT-0349] LEF58_ENCLOSURE with no CUTCLASS is not supported. Skipping for layer Cont
[WARNING DRT-0349] LEF58_ENCLOSURE with no CUTCLASS is not supported. Skipping for layer Via1
[WARNING DRT-0349] LEF58_ENCLOSURE with no CUTCLASS is not supported. Skipping for layer Via1
[WARNING DRT-0349] LEF58_ENCLOSURE with no CUTCLASS is not supported. Skipping for layer Via2
[WARNING DRT-0349] LEF58_ENCLOSURE with no CUTCLASS is not supported. Skipping for layer Via3
[WARNING DRT-0349] LEF58_ENCLOSURE with no CUTCLASS is not supported. Skipping for layer Via4
[WARNING DRT-0349] LEF58_ENCLOSURE with no CUTCLASS is not supported. Skipping for layer TopVia1
[WARNING DRT-0349] LEF58_ENCLOSURE with no CUTCLASS is not supported. Skipping for layer TopVia1
[WARNING DRT-0349] LEF58_ENCLOSURE with no CUTCLASS is not supported. Skipping for layer TopVia2
[WARNING DRT-0349] LEF58_ENCLOSURE with no CUTCLASS is not supported. Skipping for layer TopVia2

Units:                1000
Number of layers:     15
Number of macros:     106
Number of vias:       79
Number of viarulegen: 6

[INFO DRT-0150] Reading design.

Design:                   sar_algo
Die area:                 ( 0 0 ) ( 160000 80000 )
Number of track patterns: 14
Number of DEF vias:       0
Number of components:     194
Number of terminals:      33
Number of snets:          2
Number of nets:           200

[INFO DRT-0167] List of default vias:
  Layer Via2
    default via: Via2_YX
  Layer Via3
    default via: Via3_XY
  Layer Via4
    default via: Via4_YX
  Layer TopVia1
    default via: TopVia1EWNS
  Layer TopVia2
    default via: TopVia2EWNS
[INFO DRT-0162] Library cell analysis.
[INFO DRT-0163] Instance analysis.
[INFO DRT-0164] Number of unique instances = 52.
[INFO DRT-0168] Init region query.
[INFO DRT-0024]   Complete GatPoly.
[INFO DRT-0024]   Complete Cont.
[INFO DRT-0024]   Complete Metal1.
[INFO DRT-0024]   Complete Via1.
[INFO DRT-0024]   Complete Metal2.
[INFO DRT-0024]   Complete Via2.
[INFO DRT-0024]   Complete Metal3.
[INFO DRT-0024]   Complete Via3.
[INFO DRT-0024]   Complete Metal4.
[INFO DRT-0024]   Complete Via4.
[INFO DRT-0024]   Complete Metal5.
[INFO DRT-0024]   Complete TopVia1.
[INFO DRT-0024]   Complete TopMetal1.
[INFO DRT-0024]   Complete TopVia2.
[INFO DRT-0024]   Complete TopMetal2.
[INFO DRT-0033] GatPoly shape region query size = 0.
[INFO DRT-0033] Cont shape region query size = 0.
[INFO DRT-0033] Metal1 shape region query size = 5397.
[INFO DRT-0033] Via1 shape region query size = 140.
[INFO DRT-0033] Metal2 shape region query size = 73.
[INFO DRT-0033] Via2 shape region query size = 140.
[INFO DRT-0033] Metal3 shape region query size = 70.
[INFO DRT-0033] Via3 shape region query size = 140.
[INFO DRT-0033] Metal4 shape region query size = 56.
[INFO DRT-0033] Via4 shape region query size = 140.
[INFO DRT-0033] Metal5 shape region query size = 84.
[INFO DRT-0033] TopVia1 shape region query size = 56.
[INFO DRT-0033] TopMetal1 shape region query size = 68.
[INFO DRT-0033] TopVia2 shape region query size = 24.
[INFO DRT-0033] TopMetal2 shape region query size = 36.
[INFO DRT-0165] Start pin access.
[INFO DRT-0078]   Complete 268 pins.
[INFO DRT-0081]   Complete 52 unique inst patterns.
[INFO DRT-0084]   Complete 96 groups.
#scanned instances     = 194
#unique  instances     = 52
#stdCellGenAp          = 2373
#stdCellValidPlanarAp  = 0
#stdCellValidViaAp     = 1917
#stdCellPinNoAp        = 0
#stdCellPinCnt         = 564
#instTermValidViaApCnt = 0
#macroGenAp            = 0
#macroValidPlanarAp    = 0
#macroValidViaAp       = 0
#macroNoAp             = 0
[INFO DRT-0166] Complete pin access.
[INFO DRT-0267] cpu time = 00:00:22, elapsed time = 00:00:03, memory = 158.43 (MB), peak = 158.43 (MB)

[INFO DRT-0157] Number of guides:     1286

[INFO DRT-0169] Post process guides.
[INFO DRT-0176] GCELLGRID X 0 DO 22 STEP 7200 ;
[INFO DRT-0177] GCELLGRID Y 0 DO 11 STEP 7200 ;
[INFO DRT-0028]   Complete GatPoly.
[INFO DRT-0028]   Complete Cont.
[INFO DRT-0028]   Complete Metal1.
[INFO DRT-0028]   Complete Via1.
[INFO DRT-0028]   Complete Metal2.
[INFO DRT-0028]   Complete Via2.
[INFO DRT-0028]   Complete Metal3.
[INFO DRT-0028]   Complete Via3.
[INFO DRT-0028]   Complete Metal4.
[INFO DRT-0028]   Complete Via4.
[INFO DRT-0028]   Complete Metal5.
[INFO DRT-0028]   Complete TopVia1.
[INFO DRT-0028]   Complete TopMetal1.
[INFO DRT-0028]   Complete TopVia2.
[INFO DRT-0028]   Complete TopMetal2.
[INFO DRT-0178] Init guide query.
[INFO DRT-0035]   Complete GatPoly (guide).
[INFO DRT-0035]   Complete Cont (guide).
[INFO DRT-0035]   Complete Metal1 (guide).
[INFO DRT-0035]   Complete Via1 (guide).
[INFO DRT-0035]   Complete Metal2 (guide).
[INFO DRT-0035]   Complete Via2 (guide).
[INFO DRT-0035]   Complete Metal3 (guide).
[INFO DRT-0035]   Complete Via3 (guide).
[INFO DRT-0035]   Complete Metal4 (guide).
[INFO DRT-0035]   Complete Via4 (guide).
[INFO DRT-0035]   Complete Metal5 (guide).
[INFO DRT-0035]   Complete TopVia1 (guide).
[INFO DRT-0035]   Complete TopMetal1 (guide).
[INFO DRT-0035]   Complete TopVia2 (guide).
[INFO DRT-0035]   Complete TopMetal2 (guide).
[INFO DRT-0036] GatPoly guide region query size = 0.
[INFO DRT-0036] Cont guide region query size = 0.
[INFO DRT-0036] Metal1 guide region query size = 458.
[INFO DRT-0036] Via1 guide region query size = 0.
[INFO DRT-0036] Metal2 guide region query size = 380.
[INFO DRT-0036] Via2 guide region query size = 0.
[INFO DRT-0036] Metal3 guide region query size = 192.
[INFO DRT-0036] Via3 guide region query size = 0.
[INFO DRT-0036] Metal4 guide region query size = 0.
[INFO DRT-0036] Via4 guide region query size = 0.
[INFO DRT-0036] Metal5 guide region query size = 0.
[INFO DRT-0036] TopVia1 guide region query size = 0.
[INFO DRT-0036] TopMetal1 guide region query size = 0.
[INFO DRT-0036] TopVia2 guide region query size = 0.
[INFO DRT-0036] TopMetal2 guide region query size = 0.
[INFO DRT-0179] Init gr pin query.
[INFO DRT-0267] cpu time = 00:00:00, elapsed time = 00:00:00, memory = 158.56 (MB), peak = 158.56 (MB)
[INFO DRT-0245] skipped writing guide updates to database.
[INFO DRT-0185] Post process initialize RPin region query.
[INFO DRT-0181] Start track assignment.
[INFO DRT-0184] Done with 380 vertical wires in 1 frboxes and 650 horizontal wires in 1 frboxes.
[INFO DRT-0186] Done with 62 vertical wires in 1 frboxes and 68 horizontal wires in 1 frboxes.
[INFO DRT-0182] Complete track assignment.
[INFO DRT-0267] cpu time = 00:00:00, elapsed time = 00:00:00, memory = 160.56 (MB), peak = 160.56 (MB)
[INFO DRT-0187] Start routing data preparation.
[INFO DRT-0267] cpu time = 00:00:00, elapsed time = 00:00:00, memory = 160.68 (MB), peak = 160.68 (MB)
[INFO DRT-0194] Start detail routing.
[INFO DRT-0195] Start 0th optimization iteration.
    Completing 10% with 0 violations.
    elapsed time = 00:00:00, memory = 172.56 (MB).
    Completing 20% with 0 violations.
    elapsed time = 00:00:00, memory = 173.18 (MB).
    Completing 30% with 7 violations.
    elapsed time = 00:00:00, memory = 173.18 (MB).
    Completing 50% with 7 violations.
    elapsed time = 00:00:00, memory = 173.18 (MB).
    Completing 60% with 11 violations.
    elapsed time = 00:00:00, memory = 184.06 (MB).
    Completing 70% with 11 violations.
    elapsed time = 00:00:02, memory = 187.66 (MB).
    Completing 80% with 13 violations.
    elapsed time = 00:00:02, memory = 188.28 (MB).
    Completing 100% with 20 violations.
    elapsed time = 00:00:02, memory = 190.03 (MB).
[INFO DRT-0199]   Number of violations = 36.
Viol/Layer      Metal2 Metal3
Metal Spacing       16      0
Recheck             11      5
Short                4      0
[INFO DRT-0267] cpu time = 00:00:09, elapsed time = 00:00:03, memory = 588.66 (MB), peak = 588.66 (MB)
Total wire length = 5081 um.
Total wire length on LAYER Metal1 = 0 um.
Total wire length on LAYER Metal2 = 2242 um.
Total wire length on LAYER Metal3 = 2838 um.
Total wire length on LAYER Metal4 = 0 um.
Total wire length on LAYER Metal5 = 0 um.
Total wire length on LAYER TopMetal1 = 0 um.
Total wire length on LAYER TopMetal2 = 0 um.
Total number of vias = 1046.
Up-via summary (total 1046):

------------------
   GatPoly       0
    Metal1     572
    Metal2     472
    Metal3       2
    Metal4       0
    Metal5       0
 TopMetal1       0
------------------
          1046


[INFO DRT-0195] Start 1st optimization iteration.
    Completing 10% with 36 violations.
    elapsed time = 00:00:00, memory = 597.03 (MB).
    Completing 20% with 36 violations.
    elapsed time = 00:00:00, memory = 599.53 (MB).
    Completing 30% with 32 violations.
    elapsed time = 00:00:00, memory = 610.41 (MB).
    Completing 50% with 32 violations.
    elapsed time = 00:00:00, memory = 611.28 (MB).
    Completing 60% with 20 violations.
    elapsed time = 00:00:00, memory = 615.53 (MB).
    Completing 70% with 20 violations.
    elapsed time = 00:00:01, memory = 633.16 (MB).
    Completing 80% with 20 violations.
    elapsed time = 00:00:01, memory = 643.41 (MB).
    Completing 100% with 4 violations.
    elapsed time = 00:00:02, memory = 647.78 (MB).
[INFO DRT-0199]   Number of violations = 4.
Viol/Layer      Metal2
Metal Spacing        3
Short                1
[INFO DRT-0267] cpu time = 00:00:08, elapsed time = 00:00:02, memory = 647.78 (MB), peak = 647.78 (MB)
Total wire length = 5040 um.
Total wire length on LAYER Metal1 = 0 um.
Total wire length on LAYER Metal2 = 2220 um.
Total wire length on LAYER Metal3 = 2819 um.
Total wire length on LAYER Metal4 = 0 um.
Total wire length on LAYER Metal5 = 0 um.
Total wire length on LAYER TopMetal1 = 0 um.
Total wire length on LAYER TopMetal2 = 0 um.
Total number of vias = 1029.
Up-via summary (total 1029):

------------------
   GatPoly       0
    Metal1     574
    Metal2     455
    Metal3       0
    Metal4       0
    Metal5       0
 TopMetal1       0
------------------
          1029


[INFO DRT-0195] Start 2nd optimization iteration.
    Completing 10% with 4 violations.
    elapsed time = 00:00:00, memory = 647.78 (MB).
    Completing 20% with 4 violations.
    elapsed time = 00:00:00, memory = 647.78 (MB).
    Completing 30% with 4 violations.
    elapsed time = 00:00:00, memory = 647.78 (MB).
    Completing 40% with 4 violations.
    elapsed time = 00:00:00, memory = 647.78 (MB).
    Completing 50% with 4 violations.
    elapsed time = 00:00:02, memory = 670.02 (MB).
    Completing 60% with 1 violations.
    elapsed time = 00:00:02, memory = 670.02 (MB).
    Completing 70% with 1 violations.
    elapsed time = 00:00:02, memory = 670.02 (MB).
    Completing 80% with 1 violations.
    elapsed time = 00:00:02, memory = 670.02 (MB).
    Completing 90% with 1 violations.
    elapsed time = 00:00:02, memory = 670.02 (MB).
    Completing 100% with 1 violations.
    elapsed time = 00:00:03, memory = 683.90 (MB).
[INFO DRT-0199]   Number of violations = 1.
Viol/Layer      Metal2
Metal Spacing        1
[INFO DRT-0267] cpu time = 00:00:07, elapsed time = 00:00:03, memory = 683.90 (MB), peak = 706.66 (MB)
Total wire length = 5029 um.
Total wire length on LAYER Metal1 = 0 um.
Total wire length on LAYER Metal2 = 2173 um.
Total wire length on LAYER Metal3 = 2855 um.
Total wire length on LAYER Metal4 = 0 um.
Total wire length on LAYER Metal5 = 0 um.
Total wire length on LAYER TopMetal1 = 0 um.
Total wire length on LAYER TopMetal2 = 0 um.
Total number of vias = 1043.
Up-via summary (total 1043):

------------------
   GatPoly       0
    Metal1     574
    Metal2     469
    Metal3       0
    Metal4       0
    Metal5       0
 TopMetal1       0
------------------
          1043


[INFO DRT-0195] Start 3rd stubborn tiles iteration.
    Completing 10% with 1 violations.
    elapsed time = 00:00:01, memory = 817.52 (MB).
    Completing 20% with 1 violations.
    elapsed time = 00:00:02, memory = 794.54 (MB).
    Completing 30% with 1 violations.
    elapsed time = 00:00:03, memory = 822.09 (MB).
    Completing 40% with 1 violations.
    elapsed time = 00:00:02, memory = 846.09 (MB).
    Completing 50% with 1 violations.
    elapsed time = 00:00:02, memory = 885.09 (MB).
    Completing 60% with 1 violations.
    elapsed time = 00:00:03, memory = 890.59 (MB).
    Completing 70% with 1 violations.
    elapsed time = 00:00:04, memory = 932.97 (MB).
    Completing 80% with 1 violations.
    elapsed time = 00:00:05, memory = 943.47 (MB).
    Completing 90% with 1 violations.
    elapsed time = 00:00:07, memory = 963.71 (MB).
    Completing 100% with 0 violations.
    elapsed time = 00:00:07, memory = 968.09 (MB).
[INFO DRT-0199]   Number of violations = 0.
[INFO DRT-0267] cpu time = 00:01:06, elapsed time = 00:00:07, memory = 968.21 (MB), peak = 970.33 (MB)
Total wire length = 5030 um.
Total wire length on LAYER Metal1 = 0 um.
Total wire length on LAYER Metal2 = 2155 um.
Total wire length on LAYER Metal3 = 2863 um.
Total wire length on LAYER Metal4 = 12 um.
Total wire length on LAYER Metal5 = 0 um.
Total wire length on LAYER TopMetal1 = 0 um.
Total wire length on LAYER TopMetal2 = 0 um.
Total number of vias = 1048.
Up-via summary (total 1048):

------------------
   GatPoly       0
    Metal1     575
    Metal2     471
    Metal3       2
    Metal4       0
    Metal5       0
 TopMetal1       0
------------------
          1048


[INFO DRT-0198] Complete detail routing.
Total wire length = 5030 um.
Total wire length on LAYER Metal1 = 0 um.
Total wire length on LAYER Metal2 = 2155 um.
Total wire length on LAYER Metal3 = 2863 um.
Total wire length on LAYER Metal4 = 12 um.
Total wire length on LAYER Metal5 = 0 um.
Total wire length on LAYER TopMetal1 = 0 um.
Total wire length on LAYER TopMetal2 = 0 um.
Total number of vias = 1048.
Up-via summary (total 1048):

------------------
   GatPoly       0
    Metal1     575
    Metal2     471
    Metal3       2
    Metal4       0
    Metal5       0
 TopMetal1       0
------------------
          1048


[INFO DRT-0267] cpu time = 00:01:30, elapsed time = 00:00:17, memory = 968.34 (MB), peak = 970.33 (MB)

[INFO DRT-0180] Post processing.
+ check_antennas 
[INFO ANT-0002] Found 0 net violations.
[INFO ANT-0001] Found 0 pin violations.
Setting global connections for newly added cells…
[INFO] Setting global connections...
[INFO ODB-0403] 0 connections made, 0 conflicts skipped.
Updating metrics…
Cell type report:                       Count       Area
  Buffer                                    1       7.26
  Clock buffer                              7     279.42
  Timing Repair Buffer                     50     435.46
  Inverter                                 37     201.40
  Sequential cell                          32    1567.64
  Multi-Input combinational cell           67     751.16
  Total                                   194    3242.33
Writing OpenROAD database to '/home/designer/shared/SAR_ADC_8BIT_IHP/librelane/sar_algo/runs/RUN_2026-04-03_07-12-32/44-openroad-detailedrouting/sar_algo.odb'…
Writing netlist to '/home/designer/shared/SAR_ADC_8BIT_IHP/librelane/sar_algo/runs/RUN_2026-04-03_07-12-32/44-openroad-detailedrouting/sar_algo.nl.v'…
Writing powered netlist to '/home/designer/shared/SAR_ADC_8BIT_IHP/librelane/sar_algo/runs/RUN_2026-04-03_07-12-32/44-openroad-detailedrouting/sar_algo.pnl.v'…
Writing layout to '/home/designer/shared/SAR_ADC_8BIT_IHP/librelane/sar_algo/runs/RUN_2026-04-03_07-12-32/44-openroad-detailedrouting/sar_algo.def'…
Writing timing constraints to '/home/designer/shared/SAR_ADC_8BIT_IHP/librelane/sar_algo/runs/RUN_2026-04-03_07-12-32/44-openroad-detailedrouting/sar_algo.sdc'…
