Reading timing models for corner nom_fast_1p32V_m40C…
Reading timing library for the 'nom_fast_1p32V_m40C' corner at '/opt/pdks/ihp-sg13g2/libs.ref/sg13g2_stdcell/lib/sg13g2_stdcell_fast_1p32V_m40C.lib'…
Reading timing library for the 'nom_fast_1p32V_m40C' corner at '/opt/pdks/ihp-sg13g2/libs.ref/sg13g2_io/lib/sg13g2_io_fast_1p32V_3p6V_m40C.lib'…
Reading timing models for corner nom_slow_1p08V_125C…
Reading timing library for the 'nom_slow_1p08V_125C' corner at '/opt/pdks/ihp-sg13g2/libs.ref/sg13g2_stdcell/lib/sg13g2_stdcell_slow_1p08V_125C.lib'…
Reading timing library for the 'nom_slow_1p08V_125C' corner at '/opt/pdks/ihp-sg13g2/libs.ref/sg13g2_io/lib/sg13g2_io_slow_1p08V_3p0V_125C.lib'…
Reading timing models for corner nom_typ_1p20V_25C…
Reading timing library for the 'nom_typ_1p20V_25C' corner at '/opt/pdks/ihp-sg13g2/libs.ref/sg13g2_stdcell/lib/sg13g2_stdcell_typ_1p20V_25C.lib'…
Reading timing library for the 'nom_typ_1p20V_25C' corner at '/opt/pdks/ihp-sg13g2/libs.ref/sg13g2_io/lib/sg13g2_io_typ_1p2V_3p3V_25C.lib'…
Reading OpenROAD database at '/home/designer/shared/SAR_ADC_8BIT_IHP/librelane/sar_algo/runs/RUN_2026-04-03_07-12-32/34-openroad-detailedplacement/sar_algo.odb'…
Reading design constraints file at '/nix/store/8h87vsa3wlidvqi062p0312chxkh8ihd-python3.13-librelane-3.0.0.dev47/lib/python3.13/site-packages/librelane/scripts/base.sdc'…
[INFO] Using clock fclk_in…
[INFO] Setting output delay to: 12.5
[INFO] Setting input delay to: 12.5
[INFO] Setting load to: 0.006
[INFO] Setting clock uncertainty to: 0.25
[INFO] Setting clock transition to: 0.15
[INFO] Setting timing derate to: 5%
[INFO] Configuring cts characterization…
+ configure_cts_characterization 
[INFO] Performing clock tree synthesis…
[INFO] Looking for the following net(s): fclk_in
[INFO] Running Clock Tree Synthesis…
+ clock_tree_synthesis -buf_list sg13g2_buf_8 sg13g2_buf_4 sg13g2_buf_2 -root_buf sg13g2_buf_16 -sink_clustering_enable
[INFO CTS-0050] Root buffer is sg13g2_buf_16.
[INFO CTS-0051] Sink buffer is sg13g2_buf_8.
[INFO CTS-0052] The following clock buffers will be used for CTS:
                    sg13g2_buf_2
                    sg13g2_buf_4
                    sg13g2_buf_8
[INFO CTS-0049] Characterization buffer is sg13g2_buf_8.
[INFO CTS-0007] Net "fclk_in" found for clock "fclk_in".
[INFO CTS-0011]  Clock net "fclk_in" for macros has 1 sinks.
[INFO CTS-0011]  Clock net "fclk_in_regs" for registers has 6 sinks.
[WARNING CTS-0041] Net "net28" has 1 sinks. Skipping...
[WARNING CTS-0041] Net "fclk_comp" has 0 sinks. Skipping...
[INFO CTS-0008] TritonCTS found 2 clock nets.
[INFO CTS-0097] Characterization used 3 buffer(s) types.
[INFO CTS-0201] 0 blockages from hard placement blockages and placed macros will be used.
[INFO CTS-0027] Generating H-Tree topology for net fclk_in.
[INFO CTS-0028]  Total number of sinks: 1.
[INFO CTS-0029]  Macro  sinks will be clustered in groups of up to 4 and with maximum cluster diameter of 50.0 um.
[INFO CTS-0030]  Number of static layers: 0.
[INFO CTS-0020]  Wire segment unit: 18900  dbu (18 um).
[INFO CTS-0023]  Original sink region: [(30717, 20585), (30717, 20585)].
[INFO CTS-0024]  Normalized sink region: [(1.62524, 1.08915), (1.62524, 1.08915)].
[INFO CTS-0025]     Width:  0.0000.
[INFO CTS-0026]     Height: 0.0000.
 Level 1
    Direction: Vertical
    Sinks per sub-region: 1
    Sub-region size: 0.0000 X 0.0000
[INFO CTS-0034]     Segment length (rounded): 1.
[INFO CTS-0032]  Stop criterion found. Max number of sinks is 8.
[INFO CTS-0035]  Number of sinks covered: 1.
[INFO CTS-0201] 0 blockages from hard placement blockages and placed macros will be used.
[INFO CTS-0027] Generating H-Tree topology for net fclk_in_regs.
[INFO CTS-0028]  Total number of sinks: 6.
[INFO CTS-0090]  Sinks will be clustered based on buffer max cap.
[INFO CTS-0030]  Number of static layers: 0.
[INFO CTS-0020]  Wire segment unit: 18900  dbu (18 um).
[INFO CTS-0023]  Original sink region: [(53280, 16800), (86400, 28560)].
[INFO CTS-0024]  Normalized sink region: [(2.81905, 0.888889), (4.57143, 1.51111)].
[INFO CTS-0025]     Width:  1.7524.
[INFO CTS-0026]     Height: 0.6222.
 Level 1
    Direction: Horizontal
    Sinks per sub-region: 3
    Sub-region size: 0.8762 X 0.6222
[INFO CTS-0034]     Segment length (rounded): 1.
[INFO CTS-0032]  Stop criterion found. Max number of sinks is 8.
[INFO CTS-0035]  Number of sinks covered: 6.
[INFO CTS-0018]     Created 2 clock buffers.
[INFO CTS-0012]     Minimum number of buffers in the clock path: 2.
[INFO CTS-0013]     Maximum number of buffers in the clock path: 2.
[INFO CTS-0015]     Created 2 clock nets.
[INFO CTS-0016]     Fanout distribution for the current clock = 1:1..
[INFO CTS-0017]     Max level of the clock tree: 1.
[INFO CTS-0018]     Created 3 clock buffers.
[INFO CTS-0012]     Minimum number of buffers in the clock path: 2.
[INFO CTS-0013]     Maximum number of buffers in the clock path: 2.
[INFO CTS-0015]     Created 3 clock nets.
[INFO CTS-0016]     Fanout distribution for the current clock = 3:2..
[INFO CTS-0017]     Max level of the clock tree: 1.
[INFO CTS-0124] Clock net "fclk_in"
[INFO CTS-0125]  Sinks 1
[INFO CTS-0098] Clock net "fclk_in_regs"
[INFO CTS-0099]  Sinks 6
[INFO CTS-0100]  Leaf buffers 0
[INFO CTS-0101]  Average sink wire length 35.20 um
[INFO CTS-0102]  Path depth 2 - 2
[INFO CTS-0207]  Dummy loads inserted 0
[INFO CTS-0033] Balancing latency for clock fclk_in
[INFO CTS-0036]  inserted 0 delay buffers
[INFO] Repairing long wires on clock nets…
[INFO RSZ-0058] Using max wire length 2937um.
Setting global connections for newly added cells…
[INFO] Setting global connections...
[INFO ODB-0403] 12 connections made, 0 conflicts skipped.
Updating metrics…
Cell type report:                       Count       Area
  Buffer                                    1       7.26
  Clock buffer                              7     279.42
  Timing Repair Buffer                     42     304.82
  Inverter                                 37     201.40
  Sequential cell                          32    1567.64
  Multi-Input combinational cell           67     751.16
  Total                                   186    3111.70
Writing OpenROAD database to '/home/designer/shared/SAR_ADC_8BIT_IHP/librelane/sar_algo/runs/RUN_2026-04-03_07-12-32/35-openroad-cts/sar_algo.odb'…
Writing netlist to '/home/designer/shared/SAR_ADC_8BIT_IHP/librelane/sar_algo/runs/RUN_2026-04-03_07-12-32/35-openroad-cts/sar_algo.nl.v'…
Writing powered netlist to '/home/designer/shared/SAR_ADC_8BIT_IHP/librelane/sar_algo/runs/RUN_2026-04-03_07-12-32/35-openroad-cts/sar_algo.pnl.v'…
Writing layout to '/home/designer/shared/SAR_ADC_8BIT_IHP/librelane/sar_algo/runs/RUN_2026-04-03_07-12-32/35-openroad-cts/sar_algo.def'…
Writing timing constraints to '/home/designer/shared/SAR_ADC_8BIT_IHP/librelane/sar_algo/runs/RUN_2026-04-03_07-12-32/35-openroad-cts/sar_algo.sdc'…
[INFO] Legalizing…
+ detailed_placement -max_displacement  500 100 
Placement Analysis
---------------------------------
total displacement         96.6 u
average displacement        0.5 u
max displacement            7.8 u
original HPWL            4219.5 u
legalized HPWL           4414.3 u
delta HPWL                    5 %

[INFO DPL-0020] Mirrored 67 instances
[INFO DPL-0021] HPWL before            4414.3 u
[INFO DPL-0022] HPWL after             4311.9 u
[INFO DPL-0023] HPWL delta               -2.3 %
Setting global connections for newly added cells…
[INFO] Setting global connections...
[INFO ODB-0403] 0 connections made, 0 conflicts skipped.
Updating metrics…
Cell type report:                       Count       Area
  Buffer                                    1       7.26
  Clock buffer                              7     279.42
  Timing Repair Buffer                     42     304.82
  Inverter                                 37     201.40
  Sequential cell                          32    1567.64
  Multi-Input combinational cell           67     751.16
  Total                                   186    3111.70
Writing OpenROAD database to '/home/designer/shared/SAR_ADC_8BIT_IHP/librelane/sar_algo/runs/RUN_2026-04-03_07-12-32/35-openroad-cts/sar_algo.odb'…
Writing netlist to '/home/designer/shared/SAR_ADC_8BIT_IHP/librelane/sar_algo/runs/RUN_2026-04-03_07-12-32/35-openroad-cts/sar_algo.nl.v'…
Writing powered netlist to '/home/designer/shared/SAR_ADC_8BIT_IHP/librelane/sar_algo/runs/RUN_2026-04-03_07-12-32/35-openroad-cts/sar_algo.pnl.v'…
Writing layout to '/home/designer/shared/SAR_ADC_8BIT_IHP/librelane/sar_algo/runs/RUN_2026-04-03_07-12-32/35-openroad-cts/sar_algo.def'…
Writing timing constraints to '/home/designer/shared/SAR_ADC_8BIT_IHP/librelane/sar_algo/runs/RUN_2026-04-03_07-12-32/35-openroad-cts/sar_algo.sdc'…
%OL_CREATE_REPORT cts.rpt
Total number of Clock Roots: 2.
Total number of Buffers Inserted: 5.
Total number of Clock Subnets: 5.
Total number of Sinks: 7.
Cells used:
  sg13g2_buf_16: 6
%OL_END_REPORT
