
===========================================================================
report_checks -path_delay max (Setup)
============================================================================
======================= nom_typ_1p20V_25C Corner ===================================

Startpoint: fclk_in (clock source 'fclk_in')
Endpoint: fclk_comp (output port clocked by fclk_in)
Path Group: fclk_in
Path Type: max

Fanout         Cap        Slew       Delay        Time   Description
---------------------------------------------------------------------------------------------
                      0.150000   31.250000   31.250000   clock fclk_in (fall edge)
     7    0.017454    0.027776    0.012058   31.262058 v fclk_in (in)
                                                         fclk_in (net)
                      0.027776    0.000000   31.262058 v _240_/A (sg13g2_buf_1)
     1    0.006000    0.029169    0.068912   31.330971 v _240_/X (sg13g2_buf_1)
                                                         fclk_comp (net)
                      0.029169    0.000000   31.330971 v fclk_comp (out)
                                             31.330971   data arrival time

                      0.150000   62.500000   62.500000   clock fclk_in (rise edge)
                                  0.000000   62.500000   clock network delay (ideal)
                                 -0.250000   62.250004   clock uncertainty
                                  0.000000   62.250004   clock reconvergence pessimism
                                -12.500000   49.750004   output external delay
                                             49.750004   data required time
---------------------------------------------------------------------------------------------
                                             49.750004   data required time
                                            -31.330971   data arrival time
---------------------------------------------------------------------------------------------
                                             18.419033   slack (MET)


Startpoint: En (input port clocked by fclk_in)
Endpoint: _234_ (rising edge-triggered flip-flop clocked by fclk_in)
Path Group: fclk_in
Path Type: max

Fanout         Cap        Slew       Delay        Time   Description
---------------------------------------------------------------------------------------------
                      0.150000    0.000000    0.000000   clock fclk_in (rise edge)
                                  0.000000    0.000000   clock network delay (ideal)
                                 12.500000   12.500000 ^ input external delay
     7    0.023680    0.040002    0.019263   12.519262 ^ En (in)
                                                         En (net)
                      0.040002    0.000000   12.519262 ^ _111_/A (sg13g2_nand4_1)
     3    0.008458    0.130648    0.124586   12.643848 v _111_/Y (sg13g2_nand4_1)
                                                         _070_ (net)
                      0.130648    0.000000   12.643848 v _118_/A2 (sg13g2_o21ai_1)
     1    0.002296    0.076955    0.106835   12.750683 ^ _118_/Y (sg13g2_o21ai_1)
                                                         _072_ (net)
                      0.076955    0.000000   12.750683 ^ _119_/B_N (sg13g2_nor2b_1)
     1    0.001410    0.035072    0.099386   12.850069 ^ _119_/Y (sg13g2_nor2b_1)
                                                         _060_ (net)
                      0.035072    0.000000   12.850069 ^ _234_/D (sg13g2_dfrbpq_1)
                                             12.850069   data arrival time

                      0.150000   62.500000   62.500000   clock fclk_in (rise edge)
                                  0.000000   62.500000   clock network delay (ideal)
                                 -0.250000   62.250004   clock uncertainty
                                  0.000000   62.250004   clock reconvergence pessimism
                                             62.250004 ^ _234_/CLK (sg13g2_dfrbpq_1)
                                 -0.098607   62.151394   library setup time
                                             62.151394   data required time
---------------------------------------------------------------------------------------------
                                             62.151394   data required time
                                            -12.850069   data arrival time
---------------------------------------------------------------------------------------------
                                             49.301327   slack (MET)


Startpoint: En (input port clocked by fclk_in)
Endpoint: _239_ (rising edge-triggered flip-flop clocked by fclk_in)
Path Group: fclk_in
Path Type: max

Fanout         Cap        Slew       Delay        Time   Description
---------------------------------------------------------------------------------------------
                      0.150000    0.000000    0.000000   clock fclk_in (rise edge)
                                  0.000000    0.000000   clock network delay (ideal)
                                 12.500000   12.500000 ^ input external delay
     7    0.023680    0.040002    0.019263   12.519262 ^ En (in)
                                                         En (net)
                      0.040002    0.000000   12.519262 ^ _111_/A (sg13g2_nand4_1)
     3    0.008458    0.130648    0.124586   12.643848 v _111_/Y (sg13g2_nand4_1)
                                                         _070_ (net)
                      0.130648    0.000000   12.643848 v _117_/C (sg13g2_nor3_1)
     2    0.004407    0.110537    0.119339   12.763187 ^ _117_/Y (sg13g2_nor3_1)
                                                         _000_ (net)
                      0.110537    0.000000   12.763187 ^ _239_/D (sg13g2_dfrbpq_1)
                                             12.763187   data arrival time

                      0.150000   62.500000   62.500000   clock fclk_in (rise edge)
                                  0.000000   62.500000   clock network delay (ideal)
                                 -0.250000   62.250004   clock uncertainty
                                  0.000000   62.250004   clock reconvergence pessimism
                                             62.250004 ^ _239_/CLK (sg13g2_dfrbpq_1)
                                 -0.122496   62.127506   library setup time
                                             62.127506   data required time
---------------------------------------------------------------------------------------------
                                             62.127506   data required time
                                            -12.763187   data arrival time
---------------------------------------------------------------------------------------------
                                             49.364319   slack (MET)


Startpoint: En (input port clocked by fclk_in)
Endpoint: _238_ (rising edge-triggered flip-flop clocked by fclk_in)
Path Group: fclk_in
Path Type: max

Fanout         Cap        Slew       Delay        Time   Description
---------------------------------------------------------------------------------------------
                      0.150000    0.000000    0.000000   clock fclk_in (rise edge)
                                  0.000000    0.000000   clock network delay (ideal)
                                 12.500000   12.500000 ^ input external delay
     7    0.023680    0.040002    0.019263   12.519262 ^ En (in)
                                                         En (net)
                      0.040002    0.000000   12.519262 ^ _111_/A (sg13g2_nand4_1)
     3    0.008458    0.130648    0.124586   12.643848 v _111_/Y (sg13g2_nand4_1)
                                                         _070_ (net)
                      0.130648    0.000000   12.643848 v _112_/B (sg13g2_and2_1)
     1    0.001430    0.020000    0.108819   12.752666 v _112_/X (sg13g2_and2_1)
                                                         _064_ (net)
                      0.020000    0.000000   12.752666 v _238_/D (sg13g2_dfrbpq_1)
                                             12.752666   data arrival time

                      0.150000   62.500000   62.500000   clock fclk_in (rise edge)
                                  0.000000   62.500000   clock network delay (ideal)
                                 -0.250000   62.250004   clock uncertainty
                                  0.000000   62.250004   clock reconvergence pessimism
                                             62.250004 ^ _238_/CLK (sg13g2_dfrbpq_1)
                                 -0.079405   62.170601   library setup time
                                             62.170601   data required time
---------------------------------------------------------------------------------------------
                                             62.170601   data required time
                                            -12.752666   data arrival time
---------------------------------------------------------------------------------------------
                                             49.417934   slack (MET)


Startpoint: En (input port clocked by fclk_in)
Endpoint: _237_ (rising edge-triggered flip-flop clocked by fclk_in)
Path Group: fclk_in
Path Type: max

Fanout         Cap        Slew       Delay        Time   Description
---------------------------------------------------------------------------------------------
                      0.150000    0.000000    0.000000   clock fclk_in (rise edge)
                                  0.000000    0.000000   clock network delay (ideal)
                                 12.500000   12.500000 ^ input external delay
     7    0.023680    0.040002    0.019263   12.519262 ^ En (in)
                                                         En (net)
                      0.040002    0.000000   12.519262 ^ _110_/A (sg13g2_nand3_1)
     2    0.007608    0.089134    0.092053   12.611316 v _110_/Y (sg13g2_nand3_1)
                                                         _069_ (net)
                      0.089134    0.000000   12.611316 v _113_/B (sg13g2_xnor2_1)
     1    0.001430    0.032468    0.102686   12.714002 v _113_/Y (sg13g2_xnor2_1)
                                                         _063_ (net)
                      0.032468    0.000000   12.714002 v _237_/D (sg13g2_dfrbpq_1)
                                             12.714002   data arrival time

                      0.150000   62.500000   62.500000   clock fclk_in (rise edge)
                                  0.000000   62.500000   clock network delay (ideal)
                                 -0.250000   62.250004   clock uncertainty
                                  0.000000   62.250004   clock reconvergence pessimism
                                             62.250004 ^ _237_/CLK (sg13g2_dfrbpq_1)
                                 -0.083919   62.166080   library setup time
                                             62.166080   data required time
---------------------------------------------------------------------------------------------
                                             62.166080   data required time
                                            -12.714002   data arrival time
---------------------------------------------------------------------------------------------
                                             49.452080   slack (MET)


Startpoint: _234_ (rising edge-triggered flip-flop clocked by fclk_in)
Endpoint: fclk_samp (output port clocked by fclk_in)
Path Group: fclk_in
Path Type: max

Fanout         Cap        Slew       Delay        Time   Description
---------------------------------------------------------------------------------------------
                      0.150000    0.000000    0.000000   clock fclk_in (rise edge)
                                  0.000000    0.000000   clock network delay (ideal)
                      0.150000    0.000000    0.000000 ^ _234_/CLK (sg13g2_dfrbpq_1)
     2    0.005683    0.027983    0.220823    0.220823 v _234_/Q (sg13g2_dfrbpq_1)
                                                         _001_ (net)
                      0.027983    0.000000    0.220823 v _104_/A (sg13g2_inv_1)
     5    0.018872    0.084324    0.076440    0.297263 ^ _104_/Y (sg13g2_inv_1)
                                                         fclk_samp (net)
                      0.084324    0.000000    0.297263 ^ fclk_samp (out)
                                              0.297263   data arrival time

                      0.150000   62.500000   62.500000   clock fclk_in (rise edge)
                                  0.000000   62.500000   clock network delay (ideal)
                                 -0.250000   62.250004   clock uncertainty
                                  0.000000   62.250004   clock reconvergence pessimism
                                -12.500000   49.750004   output external delay
                                             49.750004   data required time
---------------------------------------------------------------------------------------------
                                             49.750004   data required time
                                             -0.297263   data arrival time
---------------------------------------------------------------------------------------------
                                             49.452744   slack (MET)


Startpoint: En (input port clocked by fclk_in)
Endpoint: _236_ (rising edge-triggered flip-flop clocked by fclk_in)
Path Group: fclk_in
Path Type: max

Fanout         Cap        Slew       Delay        Time   Description
---------------------------------------------------------------------------------------------
                      0.150000    0.000000    0.000000   clock fclk_in (rise edge)
                                  0.000000    0.000000   clock network delay (ideal)
                                 12.500000   12.500000 ^ input external delay
     7    0.023680    0.040002    0.019263   12.519262 ^ En (in)
                                                         En (net)
                      0.040002    0.000000   12.519262 ^ _114_/A1 (sg13g2_a21o_1)
     1    0.002590    0.027475    0.095630   12.614893 ^ _114_/X (sg13g2_a21o_1)
                                                         _071_ (net)
                      0.027475    0.000000   12.614893 ^ _115_/B (sg13g2_and2_1)
     1    0.001410    0.021601    0.075643   12.690536 ^ _115_/X (sg13g2_and2_1)
                                                         _062_ (net)
                      0.021601    0.000000   12.690536 ^ _236_/D (sg13g2_dfrbpq_1)
                                             12.690536   data arrival time

                      0.150000   62.500000   62.500000   clock fclk_in (rise edge)
                                  0.000000   62.500000   clock network delay (ideal)
                                 -0.250000   62.250004   clock uncertainty
                                  0.000000   62.250004   clock reconvergence pessimism
                                             62.250004 ^ _236_/CLK (sg13g2_dfrbpq_1)
                                 -0.094343   62.155659   library setup time
                                             62.155659   data required time
---------------------------------------------------------------------------------------------
                                             62.155659   data required time
                                            -12.690536   data arrival time
---------------------------------------------------------------------------------------------
                                             49.465122   slack (MET)


Startpoint: _239_ (rising edge-triggered flip-flop clocked by fclk_in)
Endpoint: fdac_clk (output port clocked by fclk_in)
Path Group: fclk_in
Path Type: max

Fanout         Cap        Slew       Delay        Time   Description
---------------------------------------------------------------------------------------------
                      0.150000    0.000000    0.000000   clock fclk_in (rise edge)
                                  0.000000    0.000000   clock network delay (ideal)
                      0.150000    0.000000    0.000000 ^ _239_/CLK (sg13g2_dfrbpq_1)
     1    0.006000    0.036376    0.226266    0.226266 ^ _239_/Q (sg13g2_dfrbpq_1)
                                                         fdac_clk (net)
                      0.036376    0.000000    0.226266 ^ fdac_clk (out)
                                              0.226266   data arrival time

                      0.150000   62.500000   62.500000   clock fclk_in (rise edge)
                                  0.000000   62.500000   clock network delay (ideal)
                                 -0.250000   62.250004   clock uncertainty
                                  0.000000   62.250004   clock reconvergence pessimism
                                -12.500000   49.750004   output external delay
                                             49.750004   data required time
---------------------------------------------------------------------------------------------
                                             49.750004   data required time
                                             -0.226266   data arrival time
---------------------------------------------------------------------------------------------
                                             49.523739   slack (MET)


Startpoint: rst (input port clocked by fclk_in)
Endpoint: _234_ (recovery check against rising-edge clock fclk_in)
Path Group: asynchronous
Path Type: max

Fanout         Cap        Slew       Delay        Time   Description
---------------------------------------------------------------------------------------------
                      0.150000    0.000000    0.000000   clock fclk_in (rise edge)
                                  0.000000    0.000000   clock network delay (ideal)
                                 12.500000   12.500000 v input external delay
    32    0.090103    0.080908    0.062236   12.562235 v rst (in)
                                                         rst (net)
                      0.080908    0.000000   12.562235 v _202_/A (sg13g2_inv_1)
     1    0.005097    0.041080    0.051114   12.613349 ^ _202_/Y (sg13g2_inv_1)
                                                         _028_ (net)
                      0.041080    0.000000   12.613349 ^ _234_/RESET_B (sg13g2_dfrbpq_1)
                                             12.613349   data arrival time

                      0.150000   62.500000   62.500000   clock fclk_in (rise edge)
                                  0.000000   62.500000   clock network delay (ideal)
                                 -0.250000   62.250004   clock uncertainty
                                  0.000000   62.250004   clock reconvergence pessimism
                                             62.250004 ^ _234_/CLK (sg13g2_dfrbpq_1)
                                 -0.108158   62.141846   library recovery time
                                             62.141846   data required time
---------------------------------------------------------------------------------------------
                                             62.141846   data required time
                                            -12.613349   data arrival time
---------------------------------------------------------------------------------------------
                                             49.528496   slack (MET)


Startpoint: rst (input port clocked by fclk_in)
Endpoint: _235_ (recovery check against rising-edge clock fclk_in)
Path Group: asynchronous
Path Type: max

Fanout         Cap        Slew       Delay        Time   Description
---------------------------------------------------------------------------------------------
                      0.150000    0.000000    0.000000   clock fclk_in (rise edge)
                                  0.000000    0.000000   clock network delay (ideal)
                                 12.500000   12.500000 v input external delay
    32    0.090103    0.080908    0.062236   12.562235 v rst (in)
                                                         rst (net)
                      0.080908    0.000000   12.562235 v _203_/A (sg13g2_inv_1)
     1    0.005097    0.041080    0.051114   12.613349 ^ _203_/Y (sg13g2_inv_1)
                                                         _029_ (net)
                      0.041080    0.000000   12.613349 ^ _235_/RESET_B (sg13g2_dfrbpq_1)
                                             12.613349   data arrival time

                      0.150000   62.500000   62.500000   clock fclk_in (rise edge)
                                  0.000000   62.500000   clock network delay (ideal)
                                 -0.250000   62.250004   clock uncertainty
                                  0.000000   62.250004   clock reconvergence pessimism
                                             62.250004 ^ _235_/CLK (sg13g2_dfrbpq_1)
                                 -0.108158   62.141846   library recovery time
                                             62.141846   data required time
---------------------------------------------------------------------------------------------
                                             62.141846   data required time
                                            -12.613349   data arrival time
---------------------------------------------------------------------------------------------
                                             49.528496   slack (MET)


Startpoint: rst (input port clocked by fclk_in)
Endpoint: _236_ (recovery check against rising-edge clock fclk_in)
Path Group: asynchronous
Path Type: max

Fanout         Cap        Slew       Delay        Time   Description
---------------------------------------------------------------------------------------------
                      0.150000    0.000000    0.000000   clock fclk_in (rise edge)
                                  0.000000    0.000000   clock network delay (ideal)
                                 12.500000   12.500000 v input external delay
    32    0.090103    0.080908    0.062236   12.562235 v rst (in)
                                                         rst (net)
                      0.080908    0.000000   12.562235 v _204_/A (sg13g2_inv_1)
     1    0.005097    0.041080    0.051114   12.613349 ^ _204_/Y (sg13g2_inv_1)
                                                         _030_ (net)
                      0.041080    0.000000   12.613349 ^ _236_/RESET_B (sg13g2_dfrbpq_1)
                                             12.613349   data arrival time

                      0.150000   62.500000   62.500000   clock fclk_in (rise edge)
                                  0.000000   62.500000   clock network delay (ideal)
                                 -0.250000   62.250004   clock uncertainty
                                  0.000000   62.250004   clock reconvergence pessimism
                                             62.250004 ^ _236_/CLK (sg13g2_dfrbpq_1)
                                 -0.108158   62.141846   library recovery time
                                             62.141846   data required time
---------------------------------------------------------------------------------------------
                                             62.141846   data required time
                                            -12.613349   data arrival time
---------------------------------------------------------------------------------------------
                                             49.528496   slack (MET)


Startpoint: rst (input port clocked by fclk_in)
Endpoint: _237_ (recovery check against rising-edge clock fclk_in)
Path Group: asynchronous
Path Type: max

Fanout         Cap        Slew       Delay        Time   Description
---------------------------------------------------------------------------------------------
                      0.150000    0.000000    0.000000   clock fclk_in (rise edge)
                                  0.000000    0.000000   clock network delay (ideal)
                                 12.500000   12.500000 v input external delay
    32    0.090103    0.080908    0.062236   12.562235 v rst (in)
                                                         rst (net)
                      0.080908    0.000000   12.562235 v _205_/A (sg13g2_inv_1)
     1    0.005097    0.041080    0.051114   12.613349 ^ _205_/Y (sg13g2_inv_1)
                                                         _031_ (net)
                      0.041080    0.000000   12.613349 ^ _237_/RESET_B (sg13g2_dfrbpq_1)
                                             12.613349   data arrival time

                      0.150000   62.500000   62.500000   clock fclk_in (rise edge)
                                  0.000000   62.500000   clock network delay (ideal)
                                 -0.250000   62.250004   clock uncertainty
                                  0.000000   62.250004   clock reconvergence pessimism
                                             62.250004 ^ _237_/CLK (sg13g2_dfrbpq_1)
                                 -0.108158   62.141846   library recovery time
                                             62.141846   data required time
---------------------------------------------------------------------------------------------
                                             62.141846   data required time
                                            -12.613349   data arrival time
---------------------------------------------------------------------------------------------
                                             49.528496   slack (MET)


Startpoint: rst (input port clocked by fclk_in)
Endpoint: _238_ (recovery check against rising-edge clock fclk_in)
Path Group: asynchronous
Path Type: max

Fanout         Cap        Slew       Delay        Time   Description
---------------------------------------------------------------------------------------------
                      0.150000    0.000000    0.000000   clock fclk_in (rise edge)
                                  0.000000    0.000000   clock network delay (ideal)
                                 12.500000   12.500000 v input external delay
    32    0.090103    0.080908    0.062236   12.562235 v rst (in)
                                                         rst (net)
                      0.080908    0.000000   12.562235 v _206_/A (sg13g2_inv_1)
     1    0.005097    0.041080    0.051114   12.613349 ^ _206_/Y (sg13g2_inv_1)
                                                         _032_ (net)
                      0.041080    0.000000   12.613349 ^ _238_/RESET_B (sg13g2_dfrbpq_1)
                                             12.613349   data arrival time

                      0.150000   62.500000   62.500000   clock fclk_in (rise edge)
                                  0.000000   62.500000   clock network delay (ideal)
                                 -0.250000   62.250004   clock uncertainty
                                  0.000000   62.250004   clock reconvergence pessimism
                                             62.250004 ^ _238_/CLK (sg13g2_dfrbpq_1)
                                 -0.108158   62.141846   library recovery time
                                             62.141846   data required time
---------------------------------------------------------------------------------------------
                                             62.141846   data required time
                                            -12.613349   data arrival time
---------------------------------------------------------------------------------------------
                                             49.528496   slack (MET)


Startpoint: rst (input port clocked by fclk_in)
Endpoint: _239_ (recovery check against rising-edge clock fclk_in)
Path Group: asynchronous
Path Type: max

Fanout         Cap        Slew       Delay        Time   Description
---------------------------------------------------------------------------------------------
                      0.150000    0.000000    0.000000   clock fclk_in (rise edge)
                                  0.000000    0.000000   clock network delay (ideal)
                                 12.500000   12.500000 v input external delay
    32    0.090103    0.080908    0.062236   12.562235 v rst (in)
                                                         rst (net)
                      0.080908    0.000000   12.562235 v _207_/A (sg13g2_inv_1)
     1    0.005097    0.041080    0.051114   12.613349 ^ _207_/Y (sg13g2_inv_1)
                                                         _033_ (net)
                      0.041080    0.000000   12.613349 ^ _239_/RESET_B (sg13g2_dfrbpq_1)
                                             12.613349   data arrival time

                      0.150000   62.500000   62.500000   clock fclk_in (rise edge)
                                  0.000000   62.500000   clock network delay (ideal)
                                 -0.250000   62.250004   clock uncertainty
                                  0.000000   62.250004   clock reconvergence pessimism
                                             62.250004 ^ _239_/CLK (sg13g2_dfrbpq_1)
                                 -0.108158   62.141846   library recovery time
                                             62.141846   data required time
---------------------------------------------------------------------------------------------
                                             62.141846   data required time
                                            -12.613349   data arrival time
---------------------------------------------------------------------------------------------
                                             49.528496   slack (MET)


Startpoint: En (input port clocked by fclk_in)
Endpoint: _235_ (rising edge-triggered flip-flop clocked by fclk_in)
Path Group: fclk_in
Path Type: max

Fanout         Cap        Slew       Delay        Time   Description
---------------------------------------------------------------------------------------------
                      0.150000    0.000000    0.000000   clock fclk_in (rise edge)
                                  0.000000    0.000000   clock network delay (ideal)
                                 12.500000   12.500000 ^ input external delay
     7    0.023680    0.040002    0.019263   12.519262 ^ En (in)
                                                         En (net)
                      0.040002    0.000000   12.519262 ^ _116_/A (sg13g2_xor2_1)
     1    0.001410    0.041686    0.084394   12.603656 ^ _116_/X (sg13g2_xor2_1)
                                                         _061_ (net)
                      0.041686    0.000000   12.603656 ^ _235_/D (sg13g2_dfrbpq_1)
                                             12.603656   data arrival time

                      0.150000   62.500000   62.500000   clock fclk_in (rise edge)
                                  0.000000   62.500000   clock network delay (ideal)
                                 -0.250000   62.250004   clock uncertainty
                                  0.000000   62.250004   clock reconvergence pessimism
                                             62.250004 ^ _235_/CLK (sg13g2_dfrbpq_1)
                                 -0.100701   62.149307   library setup time
                                             62.149307   data required time
---------------------------------------------------------------------------------------------
                                             62.149307   data required time
                                            -12.603656   data arrival time
---------------------------------------------------------------------------------------------
                                             49.545650   slack (MET)



