+ define_corners nom_typ_1p20V_25C
Reading timing models for corner nom_typ_1p20V_25C…
Reading cell library for the 'nom_typ_1p20V_25C' corner at '/opt/pdks/ihp-sg13g2/libs.ref/sg13g2_stdcell/lib/sg13g2_stdcell_typ_1p20V_25C.lib'…
Reading cell library for the 'nom_typ_1p20V_25C' corner at '/opt/pdks/ihp-sg13g2/libs.ref/sg13g2_io/lib/sg13g2_io_typ_1p2V_3p3V_25C.lib'…
Reading top-level netlist at '/home/designer/shared/SAR_ADC_8BIT_IHP/librelane/sar_algo/runs/RUN_2026-04-03_07-12-32/06-yosys-synthesis/sar_algo.nl.v'…
Linking design 'sar_algo' from netlist…
Reading design constraints file at '/nix/store/8h87vsa3wlidvqi062p0312chxkh8ihd-python3.13-librelane-3.0.0.dev47/lib/python3.13/site-packages/librelane/scripts/base.sdc'…
[INFO] Using clock fclk_in…
[INFO] Setting output delay to: 12.5
[INFO] Setting input delay to: 12.5
[INFO] Setting load to: 0.006
[INFO] Setting clock uncertainty to: 0.25
[INFO] Setting clock transition to: 0.15
[INFO] Setting timing derate to: 5%
%OL_CREATE_REPORT min.rpt

===========================================================================
report_checks -path_delay min (Hold)
============================================================================
======================= nom_typ_1p20V_25C Corner ===================================

Startpoint: _238_ (rising edge-triggered flip-flop clocked by fclk_in)
Endpoint: _239_ (rising edge-triggered flip-flop clocked by fclk_in)
Path Group: fclk_in
Path Type: min

Fanout         Cap        Slew       Delay        Time   Description
---------------------------------------------------------------------------------------------
                      0.150000    0.000000    0.000000   clock fclk_in (rise edge)
                                  0.000000    0.000000   clock network delay (ideal)
                      0.150000    0.000000    0.000000 ^ _238_/CLK (sg13g2_dfrbpq_1)
     3    0.008979    0.047804    0.235007    0.235007 ^ _238_/Q (sg13g2_dfrbpq_1)
                                                         cnt[3] (net)
                      0.047804    0.000000    0.235007 ^ _117_/A (sg13g2_nor3_1)
     2    0.004279    0.029236    0.047801    0.282808 v _117_/Y (sg13g2_nor3_1)
                                                         _000_ (net)
                      0.029236    0.000000    0.282808 v _239_/D (sg13g2_dfrbpq_1)
                                              0.282808   data arrival time

                      0.150000    0.000000    0.000000   clock fclk_in (rise edge)
                                  0.000000    0.000000   clock network delay (ideal)
                                  0.250000    0.250000   clock uncertainty
                                  0.000000    0.250000   clock reconvergence pessimism
                                              0.250000 ^ _239_/CLK (sg13g2_dfrbpq_1)
                                 -0.010218    0.239782   library hold time
                                              0.239782   data required time
---------------------------------------------------------------------------------------------
                                              0.239782   data required time
                                             -0.282808   data arrival time
---------------------------------------------------------------------------------------------
                                              0.043026   slack (MET)


Startpoint: _237_ (rising edge-triggered flip-flop clocked by fclk_in)
Endpoint: _237_ (rising edge-triggered flip-flop clocked by fclk_in)
Path Group: fclk_in
Path Type: min

Fanout         Cap        Slew       Delay        Time   Description
---------------------------------------------------------------------------------------------
                      0.150000    0.000000    0.000000   clock fclk_in (rise edge)
                                  0.000000    0.000000   clock network delay (ideal)
                      0.150000    0.000000    0.000000 ^ _237_/CLK (sg13g2_dfrbpq_1)
     2    0.008502    0.036054    0.227738    0.227738 v _237_/Q (sg13g2_dfrbpq_1)
                                                         cnt[2] (net)
                      0.036054    0.000000    0.227738 v _113_/A (sg13g2_xnor2_1)
     1    0.001430    0.025824    0.056732    0.284469 v _113_/Y (sg13g2_xnor2_1)
                                                         _063_ (net)
                      0.025824    0.000000    0.284469 v _237_/D (sg13g2_dfrbpq_1)
                                              0.284469   data arrival time

                      0.150000    0.000000    0.000000   clock fclk_in (rise edge)
                                  0.000000    0.000000   clock network delay (ideal)
                                  0.250000    0.250000   clock uncertainty
                                  0.000000    0.250000   clock reconvergence pessimism
                                              0.250000 ^ _237_/CLK (sg13g2_dfrbpq_1)
                                 -0.009125    0.240875   library hold time
                                              0.240875   data required time
---------------------------------------------------------------------------------------------
                                              0.240875   data required time
                                             -0.284469   data arrival time
---------------------------------------------------------------------------------------------
                                              0.043595   slack (MET)


Startpoint: _238_ (rising edge-triggered flip-flop clocked by fclk_in)
Endpoint: _238_ (rising edge-triggered flip-flop clocked by fclk_in)
Path Group: fclk_in
Path Type: min

Fanout         Cap        Slew       Delay        Time   Description
---------------------------------------------------------------------------------------------
                      0.150000    0.000000    0.000000   clock fclk_in (rise edge)
                                  0.000000    0.000000   clock network delay (ideal)
                      0.150000    0.000000    0.000000 ^ _238_/CLK (sg13g2_dfrbpq_1)
     3    0.008871    0.037111    0.228643    0.228643 v _238_/Q (sg13g2_dfrbpq_1)
                                                         cnt[3] (net)
                      0.037111    0.000000    0.228643 v _112_/A (sg13g2_and2_1)
     1    0.001430    0.016627    0.065423    0.294066 v _112_/X (sg13g2_and2_1)
                                                         _064_ (net)
                      0.016627    0.000000    0.294066 v _238_/D (sg13g2_dfrbpq_1)
                                              0.294066   data arrival time

                      0.150000    0.000000    0.000000   clock fclk_in (rise edge)
                                  0.000000    0.000000   clock network delay (ideal)
                                  0.250000    0.250000   clock uncertainty
                                  0.000000    0.250000   clock reconvergence pessimism
                                              0.250000 ^ _238_/CLK (sg13g2_dfrbpq_1)
                                 -0.006182    0.243818   library hold time
                                              0.243818   data required time
---------------------------------------------------------------------------------------------
                                              0.243818   data required time
                                             -0.294066   data arrival time
---------------------------------------------------------------------------------------------
                                              0.050248   slack (MET)


Startpoint: _235_ (rising edge-triggered flip-flop clocked by fclk_in)
Endpoint: _235_ (rising edge-triggered flip-flop clocked by fclk_in)
Path Group: fclk_in
Path Type: min

Fanout         Cap        Slew       Delay        Time   Description
---------------------------------------------------------------------------------------------
                      0.150000    0.000000    0.000000   clock fclk_in (rise edge)
                                  0.000000    0.000000   clock network delay (ideal)
                      0.150000    0.000000    0.000000 ^ _235_/CLK (sg13g2_dfrbpq_1)
     4    0.013553    0.050514    0.240126    0.240126 v _235_/Q (sg13g2_dfrbpq_1)
                                                         cnt[0] (net)
                      0.050514    0.000000    0.240126 v _116_/B (sg13g2_xor2_1)
     1    0.001430    0.023269    0.052984    0.293110 v _116_/X (sg13g2_xor2_1)
                                                         _061_ (net)
                      0.023269    0.000000    0.293110 v _235_/D (sg13g2_dfrbpq_1)
                                              0.293110   data arrival time

                      0.150000    0.000000    0.000000   clock fclk_in (rise edge)
                                  0.000000    0.000000   clock network delay (ideal)
                                  0.250000    0.250000   clock uncertainty
                                  0.000000    0.250000   clock reconvergence pessimism
                                              0.250000 ^ _235_/CLK (sg13g2_dfrbpq_1)
                                 -0.008307    0.241693   library hold time
                                              0.241693   data required time
---------------------------------------------------------------------------------------------
                                              0.241693   data required time
                                             -0.293110   data arrival time
---------------------------------------------------------------------------------------------
                                              0.051417   slack (MET)


Startpoint: _238_ (rising edge-triggered flip-flop clocked by fclk_in)
Endpoint: _234_ (rising edge-triggered flip-flop clocked by fclk_in)
Path Group: fclk_in
Path Type: min

Fanout         Cap        Slew       Delay        Time   Description
---------------------------------------------------------------------------------------------
                      0.150000    0.000000    0.000000   clock fclk_in (rise edge)
                                  0.000000    0.000000   clock network delay (ideal)
                      0.150000    0.000000    0.000000 ^ _238_/CLK (sg13g2_dfrbpq_1)
     3    0.008979    0.047804    0.235007    0.235007 ^ _238_/Q (sg13g2_dfrbpq_1)
                                                         cnt[3] (net)
                      0.047804    0.000000    0.235007 ^ _118_/A1 (sg13g2_o21ai_1)
     1    0.002236    0.029558    0.061817    0.296824 v _118_/Y (sg13g2_o21ai_1)
                                                         _072_ (net)
                      0.029558    0.000000    0.296824 v _119_/B_N (sg13g2_nor2b_1)
     1    0.001430    0.019473    0.064659    0.361484 v _119_/Y (sg13g2_nor2b_1)
                                                         _060_ (net)
                      0.019473    0.000000    0.361484 v _234_/D (sg13g2_dfrbpq_1)
                                              0.361484   data arrival time

                      0.150000    0.000000    0.000000   clock fclk_in (rise edge)
                                  0.000000    0.000000   clock network delay (ideal)
                                  0.250000    0.250000   clock uncertainty
                                  0.000000    0.250000   clock reconvergence pessimism
                                              0.250000 ^ _234_/CLK (sg13g2_dfrbpq_1)
                                 -0.007092    0.242908   library hold time
                                              0.242908   data required time
---------------------------------------------------------------------------------------------
                                              0.242908   data required time
                                             -0.361484   data arrival time
---------------------------------------------------------------------------------------------
                                              0.118576   slack (MET)


Startpoint: _236_ (rising edge-triggered flip-flop clocked by fclk_in)
Endpoint: _236_ (rising edge-triggered flip-flop clocked by fclk_in)
Path Group: fclk_in
Path Type: min

Fanout         Cap        Slew       Delay        Time   Description
---------------------------------------------------------------------------------------------
                      0.150000    0.000000    0.000000   clock fclk_in (rise edge)
                                  0.000000    0.000000   clock network delay (ideal)
                      0.150000    0.000000    0.000000 ^ _236_/CLK (sg13g2_dfrbpq_1)
     3    0.008391    0.035736    0.227465    0.227465 v _236_/Q (sg13g2_dfrbpq_1)
                                                         cnt[1] (net)
                      0.035736    0.000000    0.227465 v _114_/B1 (sg13g2_a21o_1)
     1    0.002483    0.021964    0.076999    0.304464 v _114_/X (sg13g2_a21o_1)
                                                         _071_ (net)
                      0.021964    0.000000    0.304464 v _115_/B (sg13g2_and2_1)
     1    0.001430    0.016701    0.064079    0.368543 v _115_/X (sg13g2_and2_1)
                                                         _062_ (net)
                      0.016701    0.000000    0.368543 v _236_/D (sg13g2_dfrbpq_1)
                                              0.368543   data arrival time

                      0.150000    0.000000    0.000000   clock fclk_in (rise edge)
                                  0.000000    0.000000   clock network delay (ideal)
                                  0.250000    0.250000   clock uncertainty
                                  0.000000    0.250000   clock reconvergence pessimism
                                              0.250000 ^ _236_/CLK (sg13g2_dfrbpq_1)
                                 -0.006205    0.243795   library hold time
                                              0.243795   data required time
---------------------------------------------------------------------------------------------
                                              0.243795   data required time
                                             -0.368543   data arrival time
---------------------------------------------------------------------------------------------
                                              0.124748   slack (MET)


Startpoint: fclk_in (clock source 'fclk_in')
Endpoint: fclk_comp (output port clocked by fclk_in)
Path Group: fclk_in
Path Type: min

Fanout         Cap        Slew       Delay        Time   Description
---------------------------------------------------------------------------------------------
                      0.150000    0.000000    0.000000   clock fclk_in (rise edge)
     7    0.020109    0.036589    0.016358    0.016358 ^ fclk_in (in)
                                                         fclk_in (net)
                      0.036589    0.000000    0.016358 ^ _240_/A (sg13g2_buf_1)
     1    0.006000    0.035284    0.072053    0.088411 ^ _240_/X (sg13g2_buf_1)
                                                         fclk_comp (net)
                      0.035284    0.000000    0.088411 ^ fclk_comp (out)
                                              0.088411   data arrival time

                      0.150000    0.000000    0.000000   clock fclk_in (rise edge)
                                  0.000000    0.000000   clock network delay (ideal)
                                  0.250000    0.250000   clock uncertainty
                                  0.000000    0.250000   clock reconvergence pessimism
                                -12.500000  -12.250000   output external delay
                                            -12.250000   data required time
---------------------------------------------------------------------------------------------
                                            -12.250000   data required time
                                             -0.088411   data arrival time
---------------------------------------------------------------------------------------------
                                             12.338410   slack (MET)


Startpoint: rst (input port clocked by fclk_in)
Endpoint: _234_ (removal check against rising-edge clock fclk_in)
Path Group: asynchronous
Path Type: min

Fanout         Cap        Slew       Delay        Time   Description
---------------------------------------------------------------------------------------------
                      0.150000    0.000000    0.000000   clock fclk_in (rise edge)
                                  0.000000    0.000000   clock network delay (ideal)
                                 12.500000   12.500000 v input external delay
    32    0.090103    0.080908    0.062236   12.562235 v rst (in)
                                                         rst (net)
                      0.080908    0.000000   12.562235 v _202_/A (sg13g2_inv_1)
     1    0.005097    0.041080    0.051114   12.613349 ^ _202_/Y (sg13g2_inv_1)
                                                         _028_ (net)
                      0.041080    0.000000   12.613349 ^ _234_/RESET_B (sg13g2_dfrbpq_1)
                                             12.613349   data arrival time

                      0.150000    0.000000    0.000000   clock fclk_in (rise edge)
                                  0.000000    0.000000   clock network delay (ideal)
                                  0.250000    0.250000   clock uncertainty
                                  0.000000    0.250000   clock reconvergence pessimism
                                              0.250000 ^ _234_/CLK (sg13g2_dfrbpq_1)
                                 -0.090367    0.159633   library removal time
                                              0.159633   data required time
---------------------------------------------------------------------------------------------
                                              0.159633   data required time
                                            -12.613349   data arrival time
---------------------------------------------------------------------------------------------
                                             12.453716   slack (MET)


Startpoint: rst (input port clocked by fclk_in)
Endpoint: _235_ (removal check against rising-edge clock fclk_in)
Path Group: asynchronous
Path Type: min

Fanout         Cap        Slew       Delay        Time   Description
---------------------------------------------------------------------------------------------
                      0.150000    0.000000    0.000000   clock fclk_in (rise edge)
                                  0.000000    0.000000   clock network delay (ideal)
                                 12.500000   12.500000 v input external delay
    32    0.090103    0.080908    0.062236   12.562235 v rst (in)
                                                         rst (net)
                      0.080908    0.000000   12.562235 v _203_/A (sg13g2_inv_1)
     1    0.005097    0.041080    0.051114   12.613349 ^ _203_/Y (sg13g2_inv_1)
                                                         _029_ (net)
                      0.041080    0.000000   12.613349 ^ _235_/RESET_B (sg13g2_dfrbpq_1)
                                             12.613349   data arrival time

                      0.150000    0.000000    0.000000   clock fclk_in (rise edge)
                                  0.000000    0.000000   clock network delay (ideal)
                                  0.250000    0.250000   clock uncertainty
                                  0.000000    0.250000   clock reconvergence pessimism
                                              0.250000 ^ _235_/CLK (sg13g2_dfrbpq_1)
                                 -0.090367    0.159633   library removal time
                                              0.159633   data required time
---------------------------------------------------------------------------------------------
                                              0.159633   data required time
                                            -12.613349   data arrival time
---------------------------------------------------------------------------------------------
                                             12.453716   slack (MET)


Startpoint: rst (input port clocked by fclk_in)
Endpoint: _236_ (removal check against rising-edge clock fclk_in)
Path Group: asynchronous
Path Type: min

Fanout         Cap        Slew       Delay        Time   Description
---------------------------------------------------------------------------------------------
                      0.150000    0.000000    0.000000   clock fclk_in (rise edge)
                                  0.000000    0.000000   clock network delay (ideal)
                                 12.500000   12.500000 v input external delay
    32    0.090103    0.080908    0.062236   12.562235 v rst (in)
                                                         rst (net)
                      0.080908    0.000000   12.562235 v _204_/A (sg13g2_inv_1)
     1    0.005097    0.041080    0.051114   12.613349 ^ _204_/Y (sg13g2_inv_1)
                                                         _030_ (net)
                      0.041080    0.000000   12.613349 ^ _236_/RESET_B (sg13g2_dfrbpq_1)
                                             12.613349   data arrival time

                      0.150000    0.000000    0.000000   clock fclk_in (rise edge)
                                  0.000000    0.000000   clock network delay (ideal)
                                  0.250000    0.250000   clock uncertainty
                                  0.000000    0.250000   clock reconvergence pessimism
                                              0.250000 ^ _236_/CLK (sg13g2_dfrbpq_1)
                                 -0.090367    0.159633   library removal time
                                              0.159633   data required time
---------------------------------------------------------------------------------------------
                                              0.159633   data required time
                                            -12.613349   data arrival time
---------------------------------------------------------------------------------------------
                                             12.453716   slack (MET)


Startpoint: rst (input port clocked by fclk_in)
Endpoint: _237_ (removal check against rising-edge clock fclk_in)
Path Group: asynchronous
Path Type: min

Fanout         Cap        Slew       Delay        Time   Description
---------------------------------------------------------------------------------------------
                      0.150000    0.000000    0.000000   clock fclk_in (rise edge)
                                  0.000000    0.000000   clock network delay (ideal)
                                 12.500000   12.500000 v input external delay
    32    0.090103    0.080908    0.062236   12.562235 v rst (in)
                                                         rst (net)
                      0.080908    0.000000   12.562235 v _205_/A (sg13g2_inv_1)
     1    0.005097    0.041080    0.051114   12.613349 ^ _205_/Y (sg13g2_inv_1)
                                                         _031_ (net)
                      0.041080    0.000000   12.613349 ^ _237_/RESET_B (sg13g2_dfrbpq_1)
                                             12.613349   data arrival time

                      0.150000    0.000000    0.000000   clock fclk_in (rise edge)
                                  0.000000    0.000000   clock network delay (ideal)
                                  0.250000    0.250000   clock uncertainty
                                  0.000000    0.250000   clock reconvergence pessimism
                                              0.250000 ^ _237_/CLK (sg13g2_dfrbpq_1)
                                 -0.090367    0.159633   library removal time
                                              0.159633   data required time
---------------------------------------------------------------------------------------------
                                              0.159633   data required time
                                            -12.613349   data arrival time
---------------------------------------------------------------------------------------------
                                             12.453716   slack (MET)


Startpoint: rst (input port clocked by fclk_in)
Endpoint: _238_ (removal check against rising-edge clock fclk_in)
Path Group: asynchronous
Path Type: min

Fanout         Cap        Slew       Delay        Time   Description
---------------------------------------------------------------------------------------------
                      0.150000    0.000000    0.000000   clock fclk_in (rise edge)
                                  0.000000    0.000000   clock network delay (ideal)
                                 12.500000   12.500000 v input external delay
    32    0.090103    0.080908    0.062236   12.562235 v rst (in)
                                                         rst (net)
                      0.080908    0.000000   12.562235 v _206_/A (sg13g2_inv_1)
     1    0.005097    0.041080    0.051114   12.613349 ^ _206_/Y (sg13g2_inv_1)
                                                         _032_ (net)
                      0.041080    0.000000   12.613349 ^ _238_/RESET_B (sg13g2_dfrbpq_1)
                                             12.613349   data arrival time

                      0.150000    0.000000    0.000000   clock fclk_in (rise edge)
                                  0.000000    0.000000   clock network delay (ideal)
                                  0.250000    0.250000   clock uncertainty
                                  0.000000    0.250000   clock reconvergence pessimism
                                              0.250000 ^ _238_/CLK (sg13g2_dfrbpq_1)
                                 -0.090367    0.159633   library removal time
                                              0.159633   data required time
---------------------------------------------------------------------------------------------
                                              0.159633   data required time
                                            -12.613349   data arrival time
---------------------------------------------------------------------------------------------
                                             12.453716   slack (MET)


Startpoint: rst (input port clocked by fclk_in)
Endpoint: _239_ (removal check against rising-edge clock fclk_in)
Path Group: asynchronous
Path Type: min

Fanout         Cap        Slew       Delay        Time   Description
---------------------------------------------------------------------------------------------
                      0.150000    0.000000    0.000000   clock fclk_in (rise edge)
                                  0.000000    0.000000   clock network delay (ideal)
                                 12.500000   12.500000 v input external delay
    32    0.090103    0.080908    0.062236   12.562235 v rst (in)
                                                         rst (net)
                      0.080908    0.000000   12.562235 v _207_/A (sg13g2_inv_1)
     1    0.005097    0.041080    0.051114   12.613349 ^ _207_/Y (sg13g2_inv_1)
                                                         _033_ (net)
                      0.041080    0.000000   12.613349 ^ _239_/RESET_B (sg13g2_dfrbpq_1)
                                             12.613349   data arrival time

                      0.150000    0.000000    0.000000   clock fclk_in (rise edge)
                                  0.000000    0.000000   clock network delay (ideal)
                                  0.250000    0.250000   clock uncertainty
                                  0.000000    0.250000   clock reconvergence pessimism
                                              0.250000 ^ _239_/CLK (sg13g2_dfrbpq_1)
                                 -0.090367    0.159633   library removal time
                                              0.159633   data required time
---------------------------------------------------------------------------------------------
                                              0.159633   data required time
                                            -12.613349   data arrival time
---------------------------------------------------------------------------------------------
                                             12.453716   slack (MET)


Startpoint: _239_ (rising edge-triggered flip-flop clocked by fclk_in)
Endpoint: fdac_clk (output port clocked by fclk_in)
Path Group: fclk_in
Path Type: min

Fanout         Cap        Slew       Delay        Time   Description
---------------------------------------------------------------------------------------------
                      0.150000    0.000000    0.000000   clock fclk_in (rise edge)
                                  0.000000    0.000000   clock network delay (ideal)
                      0.150000    0.000000    0.000000 ^ _239_/CLK (sg13g2_dfrbpq_1)
     1    0.006000    0.028890    0.221600    0.221600 v _239_/Q (sg13g2_dfrbpq_1)
                                                         fdac_clk (net)
                      0.028890    0.000000    0.221600 v fdac_clk (out)
                                              0.221600   data arrival time

                      0.150000    0.000000    0.000000   clock fclk_in (rise edge)
                                  0.000000    0.000000   clock network delay (ideal)
                                  0.250000    0.250000   clock uncertainty
                                  0.000000    0.250000   clock reconvergence pessimism
                                -12.500000  -12.250000   output external delay
                                            -12.250000   data required time
---------------------------------------------------------------------------------------------
                                            -12.250000   data required time
                                             -0.221600   data arrival time
---------------------------------------------------------------------------------------------
                                             12.471601   slack (MET)


Startpoint: _234_ (rising edge-triggered flip-flop clocked by fclk_in)
Endpoint: fclk_samp (output port clocked by fclk_in)
Path Group: fclk_in
Path Type: min

Fanout         Cap        Slew       Delay        Time   Description
---------------------------------------------------------------------------------------------
                      0.150000    0.000000    0.000000   clock fclk_in (rise edge)
                                  0.000000    0.000000   clock network delay (ideal)
                      0.150000    0.000000    0.000000 ^ _234_/CLK (sg13g2_dfrbpq_1)
     2    0.005998    0.036368    0.226260    0.226260 ^ _234_/Q (sg13g2_dfrbpq_1)
                                                         _001_ (net)
                      0.036368    0.000000    0.226260 ^ _104_/A (sg13g2_inv_1)
     5    0.018291    0.063523    0.069292    0.295552 v _104_/Y (sg13g2_inv_1)
                                                         fclk_samp (net)
                      0.063523    0.000000    0.295552 v fclk_samp (out)
                                              0.295552   data arrival time

                      0.150000    0.000000    0.000000   clock fclk_in (rise edge)
                                  0.000000    0.000000   clock network delay (ideal)
                                  0.250000    0.250000   clock uncertainty
                                  0.000000    0.250000   clock reconvergence pessimism
                                -12.500000  -12.250000   output external delay
                                            -12.250000   data required time
---------------------------------------------------------------------------------------------
                                            -12.250000   data required time
                                             -0.295552   data arrival time
---------------------------------------------------------------------------------------------
                                             12.545551   slack (MET)



%OL_END_REPORT
%OL_CREATE_REPORT max.rpt

===========================================================================
report_checks -path_delay max (Setup)
============================================================================
======================= nom_typ_1p20V_25C Corner ===================================

Startpoint: fclk_in (clock source 'fclk_in')
Endpoint: fclk_comp (output port clocked by fclk_in)
Path Group: fclk_in
Path Type: max

Fanout         Cap        Slew       Delay        Time   Description
---------------------------------------------------------------------------------------------
                      0.150000   31.250000   31.250000   clock fclk_in (fall edge)
     7    0.017454    0.027776    0.012058   31.262058 v fclk_in (in)
                                                         fclk_in (net)
                      0.027776    0.000000   31.262058 v _240_/A (sg13g2_buf_1)
     1    0.006000    0.029169    0.068912   31.330971 v _240_/X (sg13g2_buf_1)
                                                         fclk_comp (net)
                      0.029169    0.000000   31.330971 v fclk_comp (out)
                                             31.330971   data arrival time

                      0.150000   62.500000   62.500000   clock fclk_in (rise edge)
                                  0.000000   62.500000   clock network delay (ideal)
                                 -0.250000   62.250004   clock uncertainty
                                  0.000000   62.250004   clock reconvergence pessimism
                                -12.500000   49.750004   output external delay
                                             49.750004   data required time
---------------------------------------------------------------------------------------------
                                             49.750004   data required time
                                            -31.330971   data arrival time
---------------------------------------------------------------------------------------------
                                             18.419033   slack (MET)


Startpoint: En (input port clocked by fclk_in)
Endpoint: _234_ (rising edge-triggered flip-flop clocked by fclk_in)
Path Group: fclk_in
Path Type: max

Fanout         Cap        Slew       Delay        Time   Description
---------------------------------------------------------------------------------------------
                      0.150000    0.000000    0.000000   clock fclk_in (rise edge)
                                  0.000000    0.000000   clock network delay (ideal)
                                 12.500000   12.500000 ^ input external delay
     7    0.023680    0.040002    0.019263   12.519262 ^ En (in)
                                                         En (net)
                      0.040002    0.000000   12.519262 ^ _111_/A (sg13g2_nand4_1)
     3    0.008458    0.130648    0.124586   12.643848 v _111_/Y (sg13g2_nand4_1)
                                                         _070_ (net)
                      0.130648    0.000000   12.643848 v _118_/A2 (sg13g2_o21ai_1)
     1    0.002296    0.076955    0.106835   12.750683 ^ _118_/Y (sg13g2_o21ai_1)
                                                         _072_ (net)
                      0.076955    0.000000   12.750683 ^ _119_/B_N (sg13g2_nor2b_1)
     1    0.001410    0.035072    0.099386   12.850069 ^ _119_/Y (sg13g2_nor2b_1)
                                                         _060_ (net)
                      0.035072    0.000000   12.850069 ^ _234_/D (sg13g2_dfrbpq_1)
                                             12.850069   data arrival time

                      0.150000   62.500000   62.500000   clock fclk_in (rise edge)
                                  0.000000   62.500000   clock network delay (ideal)
                                 -0.250000   62.250004   clock uncertainty
                                  0.000000   62.250004   clock reconvergence pessimism
                                             62.250004 ^ _234_/CLK (sg13g2_dfrbpq_1)
                                 -0.098607   62.151394   library setup time
                                             62.151394   data required time
---------------------------------------------------------------------------------------------
                                             62.151394   data required time
                                            -12.850069   data arrival time
---------------------------------------------------------------------------------------------
                                             49.301327   slack (MET)


Startpoint: En (input port clocked by fclk_in)
Endpoint: _239_ (rising edge-triggered flip-flop clocked by fclk_in)
Path Group: fclk_in
Path Type: max

Fanout         Cap        Slew       Delay        Time   Description
---------------------------------------------------------------------------------------------
                      0.150000    0.000000    0.000000   clock fclk_in (rise edge)
                                  0.000000    0.000000   clock network delay (ideal)
                                 12.500000   12.500000 ^ input external delay
     7    0.023680    0.040002    0.019263   12.519262 ^ En (in)
                                                         En (net)
                      0.040002    0.000000   12.519262 ^ _111_/A (sg13g2_nand4_1)
     3    0.008458    0.130648    0.124586   12.643848 v _111_/Y (sg13g2_nand4_1)
                                                         _070_ (net)
                      0.130648    0.000000   12.643848 v _117_/C (sg13g2_nor3_1)
     2    0.004407    0.110537    0.119339   12.763187 ^ _117_/Y (sg13g2_nor3_1)
                                                         _000_ (net)
                      0.110537    0.000000   12.763187 ^ _239_/D (sg13g2_dfrbpq_1)
                                             12.763187   data arrival time

                      0.150000   62.500000   62.500000   clock fclk_in (rise edge)
                                  0.000000   62.500000   clock network delay (ideal)
                                 -0.250000   62.250004   clock uncertainty
                                  0.000000   62.250004   clock reconvergence pessimism
                                             62.250004 ^ _239_/CLK (sg13g2_dfrbpq_1)
                                 -0.122496   62.127506   library setup time
                                             62.127506   data required time
---------------------------------------------------------------------------------------------
                                             62.127506   data required time
                                            -12.763187   data arrival time
---------------------------------------------------------------------------------------------
                                             49.364319   slack (MET)


Startpoint: En (input port clocked by fclk_in)
Endpoint: _238_ (rising edge-triggered flip-flop clocked by fclk_in)
Path Group: fclk_in
Path Type: max

Fanout         Cap        Slew       Delay        Time   Description
---------------------------------------------------------------------------------------------
                      0.150000    0.000000    0.000000   clock fclk_in (rise edge)
                                  0.000000    0.000000   clock network delay (ideal)
                                 12.500000   12.500000 ^ input external delay
     7    0.023680    0.040002    0.019263   12.519262 ^ En (in)
                                                         En (net)
                      0.040002    0.000000   12.519262 ^ _111_/A (sg13g2_nand4_1)
     3    0.008458    0.130648    0.124586   12.643848 v _111_/Y (sg13g2_nand4_1)
                                                         _070_ (net)
                      0.130648    0.000000   12.643848 v _112_/B (sg13g2_and2_1)
     1    0.001430    0.020000    0.108819   12.752666 v _112_/X (sg13g2_and2_1)
                                                         _064_ (net)
                      0.020000    0.000000   12.752666 v _238_/D (sg13g2_dfrbpq_1)
                                             12.752666   data arrival time

                      0.150000   62.500000   62.500000   clock fclk_in (rise edge)
                                  0.000000   62.500000   clock network delay (ideal)
                                 -0.250000   62.250004   clock uncertainty
                                  0.000000   62.250004   clock reconvergence pessimism
                                             62.250004 ^ _238_/CLK (sg13g2_dfrbpq_1)
                                 -0.079405   62.170601   library setup time
                                             62.170601   data required time
---------------------------------------------------------------------------------------------
                                             62.170601   data required time
                                            -12.752666   data arrival time
---------------------------------------------------------------------------------------------
                                             49.417934   slack (MET)


Startpoint: En (input port clocked by fclk_in)
Endpoint: _237_ (rising edge-triggered flip-flop clocked by fclk_in)
Path Group: fclk_in
Path Type: max

Fanout         Cap        Slew       Delay        Time   Description
---------------------------------------------------------------------------------------------
                      0.150000    0.000000    0.000000   clock fclk_in (rise edge)
                                  0.000000    0.000000   clock network delay (ideal)
                                 12.500000   12.500000 ^ input external delay
     7    0.023680    0.040002    0.019263   12.519262 ^ En (in)
                                                         En (net)
                      0.040002    0.000000   12.519262 ^ _110_/A (sg13g2_nand3_1)
     2    0.007608    0.089134    0.092053   12.611316 v _110_/Y (sg13g2_nand3_1)
                                                         _069_ (net)
                      0.089134    0.000000   12.611316 v _113_/B (sg13g2_xnor2_1)
     1    0.001430    0.032468    0.102686   12.714002 v _113_/Y (sg13g2_xnor2_1)
                                                         _063_ (net)
                      0.032468    0.000000   12.714002 v _237_/D (sg13g2_dfrbpq_1)
                                             12.714002   data arrival time

                      0.150000   62.500000   62.500000   clock fclk_in (rise edge)
                                  0.000000   62.500000   clock network delay (ideal)
                                 -0.250000   62.250004   clock uncertainty
                                  0.000000   62.250004   clock reconvergence pessimism
                                             62.250004 ^ _237_/CLK (sg13g2_dfrbpq_1)
                                 -0.083919   62.166080   library setup time
                                             62.166080   data required time
---------------------------------------------------------------------------------------------
                                             62.166080   data required time
                                            -12.714002   data arrival time
---------------------------------------------------------------------------------------------
                                             49.452080   slack (MET)


Startpoint: _234_ (rising edge-triggered flip-flop clocked by fclk_in)
Endpoint: fclk_samp (output port clocked by fclk_in)
Path Group: fclk_in
Path Type: max

Fanout         Cap        Slew       Delay        Time   Description
---------------------------------------------------------------------------------------------
                      0.150000    0.000000    0.000000   clock fclk_in (rise edge)
                                  0.000000    0.000000   clock network delay (ideal)
                      0.150000    0.000000    0.000000 ^ _234_/CLK (sg13g2_dfrbpq_1)
     2    0.005683    0.027983    0.220823    0.220823 v _234_/Q (sg13g2_dfrbpq_1)
                                                         _001_ (net)
                      0.027983    0.000000    0.220823 v _104_/A (sg13g2_inv_1)
     5    0.018872    0.084324    0.076440    0.297263 ^ _104_/Y (sg13g2_inv_1)
                                                         fclk_samp (net)
                      0.084324    0.000000    0.297263 ^ fclk_samp (out)
                                              0.297263   data arrival time

                      0.150000   62.500000   62.500000   clock fclk_in (rise edge)
                                  0.000000   62.500000   clock network delay (ideal)
                                 -0.250000   62.250004   clock uncertainty
                                  0.000000   62.250004   clock reconvergence pessimism
                                -12.500000   49.750004   output external delay
                                             49.750004   data required time
---------------------------------------------------------------------------------------------
                                             49.750004   data required time
                                             -0.297263   data arrival time
---------------------------------------------------------------------------------------------
                                             49.452744   slack (MET)


Startpoint: En (input port clocked by fclk_in)
Endpoint: _236_ (rising edge-triggered flip-flop clocked by fclk_in)
Path Group: fclk_in
Path Type: max

Fanout         Cap        Slew       Delay        Time   Description
---------------------------------------------------------------------------------------------
                      0.150000    0.000000    0.000000   clock fclk_in (rise edge)
                                  0.000000    0.000000   clock network delay (ideal)
                                 12.500000   12.500000 ^ input external delay
     7    0.023680    0.040002    0.019263   12.519262 ^ En (in)
                                                         En (net)
                      0.040002    0.000000   12.519262 ^ _114_/A1 (sg13g2_a21o_1)
     1    0.002590    0.027475    0.095630   12.614893 ^ _114_/X (sg13g2_a21o_1)
                                                         _071_ (net)
                      0.027475    0.000000   12.614893 ^ _115_/B (sg13g2_and2_1)
     1    0.001410    0.021601    0.075643   12.690536 ^ _115_/X (sg13g2_and2_1)
                                                         _062_ (net)
                      0.021601    0.000000   12.690536 ^ _236_/D (sg13g2_dfrbpq_1)
                                             12.690536   data arrival time

                      0.150000   62.500000   62.500000   clock fclk_in (rise edge)
                                  0.000000   62.500000   clock network delay (ideal)
                                 -0.250000   62.250004   clock uncertainty
                                  0.000000   62.250004   clock reconvergence pessimism
                                             62.250004 ^ _236_/CLK (sg13g2_dfrbpq_1)
                                 -0.094343   62.155659   library setup time
                                             62.155659   data required time
---------------------------------------------------------------------------------------------
                                             62.155659   data required time
                                            -12.690536   data arrival time
---------------------------------------------------------------------------------------------
                                             49.465122   slack (MET)


Startpoint: _239_ (rising edge-triggered flip-flop clocked by fclk_in)
Endpoint: fdac_clk (output port clocked by fclk_in)
Path Group: fclk_in
Path Type: max

Fanout         Cap        Slew       Delay        Time   Description
---------------------------------------------------------------------------------------------
                      0.150000    0.000000    0.000000   clock fclk_in (rise edge)
                                  0.000000    0.000000   clock network delay (ideal)
                      0.150000    0.000000    0.000000 ^ _239_/CLK (sg13g2_dfrbpq_1)
     1    0.006000    0.036376    0.226266    0.226266 ^ _239_/Q (sg13g2_dfrbpq_1)
                                                         fdac_clk (net)
                      0.036376    0.000000    0.226266 ^ fdac_clk (out)
                                              0.226266   data arrival time

                      0.150000   62.500000   62.500000   clock fclk_in (rise edge)
                                  0.000000   62.500000   clock network delay (ideal)
                                 -0.250000   62.250004   clock uncertainty
                                  0.000000   62.250004   clock reconvergence pessimism
                                -12.500000   49.750004   output external delay
                                             49.750004   data required time
---------------------------------------------------------------------------------------------
                                             49.750004   data required time
                                             -0.226266   data arrival time
---------------------------------------------------------------------------------------------
                                             49.523739   slack (MET)


Startpoint: rst (input port clocked by fclk_in)
Endpoint: _234_ (recovery check against rising-edge clock fclk_in)
Path Group: asynchronous
Path Type: max

Fanout         Cap        Slew       Delay        Time   Description
---------------------------------------------------------------------------------------------
                      0.150000    0.000000    0.000000   clock fclk_in (rise edge)
                                  0.000000    0.000000   clock network delay (ideal)
                                 12.500000   12.500000 v input external delay
    32    0.090103    0.080908    0.062236   12.562235 v rst (in)
                                                         rst (net)
                      0.080908    0.000000   12.562235 v _202_/A (sg13g2_inv_1)
     1    0.005097    0.041080    0.051114   12.613349 ^ _202_/Y (sg13g2_inv_1)
                                                         _028_ (net)
                      0.041080    0.000000   12.613349 ^ _234_/RESET_B (sg13g2_dfrbpq_1)
                                             12.613349   data arrival time

                      0.150000   62.500000   62.500000   clock fclk_in (rise edge)
                                  0.000000   62.500000   clock network delay (ideal)
                                 -0.250000   62.250004   clock uncertainty
                                  0.000000   62.250004   clock reconvergence pessimism
                                             62.250004 ^ _234_/CLK (sg13g2_dfrbpq_1)
                                 -0.108158   62.141846   library recovery time
                                             62.141846   data required time
---------------------------------------------------------------------------------------------
                                             62.141846   data required time
                                            -12.613349   data arrival time
---------------------------------------------------------------------------------------------
                                             49.528496   slack (MET)


Startpoint: rst (input port clocked by fclk_in)
Endpoint: _235_ (recovery check against rising-edge clock fclk_in)
Path Group: asynchronous
Path Type: max

Fanout         Cap        Slew       Delay        Time   Description
---------------------------------------------------------------------------------------------
                      0.150000    0.000000    0.000000   clock fclk_in (rise edge)
                                  0.000000    0.000000   clock network delay (ideal)
                                 12.500000   12.500000 v input external delay
    32    0.090103    0.080908    0.062236   12.562235 v rst (in)
                                                         rst (net)
                      0.080908    0.000000   12.562235 v _203_/A (sg13g2_inv_1)
     1    0.005097    0.041080    0.051114   12.613349 ^ _203_/Y (sg13g2_inv_1)
                                                         _029_ (net)
                      0.041080    0.000000   12.613349 ^ _235_/RESET_B (sg13g2_dfrbpq_1)
                                             12.613349   data arrival time

                      0.150000   62.500000   62.500000   clock fclk_in (rise edge)
                                  0.000000   62.500000   clock network delay (ideal)
                                 -0.250000   62.250004   clock uncertainty
                                  0.000000   62.250004   clock reconvergence pessimism
                                             62.250004 ^ _235_/CLK (sg13g2_dfrbpq_1)
                                 -0.108158   62.141846   library recovery time
                                             62.141846   data required time
---------------------------------------------------------------------------------------------
                                             62.141846   data required time
                                            -12.613349   data arrival time
---------------------------------------------------------------------------------------------
                                             49.528496   slack (MET)


Startpoint: rst (input port clocked by fclk_in)
Endpoint: _236_ (recovery check against rising-edge clock fclk_in)
Path Group: asynchronous
Path Type: max

Fanout         Cap        Slew       Delay        Time   Description
---------------------------------------------------------------------------------------------
                      0.150000    0.000000    0.000000   clock fclk_in (rise edge)
                                  0.000000    0.000000   clock network delay (ideal)
                                 12.500000   12.500000 v input external delay
    32    0.090103    0.080908    0.062236   12.562235 v rst (in)
                                                         rst (net)
                      0.080908    0.000000   12.562235 v _204_/A (sg13g2_inv_1)
     1    0.005097    0.041080    0.051114   12.613349 ^ _204_/Y (sg13g2_inv_1)
                                                         _030_ (net)
                      0.041080    0.000000   12.613349 ^ _236_/RESET_B (sg13g2_dfrbpq_1)
                                             12.613349   data arrival time

                      0.150000   62.500000   62.500000   clock fclk_in (rise edge)
                                  0.000000   62.500000   clock network delay (ideal)
                                 -0.250000   62.250004   clock uncertainty
                                  0.000000   62.250004   clock reconvergence pessimism
                                             62.250004 ^ _236_/CLK (sg13g2_dfrbpq_1)
                                 -0.108158   62.141846   library recovery time
                                             62.141846   data required time
---------------------------------------------------------------------------------------------
                                             62.141846   data required time
                                            -12.613349   data arrival time
---------------------------------------------------------------------------------------------
                                             49.528496   slack (MET)


Startpoint: rst (input port clocked by fclk_in)
Endpoint: _237_ (recovery check against rising-edge clock fclk_in)
Path Group: asynchronous
Path Type: max

Fanout         Cap        Slew       Delay        Time   Description
---------------------------------------------------------------------------------------------
                      0.150000    0.000000    0.000000   clock fclk_in (rise edge)
                                  0.000000    0.000000   clock network delay (ideal)
                                 12.500000   12.500000 v input external delay
    32    0.090103    0.080908    0.062236   12.562235 v rst (in)
                                                         rst (net)
                      0.080908    0.000000   12.562235 v _205_/A (sg13g2_inv_1)
     1    0.005097    0.041080    0.051114   12.613349 ^ _205_/Y (sg13g2_inv_1)
                                                         _031_ (net)
                      0.041080    0.000000   12.613349 ^ _237_/RESET_B (sg13g2_dfrbpq_1)
                                             12.613349   data arrival time

                      0.150000   62.500000   62.500000   clock fclk_in (rise edge)
                                  0.000000   62.500000   clock network delay (ideal)
                                 -0.250000   62.250004   clock uncertainty
                                  0.000000   62.250004   clock reconvergence pessimism
                                             62.250004 ^ _237_/CLK (sg13g2_dfrbpq_1)
                                 -0.108158   62.141846   library recovery time
                                             62.141846   data required time
---------------------------------------------------------------------------------------------
                                             62.141846   data required time
                                            -12.613349   data arrival time
---------------------------------------------------------------------------------------------
                                             49.528496   slack (MET)


Startpoint: rst (input port clocked by fclk_in)
Endpoint: _238_ (recovery check against rising-edge clock fclk_in)
Path Group: asynchronous
Path Type: max

Fanout         Cap        Slew       Delay        Time   Description
---------------------------------------------------------------------------------------------
                      0.150000    0.000000    0.000000   clock fclk_in (rise edge)
                                  0.000000    0.000000   clock network delay (ideal)
                                 12.500000   12.500000 v input external delay
    32    0.090103    0.080908    0.062236   12.562235 v rst (in)
                                                         rst (net)
                      0.080908    0.000000   12.562235 v _206_/A (sg13g2_inv_1)
     1    0.005097    0.041080    0.051114   12.613349 ^ _206_/Y (sg13g2_inv_1)
                                                         _032_ (net)
                      0.041080    0.000000   12.613349 ^ _238_/RESET_B (sg13g2_dfrbpq_1)
                                             12.613349   data arrival time

                      0.150000   62.500000   62.500000   clock fclk_in (rise edge)
                                  0.000000   62.500000   clock network delay (ideal)
                                 -0.250000   62.250004   clock uncertainty
                                  0.000000   62.250004   clock reconvergence pessimism
                                             62.250004 ^ _238_/CLK (sg13g2_dfrbpq_1)
                                 -0.108158   62.141846   library recovery time
                                             62.141846   data required time
---------------------------------------------------------------------------------------------
                                             62.141846   data required time
                                            -12.613349   data arrival time
---------------------------------------------------------------------------------------------
                                             49.528496   slack (MET)


Startpoint: rst (input port clocked by fclk_in)
Endpoint: _239_ (recovery check against rising-edge clock fclk_in)
Path Group: asynchronous
Path Type: max

Fanout         Cap        Slew       Delay        Time   Description
---------------------------------------------------------------------------------------------
                      0.150000    0.000000    0.000000   clock fclk_in (rise edge)
                                  0.000000    0.000000   clock network delay (ideal)
                                 12.500000   12.500000 v input external delay
    32    0.090103    0.080908    0.062236   12.562235 v rst (in)
                                                         rst (net)
                      0.080908    0.000000   12.562235 v _207_/A (sg13g2_inv_1)
     1    0.005097    0.041080    0.051114   12.613349 ^ _207_/Y (sg13g2_inv_1)
                                                         _033_ (net)
                      0.041080    0.000000   12.613349 ^ _239_/RESET_B (sg13g2_dfrbpq_1)
                                             12.613349   data arrival time

                      0.150000   62.500000   62.500000   clock fclk_in (rise edge)
                                  0.000000   62.500000   clock network delay (ideal)
                                 -0.250000   62.250004   clock uncertainty
                                  0.000000   62.250004   clock reconvergence pessimism
                                             62.250004 ^ _239_/CLK (sg13g2_dfrbpq_1)
                                 -0.108158   62.141846   library recovery time
                                             62.141846   data required time
---------------------------------------------------------------------------------------------
                                             62.141846   data required time
                                            -12.613349   data arrival time
---------------------------------------------------------------------------------------------
                                             49.528496   slack (MET)


Startpoint: En (input port clocked by fclk_in)
Endpoint: _235_ (rising edge-triggered flip-flop clocked by fclk_in)
Path Group: fclk_in
Path Type: max

Fanout         Cap        Slew       Delay        Time   Description
---------------------------------------------------------------------------------------------
                      0.150000    0.000000    0.000000   clock fclk_in (rise edge)
                                  0.000000    0.000000   clock network delay (ideal)
                                 12.500000   12.500000 ^ input external delay
     7    0.023680    0.040002    0.019263   12.519262 ^ En (in)
                                                         En (net)
                      0.040002    0.000000   12.519262 ^ _116_/A (sg13g2_xor2_1)
     1    0.001410    0.041686    0.084394   12.603656 ^ _116_/X (sg13g2_xor2_1)
                                                         _061_ (net)
                      0.041686    0.000000   12.603656 ^ _235_/D (sg13g2_dfrbpq_1)
                                             12.603656   data arrival time

                      0.150000   62.500000   62.500000   clock fclk_in (rise edge)
                                  0.000000   62.500000   clock network delay (ideal)
                                 -0.250000   62.250004   clock uncertainty
                                  0.000000   62.250004   clock reconvergence pessimism
                                             62.250004 ^ _235_/CLK (sg13g2_dfrbpq_1)
                                 -0.100701   62.149307   library setup time
                                             62.149307   data required time
---------------------------------------------------------------------------------------------
                                             62.149307   data required time
                                            -12.603656   data arrival time
---------------------------------------------------------------------------------------------
                                             49.545650   slack (MET)



%OL_END_REPORT
%OL_CREATE_REPORT checks.rpt

===========================================================================
report_checks -unconstrained
===========================================================================
======================= nom_typ_1p20V_25C Corner ===================================

Startpoint: rst (input port clocked by fclk_in)
Endpoint: _234_ (recovery check against rising-edge clock fclk_in)
Path Group: asynchronous
Path Type: max

Fanout         Cap        Slew       Delay        Time   Description
---------------------------------------------------------------------------------------------
                      0.150000    0.000000    0.000000   clock fclk_in (rise edge)
                                  0.000000    0.000000   clock network delay (ideal)
                                 12.500000   12.500000 v input external delay
    32    0.090103    0.080908    0.062236   12.562235 v rst (in)
                                                         rst (net)
                      0.080908    0.000000   12.562235 v _202_/A (sg13g2_inv_1)
     1    0.005097    0.041080    0.051114   12.613349 ^ _202_/Y (sg13g2_inv_1)
                                                         _028_ (net)
                      0.041080    0.000000   12.613349 ^ _234_/RESET_B (sg13g2_dfrbpq_1)
                                             12.613349   data arrival time

                      0.150000   62.500000   62.500000   clock fclk_in (rise edge)
                                  0.000000   62.500000   clock network delay (ideal)
                                 -0.250000   62.250004   clock uncertainty
                                  0.000000   62.250004   clock reconvergence pessimism
                                             62.250004 ^ _234_/CLK (sg13g2_dfrbpq_1)
                                 -0.108158   62.141846   library recovery time
                                             62.141846   data required time
---------------------------------------------------------------------------------------------
                                             62.141846   data required time
                                            -12.613349   data arrival time
---------------------------------------------------------------------------------------------
                                             49.528496   slack (MET)


Startpoint: fclk_in (clock source 'fclk_in')
Endpoint: fclk_comp (output port clocked by fclk_in)
Path Group: fclk_in
Path Type: max

Fanout         Cap        Slew       Delay        Time   Description
---------------------------------------------------------------------------------------------
                      0.150000   31.250000   31.250000   clock fclk_in (fall edge)
     7    0.017454    0.027776    0.012058   31.262058 v fclk_in (in)
                                                         fclk_in (net)
                      0.027776    0.000000   31.262058 v _240_/A (sg13g2_buf_1)
     1    0.006000    0.029169    0.068912   31.330971 v _240_/X (sg13g2_buf_1)
                                                         fclk_comp (net)
                      0.029169    0.000000   31.330971 v fclk_comp (out)
                                             31.330971   data arrival time

                      0.150000   62.500000   62.500000   clock fclk_in (rise edge)
                                  0.000000   62.500000   clock network delay (ideal)
                                 -0.250000   62.250004   clock uncertainty
                                  0.000000   62.250004   clock reconvergence pessimism
                                -12.500000   49.750004   output external delay
                                             49.750004   data required time
---------------------------------------------------------------------------------------------
                                             49.750004   data required time
                                            -31.330971   data arrival time
---------------------------------------------------------------------------------------------
                                             18.419033   slack (MET)




===========================================================================
report_checks --slack_max -0.01
============================================================================
======================= nom_typ_1p20V_25C Corner ===================================

No paths found.


===========================================================================
 report_check_types -max_slew -max_cap -max_fanout -violators
============================================================================
======================= nom_typ_1p20V_25C Corner ===================================

max fanout

Pin                                   Limit Fanout  Slack
---------------------------------------------------------
rst                                       8     32    -24 (VIOLATED)
clk_algo                                  8     26    -18 (VIOLATED)
_140_/Y                                   8     14     -6 (VIOLATED)
_121_/Y                                   8      9        (VIOLATED)



===========================================================================
report_parasitic_annotation -report_unannotated
============================================================================
Found 145 unannotated drivers.
 En
 Om
 Op
 VDD
 VSS
 clk_algo
 fclk_in
 rst
 _104_/Y
 _105_/Y
 _106_/Y
 _107_/Y
 _108_/Y
 _109_/Y
 _110_/Y
 _111_/Y
 _112_/X
 _113_/Y
 _114_/X
 _115_/X
 _116_/X
 _117_/Y
 _118_/Y
 _119_/Y
 _120_/Y
 _121_/Y
 _122_/Y
 _123_/X
 _124_/Y
 _125_/Y
 _126_/X
 _127_/Y
 _128_/Y
 _129_/Y
 _130_/Y
 _131_/Y
 _132_/Y
 _133_/Y
 _134_/X
 _135_/Y
 _136_/Y
 _137_/Y
 _138_/Y
 _139_/Y
 _140_/Y
 _141_/Y
 _142_/Y
 _143_/Y
 _144_/Y
 _145_/Y
 _146_/Y
 _147_/Y
 _148_/Y
 _149_/Y
 _150_/Y
 _151_/Y
 _152_/X
 _153_/Y
 _154_/X
 _155_/Y
 _156_/X
 _157_/X
 _158_/X
 _159_/X
 _160_/X
 _161_/Y
 _162_/Y
 _163_/X
 _164_/X
 _165_/Y
 _166_/Y
 _167_/X
 _168_/X
 _169_/X
 _170_/X
 _171_/Y
 _172_/Y
 _173_/X
 _174_/X
 _175_/Y
 _176_/Y
 _177_/Y
 _178_/Y
 _179_/Y
 _180_/Y
 _181_/Y
 _182_/Y
 _183_/Y
 _184_/Y
 _185_/Y
 _186_/Y
 _187_/Y
 _188_/Y
 _189_/Y
 _190_/Y
 _191_/Y
 _192_/Y
 _193_/Y
 _194_/Y
 _195_/Y
 _196_/Y
 _197_/Y
 _198_/Y
 _199_/Y
 _200_/Y
 _201_/Y
 _202_/Y
 _203_/Y
 _204_/Y
 _205_/Y
 _206_/Y
 _207_/Y
 _208_/Q
 _209_/Q
 _210_/Q
 _211_/Q
 _212_/Q
 _213_/Q
 _214_/Q
 _215_/Q
 _216_/Q
 _217_/Q
 _218_/Q
 _219_/Q
 _220_/Q
 _221_/Q
 _222_/Q
 _223_/Q
 _224_/Q
 _225_/Q
 _226_/Q
 _227_/Q
 _228_/Q
 _229_/Q
 _230_/Q
 _231_/Q
 _232_/Q
 _233_/Q
 _234_/Q
 _235_/Q
 _236_/Q
 _237_/Q
 _238_/Q
 _239_/Q
 _240_/X
Found 0 partially unannotated drivers.

===========================================================================
max slew violation count 0
%OL_METRIC_I design__max_slew_violation__count__corner:nom_typ_1p20V_25C 0
max fanout violation count 4
%OL_METRIC_I design__max_fanout_violation__count__corner:nom_typ_1p20V_25C 4
max cap violation count 0
%OL_METRIC_I design__max_cap_violation__count__corner:nom_typ_1p20V_25C 0
============================================================================

===========================================================================
check_setup -verbose -unconstrained_endpoints -multiple_clock -no_clock -no_input_delay -loops -generated_clocks
===========================================================================
Warning: There are 26 unclocked register/latch pins.
  _208_/CLK
  _209_/CLK
  _210_/CLK
  _211_/CLK
  _212_/CLK
  _213_/CLK
  _214_/CLK
  _215_/CLK
  _216_/CLK
  _217_/CLK
  _218_/CLK
  _219_/CLK
  _220_/CLK
  _221_/CLK
  _222_/CLK
  _223_/CLK
  _224_/CLK
  _225_/CLK
  _226_/CLK
  _227_/CLK
  _228_/CLK
  _229_/CLK
  _230_/CLK
  _231_/CLK
  _232_/CLK
  _233_/CLK
Warning: There are 48 unconstrained endpoints.
  BN[0]
  BN[1]
  BN[2]
  BN[3]
  BN[4]
  BN[5]
  BN[6]
  B[0]
  B[1]
  B[2]
  B[3]
  B[4]
  B[5]
  B[6]
  D[0]
  D[1]
  D[2]
  D[3]
  D[4]
  D[5]
  D[6]
  D[7]
  _208_/D
  _209_/D
  _210_/D
  _211_/D
  _212_/D
  _213_/D
  _214_/D
  _215_/D
  _216_/D
  _217_/D
  _218_/D
  _219_/D
  _220_/D
  _221_/D
  _222_/D
  _223_/D
  _224_/D
  _225_/D
  _226_/D
  _227_/D
  _228_/D
  _229_/D
  _230_/D
  _231_/D
  _232_/D
  _233_/D
%OL_END_REPORT
%OL_CREATE_REPORT power.rpt

===========================================================================
 report_power
============================================================================
======================= nom_typ_1p20V_25C Corner ===================================

Group                    Internal    Switching      Leakage        Total
                            Power        Power        Power        Power (Watts)
------------------------------------------------------------------------
Sequential           1.727650e-05 3.446984e-06 1.577065e-08 2.073925e-05  70.2%
Combinational        5.590728e-06 2.870326e-06 1.159268e-08 8.472645e-06  28.7%
Clock                1.765266e-07 1.382400e-07 1.103172e-10 3.148769e-07   1.1%
Macro                0.000000e+00 0.000000e+00 0.000000e+00 0.000000e+00   0.0%
Pad                  0.000000e+00 0.000000e+00 0.000000e+00 0.000000e+00   0.0%
------------------------------------------------------------------------
Total                2.304375e-05 6.455550e-06 2.747364e-08 2.952678e-05 100.0%
                            78.0%        21.9%         0.1%
%OL_METRIC_F power__internal__total 2.3043754481477663e-5
%OL_METRIC_F power__switching__total 6.45555019218591e-6
%OL_METRIC_F power__leakage__total 2.7473642916220342e-8
%OL_METRIC_F power__total 2.952677823486738e-5

%OL_END_REPORT
%OL_CREATE_REPORT skew.min.rpt

===========================================================================
Clock Skew (Hold)
============================================================================
%OL_METRIC_F clock__skew__worst_hold__corner:nom_typ_1p20V_25C -0.25
======================= nom_typ_1p20V_25C Corner ===================================

Clock fclk_in
0.016358 source latency _234_/CLK ^
-0.016358 target latency _234_/CLK ^
-0.250000 clock uncertainty
0.000000 CRPR
--------------
-0.250000 hold skew

%OL_END_REPORT
%OL_CREATE_REPORT skew.max.rpt

===========================================================================
Clock Skew (Setup)
============================================================================
%OL_METRIC_F clock__skew__worst_setup__corner:nom_typ_1p20V_25C 0.25
======================= nom_typ_1p20V_25C Corner ===================================

Clock fclk_in
0.016358 source latency _234_/CLK ^
-0.016358 target latency _234_/CLK ^
0.250000 clock uncertainty
0.000000 CRPR
--------------
0.250000 setup skew

%OL_END_REPORT
%OL_CREATE_REPORT ws.min.rpt

===========================================================================
Worst Slack (Hold)
============================================================================
%OL_METRIC_F timing__hold__ws__corner:nom_typ_1p20V_25C 0.04302555655759354
nom_typ_1p20V_25C: 0.04302555655759354
%OL_END_REPORT
%OL_CREATE_REPORT ws.max.rpt

===========================================================================
Worst Slack (Setup)
============================================================================
%OL_METRIC_F timing__setup__ws__corner:nom_typ_1p20V_25C 18.419033930526016
nom_typ_1p20V_25C: 18.419033930526016
%OL_END_REPORT
%OL_CREATE_REPORT tns.min.rpt

===========================================================================
Total Negative Slack (Hold)
============================================================================
%OL_METRIC_F timing__hold__tns__corner:nom_typ_1p20V_25C 0.0
nom_typ_1p20V_25C: 0.0
%OL_END_REPORT
%OL_CREATE_REPORT tns.max.rpt

===========================================================================
Total Negative Slack (Setup)
============================================================================
%OL_METRIC_F timing__setup__tns__corner:nom_typ_1p20V_25C 0.0
nom_typ_1p20V_25C: 0.0
%OL_END_REPORT
%OL_CREATE_REPORT wns.min.rpt

===========================================================================
Worst Negative Slack (Hold)
============================================================================
%OL_METRIC_F timing__hold__wns__corner:nom_typ_1p20V_25C 0
nom_typ_1p20V_25C: 0
%OL_END_REPORT
%OL_CREATE_REPORT wns.max.rpt

===========================================================================
Worst Negative Slack (Setup)
============================================================================
%OL_METRIC_F timing__setup__wns__corner:nom_typ_1p20V_25C 0.0
nom_typ_1p20V_25C: 0.0
%OL_END_REPORT
%OL_CREATE_REPORT violator_list.rpt

===========================================================================
Violator List
============================================================================
%OL_METRIC_I timing__hold_vio__count__corner:nom_typ_1p20V_25C 0
%OL_METRIC_F timing__hold_r2r__ws__corner:nom_typ_1p20V_25C 0.043026
%OL_METRIC_I timing__hold_r2r_vio__count__corner:nom_typ_1p20V_25C 0
%OL_METRIC_I timing__setup_vio__count__corner:nom_typ_1p20V_25C 0
%OL_METRIC_F timing__setup_r2r__ws__corner:nom_typ_1p20V_25C inf
%OL_METRIC_I timing__setup_r2r_vio__count__corner:nom_typ_1p20V_25C 0
%OL_END_REPORT
%OL_CREATE_REPORT unpropagated.rpt
fclk_in
%OL_END_REPORT
%OL_CREATE_REPORT clock.rpt
Clock: fclk_in
Sources: fclk_in 
Generated: no
Virtual: no
Propagated: no
Period: 62.500000

===========================================================================
report_clock_properties
============================================================================
Clock                   Period          Waveform
----------------------------------------------------
fclk_in              62.500000    0.000000 31.250000

===========================================================================
report_clock_latency
============================================================================
Clock fclk_in
rise -> rise
    min     max
0.000000 0.000000 source latency
0.016358         network latency _234_/CLK
        12.562801 network latency _208_/CLK
---------------
0.016358 12.562801 latency
        12.546444 skew

rise -> fall
    min     max
0.000000 0.000000 source latency
12.545556         network latency _208_/CLK
        12.545556 network latency _208_/CLK
---------------
12.545556 12.545556 latency
        0.000000 skew

fall -> fall
    min     max
0.000000 0.000000 source latency
0.012058         network latency _234_/CLK
        0.012058 network latency _234_/CLK
---------------
0.012058 0.012058 latency
        0.000000 skew



===========================================================================
report_clock_min_period
============================================================================
fclk_in period_min = 0.00 fmax = inf
%OL_END_REPORT
Writing SDF files for all corners…
