# Logfile created on 2026-02-23 08:51:44 +0100 by logger.rb/v1.4.3
2026-02-23 08:51:44 +0100: Memory Usage (428744K) : Starting running IHP-SG13G2 KLayout DRC runset on /home/designer/shared/IHP-AnalogAcademy/modules/module_3_8_bit_SAR_ADC/part_5_analog_layout/switch_array/layout/inverter.gds
2026-02-23 08:51:44 +0100: Memory Usage (428744K) : Ruby Version for klayout: 3.0.2
2026-02-23 08:51:44 +0100: Memory Usage (429640K) : Loading database to memory is complete.
2026-02-23 08:51:44 +0100: Memory Usage (429640K) : IHP-SG13G2 KLayout DRC runset output at: /home/designer/shared/IHP-AnalogAcademy/modules/module_3_8_bit_SAR_ADC/part_5_analog_layout/switch_array/layout/drc_run_inverter/inverter_inverter_main.lyrdb
2026-02-23 08:51:44 +0100: Memory Usage (429640K) : Evaluate switches.
2026-02-23 08:51:44 +0100: Memory Usage (429640K) : tables selected: main
2026-02-23 08:51:44 +0100: Memory Usage (429640K) : KLayout will use 1 thread(s) in tiling mode.
2026-02-23 08:51:44 +0100: Memory Usage (429640K) : deep mode is enabled.
2026-02-23 08:51:44 +0100: Memory Usage (429640K) : FEOL enabled: true
2026-02-23 08:51:44 +0100: Memory Usage (429640K) : BEOL enabled: true
2026-02-23 08:51:44 +0100: Memory Usage (429640K) : OFFGRID enabled: true
2026-02-23 08:51:44 +0100: Memory Usage (429640K) : PIN enabled: true
2026-02-23 08:51:44 +0100: Memory Usage (429640K) : FORBIDDEN enabled: true
2026-02-23 08:51:44 +0100: Memory Usage (429640K) : RECOMMENDED enabled: false
2026-02-23 08:51:44 +0100: Memory Usage (429640K) : PreCheck DRC enabled: false
2026-02-23 08:51:44 +0100: Memory Usage (429640K) : CONNECTIVITY_RULES enabled: true.
2026-02-23 08:51:44 +0100: Memory Usage (429640K) : Read in polygons from layers.
2026-02-23 08:51:44 +0100: Memory Usage (430408K) : activ_drw has 8 polygons
2026-02-23 08:51:44 +0100: Memory Usage (430408K) : activ_pin has 0 polygons
2026-02-23 08:51:44 +0100: Memory Usage (430408K) : activ_mask has 0 polygons
2026-02-23 08:51:44 +0100: Memory Usage (430408K) : activ_filler has 0 polygons
2026-02-23 08:51:44 +0100: Memory Usage (430408K) : activ_nofill has 0 polygons
2026-02-23 08:51:44 +0100: Memory Usage (430408K) : activ_opc has 0 polygons
2026-02-23 08:51:44 +0100: Memory Usage (430408K) : activ_iopc has 0 polygons
2026-02-23 08:51:44 +0100: Memory Usage (430408K) : activ_noqrc has 0 polygons
2026-02-23 08:51:44 +0100: Memory Usage (430408K) : biwind_drw has 0 polygons
2026-02-23 08:51:44 +0100: Memory Usage (430408K) : biwind_opc has 0 polygons
2026-02-23 08:51:44 +0100: Memory Usage (430408K) : pemwind_drw has 0 polygons
2026-02-23 08:51:44 +0100: Memory Usage (430408K) : gatpoly_drw has 5 polygons
2026-02-23 08:51:44 +0100: Memory Usage (430408K) : gatpoly_pin has 1 polygons
2026-02-23 08:51:44 +0100: Memory Usage (430408K) : gatpoly_filler has 0 polygons
2026-02-23 08:51:44 +0100: Memory Usage (430408K) : gatpoly_nofill has 0 polygons
2026-02-23 08:51:44 +0100: Memory Usage (430408K) : gatpoly_opc has 0 polygons
2026-02-23 08:51:44 +0100: Memory Usage (430408K) : gatpoly_iopc has 0 polygons
2026-02-23 08:51:44 +0100: Memory Usage (430408K) : gatpoly_noqrc has 0 polygons
2026-02-23 08:51:44 +0100: Memory Usage (430408K) : cont_drw has 13 polygons
2026-02-23 08:51:44 +0100: Memory Usage (430408K) : cont_opc has 0 polygons
2026-02-23 08:51:44 +0100: Memory Usage (430408K) : nsd_drw has 0 polygons
2026-02-23 08:51:44 +0100: Memory Usage (430408K) : nsd_block has 0 polygons
2026-02-23 08:51:44 +0100: Memory Usage (430408K) : metal1_drw has 15 polygons
2026-02-23 08:51:44 +0100: Memory Usage (430408K) : metal1_pin has 6 polygons
2026-02-23 08:51:44 +0100: Memory Usage (430408K) : metal1_mask has 0 polygons
2026-02-23 08:51:44 +0100: Memory Usage (430536K) : metal1_filler has 0 polygons
2026-02-23 08:51:44 +0100: Memory Usage (430536K) : metal1_nofill has 0 polygons
2026-02-23 08:51:44 +0100: Memory Usage (430536K) : metal1_slit has 0 polygons
2026-02-23 08:51:44 +0100: Memory Usage (430792K) : metal1_text has 4 polygons
2026-02-23 08:51:44 +0100: Memory Usage (430792K) : metal1_opc has 0 polygons
2026-02-23 08:51:44 +0100: Memory Usage (431048K) : metal1_noqrc has 0 polygons
2026-02-23 08:51:44 +0100: Memory Usage (431048K) : metal1_res has 0 polygons
2026-02-23 08:51:44 +0100: Memory Usage (431048K) : metal1_iprobe has 0 polygons
2026-02-23 08:51:44 +0100: Memory Usage (431048K) : metal1_diffprb has 0 polygons
2026-02-23 08:51:44 +0100: Memory Usage (431048K) : passiv_drw has 0 polygons
2026-02-23 08:51:44 +0100: Memory Usage (431048K) : passiv_pin has 0 polygons
2026-02-23 08:51:44 +0100: Memory Usage (431048K) : passiv_sbump has 0 polygons
2026-02-23 08:51:44 +0100: Memory Usage (431176K) : passiv_pillar has 0 polygons
2026-02-23 08:51:44 +0100: Memory Usage (431176K) : passiv_pdl has 0 polygons
2026-02-23 08:51:44 +0100: Memory Usage (431176K) : metal2_drw has 0 polygons
2026-02-23 08:51:44 +0100: Memory Usage (431304K) : metal2_pin has 0 polygons
2026-02-23 08:51:44 +0100: Memory Usage (431304K) : metal2_mask has 0 polygons
2026-02-23 08:51:44 +0100: Memory Usage (431304K) : metal2_filler has 0 polygons
2026-02-23 08:51:44 +0100: Memory Usage (431432K) : metal2_nofill has 0 polygons
2026-02-23 08:51:44 +0100: Memory Usage (431432K) : metal2_slit has 0 polygons
2026-02-23 08:51:44 +0100: Memory Usage (431432K) : metal2_text has 0 polygons
2026-02-23 08:51:44 +0100: Memory Usage (431560K) : metal2_opc has 0 polygons
2026-02-23 08:51:44 +0100: Memory Usage (431560K) : metal2_noqrc has 0 polygons
2026-02-23 08:51:44 +0100: Memory Usage (431560K) : metal2_res has 0 polygons
2026-02-23 08:51:44 +0100: Memory Usage (431560K) : metal2_iprobe has 0 polygons
2026-02-23 08:51:44 +0100: Memory Usage (431688K) : metal2_diffprb has 0 polygons
2026-02-23 08:51:44 +0100: Memory Usage (431688K) : baspoly_drw has 0 polygons
2026-02-23 08:51:44 +0100: Memory Usage (431688K) : baspoly_pin has 0 polygons
2026-02-23 08:51:44 +0100: Memory Usage (431816K) : psd_drw has 2 polygons
2026-02-23 08:51:44 +0100: Memory Usage (431816K) : nldb_drw has 0 polygons
2026-02-23 08:51:44 +0100: Memory Usage (431816K) : digibnd_drw has 0 polygons
2026-02-23 08:51:44 +0100: Memory Usage (431944K) : via1_drw has 0 polygons
2026-02-23 08:51:44 +0100: Memory Usage (431944K) : backmetal1_drw has 0 polygons
2026-02-23 08:51:44 +0100: Memory Usage (431944K) : backmetal1_pin has 0 polygons
2026-02-23 08:51:44 +0100: Memory Usage (432072K) : backmetal1_mask has 0 polygons
2026-02-23 08:51:44 +0100: Memory Usage (432072K) : backmetal1_filler has 0 polygons
2026-02-23 08:51:44 +0100: Memory Usage (432072K) : backmetal1_nofill has 0 polygons
2026-02-23 08:51:44 +0100: Memory Usage (432200K) : backmetal1_slit has 0 polygons
2026-02-23 08:51:44 +0100: Memory Usage (432200K) : backmetal1_text has 0 polygons
2026-02-23 08:51:44 +0100: Memory Usage (432200K) : backmetal1_opc has 0 polygons
2026-02-23 08:51:44 +0100: Memory Usage (432328K) : backmetal1_noqrc has 0 polygons
2026-02-23 08:51:44 +0100: Memory Usage (432328K) : backmetal1_res has 0 polygons
2026-02-23 08:51:44 +0100: Memory Usage (432328K) : backmetal1_iprobe has 0 polygons
2026-02-23 08:51:44 +0100: Memory Usage (432456K) : backmetal1_diffprb has 0 polygons
2026-02-23 08:51:44 +0100: Memory Usage (432456K) : backpassiv_drw has 0 polygons
2026-02-23 08:51:44 +0100: Memory Usage (432456K) : res_drw has 0 polygons
2026-02-23 08:51:44 +0100: Memory Usage (432456K) : sram_drw has 0 polygons
2026-02-23 08:51:44 +0100: Memory Usage (432584K) : trans_drw has 0 polygons
2026-02-23 08:51:44 +0100: Memory Usage (432584K) : ind_drw has 0 polygons
2026-02-23 08:51:44 +0100: Memory Usage (432584K) : ind_pin has 0 polygons
2026-02-23 08:51:44 +0100: Memory Usage (432712K) : ind_text has 0 polygons
2026-02-23 08:51:44 +0100: Memory Usage (432712K) : salblock_drw has 0 polygons
2026-02-23 08:51:44 +0100: Memory Usage (432712K) : via2_drw has 0 polygons
2026-02-23 08:51:44 +0100: Memory Usage (432840K) : metal3_drw has 0 polygons
2026-02-23 08:51:44 +0100: Memory Usage (432840K) : metal3_pin has 0 polygons
2026-02-23 08:51:44 +0100: Memory Usage (432840K) : metal3_mask has 0 polygons
2026-02-23 08:51:44 +0100: Memory Usage (432968K) : metal3_filler has 0 polygons
2026-02-23 08:51:44 +0100: Memory Usage (432968K) : metal3_nofill has 0 polygons
2026-02-23 08:51:44 +0100: Memory Usage (432968K) : metal3_slit has 0 polygons
2026-02-23 08:51:44 +0100: Memory Usage (433096K) : metal3_text has 0 polygons
2026-02-23 08:51:44 +0100: Memory Usage (433096K) : metal3_opc has 0 polygons
2026-02-23 08:51:44 +0100: Memory Usage (433096K) : metal3_noqrc has 0 polygons
2026-02-23 08:51:44 +0100: Memory Usage (433224K) : metal3_res has 0 polygons
2026-02-23 08:51:44 +0100: Memory Usage (433224K) : metal3_iprobe has 0 polygons
2026-02-23 08:51:44 +0100: Memory Usage (433224K) : metal3_diffprb has 0 polygons
2026-02-23 08:51:44 +0100: Memory Usage (433352K) : nwell_drw has 2 polygons
2026-02-23 08:51:44 +0100: Memory Usage (433352K) : nwell_pin has 0 polygons
2026-02-23 08:51:44 +0100: Memory Usage (433352K) : nbulay_drw has 0 polygons
2026-02-23 08:51:44 +0100: Memory Usage (433480K) : nbulay_pin has 0 polygons
2026-02-23 08:51:44 +0100: Memory Usage (433480K) : nbulay_block has 0 polygons
2026-02-23 08:51:44 +0100: Memory Usage (433480K) : emwind_drw has 0 polygons
2026-02-23 08:51:44 +0100: Memory Usage (433480K) : emwind_opc has 0 polygons
2026-02-23 08:51:44 +0100: Memory Usage (433480K) : deepco_drw has 0 polygons
2026-02-23 08:51:44 +0100: Memory Usage (433608K) : deepco_drw has 0 polygons
2026-02-23 08:51:44 +0100: Memory Usage (433608K) : mim_drw has 0 polygons
2026-02-23 08:51:44 +0100: Memory Usage (433608K) : edgeseal_drw has 0 polygons
2026-02-23 08:51:44 +0100: Memory Usage (433608K) : edgeseal_bound has 0 polygons
2026-02-23 08:51:44 +0100: Memory Usage (433736K) : substrate_drw has 1 polygons
2026-02-23 08:51:44 +0100: Memory Usage (433736K) : substrate_text has 0 polygons
2026-02-23 08:51:44 +0100: Memory Usage (433864K) : dfpad_drw has 0 polygons
2026-02-23 08:51:44 +0100: Memory Usage (433864K) : dfpad_pillar has 0 polygons
2026-02-23 08:51:44 +0100: Memory Usage (433864K) : dfpad_sbump has 0 polygons
2026-02-23 08:51:44 +0100: Memory Usage (433992K) : thickgateox_drw has 0 polygons
2026-02-23 08:51:44 +0100: Memory Usage (433992K) : pldb_drw has 0 polygons
2026-02-23 08:51:44 +0100: Memory Usage (434120K) : pwell_drw has 1 polygons
2026-02-23 08:51:44 +0100: Memory Usage (434120K) : pwell_pin has 0 polygons
2026-02-23 08:51:44 +0100: Memory Usage (434248K) : pwell_block has 0 polygons
2026-02-23 08:51:44 +0100: Memory Usage (434248K) : ic_drw has 0 polygons
2026-02-23 08:51:44 +0100: Memory Usage (434248K) : via3_drw has 0 polygons
2026-02-23 08:51:44 +0100: Memory Usage (434376K) : metal4_drw has 0 polygons
2026-02-23 08:51:44 +0100: Memory Usage (434376K) : metal4_pin has 0 polygons
2026-02-23 08:51:44 +0100: Memory Usage (434376K) : metal4_mask has 0 polygons
2026-02-23 08:51:44 +0100: Memory Usage (434504K) : metal4_filler has 0 polygons
2026-02-23 08:51:44 +0100: Memory Usage (434504K) : metal4_nofill has 0 polygons
2026-02-23 08:51:44 +0100: Memory Usage (434504K) : metal4_slit has 0 polygons
2026-02-23 08:51:44 +0100: Memory Usage (434632K) : metal4_text has 0 polygons
2026-02-23 08:51:44 +0100: Memory Usage (434632K) : metal4_opc has 0 polygons
2026-02-23 08:51:44 +0100: Memory Usage (434632K) : metal4_noqrc has 0 polygons
2026-02-23 08:51:44 +0100: Memory Usage (434760K) : metal4_res has 0 polygons
2026-02-23 08:51:44 +0100: Memory Usage (434760K) : metal4_iprobe has 0 polygons
2026-02-23 08:51:44 +0100: Memory Usage (434888K) : metal4_diffprb has 0 polygons
2026-02-23 08:51:44 +0100: Memory Usage (434888K) : heattrans_drw has 2 polygons
2026-02-23 08:51:44 +0100: Memory Usage (435016K) : heatres_drw has 0 polygons
2026-02-23 08:51:44 +0100: Memory Usage (435016K) : pempoly_drw has 0 polygons
2026-02-23 08:51:44 +0100: Memory Usage (435016K) : fbe_drw has 0 polygons
2026-02-23 08:51:44 +0100: Memory Usage (435144K) : empoly_drw has 0 polygons
2026-02-23 08:51:44 +0100: Memory Usage (435144K) : ldmos_drw has 0 polygons
2026-02-23 08:51:44 +0100: Memory Usage (435272K) : pbiwind_drw has 0 polygons
2026-02-23 08:51:44 +0100: Memory Usage (435272K) : digisub_drw has 0 polygons
2026-02-23 08:51:44 +0100: Memory Usage (435400K) : nodrc_drw has 0 polygons
2026-02-23 08:51:44 +0100: Memory Usage (435400K) : text_drw has 2 polygons
2026-02-23 08:51:44 +0100: Memory Usage (435400K) : via4_drw has 0 polygons
2026-02-23 08:51:44 +0100: Memory Usage (435528K) : metal5_drw has 0 polygons
2026-02-23 08:51:44 +0100: Memory Usage (435528K) : metal5_pin has 0 polygons
2026-02-23 08:51:44 +0100: Memory Usage (435656K) : metal5_mask has 0 polygons
2026-02-23 08:51:44 +0100: Memory Usage (435656K) : metal5_filler has 0 polygons
2026-02-23 08:51:44 +0100: Memory Usage (435656K) : metal5_nofill has 0 polygons
2026-02-23 08:51:44 +0100: Memory Usage (435784K) : metal5_slit has 0 polygons
2026-02-23 08:51:44 +0100: Memory Usage (435784K) : metal5_text has 0 polygons
2026-02-23 08:51:44 +0100: Memory Usage (435784K) : metal5_opc has 0 polygons
2026-02-23 08:51:44 +0100: Memory Usage (435784K) : metal5_noqrc has 0 polygons
2026-02-23 08:51:44 +0100: Memory Usage (435912K) : metal5_res has 0 polygons
2026-02-23 08:51:44 +0100: Memory Usage (435912K) : metal5_iprobe has 0 polygons
2026-02-23 08:51:44 +0100: Memory Usage (436040K) : metal5_diffprb has 0 polygons
2026-02-23 08:51:44 +0100: Memory Usage (436040K) : radhard_drw has 0 polygons
2026-02-23 08:51:44 +0100: Memory Usage (436168K) : memcap_drw has 0 polygons
2026-02-23 08:51:44 +0100: Memory Usage (436168K) : varicap_drw has 0 polygons
2026-02-23 08:51:44 +0100: Memory Usage (436168K) : flash_drw has 0 polygons
2026-02-23 08:51:44 +0100: Memory Usage (436296K) : intbondvia_drw has 0 polygons
2026-02-23 08:51:44 +0100: Memory Usage (436296K) : intbondmet_drw has 0 polygons
2026-02-23 08:51:44 +0100: Memory Usage (436424K) : devbondvia_drw has 0 polygons
2026-02-23 08:51:44 +0100: Memory Usage (436424K) : devbondmet_drw has 0 polygons
2026-02-23 08:51:44 +0100: Memory Usage (436424K) : devtrench_drw has 0 polygons
2026-02-23 08:51:44 +0100: Memory Usage (436552K) : redist_drw has 0 polygons
2026-02-23 08:51:44 +0100: Memory Usage (436552K) : graphbot_drw has 0 polygons
2026-02-23 08:51:44 +0100: Memory Usage (436680K) : graphtop_drw has 0 polygons
2026-02-23 08:51:44 +0100: Memory Usage (436680K) : antvia1_drw has 0 polygons
2026-02-23 08:51:44 +0100: Memory Usage (436808K) : antmetal2_drw has 0 polygons
2026-02-23 08:51:44 +0100: Memory Usage (436808K) : graphcont_drw has 0 polygons
2026-02-23 08:51:44 +0100: Memory Usage (436808K) : siwg_drw has 0 polygons
2026-02-23 08:51:44 +0100: Memory Usage (436936K) : siwg_filler has 0 polygons
2026-02-23 08:51:44 +0100: Memory Usage (436936K) : siwg_nofill has 0 polygons
2026-02-23 08:51:44 +0100: Memory Usage (436936K) : sigrating_drw has 0 polygons
2026-02-23 08:51:44 +0100: Memory Usage (436936K) : singrating_drw has 0 polygons
2026-02-23 08:51:44 +0100: Memory Usage (437064K) : graphpas_drw has 0 polygons
2026-02-23 08:51:44 +0100: Memory Usage (437064K) : emwind3_drw has 0 polygons
2026-02-23 08:51:44 +0100: Memory Usage (437192K) : emwihv3_drw has 0 polygons
2026-02-23 08:51:44 +0100: Memory Usage (437192K) : redbulay_drw has 0 polygons
2026-02-23 08:51:44 +0100: Memory Usage (437192K) : smos_drw has 0 polygons
2026-02-23 08:51:44 +0100: Memory Usage (437320K) : graphpad_drw has 0 polygons
2026-02-23 08:51:44 +0100: Memory Usage (437320K) : polimide_drw has 0 polygons
2026-02-23 08:51:44 +0100: Memory Usage (437448K) : polimide_pin has 0 polygons
2026-02-23 08:51:44 +0100: Memory Usage (437448K) : recog_drw has 0 polygons
2026-02-23 08:51:44 +0100: Memory Usage (437576K) : recog_pin has 0 polygons
2026-02-23 08:51:44 +0100: Memory Usage (437576K) : recog_esd has 0 polygons
2026-02-23 08:51:44 +0100: Memory Usage (437576K) : recog_diode has 0 polygons
2026-02-23 08:51:44 +0100: Memory Usage (437704K) : recog_tsv has 0 polygons
2026-02-23 08:51:44 +0100: Memory Usage (437704K) : recog_iprobe has 0 polygons
2026-02-23 08:51:44 +0100: Memory Usage (437832K) : recog_diffprb has 0 polygons
2026-02-23 08:51:44 +0100: Memory Usage (437832K) : recog_pillar has 0 polygons
2026-02-23 08:51:44 +0100: Memory Usage (437960K) : recog_sbump has 0 polygons
2026-02-23 08:51:44 +0100: Memory Usage (437960K) : recog_otp has 0 polygons
2026-02-23 08:51:44 +0100: Memory Usage (437960K) : recog_pdiode has 0 polygons
2026-02-23 08:51:44 +0100: Memory Usage (438088K) : recog_mom has 0 polygons
2026-02-23 08:51:44 +0100: Memory Usage (438088K) : recog_pcm has 0 polygons
2026-02-23 08:51:44 +0100: Memory Usage (438216K) : colopen_drw has 0 polygons
2026-02-23 08:51:44 +0100: Memory Usage (438216K) : graphmetal1_drw has 0 polygons
2026-02-23 08:51:44 +0100: Memory Usage (438216K) : graphmetal1_filler has 0 polygons
2026-02-23 08:51:44 +0100: Memory Usage (438344K) : graphmetal1_nofill has 0 polygons
2026-02-23 08:51:44 +0100: Memory Usage (438344K) : graphmetal1_slit has 0 polygons
2026-02-23 08:51:44 +0100: Memory Usage (438472K) : graphmetal1_opc has 0 polygons
2026-02-23 08:51:44 +0100: Memory Usage (438472K) : graphmet1l_drw has 0 polygons
2026-02-23 08:51:44 +0100: Memory Usage (438600K) : graphmet1l_filler has 0 polygons
2026-02-23 08:51:44 +0100: Memory Usage (438600K) : graphmet1l_nofill has 0 polygons
2026-02-23 08:51:44 +0100: Memory Usage (438600K) : graphmet1l_slit has 0 polygons
2026-02-23 08:51:44 +0100: Memory Usage (438728K) : graphmet1l_opc has 0 polygons
2026-02-23 08:51:44 +0100: Memory Usage (438728K) : extblock_drw has 0 polygons
2026-02-23 08:51:44 +0100: Memory Usage (438856K) : nldd_drw has 0 polygons
2026-02-23 08:51:44 +0100: Memory Usage (438856K) : pldd_drw has 0 polygons
2026-02-23 08:51:44 +0100: Memory Usage (438984K) : next_drw has 0 polygons
2026-02-23 08:51:44 +0100: Memory Usage (438984K) : pext_drw has 0 polygons
2026-02-23 08:51:44 +0100: Memory Usage (438984K) : nexthv_drw has 0 polygons
2026-02-23 08:51:44 +0100: Memory Usage (439112K) : pexthv_drw has 0 polygons
2026-02-23 08:51:44 +0100: Memory Usage (439112K) : graphgate_drw has 0 polygons
2026-02-23 08:51:44 +0100: Memory Usage (439240K) : sinwg_drw has 0 polygons
2026-02-23 08:51:44 +0100: Memory Usage (439240K) : sinwg_filler has 0 polygons
2026-02-23 08:51:44 +0100: Memory Usage (439240K) : sinwg_nofill has 0 polygons
2026-02-23 08:51:44 +0100: Memory Usage (439368K) : mempad_drw has 0 polygons
2026-02-23 08:51:44 +0100: Memory Usage (439368K) : topvia1_drw has 0 polygons
2026-02-23 08:51:44 +0100: Memory Usage (439496K) : topmetal1_drw has 0 polygons
2026-02-23 08:51:44 +0100: Memory Usage (439496K) : topmetal1_pin has 0 polygons
2026-02-23 08:51:44 +0100: Memory Usage (439624K) : topmetal1_mask has 0 polygons
2026-02-23 08:51:44 +0100: Memory Usage (439624K) : topmetal1_filler has 0 polygons
2026-02-23 08:51:44 +0100: Memory Usage (439624K) : topmetal1_nofill has 0 polygons
2026-02-23 08:51:44 +0100: Memory Usage (439752K) : topmetal1_slit has 0 polygons
2026-02-23 08:51:44 +0100: Memory Usage (439752K) : topmetal1_text has 0 polygons
2026-02-23 08:51:44 +0100: Memory Usage (439880K) : topmetal1_noqrc has 0 polygons
2026-02-23 08:51:44 +0100: Memory Usage (439880K) : topmetal1_res has 0 polygons
2026-02-23 08:51:44 +0100: Memory Usage (439880K) : topmetal1_iprobe has 0 polygons
2026-02-23 08:51:44 +0100: Memory Usage (440008K) : topmetal1_diffprb has 0 polygons
2026-02-23 08:51:44 +0100: Memory Usage (440008K) : inldpwl_drw has 0 polygons
2026-02-23 08:51:44 +0100: Memory Usage (440136K) : polyres_drw has 0 polygons
2026-02-23 08:51:44 +0100: Memory Usage (440136K) : polyres_pin has 0 polygons
2026-02-23 08:51:44 +0100: Memory Usage (440264K) : vmim_drw has 0 polygons
2026-02-23 08:51:44 +0100: Memory Usage (440264K) : nbulaycut_drw has 0 polygons
2026-02-23 08:51:44 +0100: Memory Usage (440264K) : antmetal1_drw has 0 polygons
2026-02-23 08:51:44 +0100: Memory Usage (440392K) : topvia2_drw has 0 polygons
2026-02-23 08:51:44 +0100: Memory Usage (440392K) : topmetal2_drw has 0 polygons
2026-02-23 08:51:44 +0100: Memory Usage (440520K) : topmetal2_pin has 0 polygons
2026-02-23 08:51:44 +0100: Memory Usage (440520K) : topmetal2_mask has 0 polygons
2026-02-23 08:51:44 +0100: Memory Usage (440520K) : topmetal2_filler has 0 polygons
2026-02-23 08:51:44 +0100: Memory Usage (440648K) : topmetal2_nofill has 0 polygons
2026-02-23 08:51:44 +0100: Memory Usage (440648K) : topmetal2_slit has 0 polygons
2026-02-23 08:51:44 +0100: Memory Usage (440776K) : topmetal2_text has 0 polygons
2026-02-23 08:51:44 +0100: Memory Usage (440776K) : topmetal2_noqrc has 0 polygons
2026-02-23 08:51:44 +0100: Memory Usage (440904K) : topmetal2_res has 0 polygons
2026-02-23 08:51:44 +0100: Memory Usage (440904K) : topmetal2_iprobe has 0 polygons
2026-02-23 08:51:44 +0100: Memory Usage (440904K) : topmetal2_diffprb has 0 polygons
2026-02-23 08:51:44 +0100: Memory Usage (441032K) : snsring_drw has 0 polygons
2026-02-23 08:51:44 +0100: Memory Usage (441032K) : sensor_drw has 0 polygons
2026-02-23 08:51:44 +0100: Memory Usage (441160K) : snsarms_drw has 0 polygons
2026-02-23 08:51:44 +0100: Memory Usage (441160K) : snscmosvia_drw has 0 polygons
2026-02-23 08:51:44 +0100: Memory Usage (441288K) : colwind_drw has 0 polygons
2026-02-23 08:51:44 +0100: Memory Usage (441288K) : flm_drw has 0 polygons
2026-02-23 08:51:44 +0100: Memory Usage (441288K) : hafniumox_drw has 0 polygons
2026-02-23 08:51:44 +0100: Memory Usage (441416K) : memvia_drw has 0 polygons
2026-02-23 08:51:44 +0100: Memory Usage (441416K) : thinfilmres_drw has 0 polygons
2026-02-23 08:51:44 +0100: Memory Usage (441544K) : rfmem_drw has 0 polygons
2026-02-23 08:51:44 +0100: Memory Usage (441544K) : norcx_drw has 0 polygons
2026-02-23 08:51:44 +0100: Memory Usage (441544K) : norcx_m2m3 has 0 polygons
2026-02-23 08:51:44 +0100: Memory Usage (441672K) : norcx_m2m4 has 0 polygons
2026-02-23 08:51:44 +0100: Memory Usage (441672K) : norcx_m2m5 has 0 polygons
2026-02-23 08:51:44 +0100: Memory Usage (441800K) : norcx_m2tm1 has 0 polygons
2026-02-23 08:51:44 +0100: Memory Usage (441800K) : norcx_m2tm2 has 0 polygons
2026-02-23 08:51:44 +0100: Memory Usage (441800K) : norcx_m3m4 has 0 polygons
2026-02-23 08:51:44 +0100: Memory Usage (441800K) : norcx_m3m5 has 0 polygons
2026-02-23 08:51:44 +0100: Memory Usage (441800K) : norcx_m3tm1 has 0 polygons
2026-02-23 08:51:44 +0100: Memory Usage (441800K) : norcx_m3tm2 has 0 polygons
2026-02-23 08:51:44 +0100: Memory Usage (441928K) : norcx_m4m5 has 0 polygons
2026-02-23 08:51:44 +0100: Memory Usage (441928K) : norcx_m4tm1 has 0 polygons
2026-02-23 08:51:44 +0100: Memory Usage (441928K) : norcx_m4tm2 has 0 polygons
2026-02-23 08:51:44 +0100: Memory Usage (442056K) : norcx_m5tm1 has 0 polygons
2026-02-23 08:51:44 +0100: Memory Usage (442056K) : norcx_m5tm2 has 0 polygons
2026-02-23 08:51:44 +0100: Memory Usage (442056K) : norcx_tm1tm2 has 0 polygons
2026-02-23 08:51:44 +0100: Memory Usage (442184K) : norcx_m1sub has 0 polygons
2026-02-23 08:51:44 +0100: Memory Usage (442184K) : norcx_m2sub has 0 polygons
2026-02-23 08:51:44 +0100: Memory Usage (442312K) : norcx_m3sub has 0 polygons
2026-02-23 08:51:44 +0100: Memory Usage (442312K) : norcx_m4sub has 0 polygons
2026-02-23 08:51:44 +0100: Memory Usage (442440K) : norcx_m5sub has 0 polygons
2026-02-23 08:51:44 +0100: Memory Usage (442440K) : norcx_tm1sub has 0 polygons
2026-02-23 08:51:44 +0100: Memory Usage (442440K) : norcx_tm2sub has 0 polygons
2026-02-23 08:51:44 +0100: Memory Usage (442568K) : snsbotvia_drw has 0 polygons
2026-02-23 08:51:44 +0100: Memory Usage (442568K) : snstopvia_drw has 0 polygons
2026-02-23 08:51:44 +0100: Memory Usage (442696K) : deepvia_drw has 0 polygons
2026-02-23 08:51:44 +0100: Memory Usage (442696K) : fgetch_drw has 0 polygons
2026-02-23 08:51:44 +0100: Memory Usage (442696K) : ctrgat_drw has 0 polygons
2026-02-23 08:51:44 +0100: Memory Usage (442824K) : fgimp_drw has 0 polygons
2026-02-23 08:51:44 +0100: Memory Usage (442824K) : emwihv_drw has 0 polygons
2026-02-23 08:51:44 +0100: Memory Usage (442952K) : lbe_drw has 0 polygons
2026-02-23 08:51:44 +0100: Memory Usage (442952K) : alcustop_drw has 0 polygons
2026-02-23 08:51:44 +0100: Memory Usage (442952K) : nometfiller_drw has 0 polygons
2026-02-23 08:51:44 +0100: Memory Usage (443080K) : prboundary_drw has 0 polygons
2026-02-23 08:51:44 +0100: Memory Usage (443080K) : exchange0_drw has 0 polygons
2026-02-23 08:51:44 +0100: Memory Usage (443080K) : exchange0_pin has 0 polygons
2026-02-23 08:51:44 +0100: Memory Usage (443208K) : exchange0_text has 0 polygons
2026-02-23 08:51:44 +0100: Memory Usage (443208K) : exchange1_drw has 0 polygons
2026-02-23 08:51:44 +0100: Memory Usage (443336K) : exchange1_pin has 0 polygons
2026-02-23 08:51:44 +0100: Memory Usage (443336K) : exchange1_text has 0 polygons
2026-02-23 08:51:44 +0100: Memory Usage (443464K) : exchange2_drw has 0 polygons
2026-02-23 08:51:44 +0100: Memory Usage (443464K) : exchange2_pin has 0 polygons
2026-02-23 08:51:44 +0100: Memory Usage (443464K) : exchange2_text has 0 polygons
2026-02-23 08:51:44 +0100: Memory Usage (443592K) : exchange3_drw has 0 polygons
2026-02-23 08:51:44 +0100: Memory Usage (443592K) : exchange3_pin has 0 polygons
2026-02-23 08:51:44 +0100: Memory Usage (443720K) : exchange3_text has 0 polygons
2026-02-23 08:51:44 +0100: Memory Usage (443720K) : exchange4_drw has 0 polygons
2026-02-23 08:51:44 +0100: Memory Usage (443720K) : exchange4_pin has 0 polygons
2026-02-23 08:51:44 +0100: Memory Usage (443848K) : exchange4_text has 0 polygons
2026-02-23 08:51:44 +0100: Memory Usage (443848K) : isonwell_drw has 0 polygons
2026-02-23 08:51:44 +0100: Memory Usage (443848K) : Total no. of polygons in the design is 62
2026-02-23 08:51:44 +0100: Memory Usage (443848K) : Loaded TECH DRC rules values from /opt/pdks/ihp-sg13g2/libs.tech/klayout/python/sg13g2_pycell_lib/sg13g2_tech_mod.json
2026-02-23 08:51:44 +0100: Memory Usage (443848K) : Loaded default DRC rules values from /opt/pdks/ihp-sg13g2/libs.tech/klayout/tech/drc/rule_decks/sg13g2_tech_default.json
2026-02-23 08:51:44 +0100: Memory Usage (443848K) : The following rules values were missing in tech json and default values were used:
2026-02-23 08:51:44 +0100: Memory Usage (443848K) :   - Cnt_c_digibnd
2026-02-23 08:51:44 +0100: Memory Usage (445256K) : Total area of the design is 6.8675 um^2.
2026-02-23 08:51:44 +0100: Memory Usage (445256K) : The design dimensions are 1.675 µm * 4.1 µm.
2026-02-23 08:51:44 +0100: Memory Usage (445256K) : Starting general IHP-SG13G2 derivations.
2026-02-23 08:51:44 +0100: Memory Usage (445256K) : Starting Pwell derivations
2026-02-23 08:51:44 +0100: Memory Usage (447688K) : Starting n-Activ derivations
2026-02-23 08:51:44 +0100: Memory Usage (448072K) : Starting p-Activ derivations
2026-02-23 08:51:44 +0100: Memory Usage (448072K) : Starting ptap derivations
2026-02-23 08:51:44 +0100: Memory Usage (448072K) : Starting ntap derivations
2026-02-23 08:51:44 +0100: Memory Usage (448200K) : Starting pact FET derivations
2026-02-23 08:51:44 +0100: Memory Usage (448200K) : Starting nact FET derivations
2026-02-23 08:51:44 +0100: Memory Usage (448328K) : Starting Gate derivations
2026-02-23 08:51:44 +0100: Memory Usage (448456K) : Starting cont/contbar general derivations
2026-02-23 08:51:44 +0100: Memory Usage (448584K) : Starting pad general derivations
2026-02-23 08:51:44 +0100: Memory Usage (448840K) : Starting IHP-SG13G2 DRC connectivity related derivations.
2026-02-23 08:51:44 +0100: Memory Usage (449864K) : Starting IHP-SG13G2 DRC connectivity setup
2026-02-23 08:51:44 +0100: Memory Usage (449992K) : Starting IHP-SG13G2 DRC rules.
2026-02-23 08:51:44 +0100: Memory Usage (449992K) : Running all FEOL rules
2026-02-23 08:51:44 +0100: Memory Usage (449992K) : Running all BEOL rules
2026-02-23 08:51:44 +0100: Memory Usage (449992K) : Running all PIN rules
2026-02-23 08:51:44 +0100: Memory Usage (449992K) : Running all FORBIDDEN rules
2026-02-23 08:51:44 +0100: Memory Usage (449992K) : Starting 5.1 NWell table
2026-02-23 08:51:44 +0100: Memory Usage (449992K) : Executing rule NW.b
2026-02-23 08:51:44 +0100: Memory Usage (450632K) : Executing rule NW.b1
2026-02-23 08:51:44 +0100: Memory Usage (450888K) : Starting 5.2 PWell:block
2026-02-23 08:51:44 +0100: Memory Usage (450888K) : Executing rule PWB.e
2026-02-23 08:51:44 +0100: Memory Usage (451016K) : Executing rule PWB.e1
2026-02-23 08:51:44 +0100: Memory Usage (451144K) : Executing rule PWB.f
2026-02-23 08:51:44 +0100: Memory Usage (451400K) : Executing rule PWB.f1
2026-02-23 08:51:44 +0100: Memory Usage (451912K) : Starting 5.3 nBuLay table
2026-02-23 08:51:44 +0100: Memory Usage (452168K) : Executing rule NBL.b
2026-02-23 08:51:44 +0100: Memory Usage (452168K) : Executing rule NBL.c
2026-02-23 08:51:44 +0100: Memory Usage (452424K) : Executing rule NBL.d
2026-02-23 08:51:44 +0100: Memory Usage (452680K) : Executing rule NBL.e
2026-02-23 08:51:44 +0100: Memory Usage (452808K) : Executing rule NBL.f
2026-02-23 08:51:44 +0100: Memory Usage (452936K) : Starting 5.5. Activ table
2026-02-23 08:51:44 +0100: Memory Usage (452936K) : Executing rule Act.a
2026-02-23 08:51:44 +0100: Memory Usage (453064K) : Executing rule Act.b
2026-02-23 08:51:44 +0100: Memory Usage (453192K) : Starting 5.6 Activ:filler table
2026-02-23 08:51:44 +0100: Memory Usage (453448K) : Executing rule AFil.c1
2026-02-23 08:51:44 +0100: Memory Usage (453576K) : Executing rule AFil.c
2026-02-23 08:51:44 +0100: Memory Usage (453704K) : Executing rule AFil.d
2026-02-23 08:51:44 +0100: Memory Usage (453960K) : Executing rule AFil.e
2026-02-23 08:51:44 +0100: Memory Usage (454088K) : Executing rule AFil.j
2026-02-23 08:51:44 +0100: Memory Usage (454344K) : Starting 5.7. ThickGateOx table
2026-02-23 08:51:44 +0100: Memory Usage (454344K) : Executing rule TGO.f
2026-02-23 08:51:44 +0100: Memory Usage (454472K) : Starting 5.8. GatPoly table
2026-02-23 08:51:44 +0100: Memory Usage (454472K) : Executing rule Gat.a
2026-02-23 08:51:44 +0100: Memory Usage (454600K) : Executing rule Gat.b
2026-02-23 08:51:44 +0100: Memory Usage (454728K) : Executing rule Gat.d
2026-02-23 08:51:44 +0100: Memory Usage (454728K) : Executing rule Gat.a1
2026-02-23 08:51:44 +0100: Memory Usage (455240K) : Executing rule Gat.a2
2026-02-23 08:51:44 +0100: Memory Usage (455496K) : Executing rule Gat.g
2026-02-23 08:51:44 +0100: Memory Usage (455752K) : Starting 5.9 GatPoly:filler
2026-02-23 08:51:44 +0100: Memory Usage (456008K) : Executing rule GFil.d
2026-02-23 08:51:44 +0100: Memory Usage (456136K) : Executing rule GFil.e
2026-02-23 08:51:44 +0100: Memory Usage (456264K) : Executing rule GFil.i
2026-02-23 08:51:44 +0100: Memory Usage (456392K) : Starting 5.10 pSD table
2026-02-23 08:51:44 +0100: Memory Usage (456392K) : Executing rule pSD.c1
2026-02-23 08:51:44 +0100: Memory Usage (456648K) : Starting 5.14. Cont table
2026-02-23 08:51:44 +0100: Memory Usage (456648K) : Executing rule Cnt.a
2026-02-23 08:51:44 +0100: Memory Usage (456776K) : Executing rule Cnt.b
2026-02-23 08:51:44 +0100: Memory Usage (456776K) : Executing rule Cnt.c
2026-02-23 08:51:44 +0100: Memory Usage (457032K) : Executing rule Cnt.c
2026-02-23 08:51:44 +0100: Memory Usage (457160K) : Executing rule Cnt.d
2026-02-23 08:51:44 +0100: Memory Usage (457160K) : Executing rule Cnt.e
2026-02-23 08:51:44 +0100: Memory Usage (457416K) : Executing rule Cnt.g1
2026-02-23 08:51:44 +0100: Memory Usage (457544K) : Executing rule Cnt.g2
2026-02-23 08:51:44 +0100: Memory Usage (457672K) : Starting 5.15. ContBar table
2026-02-23 08:51:44 +0100: Memory Usage (457672K) : Executing rule CntB.b1
2026-02-23 08:51:44 +0100: Memory Usage (457800K) : Executing rule CntB.h1
2026-02-23 08:51:44 +0100: Memory Usage (457928K) : Starting 6.1.3 NPN Substrate-Tie table
2026-02-23 08:51:44 +0100: Memory Usage (457928K) : Executing rule npn13G2.bR 
2026-02-23 08:51:44 +0100: Memory Usage (458184K) : Executing rule npn13G2L.cR 
2026-02-23 08:51:44 +0100: Memory Usage (458440K) : Executing rule npn13G2V.cR 
2026-02-23 08:51:44 +0100: Memory Usage (458440K) : Starting 6.7 Schottky diode table
2026-02-23 08:51:44 +0100: Memory Usage (458440K) : Executing rule Sdiod.d
2026-02-23 08:51:44 +0100: Memory Usage (458568K) : Executing rule Sdiod.e
2026-02-23 08:51:44 +0100: Memory Usage (458568K) : Starting 7.2 Latch-up table
2026-02-23 08:51:44 +0100: Memory Usage (458568K) : Executing rule LU.b
2026-02-23 08:51:44 +0100: Memory Usage (458004K) : Starting 5.16. Metal1 table
2026-02-23 08:51:44 +0100: Memory Usage (458004K) : Executing rule M1.a
2026-02-23 08:51:44 +0100: Memory Usage (458004K) : Executing rule M1.b
2026-02-23 08:51:44 +0100: Memory Usage (458004K) : Executing rule M1.e
2026-02-23 08:51:44 +0100: Memory Usage (458004K) : Executing rule M1.f
2026-02-23 08:51:44 +0100: Memory Usage (458004K) : Executing rule M1.g
2026-02-23 08:51:44 +0100: Memory Usage (458004K) : Executing rule M1.i
2026-02-23 08:51:44 +0100: Memory Usage (458004K) : Starting 5.17 Metaln table
2026-02-23 08:51:44 +0100: Memory Usage (458004K) : Executing rule M2.a
2026-02-23 08:51:44 +0100: Memory Usage (458004K) : Executing rule M2.b
2026-02-23 08:51:44 +0100: Memory Usage (458004K) : Executing rule M2.e
2026-02-23 08:51:44 +0100: Memory Usage (458004K) : Executing rule M2.f
2026-02-23 08:51:44 +0100: Memory Usage (458004K) : Executing rule M2.g
2026-02-23 08:51:44 +0100: Memory Usage (458004K) : Executing rule M2.i
2026-02-23 08:51:44 +0100: Memory Usage (458004K) : Executing rule M3.a
2026-02-23 08:51:44 +0100: Memory Usage (458004K) : Executing rule M3.b
2026-02-23 08:51:44 +0100: Memory Usage (458004K) : Executing rule M3.e
2026-02-23 08:51:44 +0100: Memory Usage (458004K) : Executing rule M3.f
2026-02-23 08:51:44 +0100: Memory Usage (458004K) : Executing rule M3.g
2026-02-23 08:51:44 +0100: Memory Usage (458004K) : Executing rule M3.i
2026-02-23 08:51:44 +0100: Memory Usage (458004K) : Executing rule M4.a
2026-02-23 08:51:44 +0100: Memory Usage (458004K) : Executing rule M4.b
2026-02-23 08:51:44 +0100: Memory Usage (458004K) : Executing rule M4.e
2026-02-23 08:51:44 +0100: Memory Usage (458004K) : Executing rule M4.f
2026-02-23 08:51:44 +0100: Memory Usage (458004K) : Executing rule M4.g
2026-02-23 08:51:44 +0100: Memory Usage (458004K) : Executing rule M4.i
2026-02-23 08:51:44 +0100: Memory Usage (458004K) : Executing rule M5.a
2026-02-23 08:51:44 +0100: Memory Usage (458004K) : Executing rule M5.b
2026-02-23 08:51:44 +0100: Memory Usage (458004K) : Executing rule M5.e
2026-02-23 08:51:44 +0100: Memory Usage (458004K) : Executing rule M5.f
2026-02-23 08:51:44 +0100: Memory Usage (458004K) : Executing rule M5.g
2026-02-23 08:51:44 +0100: Memory Usage (458004K) : Executing rule M5.i
2026-02-23 08:51:44 +0100: Memory Usage (458004K) : Starting 5.18 Metaln:filler table
2026-02-23 08:51:44 +0100: Memory Usage (458004K) : Executing rule M1Fil.c
2026-02-23 08:51:44 +0100: Memory Usage (458004K) : Executing rule M1Fil.a2
2026-02-23 08:51:44 +0100: Memory Usage (458004K) : Executing rule M2Fil.c
2026-02-23 08:51:45 +0100: Memory Usage (458004K) : Executing rule M2Fil.a2
2026-02-23 08:51:45 +0100: Memory Usage (458004K) : Executing rule M3Fil.c
2026-02-23 08:51:45 +0100: Memory Usage (458004K) : Executing rule M3Fil.a2
2026-02-23 08:51:45 +0100: Memory Usage (458004K) : Executing rule M4Fil.c
2026-02-23 08:51:45 +0100: Memory Usage (458004K) : Executing rule M4Fil.a2
2026-02-23 08:51:45 +0100: Memory Usage (458004K) : Executing rule M5Fil.c
2026-02-23 08:51:45 +0100: Memory Usage (458004K) : Executing rule M5Fil.a2
2026-02-23 08:51:45 +0100: Memory Usage (458004K) : Starting 5.19. Via1 table
2026-02-23 08:51:45 +0100: Memory Usage (458004K) : Starting 5.19. Via1 table derivations
2026-02-23 08:51:45 +0100: Memory Usage (458004K) : Executing rule V1.a
2026-02-23 08:51:45 +0100: Memory Usage (458004K) : Executing rule V1.b
2026-02-23 08:51:45 +0100: Memory Usage (458004K) : Executing rule V1.c
2026-02-23 08:51:45 +0100: Memory Usage (458004K) : Starting 5.20. Vian table
2026-02-23 08:51:45 +0100: Memory Usage (458004K) : Executing rule V2.a
2026-02-23 08:51:45 +0100: Memory Usage (458004K) : Executing rule V2.b
2026-02-23 08:51:45 +0100: Memory Usage (458004K) : Executing rule V2.c
2026-02-23 08:51:45 +0100: Memory Usage (458004K) : Executing rule V3.a
2026-02-23 08:51:45 +0100: Memory Usage (458004K) : Executing rule V3.b
2026-02-23 08:51:45 +0100: Memory Usage (458004K) : Executing rule V3.c
2026-02-23 08:51:45 +0100: Memory Usage (458004K) : Executing rule V4.a
2026-02-23 08:51:45 +0100: Memory Usage (458004K) : Executing rule V4.b
2026-02-23 08:51:45 +0100: Memory Usage (458004K) : Executing rule V4.c
2026-02-23 08:51:45 +0100: Memory Usage (458004K) : Starting 5.21. TopVia1 table
2026-02-23 08:51:45 +0100: Memory Usage (458004K) : Executing rule TV1.a
2026-02-23 08:51:45 +0100: Memory Usage (458004K) : Executing rule TV1.b
2026-02-23 08:51:45 +0100: Memory Usage (458004K) : Executing rule TV1.c
2026-02-23 08:51:45 +0100: Memory Usage (458004K) : Executing rule TV1.d
2026-02-23 08:51:45 +0100: Memory Usage (458004K) : Starting 5.22. TopMetal1 table
2026-02-23 08:51:45 +0100: Memory Usage (458004K) : Executing rule TM1.a
2026-02-23 08:51:45 +0100: Memory Usage (458004K) : Executing rule TM1.b
2026-02-23 08:51:45 +0100: Memory Usage (458004K) : Starting 5.23 TopMetal1:filler table
2026-02-23 08:51:45 +0100: Memory Usage (458004K) : Executing rule TM1Fil.c
2026-02-23 08:51:45 +0100: Memory Usage (458004K) : Executing rule TM1Fil.a1
2026-02-23 08:51:45 +0100: Memory Usage (458004K) : Starting 5.24. TopVia2 table
2026-02-23 08:51:45 +0100: Memory Usage (458004K) : Executing rule TV2.a
2026-02-23 08:51:45 +0100: Memory Usage (458004K) : Executing rule TV2.b
2026-02-23 08:51:45 +0100: Memory Usage (458004K) : Executing rule TV2.c
2026-02-23 08:51:45 +0100: Memory Usage (458004K) : Executing rule TV2.d
2026-02-23 08:51:45 +0100: Memory Usage (458004K) : Starting 5.25. TopMetal2 table
2026-02-23 08:51:45 +0100: Memory Usage (458004K) : Executing rule TM2.a
2026-02-23 08:51:45 +0100: Memory Usage (458004K) : Executing rule TM2.b
2026-02-23 08:51:45 +0100: Memory Usage (458004K) : Executing rule TM2.bR
2026-02-23 08:51:45 +0100: Memory Usage (458004K) : Starting 5.26 TopMetal2:filler table
2026-02-23 08:51:45 +0100: Memory Usage (458004K) : Executing rule TM2Fil.c
2026-02-23 08:51:45 +0100: Memory Usage (458004K) : Executing rule TM2Fil.a1
2026-02-23 08:51:45 +0100: Memory Usage (458004K) : Starting 5.27. Passiv table
2026-02-23 08:51:45 +0100: Memory Usage (458004K) : Executing rule Pas.a
2026-02-23 08:51:45 +0100: Memory Usage (458004K) : Executing rule Pas.b
2026-02-23 08:51:45 +0100: Memory Usage (458004K) : Executing rule Pas.c
2026-02-23 08:51:45 +0100: Memory Usage (458004K) : Starting 6.9.2 Copper Pillar table
2026-02-23 08:51:45 +0100: Memory Usage (458004K) : Executing rule Padc.a
2026-02-23 08:51:45 +0100: Memory Usage (458004K) : Executing rule Padc.b
2026-02-23 08:51:45 +0100: Memory Usage (458004K) : Executing rule Padc.c
2026-02-23 08:51:45 +0100: Memory Usage (458004K) : Executing rule Padb.f
2026-02-23 08:51:45 +0100: Memory Usage (458004K) : Starting 6.9.1 Solder Bump
2026-02-23 08:51:45 +0100: Memory Usage (458004K) : Executing rule Padb.a
2026-02-23 08:51:45 +0100: Memory Usage (458004K) : Executing rule Padb.b
2026-02-23 08:51:45 +0100: Memory Usage (458004K) : Executing rule Padb.c
2026-02-23 08:51:45 +0100: Memory Usage (458004K) : Executing rule Padb.f
2026-02-23 08:51:45 +0100: Memory Usage (458004K) : Executing rule Padb.d
2026-02-23 08:51:45 +0100: Memory Usage (458004K) : Starting 6.10 Sealring table
2026-02-23 08:51:45 +0100: Memory Usage (458004K) : Executing rule Seal.l
2026-02-23 08:51:45 +0100: Memory Usage (458004K) : Executing rule Seal.n
2026-02-23 08:51:45 +0100: Memory Usage (458004K) : Executing rule seal.b_metal1
2026-02-23 08:51:45 +0100: Memory Usage (458004K) : Executing rule seal.b_metal2
2026-02-23 08:51:45 +0100: Memory Usage (458004K) : Executing rule seal.b_metal3
2026-02-23 08:51:45 +0100: Memory Usage (458004K) : Executing rule seal.b_metal4
2026-02-23 08:51:45 +0100: Memory Usage (458004K) : Executing rule seal.b_metal5
2026-02-23 08:51:45 +0100: Memory Usage (458004K) : Executing rule seal.b_topmetal1
2026-02-23 08:51:45 +0100: Memory Usage (458004K) : Executing rule seal.b_topmetal2
2026-02-23 08:51:45 +0100: Memory Usage (458004K) : Executing rule seal.b_activ
2026-02-23 08:51:45 +0100: Memory Usage (458004K) : Executing rule seal.b_psd
2026-02-23 08:51:45 +0100: Memory Usage (458004K) : Executing rule Seal.k
2026-02-23 08:51:45 +0100: Memory Usage (458004K) : Executing rule Seal.m
2026-02-23 08:51:45 +0100: Memory Usage (458004K) : Starting 6.11 MIM table
2026-02-23 08:51:45 +0100: Memory Usage (458004K) : Executing rule MIM.c
2026-02-23 08:51:45 +0100: Memory Usage (458004K) : Executing rule MIM.d
2026-02-23 08:51:45 +0100: Memory Usage (458004K) : Executing rule MIM.gR
2026-02-23 08:51:45 +0100: Memory Usage (458004K) : Starting 7.3 Metal Slits table
2026-02-23 08:51:45 +0100: Memory Usage (458004K) : Executing rule Slt.e1_M1
2026-02-23 08:51:45 +0100: Memory Usage (458004K) : Executing rule Slt.e1_M2
2026-02-23 08:51:45 +0100: Memory Usage (458004K) : Executing rule Slt.e1_M3
2026-02-23 08:51:45 +0100: Memory Usage (458004K) : Executing rule Slt.e1_M4
2026-02-23 08:51:45 +0100: Memory Usage (458004K) : Executing rule Slt.e1_M5
2026-02-23 08:51:45 +0100: Memory Usage (458004K) : Executing rule Slt.e1_TM1
2026-02-23 08:51:45 +0100: Memory Usage (458004K) : Executing rule Slt.e1_TM2
2026-02-23 08:51:45 +0100: Memory Usage (458004K) : Starting 9.1. LBE table
2026-02-23 08:51:45 +0100: Memory Usage (458004K) : Executing rule LBE.a
2026-02-23 08:51:45 +0100: Memory Usage (458004K) : Executing rule LBE.b
2026-02-23 08:51:45 +0100: Memory Usage (458004K) : Executing rule LBE.b1
2026-02-23 08:51:45 +0100: Memory Usage (458004K) : Executing rule LBE.c
2026-02-23 08:51:45 +0100: Memory Usage (458004K) : Executing rule LBE.d
2026-02-23 08:51:45 +0100: Memory Usage (458004K) : Executing rule LBE.h
2026-02-23 08:51:45 +0100: Memory Usage (458004K) : Starting 7.4. PIN table
2026-02-23 08:51:45 +0100: Memory Usage (458004K) : Executing rule Pin.a
2026-02-23 08:51:45 +0100: Memory Usage (458004K) : Executing rule Pin.b
2026-02-23 08:51:45 +0100: Memory Usage (458004K) : Executing rule Pin.e
2026-02-23 08:51:45 +0100: Memory Usage (458004K) : Executing rule Pin.f_M2
2026-02-23 08:51:45 +0100: Memory Usage (458004K) : Executing rule Pin.f_M3
2026-02-23 08:51:45 +0100: Memory Usage (458004K) : Executing rule Pin.f_M4
2026-02-23 08:51:45 +0100: Memory Usage (458004K) : Executing rule Pin.f_M5
2026-02-23 08:51:45 +0100: Memory Usage (458004K) : Executing rule Pin.g
2026-02-23 08:51:45 +0100: Memory Usage (458004K) : Executing rule Pin.h
2026-02-23 08:51:45 +0100: Memory Usage (458004K) : Starting 3.2. FORBIDDEN table
2026-02-23 08:51:45 +0100: Memory Usage (458004K) : Executing rule forbidden.biwind
2026-02-23 08:51:45 +0100: Memory Usage (458004K) : Executing rule forbidden.pemwind
2026-02-23 08:51:45 +0100: Memory Usage (458004K) : Executing rule forbidden.baspoly
2026-02-23 08:51:45 +0100: Memory Usage (458004K) : Executing rule forbidden.deepco
2026-02-23 08:51:45 +0100: Memory Usage (458004K) : Executing rule forbidden.pempoly
2026-02-23 08:51:45 +0100: Memory Usage (458004K) : Executing rule forbidden.empoly
2026-02-23 08:51:45 +0100: Memory Usage (458004K) : Executing rule forbidden.ldmos
2026-02-23 08:51:45 +0100: Memory Usage (458004K) : Executing rule forbidden.pbiwind
2026-02-23 08:51:45 +0100: Memory Usage (458004K) : Executing rule forbidden.nodrc
2026-02-23 08:51:45 +0100: Memory Usage (458004K) : Executing rule forbidden.flash
2026-02-23 08:51:45 +0100: Memory Usage (458004K) : Executing rule forbidden.colwind
2026-02-23 08:51:45 +0100: Memory Usage (458004K) : KLayout DRC run for tables 'main' completed in 0.79 seconds
