GDS input file passed, running in LVS mode
No explicit top cell specified, using top cell 'inverter'
Calling MAGIC
magic -dnull -noconsole -rcfile /home/dkits/ihp-sg13g2/2026.01.26.dev/ihp-sg13g2/libs.tech/magic/ihp-sg13g2.magicrc ./pex_output/inverter__inverter/magic_RC/inverter_MAGIC_RC_Script.tcl, output file: ./pex_output/inverter__inverter/magic_RC/inverter_MAGIC_RC_Output.txt

Magic 8.3 revision 581 - Compiled on Tue Jan 27 01:58:22 EST 2026.
Starting magic under Tcl interpreter
Using the terminal as the console.
Using NULL graphics device.
Processing system .magicrc file
Switching to WIRING tool.
Switching to NETLIST tool.
Switching to PICK tool.
Switching to BOX tool.
Sourcing design .magicrc for technology ihp-sg13g2 ...
2 Magic internal units = 1 Lambda
Input style sg13g2(): scaleFactor=2, multiplier=2
The following types are not handled by extraction and will be treated as non-electrical types:
    pblock sealcont difffill nemitter hvnemitter hvisodiffres sealvia1 sealvia2 sealvia3 sealvia4 sealvia5 sealvia6 pillar solder seal glass thruvia inductor 
Scaled tech values by 2 / 1 to match internal grid scaling
Loading ihp-sg13g2 Device Generator Menu ...
Loading "./pex_output/inverter__inverter/magic_RC/inverter_MAGIC_RC_Script.tcl" from command line.
Warning: Calma reading is not undoable!  I hope that's OK.
Library written using GDS-II Release 6.0
Library name: LIB
Reading "$$$CONTEXT_INFO$$$".
Reading "nmos$1".
Reading "pmos".
Reading "inverter".
Error while reading cell "inverter" (byte position 4978): Unknown layer/datatype in boundary, layer=46 type=0
Extracting inverter into /home/userdata/k67D/duynk_67d/SAR_ADC_8BIT_IHP/pex/pex_output/inverter__inverter/magic_RC/inverter.ext:
exttosim finished.
Port: name = vi exists, forcing drivepoint
Location is (-77, -95); drivepoint (-78, -96)
Port: name = vdd exists, forcing drivepoint
Location is (-120, 296); drivepoint (-121, 296)
Port: name = gnd exists, forcing drivepoint
Location is (-118, -378); drivepoint (-119, -379)
Port: name = vo exists, forcing drivepoint
Location is (113, -98); drivepoint (113, -99)
Total Nets: 4
Nets extracted: 4 (1.000000)
Nets output: 4 (1.000000)
Devs merged: 0
