# Logfile created on 2026-02-27 07:44:07 +0100 by logger.rb/v1.4.3
2026-02-27 07:44:07 +0100: Memory Usage (429700K) : Starting running IHP-SG13G2 KLayout DRC runset on /home/designer/shared/IHP-AnalogAcademy/modules/module_3_8_bit_SAR_ADC/part_5_analog_layout/switch_array/layout/switch_array.gds
2026-02-27 07:44:07 +0100: Memory Usage (429700K) : Ruby Version for klayout: 3.0.2
2026-02-27 07:44:07 +0100: Memory Usage (430980K) : Loading database to memory is complete.
2026-02-27 07:44:07 +0100: Memory Usage (430980K) : IHP-SG13G2 KLayout DRC runset output at: /home/designer/shared/IHP-AnalogAcademy/modules/module_3_8_bit_SAR_ADC/part_5_analog_layout/switch_array/layout/drc_run_switch_array/switch_array_switch_array_main.lyrdb
2026-02-27 07:44:07 +0100: Memory Usage (430980K) : Evaluate switches.
2026-02-27 07:44:07 +0100: Memory Usage (430980K) : tables selected: main
2026-02-27 07:44:07 +0100: Memory Usage (430980K) : KLayout will use 1 thread(s) in tiling mode.
2026-02-27 07:44:07 +0100: Memory Usage (430980K) : deep mode is enabled.
2026-02-27 07:44:07 +0100: Memory Usage (430980K) : FEOL enabled: true
2026-02-27 07:44:07 +0100: Memory Usage (430980K) : BEOL enabled: true
2026-02-27 07:44:07 +0100: Memory Usage (430980K) : OFFGRID enabled: true
2026-02-27 07:44:07 +0100: Memory Usage (430980K) : PIN enabled: true
2026-02-27 07:44:07 +0100: Memory Usage (430980K) : FORBIDDEN enabled: true
2026-02-27 07:44:07 +0100: Memory Usage (430980K) : RECOMMENDED enabled: true
2026-02-27 07:44:07 +0100: Memory Usage (430980K) : PreCheck DRC enabled: false
2026-02-27 07:44:07 +0100: Memory Usage (430980K) : CONNECTIVITY_RULES enabled: true.
2026-02-27 07:44:07 +0100: Memory Usage (430980K) : Read in polygons from layers.
2026-02-27 07:44:07 +0100: Memory Usage (431748K) : activ_drw has 168 polygons
2026-02-27 07:44:07 +0100: Memory Usage (431748K) : activ_pin has 0 polygons
2026-02-27 07:44:07 +0100: Memory Usage (431748K) : activ_mask has 0 polygons
2026-02-27 07:44:07 +0100: Memory Usage (431748K) : activ_filler has 0 polygons
2026-02-27 07:44:07 +0100: Memory Usage (431748K) : activ_nofill has 0 polygons
2026-02-27 07:44:07 +0100: Memory Usage (431748K) : activ_opc has 0 polygons
2026-02-27 07:44:07 +0100: Memory Usage (431748K) : activ_iopc has 0 polygons
2026-02-27 07:44:07 +0100: Memory Usage (431748K) : activ_noqrc has 0 polygons
2026-02-27 07:44:07 +0100: Memory Usage (431748K) : biwind_drw has 0 polygons
2026-02-27 07:44:07 +0100: Memory Usage (431748K) : biwind_opc has 0 polygons
2026-02-27 07:44:07 +0100: Memory Usage (431748K) : pemwind_drw has 0 polygons
2026-02-27 07:44:07 +0100: Memory Usage (431748K) : gatpoly_drw has 133 polygons
2026-02-27 07:44:07 +0100: Memory Usage (431748K) : gatpoly_pin has 21 polygons
2026-02-27 07:44:07 +0100: Memory Usage (431748K) : gatpoly_filler has 0 polygons
2026-02-27 07:44:07 +0100: Memory Usage (431748K) : gatpoly_nofill has 0 polygons
2026-02-27 07:44:07 +0100: Memory Usage (431748K) : gatpoly_opc has 0 polygons
2026-02-27 07:44:07 +0100: Memory Usage (431748K) : gatpoly_iopc has 0 polygons
2026-02-27 07:44:07 +0100: Memory Usage (431748K) : gatpoly_noqrc has 0 polygons
2026-02-27 07:44:07 +0100: Memory Usage (431748K) : cont_drw has 469 polygons
2026-02-27 07:44:07 +0100: Memory Usage (431748K) : cont_opc has 0 polygons
2026-02-27 07:44:07 +0100: Memory Usage (431748K) : nsd_drw has 0 polygons
2026-02-27 07:44:07 +0100: Memory Usage (431748K) : nsd_block has 0 polygons
2026-02-27 07:44:07 +0100: Memory Usage (431748K) : metal1_drw has 448 polygons
2026-02-27 07:44:07 +0100: Memory Usage (431876K) : metal1_pin has 91 polygons
2026-02-27 07:44:07 +0100: Memory Usage (431876K) : metal1_mask has 0 polygons
2026-02-27 07:44:07 +0100: Memory Usage (431876K) : metal1_filler has 0 polygons
2026-02-27 07:44:07 +0100: Memory Usage (431876K) : metal1_nofill has 0 polygons
2026-02-27 07:44:07 +0100: Memory Usage (432004K) : metal1_slit has 0 polygons
2026-02-27 07:44:07 +0100: Memory Usage (432132K) : metal1_text has 63 polygons
2026-02-27 07:44:07 +0100: Memory Usage (432260K) : metal1_opc has 0 polygons
2026-02-27 07:44:07 +0100: Memory Usage (432260K) : metal1_noqrc has 0 polygons
2026-02-27 07:44:07 +0100: Memory Usage (432260K) : metal1_res has 0 polygons
2026-02-27 07:44:07 +0100: Memory Usage (432260K) : metal1_iprobe has 0 polygons
2026-02-27 07:44:07 +0100: Memory Usage (432260K) : metal1_diffprb has 0 polygons
2026-02-27 07:44:07 +0100: Memory Usage (432260K) : passiv_drw has 0 polygons
2026-02-27 07:44:07 +0100: Memory Usage (432388K) : passiv_pin has 0 polygons
2026-02-27 07:44:07 +0100: Memory Usage (432388K) : passiv_sbump has 0 polygons
2026-02-27 07:44:07 +0100: Memory Usage (432388K) : passiv_pillar has 0 polygons
2026-02-27 07:44:07 +0100: Memory Usage (432516K) : passiv_pdl has 0 polygons
2026-02-27 07:44:07 +0100: Memory Usage (432516K) : metal2_drw has 131 polygons
2026-02-27 07:44:07 +0100: Memory Usage (432516K) : metal2_pin has 29 polygons
2026-02-27 07:44:07 +0100: Memory Usage (432644K) : metal2_mask has 0 polygons
2026-02-27 07:44:07 +0100: Memory Usage (432644K) : metal2_filler has 0 polygons
2026-02-27 07:44:07 +0100: Memory Usage (432644K) : metal2_nofill has 0 polygons
2026-02-27 07:44:07 +0100: Memory Usage (432772K) : metal2_slit has 0 polygons
2026-02-27 07:44:07 +0100: Memory Usage (432772K) : metal2_text has 29 polygons
2026-02-27 07:44:07 +0100: Memory Usage (432772K) : metal2_opc has 0 polygons
2026-02-27 07:44:07 +0100: Memory Usage (432900K) : metal2_noqrc has 0 polygons
2026-02-27 07:44:07 +0100: Memory Usage (432900K) : metal2_res has 0 polygons
2026-02-27 07:44:07 +0100: Memory Usage (432900K) : metal2_iprobe has 0 polygons
2026-02-27 07:44:07 +0100: Memory Usage (433028K) : metal2_diffprb has 0 polygons
2026-02-27 07:44:07 +0100: Memory Usage (433028K) : baspoly_drw has 0 polygons
2026-02-27 07:44:07 +0100: Memory Usage (433028K) : baspoly_pin has 0 polygons
2026-02-27 07:44:07 +0100: Memory Usage (433156K) : psd_drw has 42 polygons
2026-02-27 07:44:07 +0100: Memory Usage (433156K) : nldb_drw has 0 polygons
2026-02-27 07:44:07 +0100: Memory Usage (433156K) : digibnd_drw has 0 polygons
2026-02-27 07:44:07 +0100: Memory Usage (433284K) : via1_drw has 56 polygons
2026-02-27 07:44:07 +0100: Memory Usage (433284K) : backmetal1_drw has 0 polygons
2026-02-27 07:44:07 +0100: Memory Usage (433284K) : backmetal1_pin has 0 polygons
2026-02-27 07:44:07 +0100: Memory Usage (433284K) : backmetal1_mask has 0 polygons
2026-02-27 07:44:07 +0100: Memory Usage (433412K) : backmetal1_filler has 0 polygons
2026-02-27 07:44:07 +0100: Memory Usage (433412K) : backmetal1_nofill has 0 polygons
2026-02-27 07:44:07 +0100: Memory Usage (433412K) : backmetal1_slit has 0 polygons
2026-02-27 07:44:07 +0100: Memory Usage (433540K) : backmetal1_text has 0 polygons
2026-02-27 07:44:07 +0100: Memory Usage (433540K) : backmetal1_opc has 0 polygons
2026-02-27 07:44:07 +0100: Memory Usage (433540K) : backmetal1_noqrc has 0 polygons
2026-02-27 07:44:07 +0100: Memory Usage (433668K) : backmetal1_res has 0 polygons
2026-02-27 07:44:07 +0100: Memory Usage (433668K) : backmetal1_iprobe has 0 polygons
2026-02-27 07:44:07 +0100: Memory Usage (433668K) : backmetal1_diffprb has 0 polygons
2026-02-27 07:44:07 +0100: Memory Usage (433796K) : backpassiv_drw has 0 polygons
2026-02-27 07:44:07 +0100: Memory Usage (433796K) : res_drw has 0 polygons
2026-02-27 07:44:07 +0100: Memory Usage (433796K) : sram_drw has 0 polygons
2026-02-27 07:44:07 +0100: Memory Usage (433924K) : trans_drw has 0 polygons
2026-02-27 07:44:07 +0100: Memory Usage (433924K) : ind_drw has 0 polygons
2026-02-27 07:44:07 +0100: Memory Usage (433924K) : ind_pin has 0 polygons
2026-02-27 07:44:07 +0100: Memory Usage (434052K) : ind_text has 0 polygons
2026-02-27 07:44:07 +0100: Memory Usage (434052K) : salblock_drw has 0 polygons
2026-02-27 07:44:07 +0100: Memory Usage (434052K) : via2_drw has 25 polygons
2026-02-27 07:44:07 +0100: Memory Usage (434180K) : metal3_drw has 8 polygons
2026-02-27 07:44:07 +0100: Memory Usage (434180K) : metal3_pin has 0 polygons
2026-02-27 07:44:07 +0100: Memory Usage (434180K) : metal3_mask has 0 polygons
2026-02-27 07:44:07 +0100: Memory Usage (434308K) : metal3_filler has 0 polygons
2026-02-27 07:44:07 +0100: Memory Usage (434308K) : metal3_nofill has 0 polygons
2026-02-27 07:44:07 +0100: Memory Usage (434308K) : metal3_slit has 0 polygons
2026-02-27 07:44:07 +0100: Memory Usage (434436K) : metal3_text has 0 polygons
2026-02-27 07:44:07 +0100: Memory Usage (434436K) : metal3_opc has 0 polygons
2026-02-27 07:44:07 +0100: Memory Usage (434436K) : metal3_noqrc has 0 polygons
2026-02-27 07:44:07 +0100: Memory Usage (434436K) : metal3_res has 0 polygons
2026-02-27 07:44:07 +0100: Memory Usage (434564K) : metal3_iprobe has 0 polygons
2026-02-27 07:44:07 +0100: Memory Usage (434564K) : metal3_diffprb has 0 polygons
2026-02-27 07:44:07 +0100: Memory Usage (434564K) : nwell_drw has 50 polygons
2026-02-27 07:44:07 +0100: Memory Usage (434692K) : nwell_pin has 0 polygons
2026-02-27 07:44:07 +0100: Memory Usage (434692K) : nbulay_drw has 14 polygons
2026-02-27 07:44:07 +0100: Memory Usage (434692K) : nbulay_pin has 0 polygons
2026-02-27 07:44:07 +0100: Memory Usage (434692K) : nbulay_block has 0 polygons
2026-02-27 07:44:07 +0100: Memory Usage (434692K) : emwind_drw has 0 polygons
2026-02-27 07:44:07 +0100: Memory Usage (434820K) : emwind_opc has 0 polygons
2026-02-27 07:44:07 +0100: Memory Usage (434820K) : deepco_drw has 0 polygons
2026-02-27 07:44:07 +0100: Memory Usage (434820K) : deepco_drw has 0 polygons
2026-02-27 07:44:07 +0100: Memory Usage (434948K) : mim_drw has 0 polygons
2026-02-27 07:44:07 +0100: Memory Usage (434948K) : edgeseal_drw has 0 polygons
2026-02-27 07:44:07 +0100: Memory Usage (434948K) : edgeseal_bound has 0 polygons
2026-02-27 07:44:07 +0100: Memory Usage (435076K) : substrate_drw has 21 polygons
2026-02-27 07:44:07 +0100: Memory Usage (435076K) : substrate_text has 0 polygons
2026-02-27 07:44:07 +0100: Memory Usage (435076K) : dfpad_drw has 0 polygons
2026-02-27 07:44:07 +0100: Memory Usage (435204K) : dfpad_pillar has 0 polygons
2026-02-27 07:44:07 +0100: Memory Usage (435204K) : dfpad_sbump has 0 polygons
2026-02-27 07:44:07 +0100: Memory Usage (435332K) : thickgateox_drw has 0 polygons
2026-02-27 07:44:07 +0100: Memory Usage (435332K) : pldb_drw has 0 polygons
2026-02-27 07:44:07 +0100: Memory Usage (435460K) : pwell_drw has 21 polygons
2026-02-27 07:44:07 +0100: Memory Usage (435460K) : pwell_pin has 0 polygons
2026-02-27 07:44:07 +0100: Memory Usage (435460K) : pwell_block has 0 polygons
2026-02-27 07:44:07 +0100: Memory Usage (435588K) : ic_drw has 0 polygons
2026-02-27 07:44:07 +0100: Memory Usage (435588K) : via3_drw has 25 polygons
2026-02-27 07:44:07 +0100: Memory Usage (435716K) : metal4_drw has 8 polygons
2026-02-27 07:44:07 +0100: Memory Usage (435716K) : metal4_pin has 0 polygons
2026-02-27 07:44:07 +0100: Memory Usage (435716K) : metal4_mask has 0 polygons
2026-02-27 07:44:07 +0100: Memory Usage (435844K) : metal4_filler has 0 polygons
2026-02-27 07:44:07 +0100: Memory Usage (435844K) : metal4_nofill has 0 polygons
2026-02-27 07:44:07 +0100: Memory Usage (435844K) : metal4_slit has 0 polygons
2026-02-27 07:44:07 +0100: Memory Usage (435972K) : metal4_text has 0 polygons
2026-02-27 07:44:07 +0100: Memory Usage (435972K) : metal4_opc has 0 polygons
2026-02-27 07:44:07 +0100: Memory Usage (435972K) : metal4_noqrc has 0 polygons
2026-02-27 07:44:07 +0100: Memory Usage (436100K) : metal4_res has 0 polygons
2026-02-27 07:44:07 +0100: Memory Usage (436100K) : metal4_iprobe has 0 polygons
2026-02-27 07:44:07 +0100: Memory Usage (436228K) : metal4_diffprb has 0 polygons
2026-02-27 07:44:07 +0100: Memory Usage (436228K) : heattrans_drw has 42 polygons
2026-02-27 07:44:07 +0100: Memory Usage (436356K) : heatres_drw has 0 polygons
2026-02-27 07:44:07 +0100: Memory Usage (436356K) : pempoly_drw has 0 polygons
2026-02-27 07:44:07 +0100: Memory Usage (436356K) : fbe_drw has 0 polygons
2026-02-27 07:44:07 +0100: Memory Usage (436484K) : empoly_drw has 0 polygons
2026-02-27 07:44:07 +0100: Memory Usage (436484K) : ldmos_drw has 0 polygons
2026-02-27 07:44:07 +0100: Memory Usage (436612K) : pbiwind_drw has 0 polygons
2026-02-27 07:44:07 +0100: Memory Usage (436612K) : digisub_drw has 0 polygons
2026-02-27 07:44:07 +0100: Memory Usage (436740K) : nodrc_drw has 0 polygons
2026-02-27 07:44:07 +0100: Memory Usage (436740K) : text_drw has 56 polygons
2026-02-27 07:44:07 +0100: Memory Usage (436740K) : via4_drw has 25 polygons
2026-02-27 07:44:07 +0100: Memory Usage (436868K) : metal5_drw has 8 polygons
2026-02-27 07:44:07 +0100: Memory Usage (436868K) : metal5_pin has 0 polygons
2026-02-27 07:44:07 +0100: Memory Usage (436996K) : metal5_mask has 0 polygons
2026-02-27 07:44:07 +0100: Memory Usage (436996K) : metal5_filler has 0 polygons
2026-02-27 07:44:07 +0100: Memory Usage (436996K) : metal5_nofill has 0 polygons
2026-02-27 07:44:07 +0100: Memory Usage (437124K) : metal5_slit has 0 polygons
2026-02-27 07:44:07 +0100: Memory Usage (437124K) : metal5_text has 0 polygons
2026-02-27 07:44:07 +0100: Memory Usage (437124K) : metal5_opc has 0 polygons
2026-02-27 07:44:07 +0100: Memory Usage (437124K) : metal5_noqrc has 0 polygons
2026-02-27 07:44:07 +0100: Memory Usage (437252K) : metal5_res has 0 polygons
2026-02-27 07:44:07 +0100: Memory Usage (437252K) : metal5_iprobe has 0 polygons
2026-02-27 07:44:07 +0100: Memory Usage (437380K) : metal5_diffprb has 0 polygons
2026-02-27 07:44:07 +0100: Memory Usage (437380K) : radhard_drw has 0 polygons
2026-02-27 07:44:07 +0100: Memory Usage (437380K) : memcap_drw has 0 polygons
2026-02-27 07:44:07 +0100: Memory Usage (437508K) : varicap_drw has 0 polygons
2026-02-27 07:44:07 +0100: Memory Usage (437508K) : flash_drw has 0 polygons
2026-02-27 07:44:08 +0100: Memory Usage (437636K) : intbondvia_drw has 0 polygons
2026-02-27 07:44:08 +0100: Memory Usage (437636K) : intbondmet_drw has 0 polygons
2026-02-27 07:44:08 +0100: Memory Usage (437764K) : devbondvia_drw has 0 polygons
2026-02-27 07:44:08 +0100: Memory Usage (437764K) : devbondmet_drw has 0 polygons
2026-02-27 07:44:08 +0100: Memory Usage (437764K) : devtrench_drw has 0 polygons
2026-02-27 07:44:08 +0100: Memory Usage (437892K) : redist_drw has 0 polygons
2026-02-27 07:44:08 +0100: Memory Usage (437892K) : graphbot_drw has 0 polygons
2026-02-27 07:44:08 +0100: Memory Usage (438020K) : graphtop_drw has 0 polygons
2026-02-27 07:44:08 +0100: Memory Usage (438020K) : antvia1_drw has 0 polygons
2026-02-27 07:44:08 +0100: Memory Usage (438148K) : antmetal2_drw has 0 polygons
2026-02-27 07:44:08 +0100: Memory Usage (438148K) : graphcont_drw has 0 polygons
2026-02-27 07:44:08 +0100: Memory Usage (438148K) : siwg_drw has 0 polygons
2026-02-27 07:44:08 +0100: Memory Usage (438276K) : siwg_filler has 0 polygons
2026-02-27 07:44:08 +0100: Memory Usage (438276K) : siwg_nofill has 0 polygons
2026-02-27 07:44:08 +0100: Memory Usage (438276K) : sigrating_drw has 0 polygons
2026-02-27 07:44:08 +0100: Memory Usage (438276K) : singrating_drw has 0 polygons
2026-02-27 07:44:08 +0100: Memory Usage (438404K) : graphpas_drw has 0 polygons
2026-02-27 07:44:08 +0100: Memory Usage (438404K) : emwind3_drw has 0 polygons
2026-02-27 07:44:08 +0100: Memory Usage (438532K) : emwihv3_drw has 0 polygons
2026-02-27 07:44:08 +0100: Memory Usage (438532K) : redbulay_drw has 0 polygons
2026-02-27 07:44:08 +0100: Memory Usage (438532K) : smos_drw has 0 polygons
2026-02-27 07:44:08 +0100: Memory Usage (438660K) : graphpad_drw has 0 polygons
2026-02-27 07:44:08 +0100: Memory Usage (438660K) : polimide_drw has 0 polygons
2026-02-27 07:44:08 +0100: Memory Usage (438788K) : polimide_pin has 0 polygons
2026-02-27 07:44:08 +0100: Memory Usage (438788K) : recog_drw has 0 polygons
2026-02-27 07:44:08 +0100: Memory Usage (438788K) : recog_pin has 0 polygons
2026-02-27 07:44:08 +0100: Memory Usage (438916K) : recog_esd has 0 polygons
2026-02-27 07:44:08 +0100: Memory Usage (438916K) : recog_diode has 0 polygons
2026-02-27 07:44:08 +0100: Memory Usage (439044K) : recog_tsv has 0 polygons
2026-02-27 07:44:08 +0100: Memory Usage (439044K) : recog_iprobe has 0 polygons
2026-02-27 07:44:08 +0100: Memory Usage (439172K) : recog_diffprb has 0 polygons
2026-02-27 07:44:08 +0100: Memory Usage (439172K) : recog_pillar has 0 polygons
2026-02-27 07:44:08 +0100: Memory Usage (439172K) : recog_sbump has 0 polygons
2026-02-27 07:44:08 +0100: Memory Usage (439300K) : recog_otp has 0 polygons
2026-02-27 07:44:08 +0100: Memory Usage (439300K) : recog_pdiode has 0 polygons
2026-02-27 07:44:08 +0100: Memory Usage (439428K) : recog_mom has 0 polygons
2026-02-27 07:44:08 +0100: Memory Usage (439428K) : recog_pcm has 0 polygons
2026-02-27 07:44:08 +0100: Memory Usage (439428K) : colopen_drw has 0 polygons
2026-02-27 07:44:08 +0100: Memory Usage (439556K) : graphmetal1_drw has 0 polygons
2026-02-27 07:44:08 +0100: Memory Usage (439556K) : graphmetal1_filler has 0 polygons
2026-02-27 07:44:08 +0100: Memory Usage (439684K) : graphmetal1_nofill has 0 polygons
2026-02-27 07:44:08 +0100: Memory Usage (439684K) : graphmetal1_slit has 0 polygons
2026-02-27 07:44:08 +0100: Memory Usage (439812K) : graphmetal1_opc has 0 polygons
2026-02-27 07:44:08 +0100: Memory Usage (439812K) : graphmet1l_drw has 0 polygons
2026-02-27 07:44:08 +0100: Memory Usage (439812K) : graphmet1l_filler has 0 polygons
2026-02-27 07:44:08 +0100: Memory Usage (439940K) : graphmet1l_nofill has 0 polygons
2026-02-27 07:44:08 +0100: Memory Usage (439940K) : graphmet1l_slit has 0 polygons
2026-02-27 07:44:08 +0100: Memory Usage (440068K) : graphmet1l_opc has 0 polygons
2026-02-27 07:44:08 +0100: Memory Usage (440068K) : extblock_drw has 0 polygons
2026-02-27 07:44:08 +0100: Memory Usage (440196K) : nldd_drw has 0 polygons
2026-02-27 07:44:08 +0100: Memory Usage (440196K) : pldd_drw has 0 polygons
2026-02-27 07:44:08 +0100: Memory Usage (440196K) : next_drw has 0 polygons
2026-02-27 07:44:08 +0100: Memory Usage (440324K) : pext_drw has 0 polygons
2026-02-27 07:44:08 +0100: Memory Usage (440324K) : nexthv_drw has 0 polygons
2026-02-27 07:44:08 +0100: Memory Usage (440452K) : pexthv_drw has 0 polygons
2026-02-27 07:44:08 +0100: Memory Usage (440452K) : graphgate_drw has 0 polygons
2026-02-27 07:44:08 +0100: Memory Usage (440452K) : sinwg_drw has 0 polygons
2026-02-27 07:44:08 +0100: Memory Usage (440580K) : sinwg_filler has 0 polygons
2026-02-27 07:44:08 +0100: Memory Usage (440580K) : sinwg_nofill has 0 polygons
2026-02-27 07:44:08 +0100: Memory Usage (440708K) : mempad_drw has 0 polygons
2026-02-27 07:44:08 +0100: Memory Usage (440708K) : topvia1_drw has 8 polygons
2026-02-27 07:44:08 +0100: Memory Usage (440836K) : topmetal1_drw has 5 polygons
2026-02-27 07:44:08 +0100: Memory Usage (440836K) : topmetal1_pin has 1 polygons
2026-02-27 07:44:08 +0100: Memory Usage (440836K) : topmetal1_mask has 0 polygons
2026-02-27 07:44:08 +0100: Memory Usage (440964K) : topmetal1_filler has 0 polygons
2026-02-27 07:44:08 +0100: Memory Usage (440964K) : topmetal1_nofill has 0 polygons
2026-02-27 07:44:08 +0100: Memory Usage (441092K) : topmetal1_slit has 0 polygons
2026-02-27 07:44:08 +0100: Memory Usage (441092K) : topmetal1_text has 1 polygons
2026-02-27 07:44:08 +0100: Memory Usage (441220K) : topmetal1_noqrc has 0 polygons
2026-02-27 07:44:08 +0100: Memory Usage (441220K) : topmetal1_res has 0 polygons
2026-02-27 07:44:08 +0100: Memory Usage (441220K) : topmetal1_iprobe has 0 polygons
2026-02-27 07:44:08 +0100: Memory Usage (441348K) : topmetal1_diffprb has 0 polygons
2026-02-27 07:44:08 +0100: Memory Usage (441348K) : inldpwl_drw has 0 polygons
2026-02-27 07:44:08 +0100: Memory Usage (441476K) : polyres_drw has 0 polygons
2026-02-27 07:44:08 +0100: Memory Usage (441476K) : polyres_pin has 0 polygons
2026-02-27 07:44:08 +0100: Memory Usage (441476K) : vmim_drw has 0 polygons
2026-02-27 07:44:08 +0100: Memory Usage (441604K) : nbulaycut_drw has 0 polygons
2026-02-27 07:44:08 +0100: Memory Usage (441604K) : antmetal1_drw has 0 polygons
2026-02-27 07:44:08 +0100: Memory Usage (441732K) : topvia2_drw has 0 polygons
2026-02-27 07:44:08 +0100: Memory Usage (441732K) : topmetal2_drw has 4 polygons
2026-02-27 07:44:08 +0100: Memory Usage (441860K) : topmetal2_pin has 1 polygons
2026-02-27 07:44:08 +0100: Memory Usage (441860K) : topmetal2_mask has 0 polygons
2026-02-27 07:44:08 +0100: Memory Usage (441860K) : topmetal2_filler has 0 polygons
2026-02-27 07:44:08 +0100: Memory Usage (441988K) : topmetal2_nofill has 0 polygons
2026-02-27 07:44:08 +0100: Memory Usage (441988K) : topmetal2_slit has 0 polygons
2026-02-27 07:44:08 +0100: Memory Usage (442116K) : topmetal2_text has 1 polygons
2026-02-27 07:44:08 +0100: Memory Usage (442116K) : topmetal2_noqrc has 0 polygons
2026-02-27 07:44:08 +0100: Memory Usage (442244K) : topmetal2_res has 0 polygons
2026-02-27 07:44:08 +0100: Memory Usage (442244K) : topmetal2_iprobe has 0 polygons
2026-02-27 07:44:08 +0100: Memory Usage (442244K) : topmetal2_diffprb has 0 polygons
2026-02-27 07:44:08 +0100: Memory Usage (442372K) : snsring_drw has 0 polygons
2026-02-27 07:44:08 +0100: Memory Usage (442372K) : sensor_drw has 0 polygons
2026-02-27 07:44:08 +0100: Memory Usage (442500K) : snsarms_drw has 0 polygons
2026-02-27 07:44:08 +0100: Memory Usage (442500K) : snscmosvia_drw has 0 polygons
2026-02-27 07:44:08 +0100: Memory Usage (442500K) : colwind_drw has 0 polygons
2026-02-27 07:44:08 +0100: Memory Usage (442628K) : flm_drw has 0 polygons
2026-02-27 07:44:08 +0100: Memory Usage (442628K) : hafniumox_drw has 0 polygons
2026-02-27 07:44:08 +0100: Memory Usage (442756K) : memvia_drw has 0 polygons
2026-02-27 07:44:08 +0100: Memory Usage (442756K) : thinfilmres_drw has 0 polygons
2026-02-27 07:44:08 +0100: Memory Usage (442884K) : rfmem_drw has 0 polygons
2026-02-27 07:44:08 +0100: Memory Usage (442884K) : norcx_drw has 0 polygons
2026-02-27 07:44:08 +0100: Memory Usage (442884K) : norcx_m2m3 has 0 polygons
2026-02-27 07:44:08 +0100: Memory Usage (443012K) : norcx_m2m4 has 0 polygons
2026-02-27 07:44:08 +0100: Memory Usage (443012K) : norcx_m2m5 has 0 polygons
2026-02-27 07:44:08 +0100: Memory Usage (443140K) : norcx_m2tm1 has 0 polygons
2026-02-27 07:44:08 +0100: Memory Usage (443140K) : norcx_m2tm2 has 0 polygons
2026-02-27 07:44:08 +0100: Memory Usage (443140K) : norcx_m3m4 has 0 polygons
2026-02-27 07:44:08 +0100: Memory Usage (443140K) : norcx_m3m5 has 0 polygons
2026-02-27 07:44:08 +0100: Memory Usage (443140K) : norcx_m3tm1 has 0 polygons
2026-02-27 07:44:08 +0100: Memory Usage (443140K) : norcx_m3tm2 has 0 polygons
2026-02-27 07:44:08 +0100: Memory Usage (443140K) : norcx_m4m5 has 0 polygons
2026-02-27 07:44:08 +0100: Memory Usage (443268K) : norcx_m4tm1 has 0 polygons
2026-02-27 07:44:08 +0100: Memory Usage (443268K) : norcx_m4tm2 has 0 polygons
2026-02-27 07:44:08 +0100: Memory Usage (443268K) : norcx_m5tm1 has 0 polygons
2026-02-27 07:44:08 +0100: Memory Usage (443396K) : norcx_m5tm2 has 0 polygons
2026-02-27 07:44:08 +0100: Memory Usage (443396K) : norcx_tm1tm2 has 0 polygons
2026-02-27 07:44:08 +0100: Memory Usage (443524K) : norcx_m1sub has 0 polygons
2026-02-27 07:44:08 +0100: Memory Usage (443524K) : norcx_m2sub has 0 polygons
2026-02-27 07:44:08 +0100: Memory Usage (443524K) : norcx_m3sub has 0 polygons
2026-02-27 07:44:08 +0100: Memory Usage (443652K) : norcx_m4sub has 0 polygons
2026-02-27 07:44:08 +0100: Memory Usage (443652K) : norcx_m5sub has 0 polygons
2026-02-27 07:44:08 +0100: Memory Usage (443780K) : norcx_tm1sub has 0 polygons
2026-02-27 07:44:08 +0100: Memory Usage (443780K) : norcx_tm2sub has 0 polygons
2026-02-27 07:44:08 +0100: Memory Usage (443908K) : snsbotvia_drw has 0 polygons
2026-02-27 07:44:08 +0100: Memory Usage (443908K) : snstopvia_drw has 0 polygons
2026-02-27 07:44:08 +0100: Memory Usage (443908K) : deepvia_drw has 0 polygons
2026-02-27 07:44:08 +0100: Memory Usage (444036K) : fgetch_drw has 0 polygons
2026-02-27 07:44:08 +0100: Memory Usage (444036K) : ctrgat_drw has 0 polygons
2026-02-27 07:44:08 +0100: Memory Usage (444164K) : fgimp_drw has 0 polygons
2026-02-27 07:44:08 +0100: Memory Usage (444164K) : emwihv_drw has 0 polygons
2026-02-27 07:44:08 +0100: Memory Usage (444164K) : lbe_drw has 0 polygons
2026-02-27 07:44:08 +0100: Memory Usage (444292K) : alcustop_drw has 0 polygons
2026-02-27 07:44:08 +0100: Memory Usage (444292K) : nometfiller_drw has 0 polygons
2026-02-27 07:44:08 +0100: Memory Usage (444292K) : prboundary_drw has 0 polygons
2026-02-27 07:44:08 +0100: Memory Usage (444420K) : exchange0_drw has 0 polygons
2026-02-27 07:44:08 +0100: Memory Usage (444420K) : exchange0_pin has 0 polygons
2026-02-27 07:44:08 +0100: Memory Usage (444548K) : exchange0_text has 0 polygons
2026-02-27 07:44:08 +0100: Memory Usage (444548K) : exchange1_drw has 0 polygons
2026-02-27 07:44:08 +0100: Memory Usage (444548K) : exchange1_pin has 0 polygons
2026-02-27 07:44:08 +0100: Memory Usage (444676K) : exchange1_text has 0 polygons
2026-02-27 07:44:08 +0100: Memory Usage (444676K) : exchange2_drw has 0 polygons
2026-02-27 07:44:08 +0100: Memory Usage (444804K) : exchange2_pin has 0 polygons
2026-02-27 07:44:08 +0100: Memory Usage (444804K) : exchange2_text has 0 polygons
2026-02-27 07:44:08 +0100: Memory Usage (444804K) : exchange3_drw has 0 polygons
2026-02-27 07:44:08 +0100: Memory Usage (444932K) : exchange3_pin has 0 polygons
2026-02-27 07:44:08 +0100: Memory Usage (444932K) : exchange3_text has 0 polygons
2026-02-27 07:44:08 +0100: Memory Usage (445060K) : exchange4_drw has 0 polygons
2026-02-27 07:44:08 +0100: Memory Usage (445060K) : exchange4_pin has 0 polygons
2026-02-27 07:44:08 +0100: Memory Usage (445188K) : exchange4_text has 0 polygons
2026-02-27 07:44:08 +0100: Memory Usage (445188K) : isonwell_drw has 0 polygons
2026-02-27 07:44:08 +0100: Memory Usage (445188K) : Total no. of polygons in the design is 2004
2026-02-27 07:44:08 +0100: Memory Usage (445188K) : Loaded TECH DRC rules values from /opt/pdks/ihp-sg13g2/libs.tech/klayout/python/sg13g2_pycell_lib/sg13g2_tech_mod.json
2026-02-27 07:44:08 +0100: Memory Usage (445188K) : Loaded default DRC rules values from /opt/pdks/ihp-sg13g2/libs.tech/klayout/tech/drc/rule_decks/sg13g2_tech_default.json
2026-02-27 07:44:08 +0100: Memory Usage (445188K) : The following rules values were missing in tech json and default values were used:
2026-02-27 07:44:08 +0100: Memory Usage (445188K) :   - Cnt_c_digibnd
2026-02-27 07:44:08 +0100: Memory Usage (446468K) : Total area of the design is 2062.168 um^2.
2026-02-27 07:44:08 +0100: Memory Usage (446468K) : The design dimensions are 87.38000000000001 µm * 23.6 µm.
2026-02-27 07:44:08 +0100: Memory Usage (446468K) : Starting general IHP-SG13G2 derivations.
2026-02-27 07:44:08 +0100: Memory Usage (446468K) : Starting Pwell derivations
2026-02-27 07:44:08 +0100: Memory Usage (449156K) : Starting n-Activ derivations
2026-02-27 07:44:08 +0100: Memory Usage (449284K) : Starting p-Activ derivations
2026-02-27 07:44:08 +0100: Memory Usage (449412K) : Starting ptap derivations
2026-02-27 07:44:08 +0100: Memory Usage (449540K) : Starting ntap derivations
2026-02-27 07:44:08 +0100: Memory Usage (449668K) : Starting pact FET derivations
2026-02-27 07:44:08 +0100: Memory Usage (449668K) : Starting nact FET derivations
2026-02-27 07:44:08 +0100: Memory Usage (449668K) : Starting Gate derivations
2026-02-27 07:44:08 +0100: Memory Usage (449924K) : Starting cont/contbar general derivations
2026-02-27 07:44:08 +0100: Memory Usage (450052K) : Starting pad general derivations
2026-02-27 07:44:08 +0100: Memory Usage (450308K) : Starting IHP-SG13G2 DRC connectivity related derivations.
2026-02-27 07:44:08 +0100: Memory Usage (451332K) : Starting IHP-SG13G2 DRC connectivity setup
2026-02-27 07:44:08 +0100: Memory Usage (451588K) : Starting IHP-SG13G2 DRC rules.
2026-02-27 07:44:08 +0100: Memory Usage (451588K) : Running all FEOL rules
2026-02-27 07:44:08 +0100: Memory Usage (451588K) : Running all BEOL rules
2026-02-27 07:44:08 +0100: Memory Usage (451588K) : Running all PIN rules
2026-02-27 07:44:08 +0100: Memory Usage (451588K) : Running all FORBIDDEN rules
2026-02-27 07:44:08 +0100: Memory Usage (451588K) : Starting 5.1 NWell table
2026-02-27 07:44:08 +0100: Memory Usage (451588K) : Executing rule NW.b
2026-02-27 07:44:08 +0100: Memory Usage (452228K) : Executing rule NW.b1
2026-02-27 07:44:08 +0100: Memory Usage (452484K) : Starting 5.2 PWell:block
2026-02-27 07:44:08 +0100: Memory Usage (452484K) : Executing rule PWB.e
2026-02-27 07:44:08 +0100: Memory Usage (452612K) : Executing rule PWB.e1
2026-02-27 07:44:08 +0100: Memory Usage (452868K) : Executing rule PWB.f
2026-02-27 07:44:08 +0100: Memory Usage (452996K) : Executing rule PWB.f1
2026-02-27 07:44:08 +0100: Memory Usage (453508K) : Starting 5.3 nBuLay table
2026-02-27 07:44:08 +0100: Memory Usage (453764K) : Executing rule NBL.b
2026-02-27 07:44:08 +0100: Memory Usage (453764K) : Executing rule NBL.c
2026-02-27 07:44:08 +0100: Memory Usage (454020K) : Executing rule NBL.d
2026-02-27 07:44:08 +0100: Memory Usage (454276K) : Executing rule NBL.e
2026-02-27 07:44:08 +0100: Memory Usage (454404K) : Executing rule NBL.f
2026-02-27 07:44:08 +0100: Memory Usage (454532K) : Starting 5.5. Activ table
2026-02-27 07:44:08 +0100: Memory Usage (454532K) : Executing rule Act.a
2026-02-27 07:44:08 +0100: Memory Usage (454532K) : Executing rule Act.b
2026-02-27 07:44:08 +0100: Memory Usage (454660K) : Starting 5.6 Activ:filler table
2026-02-27 07:44:08 +0100: Memory Usage (454916K) : Executing rule AFil.c1
2026-02-27 07:44:08 +0100: Memory Usage (455044K) : Executing rule AFil.c
2026-02-27 07:44:08 +0100: Memory Usage (455172K) : Executing rule AFil.d
2026-02-27 07:44:08 +0100: Memory Usage (455428K) : Executing rule AFil.e
2026-02-27 07:44:08 +0100: Memory Usage (455556K) : Executing rule AFil.j
2026-02-27 07:44:08 +0100: Memory Usage (455812K) : Starting 5.7. ThickGateOx table
2026-02-27 07:44:08 +0100: Memory Usage (455812K) : Executing rule TGO.f
2026-02-27 07:44:08 +0100: Memory Usage (455940K) : Starting 5.8. GatPoly table
2026-02-27 07:44:08 +0100: Memory Usage (455940K) : Executing rule Gat.a
2026-02-27 07:44:08 +0100: Memory Usage (456068K) : Executing rule Gat.b
2026-02-27 07:44:08 +0100: Memory Usage (456068K) : Executing rule Gat.d
2026-02-27 07:44:08 +0100: Memory Usage (456196K) : Executing rule Gat.a1
2026-02-27 07:44:08 +0100: Memory Usage (456964K) : Executing rule Gat.a2
2026-02-27 07:44:08 +0100: Memory Usage (457220K) : Executing rule Gat.g
2026-02-27 07:44:08 +0100: Memory Usage (457476K) : Starting 5.9 GatPoly:filler
2026-02-27 07:44:08 +0100: Memory Usage (457860K) : Executing rule GFil.d
2026-02-27 07:44:08 +0100: Memory Usage (457988K) : Executing rule GFil.e
2026-02-27 07:44:08 +0100: Memory Usage (457988K) : Executing rule GFil.i
2026-02-27 07:44:08 +0100: Memory Usage (458116K) : Starting 5.10 pSD table
2026-02-27 07:44:08 +0100: Memory Usage (458116K) : Executing rule pSD.c1
2026-02-27 07:44:08 +0100: Memory Usage (458372K) : Starting 5.14. Cont table
2026-02-27 07:44:08 +0100: Memory Usage (458372K) : Executing rule Cnt.a
2026-02-27 07:44:08 +0100: Memory Usage (458500K) : Executing rule Cnt.b
2026-02-27 07:44:08 +0100: Memory Usage (458628K) : Executing rule Cnt.c
2026-02-27 07:44:08 +0100: Memory Usage (458756K) : Executing rule Cnt.c
2026-02-27 07:44:08 +0100: Memory Usage (458756K) : Executing rule Cnt.d
2026-02-27 07:44:08 +0100: Memory Usage (458756K) : Executing rule Cnt.e
2026-02-27 07:44:08 +0100: Memory Usage (458756K) : Executing rule Cnt.g1
2026-02-27 07:44:08 +0100: Memory Usage (458756K) : Executing rule Cnt.g2
2026-02-27 07:44:08 +0100: Memory Usage (458756K) : Starting 5.15. ContBar table
2026-02-27 07:44:08 +0100: Memory Usage (458756K) : Executing rule CntB.b1
2026-02-27 07:44:08 +0100: Memory Usage (458756K) : Executing rule CntB.h1
2026-02-27 07:44:08 +0100: Memory Usage (458756K) : Starting 6.1.3 NPN Substrate-Tie table
2026-02-27 07:44:08 +0100: Memory Usage (458756K) : Executing rule npn13G2.bR 
2026-02-27 07:44:08 +0100: Memory Usage (458756K) : Executing rule npn13G2L.cR 
2026-02-27 07:44:08 +0100: Memory Usage (458756K) : Executing rule npn13G2V.cR 
2026-02-27 07:44:08 +0100: Memory Usage (458756K) : Starting 6.7 Schottky diode table
2026-02-27 07:44:08 +0100: Memory Usage (458756K) : Executing rule Sdiod.d
2026-02-27 07:44:08 +0100: Memory Usage (458756K) : Executing rule Sdiod.e
2026-02-27 07:44:08 +0100: Memory Usage (458756K) : Starting 7.2 Latch-up table
2026-02-27 07:44:08 +0100: Memory Usage (458756K) : Executing rule LU.b
2026-02-27 07:44:08 +0100: Memory Usage (458756K) : Starting 5.16. Metal1 table
2026-02-27 07:44:08 +0100: Memory Usage (458756K) : Executing rule M1.a
2026-02-27 07:44:08 +0100: Memory Usage (458756K) : Executing rule M1.b
2026-02-27 07:44:08 +0100: Memory Usage (458756K) : Executing rule M1.e
2026-02-27 07:44:08 +0100: Memory Usage (458756K) : Executing rule M1.f
2026-02-27 07:44:08 +0100: Memory Usage (458756K) : Executing rule M1.g
2026-02-27 07:44:08 +0100: Memory Usage (458756K) : Executing rule M1.i
2026-02-27 07:44:08 +0100: Memory Usage (458756K) : Starting 5.17 Metaln table
2026-02-27 07:44:08 +0100: Memory Usage (458756K) : Executing rule M2.a
2026-02-27 07:44:08 +0100: Memory Usage (458756K) : Executing rule M2.b
2026-02-27 07:44:08 +0100: Memory Usage (458756K) : Executing rule M2.e
2026-02-27 07:44:08 +0100: Memory Usage (458756K) : Executing rule M2.f
2026-02-27 07:44:08 +0100: Memory Usage (458756K) : Executing rule M2.g
2026-02-27 07:44:08 +0100: Memory Usage (458756K) : Executing rule M2.i
2026-02-27 07:44:08 +0100: Memory Usage (458756K) : Executing rule M3.a
2026-02-27 07:44:08 +0100: Memory Usage (458756K) : Executing rule M3.b
2026-02-27 07:44:08 +0100: Memory Usage (458756K) : Executing rule M3.e
2026-02-27 07:44:08 +0100: Memory Usage (458756K) : Executing rule M3.f
2026-02-27 07:44:08 +0100: Memory Usage (458756K) : Executing rule M3.g
2026-02-27 07:44:08 +0100: Memory Usage (458756K) : Executing rule M3.i
2026-02-27 07:44:08 +0100: Memory Usage (458756K) : Executing rule M4.a
2026-02-27 07:44:08 +0100: Memory Usage (458756K) : Executing rule M4.b
2026-02-27 07:44:08 +0100: Memory Usage (458756K) : Executing rule M4.e
2026-02-27 07:44:08 +0100: Memory Usage (458756K) : Executing rule M4.f
2026-02-27 07:44:08 +0100: Memory Usage (458756K) : Executing rule M4.g
2026-02-27 07:44:08 +0100: Memory Usage (458756K) : Executing rule M4.i
2026-02-27 07:44:08 +0100: Memory Usage (458756K) : Executing rule M5.a
2026-02-27 07:44:08 +0100: Memory Usage (458756K) : Executing rule M5.b
2026-02-27 07:44:08 +0100: Memory Usage (458756K) : Executing rule M5.e
2026-02-27 07:44:08 +0100: Memory Usage (458756K) : Executing rule M5.f
2026-02-27 07:44:08 +0100: Memory Usage (458756K) : Executing rule M5.g
2026-02-27 07:44:08 +0100: Memory Usage (458756K) : Executing rule M5.i
2026-02-27 07:44:08 +0100: Memory Usage (458756K) : Starting 5.18 Metaln:filler table
2026-02-27 07:44:08 +0100: Memory Usage (458756K) : Executing rule M1Fil.c
2026-02-27 07:44:08 +0100: Memory Usage (458756K) : Executing rule M1Fil.a2
2026-02-27 07:44:08 +0100: Memory Usage (458756K) : Executing rule M2Fil.c
2026-02-27 07:44:08 +0100: Memory Usage (458756K) : Executing rule M2Fil.a2
2026-02-27 07:44:08 +0100: Memory Usage (458756K) : Executing rule M3Fil.c
2026-02-27 07:44:08 +0100: Memory Usage (458756K) : Executing rule M3Fil.a2
2026-02-27 07:44:08 +0100: Memory Usage (458756K) : Executing rule M4Fil.c
2026-02-27 07:44:08 +0100: Memory Usage (458756K) : Executing rule M4Fil.a2
2026-02-27 07:44:08 +0100: Memory Usage (458756K) : Executing rule M5Fil.c
2026-02-27 07:44:08 +0100: Memory Usage (458756K) : Executing rule M5Fil.a2
2026-02-27 07:44:08 +0100: Memory Usage (458756K) : Starting 5.19. Via1 table
2026-02-27 07:44:08 +0100: Memory Usage (458756K) : Starting 5.19. Via1 table derivations
2026-02-27 07:44:08 +0100: Memory Usage (458756K) : Executing rule V1.a
2026-02-27 07:44:08 +0100: Memory Usage (458756K) : Executing rule V1.b
2026-02-27 07:44:08 +0100: Memory Usage (458756K) : Executing rule V1.c
2026-02-27 07:44:08 +0100: Memory Usage (458756K) : Starting 5.20. Vian table
2026-02-27 07:44:08 +0100: Memory Usage (458756K) : Executing rule V2.a
2026-02-27 07:44:08 +0100: Memory Usage (458756K) : Executing rule V2.b
2026-02-27 07:44:08 +0100: Memory Usage (458756K) : Executing rule V2.c
2026-02-27 07:44:08 +0100: Memory Usage (458756K) : Executing rule V3.a
2026-02-27 07:44:08 +0100: Memory Usage (458756K) : Executing rule V3.b
2026-02-27 07:44:08 +0100: Memory Usage (458756K) : Executing rule V3.c
2026-02-27 07:44:08 +0100: Memory Usage (458756K) : Executing rule V4.a
2026-02-27 07:44:08 +0100: Memory Usage (458756K) : Executing rule V4.b
2026-02-27 07:44:08 +0100: Memory Usage (458756K) : Executing rule V4.c
2026-02-27 07:44:08 +0100: Memory Usage (458756K) : Starting 5.21. TopVia1 table
2026-02-27 07:44:08 +0100: Memory Usage (458756K) : Executing rule TV1.a
2026-02-27 07:44:08 +0100: Memory Usage (458756K) : Executing rule TV1.b
2026-02-27 07:44:08 +0100: Memory Usage (458756K) : Executing rule TV1.c
2026-02-27 07:44:08 +0100: Memory Usage (458756K) : Executing rule TV1.d
2026-02-27 07:44:08 +0100: Memory Usage (458756K) : Starting 5.22. TopMetal1 table
2026-02-27 07:44:08 +0100: Memory Usage (458756K) : Executing rule TM1.a
2026-02-27 07:44:08 +0100: Memory Usage (458756K) : Executing rule TM1.b
2026-02-27 07:44:08 +0100: Memory Usage (458756K) : Starting 5.23 TopMetal1:filler table
2026-02-27 07:44:08 +0100: Memory Usage (458756K) : Executing rule TM1Fil.c
2026-02-27 07:44:08 +0100: Memory Usage (458756K) : Executing rule TM1Fil.a1
2026-02-27 07:44:08 +0100: Memory Usage (458756K) : Starting 5.24. TopVia2 table
2026-02-27 07:44:08 +0100: Memory Usage (458756K) : Executing rule TV2.a
2026-02-27 07:44:08 +0100: Memory Usage (458756K) : Executing rule TV2.b
2026-02-27 07:44:08 +0100: Memory Usage (458756K) : Executing rule TV2.c
2026-02-27 07:44:08 +0100: Memory Usage (458756K) : Executing rule TV2.d
2026-02-27 07:44:08 +0100: Memory Usage (458756K) : Starting 5.25. TopMetal2 table
2026-02-27 07:44:08 +0100: Memory Usage (458756K) : Executing rule TM2.a
2026-02-27 07:44:08 +0100: Memory Usage (458756K) : Executing rule TM2.b
2026-02-27 07:44:08 +0100: Memory Usage (458756K) : Executing rule TM2.bR
2026-02-27 07:44:08 +0100: Memory Usage (458756K) : Starting 5.26 TopMetal2:filler table
2026-02-27 07:44:08 +0100: Memory Usage (458756K) : Executing rule TM2Fil.c
2026-02-27 07:44:08 +0100: Memory Usage (458756K) : Executing rule TM2Fil.a1
2026-02-27 07:44:08 +0100: Memory Usage (458756K) : Starting 5.27. Passiv table
2026-02-27 07:44:08 +0100: Memory Usage (458756K) : Executing rule Pas.a
2026-02-27 07:44:08 +0100: Memory Usage (458756K) : Executing rule Pas.b
2026-02-27 07:44:08 +0100: Memory Usage (458756K) : Executing rule Pas.c
2026-02-27 07:44:08 +0100: Memory Usage (458756K) : Starting 6.9.2 Copper Pillar table
2026-02-27 07:44:08 +0100: Memory Usage (458756K) : Executing rule Padc.a
2026-02-27 07:44:08 +0100: Memory Usage (458756K) : Executing rule Padc.b
2026-02-27 07:44:08 +0100: Memory Usage (458756K) : Executing rule Padc.c
2026-02-27 07:44:08 +0100: Memory Usage (458756K) : Executing rule Padb.f
2026-02-27 07:44:08 +0100: Memory Usage (458756K) : Starting 6.9 Pad table
2026-02-27 07:44:08 +0100: Memory Usage (458756K) : Executing rule Pad.m
2026-02-27 07:44:08 +0100: Memory Usage (458756K) : Executing rule Pad.fR_M1
2026-02-27 07:44:08 +0100: Memory Usage (458756K) : Executing rule Pad.fR_M2
2026-02-27 07:44:08 +0100: Memory Usage (458756K) : Executing rule Pad.fR_M3
2026-02-27 07:44:08 +0100: Memory Usage (458756K) : Executing rule Pad.fR_M4
2026-02-27 07:44:08 +0100: Memory Usage (458756K) : Executing rule Pad.fR_M5
2026-02-27 07:44:08 +0100: Memory Usage (458756K) : Executing rule Pad.fR_TM1
2026-02-27 07:44:08 +0100: Memory Usage (458756K) : Executing rule Pad.fR_TM2
2026-02-27 07:44:08 +0100: Memory Usage (458756K) : Executing rule Pad.i
2026-02-27 07:44:08 +0100: Memory Usage (458756K) : Starting 6.9.1 Solder Bump
2026-02-27 07:44:08 +0100: Memory Usage (458756K) : Executing rule Padb.a
2026-02-27 07:44:08 +0100: Memory Usage (458756K) : Executing rule Padb.b
2026-02-27 07:44:08 +0100: Memory Usage (458756K) : Executing rule Padb.c
2026-02-27 07:44:08 +0100: Memory Usage (458756K) : Executing rule Padb.f
2026-02-27 07:44:08 +0100: Memory Usage (458756K) : Executing rule Padb.d
2026-02-27 07:44:08 +0100: Memory Usage (458756K) : Starting 6.10 Sealring table
2026-02-27 07:44:08 +0100: Memory Usage (458756K) : Executing rule Seal.l
2026-02-27 07:44:08 +0100: Memory Usage (458756K) : Executing rule Seal.n
2026-02-27 07:44:08 +0100: Memory Usage (458756K) : Executing rule seal.b_metal1
2026-02-27 07:44:08 +0100: Memory Usage (458756K) : Executing rule seal.b_metal2
2026-02-27 07:44:08 +0100: Memory Usage (458756K) : Executing rule seal.b_metal3
2026-02-27 07:44:08 +0100: Memory Usage (458756K) : Executing rule seal.b_metal4
2026-02-27 07:44:08 +0100: Memory Usage (458756K) : Executing rule seal.b_metal5
2026-02-27 07:44:08 +0100: Memory Usage (458756K) : Executing rule seal.b_topmetal1
2026-02-27 07:44:08 +0100: Memory Usage (458756K) : Executing rule seal.b_topmetal2
2026-02-27 07:44:08 +0100: Memory Usage (458756K) : Executing rule seal.b_activ
2026-02-27 07:44:08 +0100: Memory Usage (458756K) : Executing rule seal.b_psd
2026-02-27 07:44:08 +0100: Memory Usage (458756K) : Executing rule Seal.k
2026-02-27 07:44:08 +0100: Memory Usage (458756K) : Executing rule Seal.m
2026-02-27 07:44:08 +0100: Memory Usage (458756K) : Starting 6.11 MIM table
2026-02-27 07:44:08 +0100: Memory Usage (458756K) : Executing rule MIM.c
2026-02-27 07:44:08 +0100: Memory Usage (458756K) : Executing rule MIM.d
2026-02-27 07:44:08 +0100: Memory Usage (458756K) : Executing rule MIM.gR
2026-02-27 07:44:08 +0100: Memory Usage (458756K) : Starting 7.3 Metal Slits table
2026-02-27 07:44:08 +0100: Memory Usage (458756K) : Executing rule Slt.e1_M1
2026-02-27 07:44:08 +0100: Memory Usage (458756K) : Executing rule Slt.e1_M2
2026-02-27 07:44:08 +0100: Memory Usage (458884K) : Executing rule Slt.e1_M3
2026-02-27 07:44:08 +0100: Memory Usage (459012K) : Executing rule Slt.e1_M4
2026-02-27 07:44:08 +0100: Memory Usage (459140K) : Executing rule Slt.e1_M5
2026-02-27 07:44:08 +0100: Memory Usage (459268K) : Executing rule Slt.e1_TM1
2026-02-27 07:44:08 +0100: Memory Usage (459268K) : Executing rule Slt.e1_TM2
2026-02-27 07:44:08 +0100: Memory Usage (459396K) : Starting 9.1. LBE table
2026-02-27 07:44:08 +0100: Memory Usage (459524K) : Executing rule LBE.a
2026-02-27 07:44:08 +0100: Memory Usage (459652K) : Executing rule LBE.b
2026-02-27 07:44:08 +0100: Memory Usage (459780K) : Executing rule LBE.b1
2026-02-27 07:44:08 +0100: Memory Usage (459780K) : Executing rule LBE.c
2026-02-27 07:44:08 +0100: Memory Usage (459908K) : Executing rule LBE.d
2026-02-27 07:44:08 +0100: Memory Usage (460036K) : Executing rule LBE.h
2026-02-27 07:44:08 +0100: Memory Usage (460164K) : Starting 7.4. PIN table
2026-02-27 07:44:08 +0100: Memory Usage (460164K) : Executing rule Pin.a
2026-02-27 07:44:08 +0100: Memory Usage (460292K) : Executing rule Pin.b
2026-02-27 07:44:08 +0100: Memory Usage (460420K) : Executing rule Pin.e
2026-02-27 07:44:08 +0100: Memory Usage (460548K) : Executing rule Pin.f_M2
2026-02-27 07:44:08 +0100: Memory Usage (460676K) : Executing rule Pin.f_M3
2026-02-27 07:44:08 +0100: Memory Usage (460804K) : Executing rule Pin.f_M4
2026-02-27 07:44:08 +0100: Memory Usage (460932K) : Executing rule Pin.f_M5
2026-02-27 07:44:08 +0100: Memory Usage (461060K) : Executing rule Pin.g
2026-02-27 07:44:08 +0100: Memory Usage (461188K) : Executing rule Pin.h
2026-02-27 07:44:08 +0100: Memory Usage (461316K) : Starting 3.2. FORBIDDEN table
2026-02-27 07:44:08 +0100: Memory Usage (461316K) : Executing rule forbidden.biwind
2026-02-27 07:44:08 +0100: Memory Usage (461316K) : Executing rule forbidden.pemwind
2026-02-27 07:44:08 +0100: Memory Usage (461444K) : Executing rule forbidden.baspoly
2026-02-27 07:44:08 +0100: Memory Usage (461444K) : Executing rule forbidden.deepco
2026-02-27 07:44:08 +0100: Memory Usage (461444K) : Executing rule forbidden.pempoly
2026-02-27 07:44:08 +0100: Memory Usage (461444K) : Executing rule forbidden.empoly
2026-02-27 07:44:08 +0100: Memory Usage (461444K) : Executing rule forbidden.ldmos
2026-02-27 07:44:08 +0100: Memory Usage (461444K) : Executing rule forbidden.pbiwind
2026-02-27 07:44:08 +0100: Memory Usage (461444K) : Executing rule forbidden.nodrc
2026-02-27 07:44:08 +0100: Memory Usage (461444K) : Executing rule forbidden.flash
2026-02-27 07:44:08 +0100: Memory Usage (461444K) : Executing rule forbidden.colwind
2026-02-27 07:44:08 +0100: Memory Usage (461444K) : KLayout DRC run for tables 'main' completed in 1.04 seconds
