Clock: fclk_in
Sources: fclk_in 
Generated: no
Virtual: yes
Propagated: no
Period: 62.500000

===========================================================================
report_clock_properties
============================================================================
Clock                   Period          Waveform
----------------------------------------------------
fclk_in              62.500000    0.000000 31.250000

===========================================================================
report_clock_latency
============================================================================
Clock fclk_in
rise -> rise
    min     max
0.000000 0.000000 source latency
0.245185         network latency _236_/CLK
        12.969071 network latency _215_/CLK
---------------
0.245185 12.969071 latency
        12.723887 skew

rise -> fall
    min     max
0.000000 0.000000 source latency
12.700380         network latency _221_/CLK
        12.902858 network latency _215_/CLK
---------------
12.700380 12.902858 latency
        0.202477 skew

fall -> fall
    min     max
0.000000 0.000000 source latency
0.251795         network latency _236_/CLK
        0.252104 network latency _239_/CLK
---------------
0.251795 0.252104 latency
        0.000309 skew



===========================================================================
report_clock_min_period
============================================================================
fclk_in period_min = 1.72 fmax = 580.64
