# Logfile created on 2026-02-11 04:33:12 +0100 by logger.rb/v1.4.3
2026-02-11 04:33:12 +0100: Memory Usage (428032K) : Starting running IHP-SG13G2 KLayout DRC runset on /home/designer/shared/IHP-AnalogAcademy/modules/module_3_8_bit_SAR_ADC/part_5_analog_layout/CDAC/layout/Cunit.gds
2026-02-11 04:33:12 +0100: Memory Usage (428032K) : Ruby Version for klayout: 3.0.2
2026-02-11 04:33:12 +0100: Memory Usage (429184K) : Loading database to memory is complete.
2026-02-11 04:33:12 +0100: Memory Usage (429184K) : IHP-SG13G2 KLayout DRC runset output at: /home/designer/shared/IHP-AnalogAcademy/modules/module_3_8_bit_SAR_ADC/part_5_analog_layout/CDAC/layout/drc_run_Cunit/Cunit_Cunit_main.lyrdb
2026-02-11 04:33:12 +0100: Memory Usage (429312K) : Evaluate switches.
2026-02-11 04:33:12 +0100: Memory Usage (429312K) : tables selected: main
2026-02-11 04:33:12 +0100: Memory Usage (429312K) : KLayout will use 1 thread(s) in tiling mode.
2026-02-11 04:33:12 +0100: Memory Usage (429312K) : deep mode is enabled.
2026-02-11 04:33:12 +0100: Memory Usage (429312K) : FEOL enabled: true
2026-02-11 04:33:12 +0100: Memory Usage (429312K) : BEOL enabled: true
2026-02-11 04:33:12 +0100: Memory Usage (429312K) : OFFGRID enabled: true
2026-02-11 04:33:12 +0100: Memory Usage (429312K) : PIN enabled: true
2026-02-11 04:33:12 +0100: Memory Usage (429312K) : FORBIDDEN enabled: true
2026-02-11 04:33:12 +0100: Memory Usage (429312K) : RECOMMENDED enabled: false
2026-02-11 04:33:12 +0100: Memory Usage (429312K) : PreCheck DRC enabled: false
2026-02-11 04:33:12 +0100: Memory Usage (429312K) : CONNECTIVITY_RULES enabled: true.
2026-02-11 04:33:12 +0100: Memory Usage (429312K) : Read in polygons from layers.
2026-02-11 04:33:12 +0100: Memory Usage (429696K) : activ_drw has 0 polygons
2026-02-11 04:33:12 +0100: Memory Usage (429696K) : activ_pin has 0 polygons
2026-02-11 04:33:12 +0100: Memory Usage (429696K) : activ_mask has 0 polygons
2026-02-11 04:33:12 +0100: Memory Usage (429696K) : activ_filler has 0 polygons
2026-02-11 04:33:12 +0100: Memory Usage (429696K) : activ_nofill has 0 polygons
2026-02-11 04:33:12 +0100: Memory Usage (429696K) : activ_opc has 0 polygons
2026-02-11 04:33:12 +0100: Memory Usage (429696K) : activ_iopc has 0 polygons
2026-02-11 04:33:12 +0100: Memory Usage (429696K) : activ_noqrc has 0 polygons
2026-02-11 04:33:12 +0100: Memory Usage (429696K) : biwind_drw has 0 polygons
2026-02-11 04:33:12 +0100: Memory Usage (429696K) : biwind_opc has 0 polygons
2026-02-11 04:33:12 +0100: Memory Usage (429696K) : pemwind_drw has 0 polygons
2026-02-11 04:33:12 +0100: Memory Usage (429696K) : gatpoly_drw has 0 polygons
2026-02-11 04:33:12 +0100: Memory Usage (429696K) : gatpoly_pin has 0 polygons
2026-02-11 04:33:12 +0100: Memory Usage (429696K) : gatpoly_filler has 0 polygons
2026-02-11 04:33:12 +0100: Memory Usage (429696K) : gatpoly_nofill has 0 polygons
2026-02-11 04:33:12 +0100: Memory Usage (429696K) : gatpoly_opc has 0 polygons
2026-02-11 04:33:12 +0100: Memory Usage (429696K) : gatpoly_iopc has 0 polygons
2026-02-11 04:33:12 +0100: Memory Usage (429696K) : gatpoly_noqrc has 0 polygons
2026-02-11 04:33:12 +0100: Memory Usage (429696K) : cont_drw has 0 polygons
2026-02-11 04:33:12 +0100: Memory Usage (429696K) : cont_opc has 0 polygons
2026-02-11 04:33:12 +0100: Memory Usage (429696K) : nsd_drw has 0 polygons
2026-02-11 04:33:12 +0100: Memory Usage (429696K) : nsd_block has 0 polygons
2026-02-11 04:33:12 +0100: Memory Usage (429696K) : metal1_drw has 0 polygons
2026-02-11 04:33:12 +0100: Memory Usage (429696K) : metal1_pin has 0 polygons
2026-02-11 04:33:12 +0100: Memory Usage (429824K) : metal1_mask has 0 polygons
2026-02-11 04:33:12 +0100: Memory Usage (429824K) : metal1_filler has 0 polygons
2026-02-11 04:33:12 +0100: Memory Usage (429824K) : metal1_nofill has 0 polygons
2026-02-11 04:33:12 +0100: Memory Usage (429824K) : metal1_slit has 0 polygons
2026-02-11 04:33:12 +0100: Memory Usage (429952K) : metal1_text has 0 polygons
2026-02-11 04:33:12 +0100: Memory Usage (430208K) : metal1_opc has 0 polygons
2026-02-11 04:33:12 +0100: Memory Usage (430208K) : metal1_noqrc has 0 polygons
2026-02-11 04:33:12 +0100: Memory Usage (430208K) : metal1_res has 0 polygons
2026-02-11 04:33:12 +0100: Memory Usage (430208K) : metal1_iprobe has 0 polygons
2026-02-11 04:33:12 +0100: Memory Usage (430208K) : metal1_diffprb has 0 polygons
2026-02-11 04:33:12 +0100: Memory Usage (430208K) : passiv_drw has 0 polygons
2026-02-11 04:33:12 +0100: Memory Usage (430208K) : passiv_pin has 0 polygons
2026-02-11 04:33:12 +0100: Memory Usage (430336K) : passiv_sbump has 0 polygons
2026-02-11 04:33:12 +0100: Memory Usage (430336K) : passiv_pillar has 0 polygons
2026-02-11 04:33:12 +0100: Memory Usage (430336K) : passiv_pdl has 0 polygons
2026-02-11 04:33:12 +0100: Memory Usage (430464K) : metal2_drw has 0 polygons
2026-02-11 04:33:12 +0100: Memory Usage (430464K) : metal2_pin has 0 polygons
2026-02-11 04:33:12 +0100: Memory Usage (430464K) : metal2_mask has 0 polygons
2026-02-11 04:33:12 +0100: Memory Usage (430592K) : metal2_filler has 0 polygons
2026-02-11 04:33:12 +0100: Memory Usage (430592K) : metal2_nofill has 0 polygons
2026-02-11 04:33:12 +0100: Memory Usage (430592K) : metal2_slit has 0 polygons
2026-02-11 04:33:12 +0100: Memory Usage (430720K) : metal2_text has 0 polygons
2026-02-11 04:33:12 +0100: Memory Usage (430720K) : metal2_opc has 0 polygons
2026-02-11 04:33:12 +0100: Memory Usage (430720K) : metal2_noqrc has 0 polygons
2026-02-11 04:33:12 +0100: Memory Usage (430720K) : metal2_res has 0 polygons
2026-02-11 04:33:12 +0100: Memory Usage (430848K) : metal2_iprobe has 0 polygons
2026-02-11 04:33:12 +0100: Memory Usage (430848K) : metal2_diffprb has 0 polygons
2026-02-11 04:33:12 +0100: Memory Usage (430848K) : baspoly_drw has 0 polygons
2026-02-11 04:33:12 +0100: Memory Usage (430976K) : baspoly_pin has 0 polygons
2026-02-11 04:33:12 +0100: Memory Usage (430976K) : psd_drw has 0 polygons
2026-02-11 04:33:12 +0100: Memory Usage (430976K) : nldb_drw has 0 polygons
2026-02-11 04:33:12 +0100: Memory Usage (431104K) : digibnd_drw has 0 polygons
2026-02-11 04:33:12 +0100: Memory Usage (431104K) : via1_drw has 0 polygons
2026-02-11 04:33:12 +0100: Memory Usage (431104K) : backmetal1_drw has 0 polygons
2026-02-11 04:33:12 +0100: Memory Usage (431232K) : backmetal1_pin has 0 polygons
2026-02-11 04:33:12 +0100: Memory Usage (431232K) : backmetal1_mask has 0 polygons
2026-02-11 04:33:12 +0100: Memory Usage (431232K) : backmetal1_filler has 0 polygons
2026-02-11 04:33:12 +0100: Memory Usage (431360K) : backmetal1_nofill has 0 polygons
2026-02-11 04:33:12 +0100: Memory Usage (431360K) : backmetal1_slit has 0 polygons
2026-02-11 04:33:12 +0100: Memory Usage (431360K) : backmetal1_text has 0 polygons
2026-02-11 04:33:12 +0100: Memory Usage (431360K) : backmetal1_opc has 0 polygons
2026-02-11 04:33:12 +0100: Memory Usage (431488K) : backmetal1_noqrc has 0 polygons
2026-02-11 04:33:12 +0100: Memory Usage (431488K) : backmetal1_res has 0 polygons
2026-02-11 04:33:12 +0100: Memory Usage (431488K) : backmetal1_iprobe has 0 polygons
2026-02-11 04:33:12 +0100: Memory Usage (431616K) : backmetal1_diffprb has 0 polygons
2026-02-11 04:33:12 +0100: Memory Usage (431616K) : backpassiv_drw has 0 polygons
2026-02-11 04:33:12 +0100: Memory Usage (431616K) : res_drw has 0 polygons
2026-02-11 04:33:12 +0100: Memory Usage (431744K) : sram_drw has 0 polygons
2026-02-11 04:33:12 +0100: Memory Usage (431744K) : trans_drw has 0 polygons
2026-02-11 04:33:12 +0100: Memory Usage (431744K) : ind_drw has 0 polygons
2026-02-11 04:33:12 +0100: Memory Usage (431872K) : ind_pin has 0 polygons
2026-02-11 04:33:12 +0100: Memory Usage (431872K) : ind_text has 0 polygons
2026-02-11 04:33:12 +0100: Memory Usage (431872K) : salblock_drw has 0 polygons
2026-02-11 04:33:12 +0100: Memory Usage (432000K) : via2_drw has 0 polygons
2026-02-11 04:33:12 +0100: Memory Usage (432000K) : metal3_drw has 0 polygons
2026-02-11 04:33:12 +0100: Memory Usage (432000K) : metal3_pin has 0 polygons
2026-02-11 04:33:12 +0100: Memory Usage (432128K) : metal3_mask has 0 polygons
2026-02-11 04:33:12 +0100: Memory Usage (432128K) : metal3_filler has 0 polygons
2026-02-11 04:33:12 +0100: Memory Usage (432128K) : metal3_nofill has 0 polygons
2026-02-11 04:33:12 +0100: Memory Usage (432256K) : metal3_slit has 0 polygons
2026-02-11 04:33:12 +0100: Memory Usage (432256K) : metal3_text has 0 polygons
2026-02-11 04:33:12 +0100: Memory Usage (432256K) : metal3_opc has 0 polygons
2026-02-11 04:33:12 +0100: Memory Usage (432384K) : metal3_noqrc has 0 polygons
2026-02-11 04:33:12 +0100: Memory Usage (432384K) : metal3_res has 0 polygons
2026-02-11 04:33:12 +0100: Memory Usage (432384K) : metal3_iprobe has 0 polygons
2026-02-11 04:33:12 +0100: Memory Usage (432512K) : metal3_diffprb has 0 polygons
2026-02-11 04:33:12 +0100: Memory Usage (432512K) : nwell_drw has 0 polygons
2026-02-11 04:33:12 +0100: Memory Usage (432512K) : nwell_pin has 0 polygons
2026-02-11 04:33:12 +0100: Memory Usage (432512K) : nbulay_drw has 0 polygons
2026-02-11 04:33:12 +0100: Memory Usage (432640K) : nbulay_pin has 0 polygons
2026-02-11 04:33:12 +0100: Memory Usage (432640K) : nbulay_block has 0 polygons
2026-02-11 04:33:12 +0100: Memory Usage (432640K) : emwind_drw has 0 polygons
2026-02-11 04:33:12 +0100: Memory Usage (432640K) : emwind_opc has 0 polygons
2026-02-11 04:33:12 +0100: Memory Usage (432640K) : deepco_drw has 0 polygons
2026-02-11 04:33:12 +0100: Memory Usage (432768K) : deepco_drw has 0 polygons
2026-02-11 04:33:12 +0100: Memory Usage (433024K) : mim_drw has 1 polygons
2026-02-11 04:33:12 +0100: Memory Usage (433024K) : edgeseal_drw has 0 polygons
2026-02-11 04:33:12 +0100: Memory Usage (433152K) : edgeseal_bound has 0 polygons
2026-02-11 04:33:12 +0100: Memory Usage (433152K) : substrate_drw has 0 polygons
2026-02-11 04:33:12 +0100: Memory Usage (433152K) : substrate_text has 0 polygons
2026-02-11 04:33:12 +0100: Memory Usage (433280K) : dfpad_drw has 0 polygons
2026-02-11 04:33:12 +0100: Memory Usage (433280K) : dfpad_pillar has 0 polygons
2026-02-11 04:33:12 +0100: Memory Usage (433408K) : dfpad_sbump has 0 polygons
2026-02-11 04:33:12 +0100: Memory Usage (433408K) : thickgateox_drw has 0 polygons
2026-02-11 04:33:12 +0100: Memory Usage (433408K) : pldb_drw has 0 polygons
2026-02-11 04:33:12 +0100: Memory Usage (433536K) : pwell_drw has 0 polygons
2026-02-11 04:33:12 +0100: Memory Usage (433536K) : pwell_pin has 0 polygons
2026-02-11 04:33:12 +0100: Memory Usage (433664K) : pwell_block has 0 polygons
2026-02-11 04:33:12 +0100: Memory Usage (433664K) : ic_drw has 0 polygons
2026-02-11 04:33:12 +0100: Memory Usage (433792K) : via3_drw has 0 polygons
2026-02-11 04:33:12 +0100: Memory Usage (433792K) : metal4_drw has 0 polygons
2026-02-11 04:33:12 +0100: Memory Usage (433792K) : metal4_pin has 0 polygons
2026-02-11 04:33:12 +0100: Memory Usage (433920K) : metal4_mask has 0 polygons
2026-02-11 04:33:12 +0100: Memory Usage (433920K) : metal4_filler has 0 polygons
2026-02-11 04:33:12 +0100: Memory Usage (433920K) : metal4_nofill has 0 polygons
2026-02-11 04:33:12 +0100: Memory Usage (434048K) : metal4_slit has 0 polygons
2026-02-11 04:33:12 +0100: Memory Usage (434048K) : metal4_text has 0 polygons
2026-02-11 04:33:12 +0100: Memory Usage (434048K) : metal4_opc has 0 polygons
2026-02-11 04:33:12 +0100: Memory Usage (434176K) : metal4_noqrc has 0 polygons
2026-02-11 04:33:12 +0100: Memory Usage (434176K) : metal4_res has 0 polygons
2026-02-11 04:33:12 +0100: Memory Usage (434304K) : metal4_iprobe has 0 polygons
2026-02-11 04:33:12 +0100: Memory Usage (434304K) : metal4_diffprb has 0 polygons
2026-02-11 04:33:12 +0100: Memory Usage (434304K) : heattrans_drw has 0 polygons
2026-02-11 04:33:12 +0100: Memory Usage (434432K) : heatres_drw has 0 polygons
2026-02-11 04:33:12 +0100: Memory Usage (434432K) : pempoly_drw has 0 polygons
2026-02-11 04:33:12 +0100: Memory Usage (434560K) : fbe_drw has 0 polygons
2026-02-11 04:33:12 +0100: Memory Usage (434560K) : empoly_drw has 0 polygons
2026-02-11 04:33:12 +0100: Memory Usage (434688K) : ldmos_drw has 0 polygons
2026-02-11 04:33:12 +0100: Memory Usage (434688K) : pbiwind_drw has 0 polygons
2026-02-11 04:33:12 +0100: Memory Usage (434688K) : digisub_drw has 0 polygons
2026-02-11 04:33:12 +0100: Memory Usage (434816K) : nodrc_drw has 0 polygons
2026-02-11 04:33:12 +0100: Memory Usage (434816K) : text_drw has 0 polygons
2026-02-11 04:33:12 +0100: Memory Usage (434944K) : via4_drw has 0 polygons
2026-02-11 04:33:12 +0100: Memory Usage (434944K) : metal5_drw has 2 polygons
2026-02-11 04:33:12 +0100: Memory Usage (434944K) : metal5_pin has 1 polygons
2026-02-11 04:33:12 +0100: Memory Usage (435072K) : metal5_mask has 0 polygons
2026-02-11 04:33:12 +0100: Memory Usage (435072K) : metal5_filler has 0 polygons
2026-02-11 04:33:12 +0100: Memory Usage (435072K) : metal5_nofill has 0 polygons
2026-02-11 04:33:12 +0100: Memory Usage (435200K) : metal5_slit has 0 polygons
2026-02-11 04:33:12 +0100: Memory Usage (435328K) : metal5_text has 1 polygons
2026-02-11 04:33:12 +0100: Memory Usage (435328K) : metal5_opc has 0 polygons
2026-02-11 04:33:12 +0100: Memory Usage (435456K) : metal5_noqrc has 0 polygons
2026-02-11 04:33:12 +0100: Memory Usage (435456K) : metal5_res has 0 polygons
2026-02-11 04:33:12 +0100: Memory Usage (435584K) : metal5_iprobe has 0 polygons
2026-02-11 04:33:12 +0100: Memory Usage (435584K) : metal5_diffprb has 0 polygons
2026-02-11 04:33:12 +0100: Memory Usage (435584K) : radhard_drw has 0 polygons
2026-02-11 04:33:12 +0100: Memory Usage (435712K) : memcap_drw has 0 polygons
2026-02-11 04:33:12 +0100: Memory Usage (435712K) : varicap_drw has 0 polygons
2026-02-11 04:33:12 +0100: Memory Usage (435840K) : flash_drw has 0 polygons
2026-02-11 04:33:12 +0100: Memory Usage (435840K) : intbondvia_drw has 0 polygons
2026-02-11 04:33:12 +0100: Memory Usage (435840K) : intbondmet_drw has 0 polygons
2026-02-11 04:33:12 +0100: Memory Usage (435968K) : devbondvia_drw has 0 polygons
2026-02-11 04:33:12 +0100: Memory Usage (435968K) : devbondmet_drw has 0 polygons
2026-02-11 04:33:12 +0100: Memory Usage (436096K) : devtrench_drw has 0 polygons
2026-02-11 04:33:12 +0100: Memory Usage (436096K) : redist_drw has 0 polygons
2026-02-11 04:33:12 +0100: Memory Usage (436224K) : graphbot_drw has 0 polygons
2026-02-11 04:33:12 +0100: Memory Usage (436224K) : graphtop_drw has 0 polygons
2026-02-11 04:33:12 +0100: Memory Usage (436224K) : antvia1_drw has 0 polygons
2026-02-11 04:33:12 +0100: Memory Usage (436352K) : antmetal2_drw has 0 polygons
2026-02-11 04:33:12 +0100: Memory Usage (436352K) : graphcont_drw has 0 polygons
2026-02-11 04:33:12 +0100: Memory Usage (436480K) : siwg_drw has 0 polygons
2026-02-11 04:33:12 +0100: Memory Usage (436480K) : siwg_filler has 0 polygons
2026-02-11 04:33:12 +0100: Memory Usage (436480K) : siwg_nofill has 0 polygons
2026-02-11 04:33:12 +0100: Memory Usage (436480K) : sigrating_drw has 0 polygons
2026-02-11 04:33:12 +0100: Memory Usage (436608K) : singrating_drw has 0 polygons
2026-02-11 04:33:12 +0100: Memory Usage (436608K) : graphpas_drw has 0 polygons
2026-02-11 04:33:12 +0100: Memory Usage (436608K) : emwind3_drw has 0 polygons
2026-02-11 04:33:12 +0100: Memory Usage (436736K) : emwihv3_drw has 0 polygons
2026-02-11 04:33:13 +0100: Memory Usage (436736K) : redbulay_drw has 0 polygons
2026-02-11 04:33:13 +0100: Memory Usage (436864K) : smos_drw has 0 polygons
2026-02-11 04:33:13 +0100: Memory Usage (436864K) : graphpad_drw has 0 polygons
2026-02-11 04:33:13 +0100: Memory Usage (436992K) : polimide_drw has 0 polygons
2026-02-11 04:33:13 +0100: Memory Usage (436992K) : polimide_pin has 0 polygons
2026-02-11 04:33:13 +0100: Memory Usage (436992K) : recog_drw has 0 polygons
2026-02-11 04:33:13 +0100: Memory Usage (437120K) : recog_pin has 0 polygons
2026-02-11 04:33:13 +0100: Memory Usage (437120K) : recog_esd has 0 polygons
2026-02-11 04:33:13 +0100: Memory Usage (437248K) : recog_diode has 0 polygons
2026-02-11 04:33:13 +0100: Memory Usage (437248K) : recog_tsv has 0 polygons
2026-02-11 04:33:13 +0100: Memory Usage (437248K) : recog_iprobe has 0 polygons
2026-02-11 04:33:13 +0100: Memory Usage (437376K) : recog_diffprb has 0 polygons
2026-02-11 04:33:13 +0100: Memory Usage (437376K) : recog_pillar has 0 polygons
2026-02-11 04:33:13 +0100: Memory Usage (437504K) : recog_sbump has 0 polygons
2026-02-11 04:33:13 +0100: Memory Usage (437504K) : recog_otp has 0 polygons
2026-02-11 04:33:13 +0100: Memory Usage (437632K) : recog_pdiode has 0 polygons
2026-02-11 04:33:13 +0100: Memory Usage (437632K) : recog_mom has 0 polygons
2026-02-11 04:33:13 +0100: Memory Usage (437632K) : recog_pcm has 0 polygons
2026-02-11 04:33:13 +0100: Memory Usage (437760K) : colopen_drw has 0 polygons
2026-02-11 04:33:13 +0100: Memory Usage (437760K) : graphmetal1_drw has 0 polygons
2026-02-11 04:33:13 +0100: Memory Usage (437888K) : graphmetal1_filler has 0 polygons
2026-02-11 04:33:13 +0100: Memory Usage (437888K) : graphmetal1_nofill has 0 polygons
2026-02-11 04:33:13 +0100: Memory Usage (437888K) : graphmetal1_slit has 0 polygons
2026-02-11 04:33:13 +0100: Memory Usage (438016K) : graphmetal1_opc has 0 polygons
2026-02-11 04:33:13 +0100: Memory Usage (438016K) : graphmet1l_drw has 0 polygons
2026-02-11 04:33:13 +0100: Memory Usage (438144K) : graphmet1l_filler has 0 polygons
2026-02-11 04:33:13 +0100: Memory Usage (438144K) : graphmet1l_nofill has 0 polygons
2026-02-11 04:33:13 +0100: Memory Usage (438272K) : graphmet1l_slit has 0 polygons
2026-02-11 04:33:13 +0100: Memory Usage (438272K) : graphmet1l_opc has 0 polygons
2026-02-11 04:33:13 +0100: Memory Usage (438272K) : extblock_drw has 0 polygons
2026-02-11 04:33:13 +0100: Memory Usage (438400K) : nldd_drw has 0 polygons
2026-02-11 04:33:13 +0100: Memory Usage (438400K) : pldd_drw has 0 polygons
2026-02-11 04:33:13 +0100: Memory Usage (438528K) : next_drw has 0 polygons
2026-02-11 04:33:13 +0100: Memory Usage (438528K) : pext_drw has 0 polygons
2026-02-11 04:33:13 +0100: Memory Usage (438656K) : nexthv_drw has 0 polygons
2026-02-11 04:33:13 +0100: Memory Usage (438656K) : pexthv_drw has 0 polygons
2026-02-11 04:33:13 +0100: Memory Usage (438656K) : graphgate_drw has 0 polygons
2026-02-11 04:33:13 +0100: Memory Usage (438784K) : sinwg_drw has 0 polygons
2026-02-11 04:33:13 +0100: Memory Usage (438784K) : sinwg_filler has 0 polygons
2026-02-11 04:33:13 +0100: Memory Usage (438912K) : sinwg_nofill has 0 polygons
2026-02-11 04:33:13 +0100: Memory Usage (438912K) : mempad_drw has 0 polygons
2026-02-11 04:33:13 +0100: Memory Usage (438912K) : topvia1_drw has 0 polygons
2026-02-11 04:33:13 +0100: Memory Usage (439040K) : topmetal1_drw has 2 polygons
2026-02-11 04:33:13 +0100: Memory Usage (439040K) : topmetal1_pin has 1 polygons
2026-02-11 04:33:13 +0100: Memory Usage (439168K) : topmetal1_mask has 0 polygons
2026-02-11 04:33:13 +0100: Memory Usage (439168K) : topmetal1_filler has 0 polygons
2026-02-11 04:33:13 +0100: Memory Usage (439296K) : topmetal1_nofill has 0 polygons
2026-02-11 04:33:13 +0100: Memory Usage (439296K) : topmetal1_slit has 0 polygons
2026-02-11 04:33:13 +0100: Memory Usage (439296K) : topmetal1_text has 1 polygons
2026-02-11 04:33:13 +0100: Memory Usage (439424K) : topmetal1_noqrc has 0 polygons
2026-02-11 04:33:13 +0100: Memory Usage (439424K) : topmetal1_res has 0 polygons
2026-02-11 04:33:13 +0100: Memory Usage (439552K) : topmetal1_iprobe has 0 polygons
2026-02-11 04:33:13 +0100: Memory Usage (439552K) : topmetal1_diffprb has 0 polygons
2026-02-11 04:33:13 +0100: Memory Usage (439680K) : inldpwl_drw has 0 polygons
2026-02-11 04:33:13 +0100: Memory Usage (439680K) : polyres_drw has 0 polygons
2026-02-11 04:33:13 +0100: Memory Usage (439680K) : polyres_pin has 0 polygons
2026-02-11 04:33:13 +0100: Memory Usage (439808K) : vmim_drw has 16 polygons
2026-02-11 04:33:13 +0100: Memory Usage (439808K) : nbulaycut_drw has 0 polygons
2026-02-11 04:33:13 +0100: Memory Usage (439936K) : antmetal1_drw has 0 polygons
2026-02-11 04:33:13 +0100: Memory Usage (439936K) : topvia2_drw has 0 polygons
2026-02-11 04:33:13 +0100: Memory Usage (439936K) : topmetal2_drw has 0 polygons
2026-02-11 04:33:13 +0100: Memory Usage (440064K) : topmetal2_pin has 0 polygons
2026-02-11 04:33:13 +0100: Memory Usage (440064K) : topmetal2_mask has 0 polygons
2026-02-11 04:33:13 +0100: Memory Usage (440192K) : topmetal2_filler has 0 polygons
2026-02-11 04:33:13 +0100: Memory Usage (440192K) : topmetal2_nofill has 0 polygons
2026-02-11 04:33:13 +0100: Memory Usage (440320K) : topmetal2_slit has 0 polygons
2026-02-11 04:33:13 +0100: Memory Usage (440320K) : topmetal2_text has 0 polygons
2026-02-11 04:33:13 +0100: Memory Usage (440320K) : topmetal2_noqrc has 0 polygons
2026-02-11 04:33:13 +0100: Memory Usage (440448K) : topmetal2_res has 0 polygons
2026-02-11 04:33:13 +0100: Memory Usage (440448K) : topmetal2_iprobe has 0 polygons
2026-02-11 04:33:13 +0100: Memory Usage (440576K) : topmetal2_diffprb has 0 polygons
2026-02-11 04:33:13 +0100: Memory Usage (440576K) : snsring_drw has 0 polygons
2026-02-11 04:33:13 +0100: Memory Usage (440576K) : sensor_drw has 0 polygons
2026-02-11 04:33:13 +0100: Memory Usage (440576K) : snsarms_drw has 0 polygons
2026-02-11 04:33:13 +0100: Memory Usage (440576K) : snscmosvia_drw has 0 polygons
2026-02-11 04:33:13 +0100: Memory Usage (440704K) : colwind_drw has 0 polygons
2026-02-11 04:33:13 +0100: Memory Usage (440704K) : flm_drw has 0 polygons
2026-02-11 04:33:13 +0100: Memory Usage (440832K) : hafniumox_drw has 0 polygons
2026-02-11 04:33:13 +0100: Memory Usage (440832K) : memvia_drw has 0 polygons
2026-02-11 04:33:13 +0100: Memory Usage (440832K) : thinfilmres_drw has 0 polygons
2026-02-11 04:33:13 +0100: Memory Usage (440960K) : rfmem_drw has 0 polygons
2026-02-11 04:33:13 +0100: Memory Usage (440960K) : norcx_drw has 0 polygons
2026-02-11 04:33:13 +0100: Memory Usage (441088K) : norcx_m2m3 has 0 polygons
2026-02-11 04:33:13 +0100: Memory Usage (441088K) : norcx_m2m4 has 0 polygons
2026-02-11 04:33:13 +0100: Memory Usage (441216K) : norcx_m2m5 has 0 polygons
2026-02-11 04:33:13 +0100: Memory Usage (441216K) : norcx_m2tm1 has 0 polygons
2026-02-11 04:33:13 +0100: Memory Usage (441344K) : norcx_m2tm2 has 0 polygons
2026-02-11 04:33:13 +0100: Memory Usage (441344K) : norcx_m3m4 has 0 polygons
2026-02-11 04:33:13 +0100: Memory Usage (441344K) : norcx_m3m5 has 0 polygons
2026-02-11 04:33:13 +0100: Memory Usage (441344K) : norcx_m3tm1 has 0 polygons
2026-02-11 04:33:13 +0100: Memory Usage (441344K) : norcx_m3tm2 has 0 polygons
2026-02-11 04:33:13 +0100: Memory Usage (441344K) : norcx_m4m5 has 0 polygons
2026-02-11 04:33:13 +0100: Memory Usage (441344K) : norcx_m4tm1 has 0 polygons
2026-02-11 04:33:13 +0100: Memory Usage (441344K) : norcx_m4tm2 has 0 polygons
2026-02-11 04:33:13 +0100: Memory Usage (441472K) : norcx_m5tm1 has 0 polygons
2026-02-11 04:33:13 +0100: Memory Usage (441472K) : norcx_m5tm2 has 0 polygons
2026-02-11 04:33:13 +0100: Memory Usage (441600K) : norcx_tm1tm2 has 0 polygons
2026-02-11 04:33:13 +0100: Memory Usage (441600K) : norcx_m1sub has 0 polygons
2026-02-11 04:33:13 +0100: Memory Usage (441600K) : norcx_m2sub has 0 polygons
2026-02-11 04:33:13 +0100: Memory Usage (441728K) : norcx_m3sub has 0 polygons
2026-02-11 04:33:13 +0100: Memory Usage (441728K) : norcx_m4sub has 0 polygons
2026-02-11 04:33:13 +0100: Memory Usage (441856K) : norcx_m5sub has 0 polygons
2026-02-11 04:33:13 +0100: Memory Usage (441856K) : norcx_tm1sub has 0 polygons
2026-02-11 04:33:13 +0100: Memory Usage (441984K) : norcx_tm2sub has 0 polygons
2026-02-11 04:33:13 +0100: Memory Usage (441984K) : snsbotvia_drw has 0 polygons
2026-02-11 04:33:13 +0100: Memory Usage (441984K) : snstopvia_drw has 0 polygons
2026-02-11 04:33:13 +0100: Memory Usage (442112K) : deepvia_drw has 0 polygons
2026-02-11 04:33:13 +0100: Memory Usage (442112K) : fgetch_drw has 0 polygons
2026-02-11 04:33:13 +0100: Memory Usage (442240K) : ctrgat_drw has 0 polygons
2026-02-11 04:33:13 +0100: Memory Usage (442240K) : fgimp_drw has 0 polygons
2026-02-11 04:33:13 +0100: Memory Usage (442240K) : emwihv_drw has 0 polygons
2026-02-11 04:33:13 +0100: Memory Usage (442368K) : lbe_drw has 0 polygons
2026-02-11 04:33:13 +0100: Memory Usage (442368K) : alcustop_drw has 0 polygons
2026-02-11 04:33:13 +0100: Memory Usage (442368K) : nometfiller_drw has 0 polygons
2026-02-11 04:33:13 +0100: Memory Usage (442496K) : prboundary_drw has 0 polygons
2026-02-11 04:33:13 +0100: Memory Usage (442496K) : exchange0_drw has 0 polygons
2026-02-11 04:33:13 +0100: Memory Usage (442624K) : exchange0_pin has 0 polygons
2026-02-11 04:33:13 +0100: Memory Usage (442624K) : exchange0_text has 0 polygons
2026-02-11 04:33:13 +0100: Memory Usage (442624K) : exchange1_drw has 0 polygons
2026-02-11 04:33:13 +0100: Memory Usage (442752K) : exchange1_pin has 0 polygons
2026-02-11 04:33:13 +0100: Memory Usage (442752K) : exchange1_text has 0 polygons
2026-02-11 04:33:13 +0100: Memory Usage (442880K) : exchange2_drw has 0 polygons
2026-02-11 04:33:13 +0100: Memory Usage (442880K) : exchange2_pin has 0 polygons
2026-02-11 04:33:13 +0100: Memory Usage (442880K) : exchange2_text has 0 polygons
2026-02-11 04:33:13 +0100: Memory Usage (443008K) : exchange3_drw has 0 polygons
2026-02-11 04:33:13 +0100: Memory Usage (443008K) : exchange3_pin has 0 polygons
2026-02-11 04:33:13 +0100: Memory Usage (443136K) : exchange3_text has 0 polygons
2026-02-11 04:33:13 +0100: Memory Usage (443136K) : exchange4_drw has 0 polygons
2026-02-11 04:33:13 +0100: Memory Usage (443264K) : exchange4_pin has 0 polygons
2026-02-11 04:33:13 +0100: Memory Usage (443264K) : exchange4_text has 0 polygons
2026-02-11 04:33:13 +0100: Memory Usage (443264K) : isonwell_drw has 0 polygons
2026-02-11 04:33:13 +0100: Memory Usage (443264K) : Total no. of polygons in the design is 25
2026-02-11 04:33:13 +0100: Memory Usage (443264K) : Loaded TECH DRC rules values from /opt/pdks/ihp-sg13g2/libs.tech/klayout/python/sg13g2_pycell_lib/sg13g2_tech_mod.json
2026-02-11 04:33:13 +0100: Memory Usage (443264K) : Loaded default DRC rules values from /opt/pdks/ihp-sg13g2/libs.tech/klayout/tech/drc/rule_decks/sg13g2_tech_default.json
2026-02-11 04:33:13 +0100: Memory Usage (443264K) : The following rules values were missing in tech json and default values were used:
2026-02-11 04:33:13 +0100: Memory Usage (443264K) :   - Cnt_c_digibnd
2026-02-11 04:33:13 +0100: Memory Usage (444416K) : Total area of the design is 115.70795 um^2.
2026-02-11 04:33:13 +0100: Memory Usage (444416K) : The design dimensions are 16.744999999999997 µm * 6.91 µm.
2026-02-11 04:33:13 +0100: Memory Usage (444416K) : Starting general IHP-SG13G2 derivations.
2026-02-11 04:33:13 +0100: Memory Usage (444416K) : Starting Pwell derivations
2026-02-11 04:33:13 +0100: Memory Usage (444416K) : Starting n-Activ derivations
2026-02-11 04:33:13 +0100: Memory Usage (444416K) : Starting p-Activ derivations
2026-02-11 04:33:13 +0100: Memory Usage (444416K) : Starting ptap derivations
2026-02-11 04:33:13 +0100: Memory Usage (444416K) : Starting ntap derivations
2026-02-11 04:33:13 +0100: Memory Usage (444416K) : Starting pact FET derivations
2026-02-11 04:33:13 +0100: Memory Usage (444416K) : Starting nact FET derivations
2026-02-11 04:33:13 +0100: Memory Usage (444416K) : Starting Gate derivations
2026-02-11 04:33:13 +0100: Memory Usage (444416K) : Starting cont/contbar general derivations
2026-02-11 04:33:13 +0100: Memory Usage (444416K) : Starting pad general derivations
2026-02-11 04:33:13 +0100: Memory Usage (444416K) : Starting IHP-SG13G2 DRC connectivity related derivations.
2026-02-11 04:33:13 +0100: Memory Usage (446336K) : Starting IHP-SG13G2 DRC connectivity setup
2026-02-11 04:33:13 +0100: Memory Usage (446592K) : Starting IHP-SG13G2 DRC rules.
2026-02-11 04:33:13 +0100: Memory Usage (446592K) : Running all FEOL rules
2026-02-11 04:33:13 +0100: Memory Usage (446592K) : Running all BEOL rules
2026-02-11 04:33:13 +0100: Memory Usage (446592K) : Running all PIN rules
2026-02-11 04:33:13 +0100: Memory Usage (446592K) : Running all FORBIDDEN rules
2026-02-11 04:33:13 +0100: Memory Usage (446592K) : Starting 5.1 NWell table
2026-02-11 04:33:13 +0100: Memory Usage (446592K) : Executing rule NW.b
2026-02-11 04:33:13 +0100: Memory Usage (446720K) : Executing rule NW.b1
2026-02-11 04:33:13 +0100: Memory Usage (446720K) : Starting 5.2 PWell:block
2026-02-11 04:33:13 +0100: Memory Usage (446720K) : Executing rule PWB.e
2026-02-11 04:33:13 +0100: Memory Usage (446720K) : Executing rule PWB.e1
2026-02-11 04:33:13 +0100: Memory Usage (446720K) : Executing rule PWB.f
2026-02-11 04:33:13 +0100: Memory Usage (446720K) : Executing rule PWB.f1
2026-02-11 04:33:13 +0100: Memory Usage (446720K) : Starting 5.3 nBuLay table
2026-02-11 04:33:13 +0100: Memory Usage (446720K) : Executing rule NBL.b
2026-02-11 04:33:13 +0100: Memory Usage (446720K) : Executing rule NBL.c
2026-02-11 04:33:13 +0100: Memory Usage (446720K) : Executing rule NBL.d
2026-02-11 04:33:13 +0100: Memory Usage (446720K) : Executing rule NBL.e
2026-02-11 04:33:13 +0100: Memory Usage (446720K) : Executing rule NBL.f
2026-02-11 04:33:13 +0100: Memory Usage (446720K) : Starting 5.5. Activ table
2026-02-11 04:33:13 +0100: Memory Usage (446720K) : Executing rule Act.a
2026-02-11 04:33:13 +0100: Memory Usage (446720K) : Executing rule Act.b
2026-02-11 04:33:13 +0100: Memory Usage (446720K) : Starting 5.6 Activ:filler table
2026-02-11 04:33:13 +0100: Memory Usage (446720K) : Executing rule AFil.c1
2026-02-11 04:33:13 +0100: Memory Usage (446720K) : Executing rule AFil.c
2026-02-11 04:33:13 +0100: Memory Usage (446720K) : Executing rule AFil.d
2026-02-11 04:33:13 +0100: Memory Usage (446720K) : Executing rule AFil.e
2026-02-11 04:33:13 +0100: Memory Usage (446720K) : Executing rule AFil.j
2026-02-11 04:33:13 +0100: Memory Usage (446720K) : Starting 5.7. ThickGateOx table
2026-02-11 04:33:13 +0100: Memory Usage (446720K) : Executing rule TGO.f
2026-02-11 04:33:13 +0100: Memory Usage (446720K) : Starting 5.8. GatPoly table
2026-02-11 04:33:13 +0100: Memory Usage (446720K) : Executing rule Gat.a
2026-02-11 04:33:13 +0100: Memory Usage (446720K) : Executing rule Gat.b
2026-02-11 04:33:13 +0100: Memory Usage (446720K) : Executing rule Gat.d
2026-02-11 04:33:13 +0100: Memory Usage (446720K) : Executing rule Gat.a1
2026-02-11 04:33:13 +0100: Memory Usage (446976K) : Executing rule Gat.a2
2026-02-11 04:33:13 +0100: Memory Usage (446976K) : Executing rule Gat.g
2026-02-11 04:33:13 +0100: Memory Usage (446976K) : Starting 5.9 GatPoly:filler
2026-02-11 04:33:13 +0100: Memory Usage (446976K) : Executing rule GFil.d
2026-02-11 04:33:13 +0100: Memory Usage (446976K) : Executing rule GFil.e
2026-02-11 04:33:13 +0100: Memory Usage (446976K) : Executing rule GFil.i
2026-02-11 04:33:13 +0100: Memory Usage (446976K) : Starting 5.10 pSD table
2026-02-11 04:33:13 +0100: Memory Usage (446976K) : Executing rule pSD.c1
2026-02-11 04:33:13 +0100: Memory Usage (446976K) : Starting 5.14. Cont table
2026-02-11 04:33:13 +0100: Memory Usage (446976K) : Executing rule Cnt.a
2026-02-11 04:33:13 +0100: Memory Usage (446976K) : Executing rule Cnt.b
2026-02-11 04:33:13 +0100: Memory Usage (446976K) : Executing rule Cnt.c
2026-02-11 04:33:13 +0100: Memory Usage (446976K) : Executing rule Cnt.c
2026-02-11 04:33:13 +0100: Memory Usage (446976K) : Executing rule Cnt.d
2026-02-11 04:33:13 +0100: Memory Usage (446976K) : Executing rule Cnt.e
2026-02-11 04:33:13 +0100: Memory Usage (446976K) : Executing rule Cnt.g1
2026-02-11 04:33:13 +0100: Memory Usage (446976K) : Executing rule Cnt.g2
2026-02-11 04:33:13 +0100: Memory Usage (446976K) : Starting 5.15. ContBar table
2026-02-11 04:33:13 +0100: Memory Usage (446976K) : Executing rule CntB.b1
2026-02-11 04:33:13 +0100: Memory Usage (446976K) : Executing rule CntB.h1
2026-02-11 04:33:13 +0100: Memory Usage (446976K) : Starting 6.1.3 NPN Substrate-Tie table
2026-02-11 04:33:13 +0100: Memory Usage (446976K) : Executing rule npn13G2.bR 
2026-02-11 04:33:13 +0100: Memory Usage (446976K) : Executing rule npn13G2L.cR 
2026-02-11 04:33:13 +0100: Memory Usage (446976K) : Executing rule npn13G2V.cR 
2026-02-11 04:33:13 +0100: Memory Usage (446976K) : Starting 6.7 Schottky diode table
2026-02-11 04:33:13 +0100: Memory Usage (446976K) : Executing rule Sdiod.d
2026-02-11 04:33:13 +0100: Memory Usage (446976K) : Executing rule Sdiod.e
2026-02-11 04:33:13 +0100: Memory Usage (446976K) : Starting 7.2 Latch-up table
2026-02-11 04:33:13 +0100: Memory Usage (446976K) : Executing rule LU.b
2026-02-11 04:33:13 +0100: Memory Usage (446976K) : Starting 5.16. Metal1 table
2026-02-11 04:33:13 +0100: Memory Usage (446976K) : Executing rule M1.a
2026-02-11 04:33:13 +0100: Memory Usage (446976K) : Executing rule M1.b
2026-02-11 04:33:13 +0100: Memory Usage (446976K) : Executing rule M1.e
2026-02-11 04:33:13 +0100: Memory Usage (446976K) : Executing rule M1.f
2026-02-11 04:33:13 +0100: Memory Usage (446976K) : Executing rule M1.g
2026-02-11 04:33:13 +0100: Memory Usage (446976K) : Executing rule M1.i
2026-02-11 04:33:13 +0100: Memory Usage (446976K) : Starting 5.17 Metaln table
2026-02-11 04:33:13 +0100: Memory Usage (446976K) : Executing rule M2.a
2026-02-11 04:33:13 +0100: Memory Usage (446976K) : Executing rule M2.b
2026-02-11 04:33:13 +0100: Memory Usage (446976K) : Executing rule M2.e
2026-02-11 04:33:13 +0100: Memory Usage (446976K) : Executing rule M2.f
2026-02-11 04:33:13 +0100: Memory Usage (446976K) : Executing rule M2.g
2026-02-11 04:33:13 +0100: Memory Usage (446976K) : Executing rule M2.i
2026-02-11 04:33:13 +0100: Memory Usage (446976K) : Executing rule M3.a
2026-02-11 04:33:13 +0100: Memory Usage (446976K) : Executing rule M3.b
2026-02-11 04:33:13 +0100: Memory Usage (446976K) : Executing rule M3.e
2026-02-11 04:33:13 +0100: Memory Usage (446976K) : Executing rule M3.f
2026-02-11 04:33:13 +0100: Memory Usage (446976K) : Executing rule M3.g
2026-02-11 04:33:13 +0100: Memory Usage (446976K) : Executing rule M3.i
2026-02-11 04:33:13 +0100: Memory Usage (446976K) : Executing rule M4.a
2026-02-11 04:33:13 +0100: Memory Usage (446976K) : Executing rule M4.b
2026-02-11 04:33:13 +0100: Memory Usage (446976K) : Executing rule M4.e
2026-02-11 04:33:13 +0100: Memory Usage (446976K) : Executing rule M4.f
2026-02-11 04:33:13 +0100: Memory Usage (447104K) : Executing rule M4.g
2026-02-11 04:33:13 +0100: Memory Usage (447488K) : Executing rule M4.i
2026-02-11 04:33:13 +0100: Memory Usage (447744K) : Executing rule M5.a
2026-02-11 04:33:13 +0100: Memory Usage (447872K) : Executing rule M5.b
2026-02-11 04:33:13 +0100: Memory Usage (448640K) : Executing rule M5.e
2026-02-11 04:33:13 +0100: Memory Usage (449024K) : Executing rule M5.f
2026-02-11 04:33:13 +0100: Memory Usage (449280K) : Executing rule M5.g
2026-02-11 04:33:13 +0100: Memory Usage (449536K) : Executing rule M5.i
2026-02-11 04:33:13 +0100: Memory Usage (449920K) : Starting 5.18 Metaln:filler table
2026-02-11 04:33:13 +0100: Memory Usage (449920K) : Executing rule M1Fil.c
2026-02-11 04:33:13 +0100: Memory Usage (450048K) : Executing rule M1Fil.a2
2026-02-11 04:33:13 +0100: Memory Usage (450176K) : Executing rule M2Fil.c
2026-02-11 04:33:13 +0100: Memory Usage (450304K) : Executing rule M2Fil.a2
2026-02-11 04:33:13 +0100: Memory Usage (450432K) : Executing rule M3Fil.c
2026-02-11 04:33:13 +0100: Memory Usage (450560K) : Executing rule M3Fil.a2
2026-02-11 04:33:13 +0100: Memory Usage (450688K) : Executing rule M4Fil.c
2026-02-11 04:33:13 +0100: Memory Usage (450816K) : Executing rule M4Fil.a2
2026-02-11 04:33:13 +0100: Memory Usage (450816K) : Executing rule M5Fil.c
2026-02-11 04:33:13 +0100: Memory Usage (450944K) : Executing rule M5Fil.a2
2026-02-11 04:33:13 +0100: Memory Usage (451072K) : Starting 5.19. Via1 table
2026-02-11 04:33:13 +0100: Memory Usage (451072K) : Starting 5.19. Via1 table derivations
2026-02-11 04:33:13 +0100: Memory Usage (451200K) : Executing rule V1.a
2026-02-11 04:33:13 +0100: Memory Usage (451328K) : Executing rule V1.b
2026-02-11 04:33:13 +0100: Memory Usage (451456K) : Executing rule V1.c
2026-02-11 04:33:13 +0100: Memory Usage (451584K) : Starting 5.20. Vian table
2026-02-11 04:33:13 +0100: Memory Usage (451584K) : Executing rule V2.a
2026-02-11 04:33:13 +0100: Memory Usage (451840K) : Executing rule V2.b
2026-02-11 04:33:13 +0100: Memory Usage (451968K) : Executing rule V2.c
2026-02-11 04:33:13 +0100: Memory Usage (452224K) : Executing rule V3.a
2026-02-11 04:33:13 +0100: Memory Usage (452480K) : Executing rule V3.b
2026-02-11 04:33:13 +0100: Memory Usage (452608K) : Executing rule V3.c
2026-02-11 04:33:13 +0100: Memory Usage (452736K) : Executing rule V4.a
2026-02-11 04:33:13 +0100: Memory Usage (452992K) : Executing rule V4.b
2026-02-11 04:33:13 +0100: Memory Usage (453120K) : Executing rule V4.c
2026-02-11 04:33:13 +0100: Memory Usage (453248K) : Starting 5.21. TopVia1 table
2026-02-11 04:33:13 +0100: Memory Usage (453248K) : Executing rule TV1.a
2026-02-11 04:33:13 +0100: Memory Usage (453504K) : Executing rule TV1.b
2026-02-11 04:33:13 +0100: Memory Usage (453632K) : Executing rule TV1.c
2026-02-11 04:33:13 +0100: Memory Usage (453632K) : Executing rule TV1.d
2026-02-11 04:33:13 +0100: Memory Usage (453760K) : Starting 5.22. TopMetal1 table
2026-02-11 04:33:13 +0100: Memory Usage (453760K) : Executing rule TM1.a
2026-02-11 04:33:13 +0100: Memory Usage (453888K) : Executing rule TM1.b
2026-02-11 04:33:13 +0100: Memory Usage (454016K) : Starting 5.23 TopMetal1:filler table
2026-02-11 04:33:13 +0100: Memory Usage (454016K) : Executing rule TM1Fil.c
2026-02-11 04:33:13 +0100: Memory Usage (454016K) : Executing rule TM1Fil.a1
2026-02-11 04:33:13 +0100: Memory Usage (454016K) : Starting 5.24. TopVia2 table
2026-02-11 04:33:13 +0100: Memory Usage (454016K) : Executing rule TV2.a
2026-02-11 04:33:13 +0100: Memory Usage (454016K) : Executing rule TV2.b
2026-02-11 04:33:13 +0100: Memory Usage (454016K) : Executing rule TV2.c
2026-02-11 04:33:13 +0100: Memory Usage (454016K) : Executing rule TV2.d
2026-02-11 04:33:13 +0100: Memory Usage (454016K) : Starting 5.25. TopMetal2 table
2026-02-11 04:33:13 +0100: Memory Usage (454016K) : Executing rule TM2.a
2026-02-11 04:33:13 +0100: Memory Usage (454016K) : Executing rule TM2.b
2026-02-11 04:33:13 +0100: Memory Usage (454016K) : Executing rule TM2.bR
2026-02-11 04:33:13 +0100: Memory Usage (454016K) : Starting 5.26 TopMetal2:filler table
2026-02-11 04:33:13 +0100: Memory Usage (454016K) : Executing rule TM2Fil.c
2026-02-11 04:33:13 +0100: Memory Usage (454016K) : Executing rule TM2Fil.a1
2026-02-11 04:33:13 +0100: Memory Usage (454016K) : Starting 5.27. Passiv table
2026-02-11 04:33:13 +0100: Memory Usage (454016K) : Executing rule Pas.a
2026-02-11 04:33:13 +0100: Memory Usage (454016K) : Executing rule Pas.b
2026-02-11 04:33:13 +0100: Memory Usage (454016K) : Executing rule Pas.c
2026-02-11 04:33:13 +0100: Memory Usage (454016K) : Starting 6.9.2 Copper Pillar table
2026-02-11 04:33:13 +0100: Memory Usage (454016K) : Executing rule Padc.a
2026-02-11 04:33:13 +0100: Memory Usage (454016K) : Executing rule Padc.b
2026-02-11 04:33:13 +0100: Memory Usage (454016K) : Executing rule Padc.c
2026-02-11 04:33:13 +0100: Memory Usage (454016K) : Executing rule Padb.f
2026-02-11 04:33:13 +0100: Memory Usage (454016K) : Starting 6.9.1 Solder Bump
2026-02-11 04:33:13 +0100: Memory Usage (454016K) : Executing rule Padb.a
2026-02-11 04:33:13 +0100: Memory Usage (454016K) : Executing rule Padb.b
2026-02-11 04:33:13 +0100: Memory Usage (454016K) : Executing rule Padb.c
2026-02-11 04:33:13 +0100: Memory Usage (454016K) : Executing rule Padb.f
2026-02-11 04:33:13 +0100: Memory Usage (454016K) : Executing rule Padb.d
2026-02-11 04:33:13 +0100: Memory Usage (454016K) : Starting 6.10 Sealring table
2026-02-11 04:33:13 +0100: Memory Usage (454016K) : Executing rule Seal.l
2026-02-11 04:33:13 +0100: Memory Usage (454016K) : Executing rule Seal.n
2026-02-11 04:33:13 +0100: Memory Usage (454016K) : Executing rule seal.b_metal1
2026-02-11 04:33:13 +0100: Memory Usage (454016K) : Executing rule seal.b_metal2
2026-02-11 04:33:13 +0100: Memory Usage (454016K) : Executing rule seal.b_metal3
2026-02-11 04:33:13 +0100: Memory Usage (454016K) : Executing rule seal.b_metal4
2026-02-11 04:33:13 +0100: Memory Usage (454016K) : Executing rule seal.b_metal5
2026-02-11 04:33:13 +0100: Memory Usage (454016K) : Executing rule seal.b_topmetal1
2026-02-11 04:33:13 +0100: Memory Usage (454016K) : Executing rule seal.b_topmetal2
2026-02-11 04:33:13 +0100: Memory Usage (454016K) : Executing rule seal.b_activ
2026-02-11 04:33:13 +0100: Memory Usage (454016K) : Executing rule seal.b_psd
2026-02-11 04:33:13 +0100: Memory Usage (454016K) : Executing rule Seal.k
2026-02-11 04:33:13 +0100: Memory Usage (454016K) : Executing rule Seal.m
2026-02-11 04:33:13 +0100: Memory Usage (454016K) : Starting 6.11 MIM table
2026-02-11 04:33:13 +0100: Memory Usage (454016K) : Executing rule MIM.c
2026-02-11 04:33:13 +0100: Memory Usage (454016K) : Executing rule MIM.d
2026-02-11 04:33:13 +0100: Memory Usage (454016K) : Executing rule MIM.gR
2026-02-11 04:33:13 +0100: Memory Usage (454016K) : Starting 7.3 Metal Slits table
2026-02-11 04:33:13 +0100: Memory Usage (454016K) : Executing rule Slt.e1_M1
2026-02-11 04:33:13 +0100: Memory Usage (454016K) : Executing rule Slt.e1_M2
2026-02-11 04:33:13 +0100: Memory Usage (454016K) : Executing rule Slt.e1_M3
2026-02-11 04:33:13 +0100: Memory Usage (454016K) : Executing rule Slt.e1_M4
2026-02-11 04:33:13 +0100: Memory Usage (454016K) : Executing rule Slt.e1_M5
2026-02-11 04:33:13 +0100: Memory Usage (454016K) : Executing rule Slt.e1_TM1
2026-02-11 04:33:13 +0100: Memory Usage (454016K) : Executing rule Slt.e1_TM2
2026-02-11 04:33:13 +0100: Memory Usage (454016K) : Starting 9.1. LBE table
2026-02-11 04:33:13 +0100: Memory Usage (454016K) : Executing rule LBE.a
2026-02-11 04:33:13 +0100: Memory Usage (454016K) : Executing rule LBE.b
2026-02-11 04:33:13 +0100: Memory Usage (454016K) : Executing rule LBE.b1
2026-02-11 04:33:13 +0100: Memory Usage (454016K) : Executing rule LBE.c
2026-02-11 04:33:13 +0100: Memory Usage (454016K) : Executing rule LBE.d
2026-02-11 04:33:13 +0100: Memory Usage (454016K) : Executing rule LBE.h
2026-02-11 04:33:13 +0100: Memory Usage (454016K) : Starting 7.4. PIN table
2026-02-11 04:33:13 +0100: Memory Usage (454016K) : Executing rule Pin.a
2026-02-11 04:33:13 +0100: Memory Usage (454016K) : Executing rule Pin.b
2026-02-11 04:33:13 +0100: Memory Usage (454016K) : Executing rule Pin.e
2026-02-11 04:33:13 +0100: Memory Usage (454016K) : Executing rule Pin.f_M2
2026-02-11 04:33:13 +0100: Memory Usage (454016K) : Executing rule Pin.f_M3
2026-02-11 04:33:13 +0100: Memory Usage (454016K) : Executing rule Pin.f_M4
2026-02-11 04:33:13 +0100: Memory Usage (454016K) : Executing rule Pin.f_M5
2026-02-11 04:33:13 +0100: Memory Usage (454016K) : Executing rule Pin.g
2026-02-11 04:33:13 +0100: Memory Usage (454016K) : Executing rule Pin.h
2026-02-11 04:33:13 +0100: Memory Usage (454016K) : Starting 3.2. FORBIDDEN table
2026-02-11 04:33:13 +0100: Memory Usage (454016K) : Executing rule forbidden.biwind
2026-02-11 04:33:13 +0100: Memory Usage (454016K) : Executing rule forbidden.pemwind
2026-02-11 04:33:13 +0100: Memory Usage (454016K) : Executing rule forbidden.baspoly
2026-02-11 04:33:13 +0100: Memory Usage (454016K) : Executing rule forbidden.deepco
2026-02-11 04:33:13 +0100: Memory Usage (454016K) : Executing rule forbidden.pempoly
2026-02-11 04:33:13 +0100: Memory Usage (454016K) : Executing rule forbidden.empoly
2026-02-11 04:33:13 +0100: Memory Usage (454016K) : Executing rule forbidden.ldmos
2026-02-11 04:33:13 +0100: Memory Usage (454016K) : Executing rule forbidden.pbiwind
2026-02-11 04:33:13 +0100: Memory Usage (454016K) : Executing rule forbidden.nodrc
2026-02-11 04:33:13 +0100: Memory Usage (454016K) : Executing rule forbidden.flash
2026-02-11 04:33:13 +0100: Memory Usage (454016K) : Executing rule forbidden.colwind
2026-02-11 04:33:13 +0100: Memory Usage (454016K) : KLayout DRC run for tables 'main' completed in 1.07 seconds
