Reading timing models for corner nom_typ_1p20V_25C…
Reading timing library for the 'nom_typ_1p20V_25C' corner at '/opt/pdks/ihp-sg13g2/libs.ref/sg13g2_stdcell/lib/sg13g2_stdcell_typ_1p20V_25C.lib'…
Reading timing library for the 'nom_typ_1p20V_25C' corner at '/opt/pdks/ihp-sg13g2/libs.ref/sg13g2_io/lib/sg13g2_io_typ_1p2V_3p3V_25C.lib'…
Reading OpenROAD database at '/home/designer/shared/SAR_ADC_8BIT_IHP/librelane/sar_algo/runs/RUN_2026-04-03_07-12-32/48-odb-reportdisconnectedpins/sar_algo.odb'…
Reading design constraints file at '/nix/store/8h87vsa3wlidvqi062p0312chxkh8ihd-python3.13-librelane-3.0.0.dev47/lib/python3.13/site-packages/librelane/scripts/base.sdc'…
[INFO] Using clock fclk_in…
[INFO] Setting output delay to: 12.5
[INFO] Setting input delay to: 12.5
[INFO] Setting load to: 0.006
[INFO] Setting clock uncertainty to: 0.25
[INFO] Setting clock transition to: 0.15
[INFO] Setting timing derate to: 5%
sg13g2_decap_* sg13g2_fill_1 sg13g2_fill_2
[INFO DPL-0001] Placed 399 filler instances.
Setting global connections for newly added cells…
[INFO] Setting global connections...
[INFO ODB-0403] 798 connections made, 0 conflicts skipped.
Updating metrics…
Cell type report:                       Count       Area
  Fill cell                               399    4046.11
  Buffer                                    1       7.26
  Clock buffer                              7     279.42
  Timing Repair Buffer                     50     435.46
  Inverter                                 37     201.40
  Sequential cell                          32    1567.64
  Multi-Input combinational cell           67     751.16
  Total                                   593    7288.44
Writing OpenROAD database to '/home/designer/shared/SAR_ADC_8BIT_IHP/librelane/sar_algo/runs/RUN_2026-04-03_07-12-32/52-openroad-fillinsertion/sar_algo.odb'…
Writing netlist to '/home/designer/shared/SAR_ADC_8BIT_IHP/librelane/sar_algo/runs/RUN_2026-04-03_07-12-32/52-openroad-fillinsertion/sar_algo.nl.v'…
Writing powered netlist to '/home/designer/shared/SAR_ADC_8BIT_IHP/librelane/sar_algo/runs/RUN_2026-04-03_07-12-32/52-openroad-fillinsertion/sar_algo.pnl.v'…
Writing layout to '/home/designer/shared/SAR_ADC_8BIT_IHP/librelane/sar_algo/runs/RUN_2026-04-03_07-12-32/52-openroad-fillinsertion/sar_algo.def'…
Writing timing constraints to '/home/designer/shared/SAR_ADC_8BIT_IHP/librelane/sar_algo/runs/RUN_2026-04-03_07-12-32/52-openroad-fillinsertion/sar_algo.sdc'…
