
===========================================================================
report_checks -path_delay max (Setup)
============================================================================
======================= nom_typ_1p20V_25C Corner ===================================

Startpoint: fclk_in (clock source 'fclk_in')
Endpoint: fclk_comp (output port clocked by fclk_in)
Path Group: fclk_in
Path Type: max

Fanout         Cap        Slew       Delay        Time   Description
---------------------------------------------------------------------------------------------
                                 31.250000   31.250000   clock fclk_in (fall edge)
                                  0.000000   31.250000   clock source latency
     7    0.027584    0.034046    0.019718   31.269718 v fclk_in (in)
                                                         fclk_in (net)
                      0.034129    0.000000   31.269718 v _240_/A (sg13g2_buf_1)
     1    0.006000    0.029357    0.071608   31.341328 v _240_/X (sg13g2_buf_1)
                                                         fclk_comp (net)
                      0.029357    0.000000   31.341328 v fclk_comp (out)
                                             31.341328   data arrival time

                                 62.500000   62.500000   clock fclk_in (rise edge)
                                  0.000000   62.500000   clock network delay (propagated)
                                 -0.250000   62.250004   clock uncertainty
                                  0.000000   62.250004   clock reconvergence pessimism
                                -12.500000   49.750004   output external delay
                                             49.750004   data required time
---------------------------------------------------------------------------------------------
                                             49.750004   data required time
                                            -31.341328   data arrival time
---------------------------------------------------------------------------------------------
                                             18.408678   slack (MET)


Startpoint: En (input port clocked by fclk_in)
Endpoint: _234_ (rising edge-triggered flip-flop clocked by fclk_in)
Path Group: fclk_in
Path Type: max

Fanout         Cap        Slew       Delay        Time   Description
---------------------------------------------------------------------------------------------
                                  0.000000    0.000000   clock fclk_in (rise edge)
                                  0.000000    0.000000   clock network delay (propagated)
                                 12.500000   12.500000 ^ input external delay
     7    0.030092    0.044515    0.024968   12.524968 ^ En (in)
                                                         En (net)
                      0.044540    0.000000   12.524968 ^ _111_/A (sg13g2_nand4_1)
     3    0.009713    0.139139    0.136355   12.661323 v _111_/Y (sg13g2_nand4_1)
                                                         _070_ (net)
                      0.139139    0.000106   12.661428 v _118_/A2 (sg13g2_o21ai_1)
     1    0.002443    0.079748    0.110317   12.771746 ^ _118_/Y (sg13g2_o21ai_1)
                                                         _072_ (net)
                      0.079748    0.000012   12.771758 ^ _119_/B_N (sg13g2_nor2b_1)
     1    0.001970    0.039645    0.103872   12.875629 ^ _119_/Y (sg13g2_nor2b_1)
                                                         _060_ (net)
                      0.039645    0.000015   12.875645 ^ _234_/D (sg13g2_dfrbpq_1)
                                             12.875645   data arrival time

                                 62.500000   62.500000   clock fclk_in (rise edge)
                                  0.000000   62.500000   clock source latency
     7    0.030238    0.044654    0.024947   62.524948 ^ fclk_in (in)
                                                         fclk_in (net)
                      0.044673    0.000000   62.524948 ^ _234_/CLK (sg13g2_dfrbpq_1)
                                 -0.250000   62.274952   clock uncertainty
                                  0.000000   62.274952   clock reconvergence pessimism
                                 -0.115498   62.159454   library setup time
                                             62.159454   data required time
---------------------------------------------------------------------------------------------
                                             62.159454   data required time
                                            -12.875645   data arrival time
---------------------------------------------------------------------------------------------
                                             49.283806   slack (MET)


Startpoint: En (input port clocked by fclk_in)
Endpoint: _239_ (rising edge-triggered flip-flop clocked by fclk_in)
Path Group: fclk_in
Path Type: max

Fanout         Cap        Slew       Delay        Time   Description
---------------------------------------------------------------------------------------------
                                  0.000000    0.000000   clock fclk_in (rise edge)
                                  0.000000    0.000000   clock network delay (propagated)
                                 12.500000   12.500000 ^ input external delay
     7    0.030092    0.044515    0.024968   12.524968 ^ En (in)
                                                         En (net)
                      0.044540    0.000000   12.524968 ^ _111_/A (sg13g2_nand4_1)
     3    0.009713    0.139139    0.136355   12.661323 v _111_/Y (sg13g2_nand4_1)
                                                         _070_ (net)
                      0.139139    0.000111   12.661434 v _117_/C (sg13g2_nor3_1)
     2    0.004955    0.118078    0.126587   12.788021 ^ _117_/Y (sg13g2_nor3_1)
                                                         _000_ (net)
                      0.118078    0.000017   12.788037 ^ _239_/D (sg13g2_dfrbpq_1)
                                             12.788037   data arrival time

                                 62.500000   62.500000   clock fclk_in (rise edge)
                                  0.000000   62.500000   clock source latency
     7    0.030238    0.044654    0.024954   62.524956 ^ fclk_in (in)
                                                         fclk_in (net)
                      0.044673    0.000000   62.524956 ^ _239_/CLK (sg13g2_dfrbpq_1)
                                 -0.250000   62.274960   clock uncertainty
                                  0.000000   62.274960   clock reconvergence pessimism
                                 -0.140862   62.134094   library setup time
                                             62.134094   data required time
---------------------------------------------------------------------------------------------
                                             62.134094   data required time
                                            -12.788037   data arrival time
---------------------------------------------------------------------------------------------
                                             49.346058   slack (MET)


Startpoint: En (input port clocked by fclk_in)
Endpoint: _238_ (rising edge-triggered flip-flop clocked by fclk_in)
Path Group: fclk_in
Path Type: max

Fanout         Cap        Slew       Delay        Time   Description
---------------------------------------------------------------------------------------------
                                  0.000000    0.000000   clock fclk_in (rise edge)
                                  0.000000    0.000000   clock network delay (propagated)
                                 12.500000   12.500000 ^ input external delay
     7    0.030092    0.044515    0.024968   12.524968 ^ En (in)
                                                         En (net)
                      0.044540    0.000000   12.524968 ^ _111_/A (sg13g2_nand4_1)
     3    0.009713    0.139139    0.136355   12.661323 v _111_/Y (sg13g2_nand4_1)
                                                         _070_ (net)
                      0.139139    0.000110   12.661433 v _112_/B (sg13g2_and2_1)
     1    0.001572    0.020621    0.111768   12.773202 v _112_/X (sg13g2_and2_1)
                                                         _064_ (net)
                      0.020621    0.000008   12.773210 v _238_/D (sg13g2_dfrbpq_1)
                                             12.773210   data arrival time

                                 62.500000   62.500000   clock fclk_in (rise edge)
                                  0.000000   62.500000   clock source latency
     7    0.030238    0.044654    0.024926   62.524929 ^ fclk_in (in)
                                                         fclk_in (net)
                      0.044671    0.000000   62.524929 ^ _238_/CLK (sg13g2_dfrbpq_1)
                                 -0.250000   62.274929   clock uncertainty
                                  0.000000   62.274929   clock reconvergence pessimism
                                 -0.106545   62.168385   library setup time
                                             62.168385   data required time
---------------------------------------------------------------------------------------------
                                             62.168385   data required time
                                            -12.773210   data arrival time
---------------------------------------------------------------------------------------------
                                             49.395172   slack (MET)


Startpoint: En (input port clocked by fclk_in)
Endpoint: _237_ (rising edge-triggered flip-flop clocked by fclk_in)
Path Group: fclk_in
Path Type: max

Fanout         Cap        Slew       Delay        Time   Description
---------------------------------------------------------------------------------------------
                                  0.000000    0.000000   clock fclk_in (rise edge)
                                  0.000000    0.000000   clock network delay (propagated)
                                 12.500000   12.500000 ^ input external delay
     7    0.030092    0.044515    0.024909   12.524909 ^ En (in)
                                                         En (net)
                      0.044536    0.000000   12.524909 ^ _110_/A (sg13g2_nand3_1)
     2    0.008275    0.094922    0.097899   12.622808 v _110_/Y (sg13g2_nand3_1)
                                                         _069_ (net)
                      0.094922    0.000037   12.622846 v _113_/B (sg13g2_xnor2_1)
     1    0.001625    0.033600    0.105880   12.728725 v _113_/Y (sg13g2_xnor2_1)
                                                         _063_ (net)
                      0.033600    0.000009   12.728734 v _237_/D (sg13g2_dfrbpq_1)
                                             12.728734   data arrival time

                                 62.500000   62.500000   clock fclk_in (rise edge)
                                  0.000000   62.500000   clock source latency
     7    0.030238    0.044654    0.025175   62.525177 ^ fclk_in (in)
                                                         fclk_in (net)
                      0.044722    0.000000   62.525177 ^ _237_/CLK (sg13g2_dfrbpq_1)
                                 -0.250000   62.275177   clock uncertainty
                                  0.000000   62.275177   clock reconvergence pessimism
                                 -0.111212   62.163963   library setup time
                                             62.163963   data required time
---------------------------------------------------------------------------------------------
                                             62.163963   data required time
                                            -12.728734   data arrival time
---------------------------------------------------------------------------------------------
                                             49.435230   slack (MET)


Startpoint: _234_ (rising edge-triggered flip-flop clocked by fclk_in)
Endpoint: fclk_samp (output port clocked by fclk_in)
Path Group: fclk_in
Path Type: max

Fanout         Cap        Slew       Delay        Time   Description
---------------------------------------------------------------------------------------------
                                  0.000000    0.000000   clock fclk_in (rise edge)
                                  0.000000    0.000000   clock source latency
     7    0.030238    0.044654    0.024949    0.024949 ^ fclk_in (in)
                                                         fclk_in (net)
                      0.044673    0.000000    0.024949 ^ _234_/CLK (sg13g2_dfrbpq_1)
     2    0.007784    0.032881    0.183433    0.208381 v _234_/Q (sg13g2_dfrbpq_1)
                                                         _001_ (net)
                      0.032881    0.000059    0.208440 v _104_/A (sg13g2_inv_1)
     5    0.023220    0.100157    0.091971    0.300411 ^ _104_/Y (sg13g2_inv_1)
                                                         fclk_samp (net)
                      0.100157    0.000000    0.300411 ^ fclk_samp (out)
                                              0.300411   data arrival time

                                 62.500000   62.500000   clock fclk_in (rise edge)
                                  0.000000   62.500000   clock network delay (propagated)
                                 -0.250000   62.250004   clock uncertainty
                                  0.000000   62.250004   clock reconvergence pessimism
                                -12.500000   49.750004   output external delay
                                             49.750004   data required time
---------------------------------------------------------------------------------------------
                                             49.750004   data required time
                                             -0.300411   data arrival time
---------------------------------------------------------------------------------------------
                                             49.449593   slack (MET)


Startpoint: En (input port clocked by fclk_in)
Endpoint: _236_ (rising edge-triggered flip-flop clocked by fclk_in)
Path Group: fclk_in
Path Type: max

Fanout         Cap        Slew       Delay        Time   Description
---------------------------------------------------------------------------------------------
                                  0.000000    0.000000   clock fclk_in (rise edge)
                                  0.000000    0.000000   clock network delay (propagated)
                                 12.500000   12.500000 ^ input external delay
     7    0.030092    0.044515    0.024909   12.524909 ^ En (in)
                                                         En (net)
                      0.044536    0.000000   12.524909 ^ _110_/A (sg13g2_nand3_1)
     2    0.008275    0.094922    0.097899   12.622808 v _110_/Y (sg13g2_nand3_1)
                                                         _069_ (net)
                      0.094922    0.000032   12.622840 v _115_/A (sg13g2_and2_1)
     1    0.001986    0.019962    0.091736   12.714576 v _115_/X (sg13g2_and2_1)
                                                         _062_ (net)
                      0.019962    0.000015   12.714591 v _236_/D (sg13g2_dfrbpq_1)
                                             12.714591   data arrival time

                                 62.500000   62.500000   clock fclk_in (rise edge)
                                  0.000000   62.500000   clock source latency
     7    0.030238    0.044654    0.025267   62.525269 ^ fclk_in (in)
                                                         fclk_in (net)
                      0.044729    0.000000   62.525269 ^ _236_/CLK (sg13g2_dfrbpq_1)
                                 -0.250000   62.275272   clock uncertainty
                                  0.000000   62.275272   clock reconvergence pessimism
                                 -0.106293   62.168980   library setup time
                                             62.168980   data required time
---------------------------------------------------------------------------------------------
                                             62.168980   data required time
                                            -12.714591   data arrival time
---------------------------------------------------------------------------------------------
                                             49.454391   slack (MET)


Startpoint: rst (input port clocked by fclk_in)
Endpoint: _234_ (recovery check against rising-edge clock fclk_in)
Path Group: asynchronous
Path Type: max

Fanout         Cap        Slew       Delay        Time   Description
---------------------------------------------------------------------------------------------
                                  0.000000    0.000000   clock fclk_in (rise edge)
                                  0.000000    0.000000   clock network delay (propagated)
                                 12.500000   12.500000 v input external delay
    32    0.127658    0.108190    0.084640   12.584640 v rst (in)
                                                         rst (net)
                      0.108361    0.000000   12.584640 v _202_/A (sg13g2_inv_1)
     1    0.005124    0.044648    0.058078   12.642717 ^ _202_/Y (sg13g2_inv_1)
                                                         _028_ (net)
                      0.044648    0.000021   12.642738 ^ _234_/RESET_B (sg13g2_dfrbpq_1)
                                             12.642738   data arrival time

                                 62.500000   62.500000   clock fclk_in (rise edge)
                                  0.000000   62.500000   clock source latency
     7    0.030238    0.044654    0.024947   62.524948 ^ fclk_in (in)
                                                         fclk_in (net)
                      0.044673    0.000000   62.524948 ^ _234_/CLK (sg13g2_dfrbpq_1)
                                 -0.250000   62.274952   clock uncertainty
                                  0.000000   62.274952   clock reconvergence pessimism
                                 -0.124088   62.150864   library recovery time
                                             62.150864   data required time
---------------------------------------------------------------------------------------------
                                             62.150864   data required time
                                            -12.642738   data arrival time
---------------------------------------------------------------------------------------------
                                             49.508125   slack (MET)


Startpoint: rst (input port clocked by fclk_in)
Endpoint: _238_ (recovery check against rising-edge clock fclk_in)
Path Group: asynchronous
Path Type: max

Fanout         Cap        Slew       Delay        Time   Description
---------------------------------------------------------------------------------------------
                                  0.000000    0.000000   clock fclk_in (rise edge)
                                  0.000000    0.000000   clock network delay (propagated)
                                 12.500000   12.500000 v input external delay
    32    0.127658    0.108190    0.084630   12.584630 v rst (in)
                                                         rst (net)
                      0.108360    0.000000   12.584630 v _206_/A (sg13g2_inv_1)
     1    0.005125    0.044650    0.058082   12.642712 ^ _206_/Y (sg13g2_inv_1)
                                                         _032_ (net)
                      0.044650    0.000021   12.642733 ^ _238_/RESET_B (sg13g2_dfrbpq_1)
                                             12.642733   data arrival time

                                 62.500000   62.500000   clock fclk_in (rise edge)
                                  0.000000   62.500000   clock source latency
     7    0.030238    0.044654    0.024926   62.524929 ^ fclk_in (in)
                                                         fclk_in (net)
                      0.044671    0.000000   62.524929 ^ _238_/CLK (sg13g2_dfrbpq_1)
                                 -0.250000   62.274929   clock uncertainty
                                  0.000000   62.274929   clock reconvergence pessimism
                                 -0.124089   62.150841   library recovery time
                                             62.150841   data required time
---------------------------------------------------------------------------------------------
                                             62.150841   data required time
                                            -12.642733   data arrival time
---------------------------------------------------------------------------------------------
                                             49.508106   slack (MET)


Startpoint: rst (input port clocked by fclk_in)
Endpoint: _239_ (recovery check against rising-edge clock fclk_in)
Path Group: asynchronous
Path Type: max

Fanout         Cap        Slew       Delay        Time   Description
---------------------------------------------------------------------------------------------
                                  0.000000    0.000000   clock fclk_in (rise edge)
                                  0.000000    0.000000   clock network delay (propagated)
                                 12.500000   12.500000 v input external delay
    32    0.127658    0.108190    0.084314   12.584313 v rst (in)
                                                         rst (net)
                      0.108331    0.000000   12.584313 v _207_/A (sg13g2_inv_1)
     1    0.005124    0.044642    0.058072   12.642385 ^ _207_/Y (sg13g2_inv_1)
                                                         _033_ (net)
                      0.044642    0.000021   12.642406 ^ _239_/RESET_B (sg13g2_dfrbpq_1)
                                             12.642406   data arrival time

                                 62.500000   62.500000   clock fclk_in (rise edge)
                                  0.000000   62.500000   clock source latency
     7    0.030238    0.044654    0.024954   62.524956 ^ fclk_in (in)
                                                         fclk_in (net)
                      0.044673    0.000000   62.524956 ^ _239_/CLK (sg13g2_dfrbpq_1)
                                 -0.250000   62.274960   clock uncertainty
                                  0.000000   62.274960   clock reconvergence pessimism
                                 -0.124087   62.150867   library recovery time
                                             62.150867   data required time
---------------------------------------------------------------------------------------------
                                             62.150867   data required time
                                            -12.642406   data arrival time
---------------------------------------------------------------------------------------------
                                             49.508461   slack (MET)


Startpoint: rst (input port clocked by fclk_in)
Endpoint: _236_ (recovery check against rising-edge clock fclk_in)
Path Group: asynchronous
Path Type: max

Fanout         Cap        Slew       Delay        Time   Description
---------------------------------------------------------------------------------------------
                                  0.000000    0.000000   clock fclk_in (rise edge)
                                  0.000000    0.000000   clock network delay (propagated)
                                 12.500000   12.500000 v input external delay
    32    0.127658    0.108190    0.083999   12.583999 v rst (in)
                                                         rst (net)
                      0.108304    0.000000   12.583999 v _204_/A (sg13g2_inv_1)
     1    0.005194    0.044867    0.058352   12.642350 ^ _204_/Y (sg13g2_inv_1)
                                                         _030_ (net)
                      0.044867    0.000025   12.642376 ^ _236_/RESET_B (sg13g2_dfrbpq_1)
                                             12.642376   data arrival time

                                 62.500000   62.500000   clock fclk_in (rise edge)
                                  0.000000   62.500000   clock source latency
     7    0.030238    0.044654    0.025267   62.525269 ^ fclk_in (in)
                                                         fclk_in (net)
                      0.044729    0.000000   62.525269 ^ _236_/CLK (sg13g2_dfrbpq_1)
                                 -0.250000   62.275272   clock uncertainty
                                  0.000000   62.275272   clock reconvergence pessimism
                                 -0.124147   62.151127   library recovery time
                                             62.151127   data required time
---------------------------------------------------------------------------------------------
                                             62.151127   data required time
                                            -12.642376   data arrival time
---------------------------------------------------------------------------------------------
                                             49.508751   slack (MET)


Startpoint: rst (input port clocked by fclk_in)
Endpoint: _235_ (recovery check against rising-edge clock fclk_in)
Path Group: asynchronous
Path Type: max

Fanout         Cap        Slew       Delay        Time   Description
---------------------------------------------------------------------------------------------
                                  0.000000    0.000000   clock fclk_in (rise edge)
                                  0.000000    0.000000   clock network delay (propagated)
                                 12.500000   12.500000 v input external delay
    32    0.127658    0.108190    0.083970   12.583970 v rst (in)
                                                         rst (net)
                      0.108302    0.000000   12.583970 v _203_/A (sg13g2_inv_1)
     1    0.005176    0.044807    0.058277   12.642246 ^ _203_/Y (sg13g2_inv_1)
                                                         _029_ (net)
                      0.044807    0.000024   12.642271 ^ _235_/RESET_B (sg13g2_dfrbpq_1)
                                             12.642271   data arrival time

                                 62.500000   62.500000   clock fclk_in (rise edge)
                                  0.000000   62.500000   clock source latency
     7    0.030238    0.044654    0.025274   62.525276 ^ fclk_in (in)
                                                         fclk_in (net)
                      0.044730    0.000000   62.525276 ^ _235_/CLK (sg13g2_dfrbpq_1)
                                 -0.250000   62.275280   clock uncertainty
                                  0.000000   62.275280   clock reconvergence pessimism
                                 -0.124129   62.151146   library recovery time
                                             62.151146   data required time
---------------------------------------------------------------------------------------------
                                             62.151146   data required time
                                            -12.642271   data arrival time
---------------------------------------------------------------------------------------------
                                             49.508873   slack (MET)


Startpoint: rst (input port clocked by fclk_in)
Endpoint: _237_ (recovery check against rising-edge clock fclk_in)
Path Group: asynchronous
Path Type: max

Fanout         Cap        Slew       Delay        Time   Description
---------------------------------------------------------------------------------------------
                                  0.000000    0.000000   clock fclk_in (rise edge)
                                  0.000000    0.000000   clock network delay (propagated)
                                 12.500000   12.500000 v input external delay
    32    0.127658    0.108190    0.083745   12.583745 v rst (in)
                                                         rst (net)
                      0.108285    0.000000   12.583745 v _205_/A (sg13g2_inv_1)
     1    0.005173    0.044795    0.058261   12.642006 ^ _205_/Y (sg13g2_inv_1)
                                                         _031_ (net)
                      0.044795    0.000024   12.642030 ^ _237_/RESET_B (sg13g2_dfrbpq_1)
                                             12.642030   data arrival time

                                 62.500000   62.500000   clock fclk_in (rise edge)
                                  0.000000   62.500000   clock source latency
     7    0.030238    0.044654    0.025175   62.525177 ^ fclk_in (in)
                                                         fclk_in (net)
                      0.044722    0.000000   62.525177 ^ _237_/CLK (sg13g2_dfrbpq_1)
                                 -0.250000   62.275177   clock uncertainty
                                  0.000000   62.275177   clock reconvergence pessimism
                                 -0.124126   62.151054   library recovery time
                                             62.151054   data required time
---------------------------------------------------------------------------------------------
                                             62.151054   data required time
                                            -12.642030   data arrival time
---------------------------------------------------------------------------------------------
                                             49.509026   slack (MET)


Startpoint: _239_ (rising edge-triggered flip-flop clocked by fclk_in)
Endpoint: fdac_clk (output port clocked by fclk_in)
Path Group: fclk_in
Path Type: max

Fanout         Cap        Slew       Delay        Time   Description
---------------------------------------------------------------------------------------------
                                  0.000000    0.000000   clock fclk_in (rise edge)
                                  0.000000    0.000000   clock source latency
     7    0.030238    0.044654    0.024957    0.024957 ^ fclk_in (in)
                                                         fclk_in (net)
                      0.044673    0.000000    0.024957 ^ _239_/CLK (sg13g2_dfrbpq_1)
     1    0.006000    0.036350    0.183477    0.208434 ^ _239_/Q (sg13g2_dfrbpq_1)
                                                         fdac_clk (net)
                      0.036350    0.000000    0.208434 ^ fdac_clk (out)
                                              0.208434   data arrival time

                                 62.500000   62.500000   clock fclk_in (rise edge)
                                  0.000000   62.500000   clock network delay (propagated)
                                 -0.250000   62.250004   clock uncertainty
                                  0.000000   62.250004   clock reconvergence pessimism
                                -12.500000   49.750004   output external delay
                                             49.750004   data required time
---------------------------------------------------------------------------------------------
                                             49.750004   data required time
                                             -0.208434   data arrival time
---------------------------------------------------------------------------------------------
                                             49.541569   slack (MET)


Startpoint: En (input port clocked by fclk_in)
Endpoint: _235_ (rising edge-triggered flip-flop clocked by fclk_in)
Path Group: fclk_in
Path Type: max

Fanout         Cap        Slew       Delay        Time   Description
---------------------------------------------------------------------------------------------
                                  0.000000    0.000000   clock fclk_in (rise edge)
                                  0.000000    0.000000   clock network delay (propagated)
                                 12.500000   12.500000 v input external delay
     7    0.029329    0.035332    0.020458   12.520458 v En (in)
                                                         En (net)
                      0.035346    0.000000   12.520458 v _116_/A (sg13g2_xor2_1)
     1    0.001815    0.041962    0.096113   12.616571 v _116_/X (sg13g2_xor2_1)
                                                         _061_ (net)
                      0.041962    0.000012   12.616583 v _235_/D (sg13g2_dfrbpq_1)
                                             12.616583   data arrival time

                                 62.500000   62.500000   clock fclk_in (rise edge)
                                  0.000000   62.500000   clock source latency
     7    0.030238    0.044654    0.025274   62.525276 ^ fclk_in (in)
                                                         fclk_in (net)
                      0.044730    0.000000   62.525276 ^ _235_/CLK (sg13g2_dfrbpq_1)
                                 -0.250000   62.275280   clock uncertainty
                                  0.000000   62.275280   clock reconvergence pessimism
                                 -0.114224   62.161053   library setup time
                                             62.161053   data required time
---------------------------------------------------------------------------------------------
                                             62.161053   data required time
                                            -12.616583   data arrival time
---------------------------------------------------------------------------------------------
                                             49.544468   slack (MET)



