
===========================================================================
report_checks -path_delay max (Setup)
============================================================================
======================= nom_fast_1p32V_m40C Corner ===================================

Startpoint: fclk_in (clock source 'fclk_in')
Endpoint: fclk_comp (output port clocked by fclk_in)
Path Group: fclk_in
Path Type: max

Fanout         Cap        Slew       Delay        Time   Description
---------------------------------------------------------------------------------------------
                      0.150000   31.250000   31.250000   clock fclk_in (fall edge)
     7    0.019006    0.019218    0.008804   31.258804 v fclk_in (in)
                                                         fclk_in (net)
                      0.019218    0.000000   31.258804 v _240_/A (sg13g2_buf_1)
     1    0.006000    0.019727    0.045599   31.304403 v _240_/X (sg13g2_buf_1)
                                                         fclk_comp (net)
                      0.019727    0.000000   31.304403 v fclk_comp (out)
                                             31.304403   data arrival time

                      0.150000   62.500000   62.500000   clock fclk_in (rise edge)
                                  0.000000   62.500000   clock network delay (ideal)
                                 -0.250000   62.250004   clock uncertainty
                                  0.000000   62.250004   clock reconvergence pessimism
                                -12.500000   49.750004   output external delay
                                             49.750004   data required time
---------------------------------------------------------------------------------------------
                                             49.750004   data required time
                                            -31.304403   data arrival time
---------------------------------------------------------------------------------------------
                                             18.445601   slack (MET)


Startpoint: En (input port clocked by fclk_in)
Endpoint: _234_ (rising edge-triggered flip-flop clocked by fclk_in)
Path Group: fclk_in
Path Type: max

Fanout         Cap        Slew       Delay        Time   Description
---------------------------------------------------------------------------------------------
                      0.150000    0.000000    0.000000   clock fclk_in (rise edge)
                                  0.000000    0.000000   clock network delay (ideal)
                                 12.500000   12.500000 ^ input external delay
     7    0.025228    0.027432    0.013547   12.513547 ^ En (in)
                                                         En (net)
                      0.027432    0.000000   12.513547 ^ _111_/A (sg13g2_nand4_1)
     3    0.008986    0.096654    0.088090   12.601638 v _111_/Y (sg13g2_nand4_1)
                                                         _070_ (net)
                      0.096654    0.000000   12.601638 v _118_/A2 (sg13g2_o21ai_1)
     1    0.002471    0.055254    0.071766   12.673403 ^ _118_/Y (sg13g2_o21ai_1)
                                                         _072_ (net)
                      0.055254    0.000000   12.673403 ^ _119_/B_N (sg13g2_nor2b_1)
     1    0.001496    0.023010    0.063751   12.737154 ^ _119_/Y (sg13g2_nor2b_1)
                                                         _060_ (net)
                      0.023010    0.000000   12.737154 ^ _234_/D (sg13g2_dfrbpq_1)
                                             12.737154   data arrival time

                      0.150000   62.500000   62.500000   clock fclk_in (rise edge)
                                  0.000000   62.500000   clock network delay (ideal)
                                 -0.250000   62.250004   clock uncertainty
                                  0.000000   62.250004   clock reconvergence pessimism
                                             62.250004 ^ _234_/CLK (sg13g2_dfrbpq_1)
                                 -0.062173   62.187832   library setup time
                                             62.187832   data required time
---------------------------------------------------------------------------------------------
                                             62.187832   data required time
                                            -12.737154   data arrival time
---------------------------------------------------------------------------------------------
                                             49.450676   slack (MET)


Startpoint: En (input port clocked by fclk_in)
Endpoint: _239_ (rising edge-triggered flip-flop clocked by fclk_in)
Path Group: fclk_in
Path Type: max

Fanout         Cap        Slew       Delay        Time   Description
---------------------------------------------------------------------------------------------
                      0.150000    0.000000    0.000000   clock fclk_in (rise edge)
                                  0.000000    0.000000   clock network delay (ideal)
                                 12.500000   12.500000 ^ input external delay
     7    0.025228    0.027432    0.013547   12.513547 ^ En (in)
                                                         En (net)
                      0.027432    0.000000   12.513547 ^ _111_/A (sg13g2_nand4_1)
     3    0.008986    0.096654    0.088090   12.601638 v _111_/Y (sg13g2_nand4_1)
                                                         _070_ (net)
                      0.096654    0.000000   12.601638 v _117_/C (sg13g2_nor3_1)
     2    0.004692    0.074864    0.078254   12.679892 ^ _117_/Y (sg13g2_nor3_1)
                                                         _000_ (net)
                      0.074864    0.000000   12.679892 ^ _239_/D (sg13g2_dfrbpq_1)
                                             12.679892   data arrival time

                      0.150000   62.500000   62.500000   clock fclk_in (rise edge)
                                  0.000000   62.500000   clock network delay (ideal)
                                 -0.250000   62.250004   clock uncertainty
                                  0.000000   62.250004   clock reconvergence pessimism
                                             62.250004 ^ _239_/CLK (sg13g2_dfrbpq_1)
                                 -0.074476   62.175533   library setup time
                                             62.175533   data required time
---------------------------------------------------------------------------------------------
                                             62.175533   data required time
                                            -12.679892   data arrival time
---------------------------------------------------------------------------------------------
                                             49.495640   slack (MET)


Startpoint: En (input port clocked by fclk_in)
Endpoint: _238_ (rising edge-triggered flip-flop clocked by fclk_in)
Path Group: fclk_in
Path Type: max

Fanout         Cap        Slew       Delay        Time   Description
---------------------------------------------------------------------------------------------
                      0.150000    0.000000    0.000000   clock fclk_in (rise edge)
                                  0.000000    0.000000   clock network delay (ideal)
                                 12.500000   12.500000 ^ input external delay
     7    0.025228    0.027432    0.013547   12.513547 ^ En (in)
                                                         En (net)
                      0.027432    0.000000   12.513547 ^ _111_/A (sg13g2_nand4_1)
     3    0.008986    0.096654    0.088090   12.601638 v _111_/Y (sg13g2_nand4_1)
                                                         _070_ (net)
                      0.096654    0.000000   12.601638 v _112_/B (sg13g2_and2_1)
     1    0.001523    0.014231    0.071381   12.673018 v _112_/X (sg13g2_and2_1)
                                                         _064_ (net)
                      0.014231    0.000000   12.673018 v _238_/D (sg13g2_dfrbpq_1)
                                             12.673018   data arrival time

                      0.150000   62.500000   62.500000   clock fclk_in (rise edge)
                                  0.000000   62.500000   clock network delay (ideal)
                                 -0.250000   62.250004   clock uncertainty
                                  0.000000   62.250004   clock reconvergence pessimism
                                             62.250004 ^ _238_/CLK (sg13g2_dfrbpq_1)
                                 -0.042695   62.207306   library setup time
                                             62.207306   data required time
---------------------------------------------------------------------------------------------
                                             62.207306   data required time
                                            -12.673018   data arrival time
---------------------------------------------------------------------------------------------
                                             49.534286   slack (MET)


Startpoint: _234_ (rising edge-triggered flip-flop clocked by fclk_in)
Endpoint: fclk_samp (output port clocked by fclk_in)
Path Group: fclk_in
Path Type: max

Fanout         Cap        Slew       Delay        Time   Description
---------------------------------------------------------------------------------------------
                      0.150000    0.000000    0.000000   clock fclk_in (rise edge)
                                  0.000000    0.000000   clock network delay (ideal)
                      0.150000    0.000000    0.000000 ^ _234_/CLK (sg13g2_dfrbpq_1)
     2    0.006086    0.020029    0.156583    0.156583 v _234_/Q (sg13g2_dfrbpq_1)
                                                         _001_ (net)
                      0.020029    0.000000    0.156583 v _104_/A (sg13g2_inv_1)
     5    0.019788    0.056222    0.051140    0.207723 ^ _104_/Y (sg13g2_inv_1)
                                                         fclk_samp (net)
                      0.056222    0.000000    0.207723 ^ fclk_samp (out)
                                              0.207723   data arrival time

                      0.150000   62.500000   62.500000   clock fclk_in (rise edge)
                                  0.000000   62.500000   clock network delay (ideal)
                                 -0.250000   62.250004   clock uncertainty
                                  0.000000   62.250004   clock reconvergence pessimism
                                -12.500000   49.750004   output external delay
                                             49.750004   data required time
---------------------------------------------------------------------------------------------
                                             49.750004   data required time
                                             -0.207723   data arrival time
---------------------------------------------------------------------------------------------
                                             49.542282   slack (MET)


Startpoint: En (input port clocked by fclk_in)
Endpoint: _237_ (rising edge-triggered flip-flop clocked by fclk_in)
Path Group: fclk_in
Path Type: max

Fanout         Cap        Slew       Delay        Time   Description
---------------------------------------------------------------------------------------------
                      0.150000    0.000000    0.000000   clock fclk_in (rise edge)
                                  0.000000    0.000000   clock network delay (ideal)
                                 12.500000   12.500000 ^ input external delay
     7    0.025228    0.027432    0.013547   12.513547 ^ En (in)
                                                         En (net)
                      0.027432    0.000000   12.513547 ^ _110_/A (sg13g2_nand3_1)
     2    0.008185    0.066107    0.065111   12.578657 v _110_/Y (sg13g2_nand3_1)
                                                         _069_ (net)
                      0.066107    0.000000   12.578657 v _113_/B (sg13g2_xnor2_1)
     1    0.001496    0.037813    0.047250   12.625908 ^ _113_/Y (sg13g2_xnor2_1)
                                                         _063_ (net)
                      0.037813    0.000000   12.625908 ^ _237_/D (sg13g2_dfrbpq_1)
                                             12.625908   data arrival time

                      0.150000   62.500000   62.500000   clock fclk_in (rise edge)
                                  0.000000   62.500000   clock network delay (ideal)
                                 -0.250000   62.250004   clock uncertainty
                                  0.000000   62.250004   clock reconvergence pessimism
                                             62.250004 ^ _237_/CLK (sg13g2_dfrbpq_1)
                                 -0.065685   62.184322   library setup time
                                             62.184322   data required time
---------------------------------------------------------------------------------------------
                                             62.184322   data required time
                                            -12.625908   data arrival time
---------------------------------------------------------------------------------------------
                                             49.558414   slack (MET)


Startpoint: En (input port clocked by fclk_in)
Endpoint: _236_ (rising edge-triggered flip-flop clocked by fclk_in)
Path Group: fclk_in
Path Type: max

Fanout         Cap        Slew       Delay        Time   Description
---------------------------------------------------------------------------------------------
                      0.150000    0.000000    0.000000   clock fclk_in (rise edge)
                                  0.000000    0.000000   clock network delay (ideal)
                                 12.500000   12.500000 ^ input external delay
     7    0.025228    0.027432    0.013547   12.513547 ^ En (in)
                                                         En (net)
                      0.027432    0.000000   12.513547 ^ _114_/A1 (sg13g2_a21o_1)
     1    0.002814    0.019445    0.064638   12.578185 ^ _114_/X (sg13g2_a21o_1)
                                                         _071_ (net)
                      0.019445    0.000000   12.578185 ^ _115_/B (sg13g2_and2_1)
     1    0.001496    0.015025    0.051202   12.629387 ^ _115_/X (sg13g2_and2_1)
                                                         _062_ (net)
                      0.015025    0.000000   12.629387 ^ _236_/D (sg13g2_dfrbpq_1)
                                             12.629387   data arrival time

                      0.150000   62.500000   62.500000   clock fclk_in (rise edge)
                                  0.000000   62.500000   clock network delay (ideal)
                                 -0.250000   62.250004   clock uncertainty
                                  0.000000   62.250004   clock reconvergence pessimism
                                             62.250004 ^ _236_/CLK (sg13g2_dfrbpq_1)
                                 -0.060278   62.189728   library setup time
                                             62.189728   data required time
---------------------------------------------------------------------------------------------
                                             62.189728   data required time
                                            -12.629387   data arrival time
---------------------------------------------------------------------------------------------
                                             49.560345   slack (MET)


Startpoint: _239_ (rising edge-triggered flip-flop clocked by fclk_in)
Endpoint: fdac_clk (output port clocked by fclk_in)
Path Group: fclk_in
Path Type: max

Fanout         Cap        Slew       Delay        Time   Description
---------------------------------------------------------------------------------------------
                      0.150000    0.000000    0.000000   clock fclk_in (rise edge)
                                  0.000000    0.000000   clock network delay (ideal)
                      0.150000    0.000000    0.000000 ^ _239_/CLK (sg13g2_dfrbpq_1)
     1    0.006000    0.023872    0.158301    0.158301 ^ _239_/Q (sg13g2_dfrbpq_1)
                                                         fdac_clk (net)
                      0.023872    0.000000    0.158301 ^ fdac_clk (out)
                                              0.158301   data arrival time

                      0.150000   62.500000   62.500000   clock fclk_in (rise edge)
                                  0.000000   62.500000   clock network delay (ideal)
                                 -0.250000   62.250004   clock uncertainty
                                  0.000000   62.250004   clock reconvergence pessimism
                                -12.500000   49.750004   output external delay
                                             49.750004   data required time
---------------------------------------------------------------------------------------------
                                             49.750004   data required time
                                             -0.158301   data arrival time
---------------------------------------------------------------------------------------------
                                             49.591702   slack (MET)


Startpoint: rst (input port clocked by fclk_in)
Endpoint: _234_ (recovery check against rising-edge clock fclk_in)
Path Group: asynchronous
Path Type: max

Fanout         Cap        Slew       Delay        Time   Description
---------------------------------------------------------------------------------------------
                      0.150000    0.000000    0.000000   clock fclk_in (rise edge)
                                  0.000000    0.000000   clock network delay (ideal)
                                 12.500000   12.500000 v input external delay
    32    0.096479    0.058425    0.044451   12.544450 v rst (in)
                                                         rst (net)
                      0.058425    0.000000   12.544450 v _202_/A (sg13g2_inv_1)
     1    0.005557    0.028143    0.032331   12.576781 ^ _202_/Y (sg13g2_inv_1)
                                                         _028_ (net)
                      0.028143    0.000000   12.576781 ^ _234_/RESET_B (sg13g2_dfrbpq_1)
                                             12.576781   data arrival time

                      0.150000   62.500000   62.500000   clock fclk_in (rise edge)
                                  0.000000   62.500000   clock network delay (ideal)
                                 -0.250000   62.250004   clock uncertainty
                                  0.000000   62.250004   clock reconvergence pessimism
                                             62.250004 ^ _234_/CLK (sg13g2_dfrbpq_1)
                                 -0.068227   62.181778   library recovery time
                                             62.181778   data required time
---------------------------------------------------------------------------------------------
                                             62.181778   data required time
                                            -12.576781   data arrival time
---------------------------------------------------------------------------------------------
                                             49.604996   slack (MET)


Startpoint: rst (input port clocked by fclk_in)
Endpoint: _235_ (recovery check against rising-edge clock fclk_in)
Path Group: asynchronous
Path Type: max

Fanout         Cap        Slew       Delay        Time   Description
---------------------------------------------------------------------------------------------
                      0.150000    0.000000    0.000000   clock fclk_in (rise edge)
                                  0.000000    0.000000   clock network delay (ideal)
                                 12.500000   12.500000 v input external delay
    32    0.096479    0.058425    0.044451   12.544450 v rst (in)
                                                         rst (net)
                      0.058425    0.000000   12.544450 v _203_/A (sg13g2_inv_1)
     1    0.005557    0.028143    0.032331   12.576781 ^ _203_/Y (sg13g2_inv_1)
                                                         _029_ (net)
                      0.028143    0.000000   12.576781 ^ _235_/RESET_B (sg13g2_dfrbpq_1)
                                             12.576781   data arrival time

                      0.150000   62.500000   62.500000   clock fclk_in (rise edge)
                                  0.000000   62.500000   clock network delay (ideal)
                                 -0.250000   62.250004   clock uncertainty
                                  0.000000   62.250004   clock reconvergence pessimism
                                             62.250004 ^ _235_/CLK (sg13g2_dfrbpq_1)
                                 -0.068227   62.181778   library recovery time
                                             62.181778   data required time
---------------------------------------------------------------------------------------------
                                             62.181778   data required time
                                            -12.576781   data arrival time
---------------------------------------------------------------------------------------------
                                             49.604996   slack (MET)


Startpoint: rst (input port clocked by fclk_in)
Endpoint: _236_ (recovery check against rising-edge clock fclk_in)
Path Group: asynchronous
Path Type: max

Fanout         Cap        Slew       Delay        Time   Description
---------------------------------------------------------------------------------------------
                      0.150000    0.000000    0.000000   clock fclk_in (rise edge)
                                  0.000000    0.000000   clock network delay (ideal)
                                 12.500000   12.500000 v input external delay
    32    0.096479    0.058425    0.044451   12.544450 v rst (in)
                                                         rst (net)
                      0.058425    0.000000   12.544450 v _204_/A (sg13g2_inv_1)
     1    0.005557    0.028143    0.032331   12.576781 ^ _204_/Y (sg13g2_inv_1)
                                                         _030_ (net)
                      0.028143    0.000000   12.576781 ^ _236_/RESET_B (sg13g2_dfrbpq_1)
                                             12.576781   data arrival time

                      0.150000   62.500000   62.500000   clock fclk_in (rise edge)
                                  0.000000   62.500000   clock network delay (ideal)
                                 -0.250000   62.250004   clock uncertainty
                                  0.000000   62.250004   clock reconvergence pessimism
                                             62.250004 ^ _236_/CLK (sg13g2_dfrbpq_1)
                                 -0.068227   62.181778   library recovery time
                                             62.181778   data required time
---------------------------------------------------------------------------------------------
                                             62.181778   data required time
                                            -12.576781   data arrival time
---------------------------------------------------------------------------------------------
                                             49.604996   slack (MET)


Startpoint: rst (input port clocked by fclk_in)
Endpoint: _237_ (recovery check against rising-edge clock fclk_in)
Path Group: asynchronous
Path Type: max

Fanout         Cap        Slew       Delay        Time   Description
---------------------------------------------------------------------------------------------
                      0.150000    0.000000    0.000000   clock fclk_in (rise edge)
                                  0.000000    0.000000   clock network delay (ideal)
                                 12.500000   12.500000 v input external delay
    32    0.096479    0.058425    0.044451   12.544450 v rst (in)
                                                         rst (net)
                      0.058425    0.000000   12.544450 v _205_/A (sg13g2_inv_1)
     1    0.005557    0.028143    0.032331   12.576781 ^ _205_/Y (sg13g2_inv_1)
                                                         _031_ (net)
                      0.028143    0.000000   12.576781 ^ _237_/RESET_B (sg13g2_dfrbpq_1)
                                             12.576781   data arrival time

                      0.150000   62.500000   62.500000   clock fclk_in (rise edge)
                                  0.000000   62.500000   clock network delay (ideal)
                                 -0.250000   62.250004   clock uncertainty
                                  0.000000   62.250004   clock reconvergence pessimism
                                             62.250004 ^ _237_/CLK (sg13g2_dfrbpq_1)
                                 -0.068227   62.181778   library recovery time
                                             62.181778   data required time
---------------------------------------------------------------------------------------------
                                             62.181778   data required time
                                            -12.576781   data arrival time
---------------------------------------------------------------------------------------------
                                             49.604996   slack (MET)


Startpoint: rst (input port clocked by fclk_in)
Endpoint: _238_ (recovery check against rising-edge clock fclk_in)
Path Group: asynchronous
Path Type: max

Fanout         Cap        Slew       Delay        Time   Description
---------------------------------------------------------------------------------------------
                      0.150000    0.000000    0.000000   clock fclk_in (rise edge)
                                  0.000000    0.000000   clock network delay (ideal)
                                 12.500000   12.500000 v input external delay
    32    0.096479    0.058425    0.044451   12.544450 v rst (in)
                                                         rst (net)
                      0.058425    0.000000   12.544450 v _206_/A (sg13g2_inv_1)
     1    0.005557    0.028143    0.032331   12.576781 ^ _206_/Y (sg13g2_inv_1)
                                                         _032_ (net)
                      0.028143    0.000000   12.576781 ^ _238_/RESET_B (sg13g2_dfrbpq_1)
                                             12.576781   data arrival time

                      0.150000   62.500000   62.500000   clock fclk_in (rise edge)
                                  0.000000   62.500000   clock network delay (ideal)
                                 -0.250000   62.250004   clock uncertainty
                                  0.000000   62.250004   clock reconvergence pessimism
                                             62.250004 ^ _238_/CLK (sg13g2_dfrbpq_1)
                                 -0.068227   62.181778   library recovery time
                                             62.181778   data required time
---------------------------------------------------------------------------------------------
                                             62.181778   data required time
                                            -12.576781   data arrival time
---------------------------------------------------------------------------------------------
                                             49.604996   slack (MET)


Startpoint: rst (input port clocked by fclk_in)
Endpoint: _239_ (recovery check against rising-edge clock fclk_in)
Path Group: asynchronous
Path Type: max

Fanout         Cap        Slew       Delay        Time   Description
---------------------------------------------------------------------------------------------
                      0.150000    0.000000    0.000000   clock fclk_in (rise edge)
                                  0.000000    0.000000   clock network delay (ideal)
                                 12.500000   12.500000 v input external delay
    32    0.096479    0.058425    0.044451   12.544450 v rst (in)
                                                         rst (net)
                      0.058425    0.000000   12.544450 v _207_/A (sg13g2_inv_1)
     1    0.005557    0.028143    0.032331   12.576781 ^ _207_/Y (sg13g2_inv_1)
                                                         _033_ (net)
                      0.028143    0.000000   12.576781 ^ _239_/RESET_B (sg13g2_dfrbpq_1)
                                             12.576781   data arrival time

                      0.150000   62.500000   62.500000   clock fclk_in (rise edge)
                                  0.000000   62.500000   clock network delay (ideal)
                                 -0.250000   62.250004   clock uncertainty
                                  0.000000   62.250004   clock reconvergence pessimism
                                             62.250004 ^ _239_/CLK (sg13g2_dfrbpq_1)
                                 -0.068227   62.181778   library recovery time
                                             62.181778   data required time
---------------------------------------------------------------------------------------------
                                             62.181778   data required time
                                            -12.576781   data arrival time
---------------------------------------------------------------------------------------------
                                             49.604996   slack (MET)


Startpoint: En (input port clocked by fclk_in)
Endpoint: _235_ (rising edge-triggered flip-flop clocked by fclk_in)
Path Group: fclk_in
Path Type: max

Fanout         Cap        Slew       Delay        Time   Description
---------------------------------------------------------------------------------------------
                      0.150000    0.000000    0.000000   clock fclk_in (rise edge)
                                  0.000000    0.000000   clock network delay (ideal)
                                 12.500000   12.500000 ^ input external delay
     7    0.025228    0.027432    0.013547   12.513547 ^ En (in)
                                                         En (net)
                      0.027432    0.000000   12.513547 ^ _116_/A (sg13g2_xor2_1)
     1    0.001496    0.028091    0.055579   12.569125 ^ _116_/X (sg13g2_xor2_1)
                                                         _061_ (net)
                      0.028091    0.000000   12.569125 ^ _235_/D (sg13g2_dfrbpq_1)
                                             12.569125   data arrival time

                      0.150000   62.500000   62.500000   clock fclk_in (rise edge)
                                  0.000000   62.500000   clock network delay (ideal)
                                 -0.250000   62.250004   clock uncertainty
                                  0.000000   62.250004   clock reconvergence pessimism
                                             62.250004 ^ _235_/CLK (sg13g2_dfrbpq_1)
                                 -0.063379   62.186623   library setup time
                                             62.186623   data required time
---------------------------------------------------------------------------------------------
                                             62.186623   data required time
                                            -12.569125   data arrival time
---------------------------------------------------------------------------------------------
                                             49.617500   slack (MET)



