+ define_corners nom_fast_1p32V_m40C
Reading timing models for corner nom_fast_1p32V_m40C…
Reading cell library for the 'nom_fast_1p32V_m40C' corner at '/opt/pdks/ihp-sg13g2/libs.ref/sg13g2_stdcell/lib/sg13g2_stdcell_fast_1p32V_m40C.lib'…
Reading cell library for the 'nom_fast_1p32V_m40C' corner at '/opt/pdks/ihp-sg13g2/libs.ref/sg13g2_io/lib/sg13g2_io_fast_1p32V_3p6V_m40C.lib'…
Reading top-level netlist at '/home/designer/shared/SAR_ADC_8BIT_IHP/librelane/sar_algo/runs/RUN_2026-04-03_07-12-32/06-yosys-synthesis/sar_algo.nl.v'…
Linking design 'sar_algo' from netlist…
Reading design constraints file at '/nix/store/8h87vsa3wlidvqi062p0312chxkh8ihd-python3.13-librelane-3.0.0.dev47/lib/python3.13/site-packages/librelane/scripts/base.sdc'…
[INFO] Using clock fclk_in…
[INFO] Setting output delay to: 12.5
[INFO] Setting input delay to: 12.5
[INFO] Setting load to: 0.006
[INFO] Setting clock uncertainty to: 0.25
[INFO] Setting clock transition to: 0.15
[INFO] Setting timing derate to: 5%
%OL_CREATE_REPORT min.rpt

===========================================================================
report_checks -path_delay min (Hold)
============================================================================
======================= nom_fast_1p32V_m40C Corner ===================================

Startpoint: _238_ (rising edge-triggered flip-flop clocked by fclk_in)
Endpoint: _239_ (rising edge-triggered flip-flop clocked by fclk_in)
Path Group: fclk_in
Path Type: min

Fanout         Cap        Slew       Delay        Time   Description
---------------------------------------------------------------------------------------------
                      0.150000    0.000000    0.000000   clock fclk_in (rise edge)
                                  0.000000    0.000000   clock network delay (ideal)
                      0.150000    0.000000    0.000000 ^ _238_/CLK (sg13g2_dfrbpq_1)
     3    0.009598    0.032675    0.165100    0.165100 ^ _238_/Q (sg13g2_dfrbpq_1)
                                                         cnt[3] (net)
                      0.032675    0.000000    0.165100 ^ _117_/A (sg13g2_nor3_1)
     2    0.004541    0.020205    0.031461    0.196561 v _117_/Y (sg13g2_nor3_1)
                                                         _000_ (net)
                      0.020205    0.000000    0.196561 v _239_/D (sg13g2_dfrbpq_1)
                                              0.196561   data arrival time

                      0.150000    0.000000    0.000000   clock fclk_in (rise edge)
                                  0.000000    0.000000   clock network delay (ideal)
                                  0.250000    0.250000   clock uncertainty
                                  0.000000    0.250000   clock reconvergence pessimism
                                              0.250000 ^ _239_/CLK (sg13g2_dfrbpq_1)
                                 -0.001484    0.248516   library hold time
                                              0.248516   data required time
---------------------------------------------------------------------------------------------
                                              0.248516   data required time
                                             -0.196561   data arrival time
---------------------------------------------------------------------------------------------
                                             -0.051954   slack (VIOLATED)


Startpoint: _237_ (rising edge-triggered flip-flop clocked by fclk_in)
Endpoint: _237_ (rising edge-triggered flip-flop clocked by fclk_in)
Path Group: fclk_in
Path Type: min

Fanout         Cap        Slew       Delay        Time   Description
---------------------------------------------------------------------------------------------
                      0.150000    0.000000    0.000000   clock fclk_in (rise edge)
                                  0.000000    0.000000   clock network delay (ideal)
                      0.150000    0.000000    0.000000 ^ _237_/CLK (sg13g2_dfrbpq_1)
     2    0.009241    0.026215    0.161799    0.161799 v _237_/Q (sg13g2_dfrbpq_1)
                                                         cnt[2] (net)
                      0.026215    0.000000    0.161799 v _113_/A (sg13g2_xnor2_1)
     1    0.001523    0.018174    0.038870    0.200669 v _113_/Y (sg13g2_xnor2_1)
                                                         _063_ (net)
                      0.018174    0.000000    0.200669 v _237_/D (sg13g2_dfrbpq_1)
                                              0.200669   data arrival time

                      0.150000    0.000000    0.000000   clock fclk_in (rise edge)
                                  0.000000    0.000000   clock network delay (ideal)
                                  0.250000    0.250000   clock uncertainty
                                  0.000000    0.250000   clock reconvergence pessimism
                                              0.250000 ^ _237_/CLK (sg13g2_dfrbpq_1)
                                 -0.001009    0.248991   library hold time
                                              0.248991   data required time
---------------------------------------------------------------------------------------------
                                              0.248991   data required time
                                             -0.200669   data arrival time
---------------------------------------------------------------------------------------------
                                             -0.048322   slack (VIOLATED)


Startpoint: _238_ (rising edge-triggered flip-flop clocked by fclk_in)
Endpoint: _238_ (rising edge-triggered flip-flop clocked by fclk_in)
Path Group: fclk_in
Path Type: min

Fanout         Cap        Slew       Delay        Time   Description
---------------------------------------------------------------------------------------------
                      0.150000    0.000000    0.000000   clock fclk_in (rise edge)
                                  0.000000    0.000000   clock network delay (ideal)
                      0.150000    0.000000    0.000000 ^ _238_/CLK (sg13g2_dfrbpq_1)
     3    0.009677    0.027068    0.162518    0.162518 v _238_/Q (sg13g2_dfrbpq_1)
                                                         cnt[3] (net)
                      0.027068    0.000000    0.162518 v _112_/A (sg13g2_and2_1)
     1    0.001523    0.011388    0.043105    0.205623 v _112_/X (sg13g2_and2_1)
                                                         _064_ (net)
                      0.011388    0.000000    0.205623 v _238_/D (sg13g2_dfrbpq_1)
                                              0.205623   data arrival time

                      0.150000    0.000000    0.000000   clock fclk_in (rise edge)
                                  0.000000    0.000000   clock network delay (ideal)
                                  0.250000    0.250000   clock uncertainty
                                  0.000000    0.250000   clock reconvergence pessimism
                                              0.250000 ^ _238_/CLK (sg13g2_dfrbpq_1)
                                  0.000580    0.250580   library hold time
                                              0.250580   data required time
---------------------------------------------------------------------------------------------
                                              0.250580   data required time
                                             -0.205623   data arrival time
---------------------------------------------------------------------------------------------
                                             -0.044957   slack (VIOLATED)


Startpoint: _235_ (rising edge-triggered flip-flop clocked by fclk_in)
Endpoint: _235_ (rising edge-triggered flip-flop clocked by fclk_in)
Path Group: fclk_in
Path Type: min

Fanout         Cap        Slew       Delay        Time   Description
---------------------------------------------------------------------------------------------
                      0.150000    0.000000    0.000000   clock fclk_in (rise edge)
                                  0.000000    0.000000   clock network delay (ideal)
                      0.150000    0.000000    0.000000 ^ _235_/CLK (sg13g2_dfrbpq_1)
     4    0.014555    0.036631    0.170582    0.170582 v _235_/Q (sg13g2_dfrbpq_1)
                                                         cnt[0] (net)
                      0.036631    0.000000    0.170582 v _116_/B (sg13g2_xor2_1)
     1    0.001523    0.015605    0.035992    0.206574 v _116_/X (sg13g2_xor2_1)
                                                         _061_ (net)
                      0.015605    0.000000    0.206574 v _235_/D (sg13g2_dfrbpq_1)
                                              0.206574   data arrival time

                      0.150000    0.000000    0.000000   clock fclk_in (rise edge)
                                  0.000000    0.000000   clock network delay (ideal)
                                  0.250000    0.250000   clock uncertainty
                                  0.000000    0.250000   clock reconvergence pessimism
                                              0.250000 ^ _235_/CLK (sg13g2_dfrbpq_1)
                                 -0.000407    0.249593   library hold time
                                              0.249593   data required time
---------------------------------------------------------------------------------------------
                                              0.249593   data required time
                                             -0.206574   data arrival time
---------------------------------------------------------------------------------------------
                                             -0.043018   slack (VIOLATED)


Startpoint: _238_ (rising edge-triggered flip-flop clocked by fclk_in)
Endpoint: _234_ (rising edge-triggered flip-flop clocked by fclk_in)
Path Group: fclk_in
Path Type: min

Fanout         Cap        Slew       Delay        Time   Description
---------------------------------------------------------------------------------------------
                      0.150000    0.000000    0.000000   clock fclk_in (rise edge)
                                  0.000000    0.000000   clock network delay (ideal)
                      0.150000    0.000000    0.000000 ^ _238_/CLK (sg13g2_dfrbpq_1)
     3    0.009598    0.032675    0.165100    0.165100 ^ _238_/Q (sg13g2_dfrbpq_1)
                                                         cnt[3] (net)
                      0.032675    0.000000    0.165100 ^ _118_/A1 (sg13g2_o21ai_1)
     1    0.002427    0.021318    0.041467    0.206567 v _118_/Y (sg13g2_o21ai_1)
                                                         _072_ (net)
                      0.021318    0.000000    0.206567 v _119_/B_N (sg13g2_nor2b_1)
     1    0.001523    0.013732    0.043231    0.249797 v _119_/Y (sg13g2_nor2b_1)
                                                         _060_ (net)
                      0.013732    0.000000    0.249797 v _234_/D (sg13g2_dfrbpq_1)
                                              0.249797   data arrival time

                      0.150000    0.000000    0.000000   clock fclk_in (rise edge)
                                  0.000000    0.000000   clock network delay (ideal)
                                  0.250000    0.250000   clock uncertainty
                                  0.000000    0.250000   clock reconvergence pessimism
                                              0.250000 ^ _234_/CLK (sg13g2_dfrbpq_1)
                                  0.000031    0.250031   library hold time
                                              0.250031   data required time
---------------------------------------------------------------------------------------------
                                              0.250031   data required time
                                             -0.249797   data arrival time
---------------------------------------------------------------------------------------------
                                             -0.000234   slack (VIOLATED)


Startpoint: _236_ (rising edge-triggered flip-flop clocked by fclk_in)
Endpoint: _236_ (rising edge-triggered flip-flop clocked by fclk_in)
Path Group: fclk_in
Path Type: min

Fanout         Cap        Slew       Delay        Time   Description
---------------------------------------------------------------------------------------------
                      0.150000    0.000000    0.000000   clock fclk_in (rise edge)
                                  0.000000    0.000000   clock network delay (ideal)
                      0.150000    0.000000    0.000000 ^ _236_/CLK (sg13g2_dfrbpq_1)
     3    0.008979    0.025700    0.161365    0.161365 v _236_/Q (sg13g2_dfrbpq_1)
                                                         cnt[1] (net)
                      0.025700    0.000000    0.161365 v _114_/B1 (sg13g2_a21o_1)
     1    0.002672    0.015065    0.050441    0.211806 v _114_/X (sg13g2_a21o_1)
                                                         _071_ (net)
                      0.015065    0.000000    0.211806 v _115_/B (sg13g2_and2_1)
     1    0.001523    0.011313    0.042648    0.254454 v _115_/X (sg13g2_and2_1)
                                                         _062_ (net)
                      0.011313    0.000000    0.254454 v _236_/D (sg13g2_dfrbpq_1)
                                              0.254454   data arrival time

                      0.150000    0.000000    0.000000   clock fclk_in (rise edge)
                                  0.000000    0.000000   clock network delay (ideal)
                                  0.250000    0.250000   clock uncertainty
                                  0.000000    0.250000   clock reconvergence pessimism
                                              0.250000 ^ _236_/CLK (sg13g2_dfrbpq_1)
                                  0.000597    0.250597   library hold time
                                              0.250597   data required time
---------------------------------------------------------------------------------------------
                                              0.250597   data required time
                                             -0.254454   data arrival time
---------------------------------------------------------------------------------------------
                                              0.003857   slack (MET)


Startpoint: fclk_in (clock source 'fclk_in')
Endpoint: fclk_comp (output port clocked by fclk_in)
Path Group: fclk_in
Path Type: min

Fanout         Cap        Slew       Delay        Time   Description
---------------------------------------------------------------------------------------------
                      0.150000    0.000000    0.000000   clock fclk_in (rise edge)
     7    0.021610    0.025198    0.011605    0.011605 ^ fclk_in (in)
                                                         fclk_in (net)
                      0.025198    0.000000    0.011605 ^ _240_/A (sg13g2_buf_1)
     1    0.006000    0.023121    0.047282    0.058886 ^ _240_/X (sg13g2_buf_1)
                                                         fclk_comp (net)
                      0.023121    0.000000    0.058886 ^ fclk_comp (out)
                                              0.058886   data arrival time

                      0.150000    0.000000    0.000000   clock fclk_in (rise edge)
                                  0.000000    0.000000   clock network delay (ideal)
                                  0.250000    0.250000   clock uncertainty
                                  0.000000    0.250000   clock reconvergence pessimism
                                -12.500000  -12.250000   output external delay
                                            -12.250000   data required time
---------------------------------------------------------------------------------------------
                                            -12.250000   data required time
                                             -0.058886   data arrival time
---------------------------------------------------------------------------------------------
                                             12.308886   slack (MET)


Startpoint: rst (input port clocked by fclk_in)
Endpoint: _234_ (removal check against rising-edge clock fclk_in)
Path Group: asynchronous
Path Type: min

Fanout         Cap        Slew       Delay        Time   Description
---------------------------------------------------------------------------------------------
                      0.150000    0.000000    0.000000   clock fclk_in (rise edge)
                                  0.000000    0.000000   clock network delay (ideal)
                                 12.500000   12.500000 v input external delay
    32    0.096479    0.058425    0.044451   12.544450 v rst (in)
                                                         rst (net)
                      0.058425    0.000000   12.544450 v _202_/A (sg13g2_inv_1)
     1    0.005557    0.028143    0.032331   12.576781 ^ _202_/Y (sg13g2_inv_1)
                                                         _028_ (net)
                      0.028143    0.000000   12.576781 ^ _234_/RESET_B (sg13g2_dfrbpq_1)
                                             12.576781   data arrival time

                      0.150000    0.000000    0.000000   clock fclk_in (rise edge)
                                  0.000000    0.000000   clock network delay (ideal)
                                  0.250000    0.250000   clock uncertainty
                                  0.000000    0.250000   clock reconvergence pessimism
                                              0.250000 ^ _234_/CLK (sg13g2_dfrbpq_1)
                                 -0.056058    0.193942   library removal time
                                              0.193942   data required time
---------------------------------------------------------------------------------------------
                                              0.193942   data required time
                                            -12.576781   data arrival time
---------------------------------------------------------------------------------------------
                                             12.382838   slack (MET)


Startpoint: rst (input port clocked by fclk_in)
Endpoint: _235_ (removal check against rising-edge clock fclk_in)
Path Group: asynchronous
Path Type: min

Fanout         Cap        Slew       Delay        Time   Description
---------------------------------------------------------------------------------------------
                      0.150000    0.000000    0.000000   clock fclk_in (rise edge)
                                  0.000000    0.000000   clock network delay (ideal)
                                 12.500000   12.500000 v input external delay
    32    0.096479    0.058425    0.044451   12.544450 v rst (in)
                                                         rst (net)
                      0.058425    0.000000   12.544450 v _203_/A (sg13g2_inv_1)
     1    0.005557    0.028143    0.032331   12.576781 ^ _203_/Y (sg13g2_inv_1)
                                                         _029_ (net)
                      0.028143    0.000000   12.576781 ^ _235_/RESET_B (sg13g2_dfrbpq_1)
                                             12.576781   data arrival time

                      0.150000    0.000000    0.000000   clock fclk_in (rise edge)
                                  0.000000    0.000000   clock network delay (ideal)
                                  0.250000    0.250000   clock uncertainty
                                  0.000000    0.250000   clock reconvergence pessimism
                                              0.250000 ^ _235_/CLK (sg13g2_dfrbpq_1)
                                 -0.056058    0.193942   library removal time
                                              0.193942   data required time
---------------------------------------------------------------------------------------------
                                              0.193942   data required time
                                            -12.576781   data arrival time
---------------------------------------------------------------------------------------------
                                             12.382838   slack (MET)


Startpoint: rst (input port clocked by fclk_in)
Endpoint: _236_ (removal check against rising-edge clock fclk_in)
Path Group: asynchronous
Path Type: min

Fanout         Cap        Slew       Delay        Time   Description
---------------------------------------------------------------------------------------------
                      0.150000    0.000000    0.000000   clock fclk_in (rise edge)
                                  0.000000    0.000000   clock network delay (ideal)
                                 12.500000   12.500000 v input external delay
    32    0.096479    0.058425    0.044451   12.544450 v rst (in)
                                                         rst (net)
                      0.058425    0.000000   12.544450 v _204_/A (sg13g2_inv_1)
     1    0.005557    0.028143    0.032331   12.576781 ^ _204_/Y (sg13g2_inv_1)
                                                         _030_ (net)
                      0.028143    0.000000   12.576781 ^ _236_/RESET_B (sg13g2_dfrbpq_1)
                                             12.576781   data arrival time

                      0.150000    0.000000    0.000000   clock fclk_in (rise edge)
                                  0.000000    0.000000   clock network delay (ideal)
                                  0.250000    0.250000   clock uncertainty
                                  0.000000    0.250000   clock reconvergence pessimism
                                              0.250000 ^ _236_/CLK (sg13g2_dfrbpq_1)
                                 -0.056058    0.193942   library removal time
                                              0.193942   data required time
---------------------------------------------------------------------------------------------
                                              0.193942   data required time
                                            -12.576781   data arrival time
---------------------------------------------------------------------------------------------
                                             12.382838   slack (MET)


Startpoint: rst (input port clocked by fclk_in)
Endpoint: _237_ (removal check against rising-edge clock fclk_in)
Path Group: asynchronous
Path Type: min

Fanout         Cap        Slew       Delay        Time   Description
---------------------------------------------------------------------------------------------
                      0.150000    0.000000    0.000000   clock fclk_in (rise edge)
                                  0.000000    0.000000   clock network delay (ideal)
                                 12.500000   12.500000 v input external delay
    32    0.096479    0.058425    0.044451   12.544450 v rst (in)
                                                         rst (net)
                      0.058425    0.000000   12.544450 v _205_/A (sg13g2_inv_1)
     1    0.005557    0.028143    0.032331   12.576781 ^ _205_/Y (sg13g2_inv_1)
                                                         _031_ (net)
                      0.028143    0.000000   12.576781 ^ _237_/RESET_B (sg13g2_dfrbpq_1)
                                             12.576781   data arrival time

                      0.150000    0.000000    0.000000   clock fclk_in (rise edge)
                                  0.000000    0.000000   clock network delay (ideal)
                                  0.250000    0.250000   clock uncertainty
                                  0.000000    0.250000   clock reconvergence pessimism
                                              0.250000 ^ _237_/CLK (sg13g2_dfrbpq_1)
                                 -0.056058    0.193942   library removal time
                                              0.193942   data required time
---------------------------------------------------------------------------------------------
                                              0.193942   data required time
                                            -12.576781   data arrival time
---------------------------------------------------------------------------------------------
                                             12.382838   slack (MET)


Startpoint: rst (input port clocked by fclk_in)
Endpoint: _238_ (removal check against rising-edge clock fclk_in)
Path Group: asynchronous
Path Type: min

Fanout         Cap        Slew       Delay        Time   Description
---------------------------------------------------------------------------------------------
                      0.150000    0.000000    0.000000   clock fclk_in (rise edge)
                                  0.000000    0.000000   clock network delay (ideal)
                                 12.500000   12.500000 v input external delay
    32    0.096479    0.058425    0.044451   12.544450 v rst (in)
                                                         rst (net)
                      0.058425    0.000000   12.544450 v _206_/A (sg13g2_inv_1)
     1    0.005557    0.028143    0.032331   12.576781 ^ _206_/Y (sg13g2_inv_1)
                                                         _032_ (net)
                      0.028143    0.000000   12.576781 ^ _238_/RESET_B (sg13g2_dfrbpq_1)
                                             12.576781   data arrival time

                      0.150000    0.000000    0.000000   clock fclk_in (rise edge)
                                  0.000000    0.000000   clock network delay (ideal)
                                  0.250000    0.250000   clock uncertainty
                                  0.000000    0.250000   clock reconvergence pessimism
                                              0.250000 ^ _238_/CLK (sg13g2_dfrbpq_1)
                                 -0.056058    0.193942   library removal time
                                              0.193942   data required time
---------------------------------------------------------------------------------------------
                                              0.193942   data required time
                                            -12.576781   data arrival time
---------------------------------------------------------------------------------------------
                                             12.382838   slack (MET)


Startpoint: rst (input port clocked by fclk_in)
Endpoint: _239_ (removal check against rising-edge clock fclk_in)
Path Group: asynchronous
Path Type: min

Fanout         Cap        Slew       Delay        Time   Description
---------------------------------------------------------------------------------------------
                      0.150000    0.000000    0.000000   clock fclk_in (rise edge)
                                  0.000000    0.000000   clock network delay (ideal)
                                 12.500000   12.500000 v input external delay
    32    0.096479    0.058425    0.044451   12.544450 v rst (in)
                                                         rst (net)
                      0.058425    0.000000   12.544450 v _207_/A (sg13g2_inv_1)
     1    0.005557    0.028143    0.032331   12.576781 ^ _207_/Y (sg13g2_inv_1)
                                                         _033_ (net)
                      0.028143    0.000000   12.576781 ^ _239_/RESET_B (sg13g2_dfrbpq_1)
                                             12.576781   data arrival time

                      0.150000    0.000000    0.000000   clock fclk_in (rise edge)
                                  0.000000    0.000000   clock network delay (ideal)
                                  0.250000    0.250000   clock uncertainty
                                  0.000000    0.250000   clock reconvergence pessimism
                                              0.250000 ^ _239_/CLK (sg13g2_dfrbpq_1)
                                 -0.056058    0.193942   library removal time
                                              0.193942   data required time
---------------------------------------------------------------------------------------------
                                              0.193942   data required time
                                            -12.576781   data arrival time
---------------------------------------------------------------------------------------------
                                             12.382838   slack (MET)


Startpoint: _239_ (rising edge-triggered flip-flop clocked by fclk_in)
Endpoint: fdac_clk (output port clocked by fclk_in)
Path Group: fclk_in
Path Type: min

Fanout         Cap        Slew       Delay        Time   Description
---------------------------------------------------------------------------------------------
                      0.150000    0.000000    0.000000   clock fclk_in (rise edge)
                                  0.000000    0.000000   clock network delay (ideal)
                      0.150000    0.000000    0.000000 ^ _239_/CLK (sg13g2_dfrbpq_1)
     1    0.006000    0.019860    0.156440    0.156440 v _239_/Q (sg13g2_dfrbpq_1)
                                                         fdac_clk (net)
                      0.019860    0.000000    0.156440 v fdac_clk (out)
                                              0.156440   data arrival time

                      0.150000    0.000000    0.000000   clock fclk_in (rise edge)
                                  0.000000    0.000000   clock network delay (ideal)
                                  0.250000    0.250000   clock uncertainty
                                  0.000000    0.250000   clock reconvergence pessimism
                                -12.500000  -12.250000   output external delay
                                            -12.250000   data required time
---------------------------------------------------------------------------------------------
                                            -12.250000   data required time
                                             -0.156440   data arrival time
---------------------------------------------------------------------------------------------
                                             12.406440   slack (MET)


Startpoint: _234_ (rising edge-triggered flip-flop clocked by fclk_in)
Endpoint: fclk_samp (output port clocked by fclk_in)
Path Group: fclk_in
Path Type: min

Fanout         Cap        Slew       Delay        Time   Description
---------------------------------------------------------------------------------------------
                      0.150000    0.000000    0.000000   clock fclk_in (rise edge)
                                  0.000000    0.000000   clock network delay (ideal)
                      0.150000    0.000000    0.000000 ^ _234_/CLK (sg13g2_dfrbpq_1)
     2    0.006404    0.024861    0.159065    0.159065 ^ _234_/Q (sg13g2_dfrbpq_1)
                                                         _001_ (net)
                      0.024861    0.000000    0.159065 ^ _104_/A (sg13g2_inv_1)
     5    0.019247    0.045159    0.047479    0.206544 v _104_/Y (sg13g2_inv_1)
                                                         fclk_samp (net)
                      0.045159    0.000000    0.206544 v fclk_samp (out)
                                              0.206544   data arrival time

                      0.150000    0.000000    0.000000   clock fclk_in (rise edge)
                                  0.000000    0.000000   clock network delay (ideal)
                                  0.250000    0.250000   clock uncertainty
                                  0.000000    0.250000   clock reconvergence pessimism
                                -12.500000  -12.250000   output external delay
                                            -12.250000   data required time
---------------------------------------------------------------------------------------------
                                            -12.250000   data required time
                                             -0.206544   data arrival time
---------------------------------------------------------------------------------------------
                                             12.456544   slack (MET)



%OL_END_REPORT
%OL_CREATE_REPORT max.rpt

===========================================================================
report_checks -path_delay max (Setup)
============================================================================
======================= nom_fast_1p32V_m40C Corner ===================================

Startpoint: fclk_in (clock source 'fclk_in')
Endpoint: fclk_comp (output port clocked by fclk_in)
Path Group: fclk_in
Path Type: max

Fanout         Cap        Slew       Delay        Time   Description
---------------------------------------------------------------------------------------------
                      0.150000   31.250000   31.250000   clock fclk_in (fall edge)
     7    0.019006    0.019218    0.008804   31.258804 v fclk_in (in)
                                                         fclk_in (net)
                      0.019218    0.000000   31.258804 v _240_/A (sg13g2_buf_1)
     1    0.006000    0.019727    0.045599   31.304403 v _240_/X (sg13g2_buf_1)
                                                         fclk_comp (net)
                      0.019727    0.000000   31.304403 v fclk_comp (out)
                                             31.304403   data arrival time

                      0.150000   62.500000   62.500000   clock fclk_in (rise edge)
                                  0.000000   62.500000   clock network delay (ideal)
                                 -0.250000   62.250004   clock uncertainty
                                  0.000000   62.250004   clock reconvergence pessimism
                                -12.500000   49.750004   output external delay
                                             49.750004   data required time
---------------------------------------------------------------------------------------------
                                             49.750004   data required time
                                            -31.304403   data arrival time
---------------------------------------------------------------------------------------------
                                             18.445601   slack (MET)


Startpoint: En (input port clocked by fclk_in)
Endpoint: _234_ (rising edge-triggered flip-flop clocked by fclk_in)
Path Group: fclk_in
Path Type: max

Fanout         Cap        Slew       Delay        Time   Description
---------------------------------------------------------------------------------------------
                      0.150000    0.000000    0.000000   clock fclk_in (rise edge)
                                  0.000000    0.000000   clock network delay (ideal)
                                 12.500000   12.500000 ^ input external delay
     7    0.025228    0.027432    0.013547   12.513547 ^ En (in)
                                                         En (net)
                      0.027432    0.000000   12.513547 ^ _111_/A (sg13g2_nand4_1)
     3    0.008986    0.096654    0.088090   12.601638 v _111_/Y (sg13g2_nand4_1)
                                                         _070_ (net)
                      0.096654    0.000000   12.601638 v _118_/A2 (sg13g2_o21ai_1)
     1    0.002471    0.055254    0.071766   12.673403 ^ _118_/Y (sg13g2_o21ai_1)
                                                         _072_ (net)
                      0.055254    0.000000   12.673403 ^ _119_/B_N (sg13g2_nor2b_1)
     1    0.001496    0.023010    0.063751   12.737154 ^ _119_/Y (sg13g2_nor2b_1)
                                                         _060_ (net)
                      0.023010    0.000000   12.737154 ^ _234_/D (sg13g2_dfrbpq_1)
                                             12.737154   data arrival time

                      0.150000   62.500000   62.500000   clock fclk_in (rise edge)
                                  0.000000   62.500000   clock network delay (ideal)
                                 -0.250000   62.250004   clock uncertainty
                                  0.000000   62.250004   clock reconvergence pessimism
                                             62.250004 ^ _234_/CLK (sg13g2_dfrbpq_1)
                                 -0.062173   62.187832   library setup time
                                             62.187832   data required time
---------------------------------------------------------------------------------------------
                                             62.187832   data required time
                                            -12.737154   data arrival time
---------------------------------------------------------------------------------------------
                                             49.450676   slack (MET)


Startpoint: En (input port clocked by fclk_in)
Endpoint: _239_ (rising edge-triggered flip-flop clocked by fclk_in)
Path Group: fclk_in
Path Type: max

Fanout         Cap        Slew       Delay        Time   Description
---------------------------------------------------------------------------------------------
                      0.150000    0.000000    0.000000   clock fclk_in (rise edge)
                                  0.000000    0.000000   clock network delay (ideal)
                                 12.500000   12.500000 ^ input external delay
     7    0.025228    0.027432    0.013547   12.513547 ^ En (in)
                                                         En (net)
                      0.027432    0.000000   12.513547 ^ _111_/A (sg13g2_nand4_1)
     3    0.008986    0.096654    0.088090   12.601638 v _111_/Y (sg13g2_nand4_1)
                                                         _070_ (net)
                      0.096654    0.000000   12.601638 v _117_/C (sg13g2_nor3_1)
     2    0.004692    0.074864    0.078254   12.679892 ^ _117_/Y (sg13g2_nor3_1)
                                                         _000_ (net)
                      0.074864    0.000000   12.679892 ^ _239_/D (sg13g2_dfrbpq_1)
                                             12.679892   data arrival time

                      0.150000   62.500000   62.500000   clock fclk_in (rise edge)
                                  0.000000   62.500000   clock network delay (ideal)
                                 -0.250000   62.250004   clock uncertainty
                                  0.000000   62.250004   clock reconvergence pessimism
                                             62.250004 ^ _239_/CLK (sg13g2_dfrbpq_1)
                                 -0.074476   62.175533   library setup time
                                             62.175533   data required time
---------------------------------------------------------------------------------------------
                                             62.175533   data required time
                                            -12.679892   data arrival time
---------------------------------------------------------------------------------------------
                                             49.495640   slack (MET)


Startpoint: En (input port clocked by fclk_in)
Endpoint: _238_ (rising edge-triggered flip-flop clocked by fclk_in)
Path Group: fclk_in
Path Type: max

Fanout         Cap        Slew       Delay        Time   Description
---------------------------------------------------------------------------------------------
                      0.150000    0.000000    0.000000   clock fclk_in (rise edge)
                                  0.000000    0.000000   clock network delay (ideal)
                                 12.500000   12.500000 ^ input external delay
     7    0.025228    0.027432    0.013547   12.513547 ^ En (in)
                                                         En (net)
                      0.027432    0.000000   12.513547 ^ _111_/A (sg13g2_nand4_1)
     3    0.008986    0.096654    0.088090   12.601638 v _111_/Y (sg13g2_nand4_1)
                                                         _070_ (net)
                      0.096654    0.000000   12.601638 v _112_/B (sg13g2_and2_1)
     1    0.001523    0.014231    0.071381   12.673018 v _112_/X (sg13g2_and2_1)
                                                         _064_ (net)
                      0.014231    0.000000   12.673018 v _238_/D (sg13g2_dfrbpq_1)
                                             12.673018   data arrival time

                      0.150000   62.500000   62.500000   clock fclk_in (rise edge)
                                  0.000000   62.500000   clock network delay (ideal)
                                 -0.250000   62.250004   clock uncertainty
                                  0.000000   62.250004   clock reconvergence pessimism
                                             62.250004 ^ _238_/CLK (sg13g2_dfrbpq_1)
                                 -0.042695   62.207306   library setup time
                                             62.207306   data required time
---------------------------------------------------------------------------------------------
                                             62.207306   data required time
                                            -12.673018   data arrival time
---------------------------------------------------------------------------------------------
                                             49.534286   slack (MET)


Startpoint: _234_ (rising edge-triggered flip-flop clocked by fclk_in)
Endpoint: fclk_samp (output port clocked by fclk_in)
Path Group: fclk_in
Path Type: max

Fanout         Cap        Slew       Delay        Time   Description
---------------------------------------------------------------------------------------------
                      0.150000    0.000000    0.000000   clock fclk_in (rise edge)
                                  0.000000    0.000000   clock network delay (ideal)
                      0.150000    0.000000    0.000000 ^ _234_/CLK (sg13g2_dfrbpq_1)
     2    0.006086    0.020029    0.156583    0.156583 v _234_/Q (sg13g2_dfrbpq_1)
                                                         _001_ (net)
                      0.020029    0.000000    0.156583 v _104_/A (sg13g2_inv_1)
     5    0.019788    0.056222    0.051140    0.207723 ^ _104_/Y (sg13g2_inv_1)
                                                         fclk_samp (net)
                      0.056222    0.000000    0.207723 ^ fclk_samp (out)
                                              0.207723   data arrival time

                      0.150000   62.500000   62.500000   clock fclk_in (rise edge)
                                  0.000000   62.500000   clock network delay (ideal)
                                 -0.250000   62.250004   clock uncertainty
                                  0.000000   62.250004   clock reconvergence pessimism
                                -12.500000   49.750004   output external delay
                                             49.750004   data required time
---------------------------------------------------------------------------------------------
                                             49.750004   data required time
                                             -0.207723   data arrival time
---------------------------------------------------------------------------------------------
                                             49.542282   slack (MET)


Startpoint: En (input port clocked by fclk_in)
Endpoint: _237_ (rising edge-triggered flip-flop clocked by fclk_in)
Path Group: fclk_in
Path Type: max

Fanout         Cap        Slew       Delay        Time   Description
---------------------------------------------------------------------------------------------
                      0.150000    0.000000    0.000000   clock fclk_in (rise edge)
                                  0.000000    0.000000   clock network delay (ideal)
                                 12.500000   12.500000 ^ input external delay
     7    0.025228    0.027432    0.013547   12.513547 ^ En (in)
                                                         En (net)
                      0.027432    0.000000   12.513547 ^ _110_/A (sg13g2_nand3_1)
     2    0.008185    0.066107    0.065111   12.578657 v _110_/Y (sg13g2_nand3_1)
                                                         _069_ (net)
                      0.066107    0.000000   12.578657 v _113_/B (sg13g2_xnor2_1)
     1    0.001496    0.037813    0.047250   12.625908 ^ _113_/Y (sg13g2_xnor2_1)
                                                         _063_ (net)
                      0.037813    0.000000   12.625908 ^ _237_/D (sg13g2_dfrbpq_1)
                                             12.625908   data arrival time

                      0.150000   62.500000   62.500000   clock fclk_in (rise edge)
                                  0.000000   62.500000   clock network delay (ideal)
                                 -0.250000   62.250004   clock uncertainty
                                  0.000000   62.250004   clock reconvergence pessimism
                                             62.250004 ^ _237_/CLK (sg13g2_dfrbpq_1)
                                 -0.065685   62.184322   library setup time
                                             62.184322   data required time
---------------------------------------------------------------------------------------------
                                             62.184322   data required time
                                            -12.625908   data arrival time
---------------------------------------------------------------------------------------------
                                             49.558414   slack (MET)


Startpoint: En (input port clocked by fclk_in)
Endpoint: _236_ (rising edge-triggered flip-flop clocked by fclk_in)
Path Group: fclk_in
Path Type: max

Fanout         Cap        Slew       Delay        Time   Description
---------------------------------------------------------------------------------------------
                      0.150000    0.000000    0.000000   clock fclk_in (rise edge)
                                  0.000000    0.000000   clock network delay (ideal)
                                 12.500000   12.500000 ^ input external delay
     7    0.025228    0.027432    0.013547   12.513547 ^ En (in)
                                                         En (net)
                      0.027432    0.000000   12.513547 ^ _114_/A1 (sg13g2_a21o_1)
     1    0.002814    0.019445    0.064638   12.578185 ^ _114_/X (sg13g2_a21o_1)
                                                         _071_ (net)
                      0.019445    0.000000   12.578185 ^ _115_/B (sg13g2_and2_1)
     1    0.001496    0.015025    0.051202   12.629387 ^ _115_/X (sg13g2_and2_1)
                                                         _062_ (net)
                      0.015025    0.000000   12.629387 ^ _236_/D (sg13g2_dfrbpq_1)
                                             12.629387   data arrival time

                      0.150000   62.500000   62.500000   clock fclk_in (rise edge)
                                  0.000000   62.500000   clock network delay (ideal)
                                 -0.250000   62.250004   clock uncertainty
                                  0.000000   62.250004   clock reconvergence pessimism
                                             62.250004 ^ _236_/CLK (sg13g2_dfrbpq_1)
                                 -0.060278   62.189728   library setup time
                                             62.189728   data required time
---------------------------------------------------------------------------------------------
                                             62.189728   data required time
                                            -12.629387   data arrival time
---------------------------------------------------------------------------------------------
                                             49.560345   slack (MET)


Startpoint: _239_ (rising edge-triggered flip-flop clocked by fclk_in)
Endpoint: fdac_clk (output port clocked by fclk_in)
Path Group: fclk_in
Path Type: max

Fanout         Cap        Slew       Delay        Time   Description
---------------------------------------------------------------------------------------------
                      0.150000    0.000000    0.000000   clock fclk_in (rise edge)
                                  0.000000    0.000000   clock network delay (ideal)
                      0.150000    0.000000    0.000000 ^ _239_/CLK (sg13g2_dfrbpq_1)
     1    0.006000    0.023872    0.158301    0.158301 ^ _239_/Q (sg13g2_dfrbpq_1)
                                                         fdac_clk (net)
                      0.023872    0.000000    0.158301 ^ fdac_clk (out)
                                              0.158301   data arrival time

                      0.150000   62.500000   62.500000   clock fclk_in (rise edge)
                                  0.000000   62.500000   clock network delay (ideal)
                                 -0.250000   62.250004   clock uncertainty
                                  0.000000   62.250004   clock reconvergence pessimism
                                -12.500000   49.750004   output external delay
                                             49.750004   data required time
---------------------------------------------------------------------------------------------
                                             49.750004   data required time
                                             -0.158301   data arrival time
---------------------------------------------------------------------------------------------
                                             49.591702   slack (MET)


Startpoint: rst (input port clocked by fclk_in)
Endpoint: _234_ (recovery check against rising-edge clock fclk_in)
Path Group: asynchronous
Path Type: max

Fanout         Cap        Slew       Delay        Time   Description
---------------------------------------------------------------------------------------------
                      0.150000    0.000000    0.000000   clock fclk_in (rise edge)
                                  0.000000    0.000000   clock network delay (ideal)
                                 12.500000   12.500000 v input external delay
    32    0.096479    0.058425    0.044451   12.544450 v rst (in)
                                                         rst (net)
                      0.058425    0.000000   12.544450 v _202_/A (sg13g2_inv_1)
     1    0.005557    0.028143    0.032331   12.576781 ^ _202_/Y (sg13g2_inv_1)
                                                         _028_ (net)
                      0.028143    0.000000   12.576781 ^ _234_/RESET_B (sg13g2_dfrbpq_1)
                                             12.576781   data arrival time

                      0.150000   62.500000   62.500000   clock fclk_in (rise edge)
                                  0.000000   62.500000   clock network delay (ideal)
                                 -0.250000   62.250004   clock uncertainty
                                  0.000000   62.250004   clock reconvergence pessimism
                                             62.250004 ^ _234_/CLK (sg13g2_dfrbpq_1)
                                 -0.068227   62.181778   library recovery time
                                             62.181778   data required time
---------------------------------------------------------------------------------------------
                                             62.181778   data required time
                                            -12.576781   data arrival time
---------------------------------------------------------------------------------------------
                                             49.604996   slack (MET)


Startpoint: rst (input port clocked by fclk_in)
Endpoint: _235_ (recovery check against rising-edge clock fclk_in)
Path Group: asynchronous
Path Type: max

Fanout         Cap        Slew       Delay        Time   Description
---------------------------------------------------------------------------------------------
                      0.150000    0.000000    0.000000   clock fclk_in (rise edge)
                                  0.000000    0.000000   clock network delay (ideal)
                                 12.500000   12.500000 v input external delay
    32    0.096479    0.058425    0.044451   12.544450 v rst (in)
                                                         rst (net)
                      0.058425    0.000000   12.544450 v _203_/A (sg13g2_inv_1)
     1    0.005557    0.028143    0.032331   12.576781 ^ _203_/Y (sg13g2_inv_1)
                                                         _029_ (net)
                      0.028143    0.000000   12.576781 ^ _235_/RESET_B (sg13g2_dfrbpq_1)
                                             12.576781   data arrival time

                      0.150000   62.500000   62.500000   clock fclk_in (rise edge)
                                  0.000000   62.500000   clock network delay (ideal)
                                 -0.250000   62.250004   clock uncertainty
                                  0.000000   62.250004   clock reconvergence pessimism
                                             62.250004 ^ _235_/CLK (sg13g2_dfrbpq_1)
                                 -0.068227   62.181778   library recovery time
                                             62.181778   data required time
---------------------------------------------------------------------------------------------
                                             62.181778   data required time
                                            -12.576781   data arrival time
---------------------------------------------------------------------------------------------
                                             49.604996   slack (MET)


Startpoint: rst (input port clocked by fclk_in)
Endpoint: _236_ (recovery check against rising-edge clock fclk_in)
Path Group: asynchronous
Path Type: max

Fanout         Cap        Slew       Delay        Time   Description
---------------------------------------------------------------------------------------------
                      0.150000    0.000000    0.000000   clock fclk_in (rise edge)
                                  0.000000    0.000000   clock network delay (ideal)
                                 12.500000   12.500000 v input external delay
    32    0.096479    0.058425    0.044451   12.544450 v rst (in)
                                                         rst (net)
                      0.058425    0.000000   12.544450 v _204_/A (sg13g2_inv_1)
     1    0.005557    0.028143    0.032331   12.576781 ^ _204_/Y (sg13g2_inv_1)
                                                         _030_ (net)
                      0.028143    0.000000   12.576781 ^ _236_/RESET_B (sg13g2_dfrbpq_1)
                                             12.576781   data arrival time

                      0.150000   62.500000   62.500000   clock fclk_in (rise edge)
                                  0.000000   62.500000   clock network delay (ideal)
                                 -0.250000   62.250004   clock uncertainty
                                  0.000000   62.250004   clock reconvergence pessimism
                                             62.250004 ^ _236_/CLK (sg13g2_dfrbpq_1)
                                 -0.068227   62.181778   library recovery time
                                             62.181778   data required time
---------------------------------------------------------------------------------------------
                                             62.181778   data required time
                                            -12.576781   data arrival time
---------------------------------------------------------------------------------------------
                                             49.604996   slack (MET)


Startpoint: rst (input port clocked by fclk_in)
Endpoint: _237_ (recovery check against rising-edge clock fclk_in)
Path Group: asynchronous
Path Type: max

Fanout         Cap        Slew       Delay        Time   Description
---------------------------------------------------------------------------------------------
                      0.150000    0.000000    0.000000   clock fclk_in (rise edge)
                                  0.000000    0.000000   clock network delay (ideal)
                                 12.500000   12.500000 v input external delay
    32    0.096479    0.058425    0.044451   12.544450 v rst (in)
                                                         rst (net)
                      0.058425    0.000000   12.544450 v _205_/A (sg13g2_inv_1)
     1    0.005557    0.028143    0.032331   12.576781 ^ _205_/Y (sg13g2_inv_1)
                                                         _031_ (net)
                      0.028143    0.000000   12.576781 ^ _237_/RESET_B (sg13g2_dfrbpq_1)
                                             12.576781   data arrival time

                      0.150000   62.500000   62.500000   clock fclk_in (rise edge)
                                  0.000000   62.500000   clock network delay (ideal)
                                 -0.250000   62.250004   clock uncertainty
                                  0.000000   62.250004   clock reconvergence pessimism
                                             62.250004 ^ _237_/CLK (sg13g2_dfrbpq_1)
                                 -0.068227   62.181778   library recovery time
                                             62.181778   data required time
---------------------------------------------------------------------------------------------
                                             62.181778   data required time
                                            -12.576781   data arrival time
---------------------------------------------------------------------------------------------
                                             49.604996   slack (MET)


Startpoint: rst (input port clocked by fclk_in)
Endpoint: _238_ (recovery check against rising-edge clock fclk_in)
Path Group: asynchronous
Path Type: max

Fanout         Cap        Slew       Delay        Time   Description
---------------------------------------------------------------------------------------------
                      0.150000    0.000000    0.000000   clock fclk_in (rise edge)
                                  0.000000    0.000000   clock network delay (ideal)
                                 12.500000   12.500000 v input external delay
    32    0.096479    0.058425    0.044451   12.544450 v rst (in)
                                                         rst (net)
                      0.058425    0.000000   12.544450 v _206_/A (sg13g2_inv_1)
     1    0.005557    0.028143    0.032331   12.576781 ^ _206_/Y (sg13g2_inv_1)
                                                         _032_ (net)
                      0.028143    0.000000   12.576781 ^ _238_/RESET_B (sg13g2_dfrbpq_1)
                                             12.576781   data arrival time

                      0.150000   62.500000   62.500000   clock fclk_in (rise edge)
                                  0.000000   62.500000   clock network delay (ideal)
                                 -0.250000   62.250004   clock uncertainty
                                  0.000000   62.250004   clock reconvergence pessimism
                                             62.250004 ^ _238_/CLK (sg13g2_dfrbpq_1)
                                 -0.068227   62.181778   library recovery time
                                             62.181778   data required time
---------------------------------------------------------------------------------------------
                                             62.181778   data required time
                                            -12.576781   data arrival time
---------------------------------------------------------------------------------------------
                                             49.604996   slack (MET)


Startpoint: rst (input port clocked by fclk_in)
Endpoint: _239_ (recovery check against rising-edge clock fclk_in)
Path Group: asynchronous
Path Type: max

Fanout         Cap        Slew       Delay        Time   Description
---------------------------------------------------------------------------------------------
                      0.150000    0.000000    0.000000   clock fclk_in (rise edge)
                                  0.000000    0.000000   clock network delay (ideal)
                                 12.500000   12.500000 v input external delay
    32    0.096479    0.058425    0.044451   12.544450 v rst (in)
                                                         rst (net)
                      0.058425    0.000000   12.544450 v _207_/A (sg13g2_inv_1)
     1    0.005557    0.028143    0.032331   12.576781 ^ _207_/Y (sg13g2_inv_1)
                                                         _033_ (net)
                      0.028143    0.000000   12.576781 ^ _239_/RESET_B (sg13g2_dfrbpq_1)
                                             12.576781   data arrival time

                      0.150000   62.500000   62.500000   clock fclk_in (rise edge)
                                  0.000000   62.500000   clock network delay (ideal)
                                 -0.250000   62.250004   clock uncertainty
                                  0.000000   62.250004   clock reconvergence pessimism
                                             62.250004 ^ _239_/CLK (sg13g2_dfrbpq_1)
                                 -0.068227   62.181778   library recovery time
                                             62.181778   data required time
---------------------------------------------------------------------------------------------
                                             62.181778   data required time
                                            -12.576781   data arrival time
---------------------------------------------------------------------------------------------
                                             49.604996   slack (MET)


Startpoint: En (input port clocked by fclk_in)
Endpoint: _235_ (rising edge-triggered flip-flop clocked by fclk_in)
Path Group: fclk_in
Path Type: max

Fanout         Cap        Slew       Delay        Time   Description
---------------------------------------------------------------------------------------------
                      0.150000    0.000000    0.000000   clock fclk_in (rise edge)
                                  0.000000    0.000000   clock network delay (ideal)
                                 12.500000   12.500000 ^ input external delay
     7    0.025228    0.027432    0.013547   12.513547 ^ En (in)
                                                         En (net)
                      0.027432    0.000000   12.513547 ^ _116_/A (sg13g2_xor2_1)
     1    0.001496    0.028091    0.055579   12.569125 ^ _116_/X (sg13g2_xor2_1)
                                                         _061_ (net)
                      0.028091    0.000000   12.569125 ^ _235_/D (sg13g2_dfrbpq_1)
                                             12.569125   data arrival time

                      0.150000   62.500000   62.500000   clock fclk_in (rise edge)
                                  0.000000   62.500000   clock network delay (ideal)
                                 -0.250000   62.250004   clock uncertainty
                                  0.000000   62.250004   clock reconvergence pessimism
                                             62.250004 ^ _235_/CLK (sg13g2_dfrbpq_1)
                                 -0.063379   62.186623   library setup time
                                             62.186623   data required time
---------------------------------------------------------------------------------------------
                                             62.186623   data required time
                                            -12.569125   data arrival time
---------------------------------------------------------------------------------------------
                                             49.617500   slack (MET)



%OL_END_REPORT
%OL_CREATE_REPORT checks.rpt

===========================================================================
report_checks -unconstrained
===========================================================================
======================= nom_fast_1p32V_m40C Corner ===================================

Startpoint: rst (input port clocked by fclk_in)
Endpoint: _234_ (recovery check against rising-edge clock fclk_in)
Path Group: asynchronous
Path Type: max

Fanout         Cap        Slew       Delay        Time   Description
---------------------------------------------------------------------------------------------
                      0.150000    0.000000    0.000000   clock fclk_in (rise edge)
                                  0.000000    0.000000   clock network delay (ideal)
                                 12.500000   12.500000 v input external delay
    32    0.096479    0.058425    0.044451   12.544450 v rst (in)
                                                         rst (net)
                      0.058425    0.000000   12.544450 v _202_/A (sg13g2_inv_1)
     1    0.005557    0.028143    0.032331   12.576781 ^ _202_/Y (sg13g2_inv_1)
                                                         _028_ (net)
                      0.028143    0.000000   12.576781 ^ _234_/RESET_B (sg13g2_dfrbpq_1)
                                             12.576781   data arrival time

                      0.150000   62.500000   62.500000   clock fclk_in (rise edge)
                                  0.000000   62.500000   clock network delay (ideal)
                                 -0.250000   62.250004   clock uncertainty
                                  0.000000   62.250004   clock reconvergence pessimism
                                             62.250004 ^ _234_/CLK (sg13g2_dfrbpq_1)
                                 -0.068227   62.181778   library recovery time
                                             62.181778   data required time
---------------------------------------------------------------------------------------------
                                             62.181778   data required time
                                            -12.576781   data arrival time
---------------------------------------------------------------------------------------------
                                             49.604996   slack (MET)


Startpoint: fclk_in (clock source 'fclk_in')
Endpoint: fclk_comp (output port clocked by fclk_in)
Path Group: fclk_in
Path Type: max

Fanout         Cap        Slew       Delay        Time   Description
---------------------------------------------------------------------------------------------
                      0.150000   31.250000   31.250000   clock fclk_in (fall edge)
     7    0.019006    0.019218    0.008804   31.258804 v fclk_in (in)
                                                         fclk_in (net)
                      0.019218    0.000000   31.258804 v _240_/A (sg13g2_buf_1)
     1    0.006000    0.019727    0.045599   31.304403 v _240_/X (sg13g2_buf_1)
                                                         fclk_comp (net)
                      0.019727    0.000000   31.304403 v fclk_comp (out)
                                             31.304403   data arrival time

                      0.150000   62.500000   62.500000   clock fclk_in (rise edge)
                                  0.000000   62.500000   clock network delay (ideal)
                                 -0.250000   62.250004   clock uncertainty
                                  0.000000   62.250004   clock reconvergence pessimism
                                -12.500000   49.750004   output external delay
                                             49.750004   data required time
---------------------------------------------------------------------------------------------
                                             49.750004   data required time
                                            -31.304403   data arrival time
---------------------------------------------------------------------------------------------
                                             18.445601   slack (MET)




===========================================================================
report_checks --slack_max -0.01
============================================================================
======================= nom_fast_1p32V_m40C Corner ===================================

No paths found.


===========================================================================
 report_check_types -max_slew -max_cap -max_fanout -violators
============================================================================
======================= nom_fast_1p32V_m40C Corner ===================================

max fanout

Pin                                   Limit Fanout  Slack
---------------------------------------------------------
rst                                       8     32    -24 (VIOLATED)
clk_algo                                  8     26    -18 (VIOLATED)
_140_/Y                                   8     14     -6 (VIOLATED)
_121_/Y                                   8      9        (VIOLATED)



===========================================================================
report_parasitic_annotation -report_unannotated
============================================================================
Found 145 unannotated drivers.
 En
 Om
 Op
 VDD
 VSS
 clk_algo
 fclk_in
 rst
 _104_/Y
 _105_/Y
 _106_/Y
 _107_/Y
 _108_/Y
 _109_/Y
 _110_/Y
 _111_/Y
 _112_/X
 _113_/Y
 _114_/X
 _115_/X
 _116_/X
 _117_/Y
 _118_/Y
 _119_/Y
 _120_/Y
 _121_/Y
 _122_/Y
 _123_/X
 _124_/Y
 _125_/Y
 _126_/X
 _127_/Y
 _128_/Y
 _129_/Y
 _130_/Y
 _131_/Y
 _132_/Y
 _133_/Y
 _134_/X
 _135_/Y
 _136_/Y
 _137_/Y
 _138_/Y
 _139_/Y
 _140_/Y
 _141_/Y
 _142_/Y
 _143_/Y
 _144_/Y
 _145_/Y
 _146_/Y
 _147_/Y
 _148_/Y
 _149_/Y
 _150_/Y
 _151_/Y
 _152_/X
 _153_/Y
 _154_/X
 _155_/Y
 _156_/X
 _157_/X
 _158_/X
 _159_/X
 _160_/X
 _161_/Y
 _162_/Y
 _163_/X
 _164_/X
 _165_/Y
 _166_/Y
 _167_/X
 _168_/X
 _169_/X
 _170_/X
 _171_/Y
 _172_/Y
 _173_/X
 _174_/X
 _175_/Y
 _176_/Y
 _177_/Y
 _178_/Y
 _179_/Y
 _180_/Y
 _181_/Y
 _182_/Y
 _183_/Y
 _184_/Y
 _185_/Y
 _186_/Y
 _187_/Y
 _188_/Y
 _189_/Y
 _190_/Y
 _191_/Y
 _192_/Y
 _193_/Y
 _194_/Y
 _195_/Y
 _196_/Y
 _197_/Y
 _198_/Y
 _199_/Y
 _200_/Y
 _201_/Y
 _202_/Y
 _203_/Y
 _204_/Y
 _205_/Y
 _206_/Y
 _207_/Y
 _208_/Q
 _209_/Q
 _210_/Q
 _211_/Q
 _212_/Q
 _213_/Q
 _214_/Q
 _215_/Q
 _216_/Q
 _217_/Q
 _218_/Q
 _219_/Q
 _220_/Q
 _221_/Q
 _222_/Q
 _223_/Q
 _224_/Q
 _225_/Q
 _226_/Q
 _227_/Q
 _228_/Q
 _229_/Q
 _230_/Q
 _231_/Q
 _232_/Q
 _233_/Q
 _234_/Q
 _235_/Q
 _236_/Q
 _237_/Q
 _238_/Q
 _239_/Q
 _240_/X
Found 0 partially unannotated drivers.

===========================================================================
max slew violation count 0
%OL_METRIC_I design__max_slew_violation__count__corner:nom_fast_1p32V_m40C 0
max fanout violation count 4
%OL_METRIC_I design__max_fanout_violation__count__corner:nom_fast_1p32V_m40C 4
max cap violation count 0
%OL_METRIC_I design__max_cap_violation__count__corner:nom_fast_1p32V_m40C 0
============================================================================

===========================================================================
check_setup -verbose -unconstrained_endpoints -multiple_clock -no_clock -no_input_delay -loops -generated_clocks
===========================================================================
Warning: There are 26 unclocked register/latch pins.
  _208_/CLK
  _209_/CLK
  _210_/CLK
  _211_/CLK
  _212_/CLK
  _213_/CLK
  _214_/CLK
  _215_/CLK
  _216_/CLK
  _217_/CLK
  _218_/CLK
  _219_/CLK
  _220_/CLK
  _221_/CLK
  _222_/CLK
  _223_/CLK
  _224_/CLK
  _225_/CLK
  _226_/CLK
  _227_/CLK
  _228_/CLK
  _229_/CLK
  _230_/CLK
  _231_/CLK
  _232_/CLK
  _233_/CLK
Warning: There are 48 unconstrained endpoints.
  BN[0]
  BN[1]
  BN[2]
  BN[3]
  BN[4]
  BN[5]
  BN[6]
  B[0]
  B[1]
  B[2]
  B[3]
  B[4]
  B[5]
  B[6]
  D[0]
  D[1]
  D[2]
  D[3]
  D[4]
  D[5]
  D[6]
  D[7]
  _208_/D
  _209_/D
  _210_/D
  _211_/D
  _212_/D
  _213_/D
  _214_/D
  _215_/D
  _216_/D
  _217_/D
  _218_/D
  _219_/D
  _220_/D
  _221_/D
  _222_/D
  _223_/D
  _224_/D
  _225_/D
  _226_/D
  _227_/D
  _228_/D
  _229_/D
  _230_/D
  _231_/D
  _232_/D
  _233_/D
%OL_END_REPORT
%OL_CREATE_REPORT power.rpt

===========================================================================
 report_power
============================================================================
======================= nom_fast_1p32V_m40C Corner ===================================

Group                    Internal    Switching      Leakage        Total
                            Power        Power        Power        Power (Watts)
------------------------------------------------------------------------
Sequential           2.159679e-05 4.348573e-06 3.326512e-08 2.597863e-05  70.0%
Combinational        6.979124e-06 3.725095e-06 2.693366e-08 1.073115e-05  28.9%
Clock                2.357652e-07 1.672704e-07 2.034050e-10 4.032391e-07   1.1%
Macro                0.000000e+00 0.000000e+00 0.000000e+00 0.000000e+00   0.0%
Pad                  0.000000e+00 0.000000e+00 0.000000e+00 0.000000e+00   0.0%
------------------------------------------------------------------------
Total                2.881169e-05 8.240939e-06 6.040220e-08 3.711303e-05 100.0%
                            77.6%        22.2%         0.2%
%OL_METRIC_F power__internal__total 2.8811688025598414e-5
%OL_METRIC_F power__switching__total 8.240938768722117e-6
%OL_METRIC_F power__leakage__total 6.040220057457191e-8
%OL_METRIC_F power__total 3.711302633746527e-5

%OL_END_REPORT
%OL_CREATE_REPORT skew.min.rpt

===========================================================================
Clock Skew (Hold)
============================================================================
%OL_METRIC_F clock__skew__worst_hold__corner:nom_fast_1p32V_m40C -0.25
======================= nom_fast_1p32V_m40C Corner ===================================

Clock fclk_in
0.011605 source latency _234_/CLK ^
-0.011605 target latency _234_/CLK ^
-0.250000 clock uncertainty
0.000000 CRPR
--------------
-0.250000 hold skew

%OL_END_REPORT
%OL_CREATE_REPORT skew.max.rpt

===========================================================================
Clock Skew (Setup)
============================================================================
%OL_METRIC_F clock__skew__worst_setup__corner:nom_fast_1p32V_m40C 0.25
======================= nom_fast_1p32V_m40C Corner ===================================

Clock fclk_in
0.011605 source latency _234_/CLK ^
-0.011605 target latency _234_/CLK ^
0.250000 clock uncertainty
0.000000 CRPR
--------------
0.250000 setup skew

%OL_END_REPORT
%OL_CREATE_REPORT ws.min.rpt

===========================================================================
Worst Slack (Hold)
============================================================================
%OL_METRIC_F timing__hold__ws__corner:nom_fast_1p32V_m40C -0.05195430344105865
nom_fast_1p32V_m40C: -0.05195430344105865
%OL_END_REPORT
%OL_CREATE_REPORT ws.max.rpt

===========================================================================
Worst Slack (Setup)
============================================================================
%OL_METRIC_F timing__setup__ws__corner:nom_fast_1p32V_m40C 18.445601124167457
nom_fast_1p32V_m40C: 18.445601124167457
%OL_END_REPORT
%OL_CREATE_REPORT tns.min.rpt

===========================================================================
Total Negative Slack (Hold)
============================================================================
%OL_METRIC_F timing__hold__tns__corner:nom_fast_1p32V_m40C -0.18848524663438657
nom_fast_1p32V_m40C: -0.18848524663438657
%OL_END_REPORT
%OL_CREATE_REPORT tns.max.rpt

===========================================================================
Total Negative Slack (Setup)
============================================================================
%OL_METRIC_F timing__setup__tns__corner:nom_fast_1p32V_m40C 0.0
nom_fast_1p32V_m40C: 0.0
%OL_END_REPORT
%OL_CREATE_REPORT wns.min.rpt

===========================================================================
Worst Negative Slack (Hold)
============================================================================
%OL_METRIC_F timing__hold__wns__corner:nom_fast_1p32V_m40C -0.05195430344105865
nom_fast_1p32V_m40C: -0.05195430344105865
%OL_END_REPORT
%OL_CREATE_REPORT wns.max.rpt

===========================================================================
Worst Negative Slack (Setup)
============================================================================
%OL_METRIC_F timing__setup__wns__corner:nom_fast_1p32V_m40C 0.0
nom_fast_1p32V_m40C: 0.0
%OL_END_REPORT
%OL_CREATE_REPORT violator_list.rpt

===========================================================================
Violator List
============================================================================
[hold reg-reg] _238_/Q -> _239_/D : -0.051954
[hold reg-reg] _237_/Q -> _237_/D : -0.048322
[hold reg-reg] _238_/Q -> _238_/D : -0.044957
[hold reg-reg] _235_/Q -> _235_/D : -0.043018
[hold reg-reg] _238_/Q -> _234_/D : -0.000234
%OL_METRIC_I timing__hold_vio__count__corner:nom_fast_1p32V_m40C 5
%OL_METRIC_F timing__hold_r2r__ws__corner:nom_fast_1p32V_m40C -0.051954
%OL_METRIC_I timing__hold_r2r_vio__count__corner:nom_fast_1p32V_m40C 5
%OL_METRIC_I timing__setup_vio__count__corner:nom_fast_1p32V_m40C 0
%OL_METRIC_F timing__setup_r2r__ws__corner:nom_fast_1p32V_m40C inf
%OL_METRIC_I timing__setup_r2r_vio__count__corner:nom_fast_1p32V_m40C 0
%OL_END_REPORT
%OL_CREATE_REPORT unpropagated.rpt
fclk_in
%OL_END_REPORT
%OL_CREATE_REPORT clock.rpt
Clock: fclk_in
Sources: fclk_in 
Generated: no
Virtual: no
Propagated: no
Period: 62.500000

===========================================================================
report_clock_properties
============================================================================
Clock                   Period          Waveform
----------------------------------------------------
fclk_in              62.500000    0.000000 31.250000

===========================================================================
report_clock_latency
============================================================================
Clock fclk_in
rise -> rise
    min     max
0.000000 0.000000 source latency
0.011605         network latency _234_/CLK
        12.544543 network latency _208_/CLK
---------------
0.011605 12.544543 latency
        12.532939 skew

rise -> fall
    min     max
0.000000 0.000000 source latency
12.533279         network latency _208_/CLK
        12.533279 network latency _208_/CLK
---------------
12.533279 12.533279 latency
        0.000000 skew

fall -> fall
    min     max
0.000000 0.000000 source latency
0.008804         network latency _234_/CLK
        0.008804 network latency _234_/CLK
---------------
0.008804 0.008804 latency
        0.000000 skew



===========================================================================
report_clock_min_period
============================================================================
fclk_in period_min = 0.00 fmax = inf
%OL_END_REPORT
Writing SDF files for all corners…
