
===========================================================================
report_checks -path_delay max (Setup)
============================================================================
======================= nom_typ_1p20V_25C Corner ===================================

Startpoint: fclk_in (clock source 'fclk_in')
Endpoint: fclk_comp (output port clocked by fclk_in)
Path Group: fclk_in
Path Type: max

Fanout         Cap        Slew       Delay        Time   Description
---------------------------------------------------------------------------------------------
                                 31.250000   31.250000   clock fclk_in (fall edge)
                                  0.000000   31.250000   clock source latency
     2    0.042078    0.045349    0.029821   31.279821 v fclk_in (in)
                                                         fclk_in (net)
                      0.045493    0.000000   31.279821 v clkbuf_0_fclk_in/A (sg13g2_buf_16)
     1    0.018387    0.020349    0.078970   31.358791 v clkbuf_0_fclk_in/X (sg13g2_buf_16)
                                                         clknet_0_fclk_in (net)
                      0.020351    0.000334   31.359125 v clkbuf_1_0__f_fclk_in/A (sg13g2_buf_16)
     1    0.003752    0.016857    0.064443   31.423569 v clkbuf_1_0__f_fclk_in/X (sg13g2_buf_16)
                                                         clknet_1_0__leaf_fclk_in (net)
                      0.016857    0.000053   31.423622 v _240_/A (sg13g2_buf_1)
     1    0.003114    0.019904    0.057163   31.480785 v _240_/X (sg13g2_buf_1)
                                                         net28 (net)
                      0.019904    0.000032   31.480818 v output28/A (sg13g2_buf_1)
     1    0.006000    0.028935    0.065572   31.546389 v output28/X (sg13g2_buf_1)
                                                         fclk_comp (net)
                      0.028935    0.000000   31.546389 v fclk_comp (out)
                                             31.546389   data arrival time

                                 62.500000   62.500000   clock fclk_in (rise edge)
                                  0.000000   62.500000   clock network delay (propagated)
                                 -0.250000   62.250004   clock uncertainty
                                  0.000000   62.250004   clock reconvergence pessimism
                                -12.500000   49.750004   output external delay
                                             49.750004   data required time
---------------------------------------------------------------------------------------------
                                             49.750004   data required time
                                            -31.546389   data arrival time
---------------------------------------------------------------------------------------------
                                             18.203615   slack (MET)


Startpoint: _234_ (rising edge-triggered flip-flop clocked by fclk_in)
Endpoint: fclk_samp (output port clocked by fclk_in)
Path Group: fclk_in
Path Type: max

Fanout         Cap        Slew       Delay        Time   Description
---------------------------------------------------------------------------------------------
                                  0.000000    0.000000   clock fclk_in (rise edge)
                                  0.000000    0.000000   clock source latency
     2    0.043222    0.057443    0.035906    0.035906 ^ fclk_in (in)
                                                         fclk_in (net)
                      0.057534    0.000000    0.035906 ^ clkbuf_regs_0_fclk_in/A (sg13g2_buf_16)
     1    0.018526    0.020428    0.078225    0.114131 ^ clkbuf_regs_0_fclk_in/X (sg13g2_buf_16)
                                                         fclk_in_regs (net)
                      0.020429    0.000266    0.114398 ^ clkbuf_0_fclk_in_regs/A (sg13g2_buf_16)
     2    0.037495    0.022974    0.064003    0.178401 ^ clkbuf_0_fclk_in_regs/X (sg13g2_buf_16)
                                                         clknet_0_fclk_in_regs (net)
                      0.022975    0.000301    0.178702 ^ clkbuf_1_1__f_fclk_in_regs/A (sg13g2_buf_16)
     3    0.011427    0.017121    0.060137    0.238839 ^ clkbuf_1_1__f_fclk_in_regs/X (sg13g2_buf_16)
                                                         clknet_1_1__leaf_fclk_in_regs (net)
                      0.017121    0.000117    0.238956 ^ _234_/CLK (sg13g2_dfrbpq_1)
     2    0.007664    0.032520    0.169851    0.408807 v _234_/Q (sg13g2_dfrbpq_1)
                                                         _001_ (net)
                      0.032520    0.000051    0.408859 v _104_/A (sg13g2_inv_1)
     5    0.024713    0.105738    0.095944    0.504803 ^ _104_/Y (sg13g2_inv_1)
                                                         net29 (net)
                      0.105740    0.000319    0.505122 ^ output29/A (sg13g2_buf_1)
     1    0.006000    0.037693    0.100240    0.605363 ^ output29/X (sg13g2_buf_1)
                                                         fclk_samp (net)
                      0.037693    0.000000    0.605363 ^ fclk_samp (out)
                                              0.605363   data arrival time

                                 62.500000   62.500000   clock fclk_in (rise edge)
                                  0.000000   62.500000   clock network delay (propagated)
                                 -0.250000   62.250004   clock uncertainty
                                  0.000000   62.250004   clock reconvergence pessimism
                                -12.500000   49.750004   output external delay
                                             49.750004   data required time
---------------------------------------------------------------------------------------------
                                             49.750004   data required time
                                             -0.605363   data arrival time
---------------------------------------------------------------------------------------------
                                             49.144642   slack (MET)


Startpoint: _239_ (rising edge-triggered flip-flop clocked by fclk_in)
Endpoint: fdac_clk (output port clocked by fclk_in)
Path Group: fclk_in
Path Type: max

Fanout         Cap        Slew       Delay        Time   Description
---------------------------------------------------------------------------------------------
                                  0.000000    0.000000   clock fclk_in (rise edge)
                                  0.000000    0.000000   clock source latency
     2    0.043222    0.057443    0.035906    0.035906 ^ fclk_in (in)
                                                         fclk_in (net)
                      0.057534    0.000000    0.035906 ^ clkbuf_regs_0_fclk_in/A (sg13g2_buf_16)
     1    0.018526    0.020428    0.078225    0.114131 ^ clkbuf_regs_0_fclk_in/X (sg13g2_buf_16)
                                                         fclk_in_regs (net)
                      0.020429    0.000266    0.114398 ^ clkbuf_0_fclk_in_regs/A (sg13g2_buf_16)
     2    0.037495    0.022974    0.064003    0.178401 ^ clkbuf_0_fclk_in_regs/X (sg13g2_buf_16)
                                                         clknet_0_fclk_in_regs (net)
                      0.022975    0.000301    0.178702 ^ clkbuf_1_1__f_fclk_in_regs/A (sg13g2_buf_16)
     3    0.011427    0.017121    0.060137    0.238839 ^ clkbuf_1_1__f_fclk_in_regs/X (sg13g2_buf_16)
                                                         clknet_1_1__leaf_fclk_in_regs (net)
                      0.017121    0.000149    0.238988 ^ _239_/CLK (sg13g2_dfrbpq_1)
     1    0.003650    0.026561    0.163303    0.402290 ^ _239_/Q (sg13g2_dfrbpq_1)
                                                         net30 (net)
                      0.026561    0.000048    0.402339 ^ output30/A (sg13g2_buf_1)
     1    0.006000    0.034938    0.067757    0.470096 ^ output30/X (sg13g2_buf_1)
                                                         fdac_clk (net)
                      0.034938    0.000000    0.470096 ^ fdac_clk (out)
                                              0.470096   data arrival time

                                 62.500000   62.500000   clock fclk_in (rise edge)
                                  0.000000   62.500000   clock network delay (propagated)
                                 -0.250000   62.250004   clock uncertainty
                                  0.000000   62.250004   clock reconvergence pessimism
                                -12.500000   49.750004   output external delay
                                             49.750004   data required time
---------------------------------------------------------------------------------------------
                                             49.750004   data required time
                                             -0.470096   data arrival time
---------------------------------------------------------------------------------------------
                                             49.279911   slack (MET)


Startpoint: rst (input port clocked by fclk_in)
Endpoint: _236_ (recovery check against rising-edge clock fclk_in)
Path Group: asynchronous
Path Type: max

Fanout         Cap        Slew       Delay        Time   Description
---------------------------------------------------------------------------------------------
                                  0.000000    0.000000   clock fclk_in (rise edge)
                                  0.000000    0.000000   clock network delay (propagated)
                                 12.500000   12.500000 v input external delay
     1    0.004481    0.018240    0.003163   12.503162 v rst (in)
                                                         rst (net)
                      0.018240    0.000000   12.503162 v input5/A (sg13g2_buf_1)
     1    0.003153    0.020056    0.057843   12.561005 v input5/X (sg13g2_buf_1)
                                                         net5 (net)
                      0.020056    0.000034   12.561039 v fanout39/A (sg13g2_buf_1)
     4    0.019109    0.067192    0.097741   12.658780 v fanout39/X (sg13g2_buf_1)
                                                         net39 (net)
                      0.067192    0.000108   12.658889 v fanout35/A (sg13g2_buf_1)
     8    0.034524    0.112389    0.153876   12.812764 v fanout35/X (sg13g2_buf_1)
                                                         net35 (net)
                      0.112389    0.000201   12.812965 v fanout34/A (sg13g2_buf_1)
     8    0.032895    0.107804    0.167568   12.980534 v fanout34/X (sg13g2_buf_1)
                                                         net34 (net)
                      0.107804    0.000208   12.980742 v _204_/A (sg13g2_inv_1)
     1    0.005797    0.046822    0.060697   13.041438 ^ _204_/Y (sg13g2_inv_1)
                                                         _030_ (net)
                      0.046822    0.000056   13.041494 ^ _236_/RESET_B (sg13g2_dfrbpq_1)
                                             13.041494   data arrival time

                                 62.500000   62.500000   clock fclk_in (rise edge)
                                  0.000000   62.500000   clock source latency
     2    0.043222    0.057443    0.035904   62.535904 ^ fclk_in (in)
                                                         fclk_in (net)
                      0.057534    0.000000   62.535904 ^ clkbuf_regs_0_fclk_in/A (sg13g2_buf_16)
     1    0.018526    0.020428    0.078231   62.614136 ^ clkbuf_regs_0_fclk_in/X (sg13g2_buf_16)
                                                         fclk_in_regs (net)
                      0.020429    0.000263   62.614399 ^ clkbuf_0_fclk_in_regs/A (sg13g2_buf_16)
     2    0.037495    0.022974    0.064006   62.678406 ^ clkbuf_0_fclk_in_regs/X (sg13g2_buf_16)
                                                         clknet_0_fclk_in_regs (net)
                      0.022975    0.000348   62.678753 ^ clkbuf_1_0__f_fclk_in_regs/A (sg13g2_buf_16)
     3    0.011067    0.017050    0.060069   62.738823 ^ clkbuf_1_0__f_fclk_in_regs/X (sg13g2_buf_16)
                                                         clknet_1_0__leaf_fclk_in_regs (net)
                      0.017050    0.000085   62.738907 ^ _236_/CLK (sg13g2_dfrbpq_1)
                                 -0.250000   62.488911   clock uncertainty
                                  0.000000   62.488911   clock reconvergence pessimism
                                 -0.128650   62.360260   library recovery time
                                             62.360260   data required time
---------------------------------------------------------------------------------------------
                                             62.360260   data required time
                                            -13.041494   data arrival time
---------------------------------------------------------------------------------------------
                                             49.318764   slack (MET)


Startpoint: rst (input port clocked by fclk_in)
Endpoint: _235_ (recovery check against rising-edge clock fclk_in)
Path Group: asynchronous
Path Type: max

Fanout         Cap        Slew       Delay        Time   Description
---------------------------------------------------------------------------------------------
                                  0.000000    0.000000   clock fclk_in (rise edge)
                                  0.000000    0.000000   clock network delay (propagated)
                                 12.500000   12.500000 v input external delay
     1    0.004481    0.018240    0.003163   12.503162 v rst (in)
                                                         rst (net)
                      0.018240    0.000000   12.503162 v input5/A (sg13g2_buf_1)
     1    0.003153    0.020056    0.057843   12.561005 v input5/X (sg13g2_buf_1)
                                                         net5 (net)
                      0.020056    0.000034   12.561039 v fanout39/A (sg13g2_buf_1)
     4    0.019109    0.067192    0.097741   12.658780 v fanout39/X (sg13g2_buf_1)
                                                         net39 (net)
                      0.067192    0.000108   12.658889 v fanout35/A (sg13g2_buf_1)
     8    0.034524    0.112389    0.153876   12.812764 v fanout35/X (sg13g2_buf_1)
                                                         net35 (net)
                      0.112389    0.000201   12.812965 v fanout34/A (sg13g2_buf_1)
     8    0.032895    0.107804    0.167568   12.980534 v fanout34/X (sg13g2_buf_1)
                                                         net34 (net)
                      0.107804    0.000147   12.980680 v _203_/A (sg13g2_inv_1)
     1    0.005549    0.045973    0.059694   13.040375 ^ _203_/Y (sg13g2_inv_1)
                                                         _029_ (net)
                      0.045973    0.000044   13.040418 ^ _235_/RESET_B (sg13g2_dfrbpq_1)
                                             13.040418   data arrival time

                                 62.500000   62.500000   clock fclk_in (rise edge)
                                  0.000000   62.500000   clock source latency
     2    0.043222    0.057443    0.035904   62.535904 ^ fclk_in (in)
                                                         fclk_in (net)
                      0.057534    0.000000   62.535904 ^ clkbuf_regs_0_fclk_in/A (sg13g2_buf_16)
     1    0.018526    0.020428    0.078231   62.614136 ^ clkbuf_regs_0_fclk_in/X (sg13g2_buf_16)
                                                         fclk_in_regs (net)
                      0.020429    0.000263   62.614399 ^ clkbuf_0_fclk_in_regs/A (sg13g2_buf_16)
     2    0.037495    0.022974    0.064006   62.678406 ^ clkbuf_0_fclk_in_regs/X (sg13g2_buf_16)
                                                         clknet_0_fclk_in_regs (net)
                      0.022975    0.000348   62.678753 ^ clkbuf_1_0__f_fclk_in_regs/A (sg13g2_buf_16)
     3    0.011067    0.017050    0.060069   62.738823 ^ clkbuf_1_0__f_fclk_in_regs/X (sg13g2_buf_16)
                                                         clknet_1_0__leaf_fclk_in_regs (net)
                      0.017050    0.000128   62.738949 ^ _235_/CLK (sg13g2_dfrbpq_1)
                                 -0.250000   62.488953   clock uncertainty
                                  0.000000   62.488953   clock reconvergence pessimism
                                 -0.128391   62.360565   library recovery time
                                             62.360565   data required time
---------------------------------------------------------------------------------------------
                                             62.360565   data required time
                                            -13.040418   data arrival time
---------------------------------------------------------------------------------------------
                                             49.320148   slack (MET)


Startpoint: En (input port clocked by fclk_in)
Endpoint: _234_ (rising edge-triggered flip-flop clocked by fclk_in)
Path Group: fclk_in
Path Type: max

Fanout         Cap        Slew       Delay        Time   Description
---------------------------------------------------------------------------------------------
                                  0.000000    0.000000   clock fclk_in (rise edge)
                                  0.000000    0.000000   clock network delay (propagated)
                                 12.500000   12.500000 ^ input external delay
     1    0.004239    0.021375    0.003507   12.503507 ^ En (in)
                                                         En (net)
                      0.021375    0.000000   12.503507 ^ input1/A (sg13g2_buf_1)
     7    0.028669    0.122631    0.130973   12.634480 ^ input1/X (sg13g2_buf_1)
                                                         net1 (net)
                      0.122632    0.000276   12.634756 ^ _111_/A (sg13g2_nand4_1)
     3    0.009914    0.149586    0.165516   12.800271 v _111_/Y (sg13g2_nand4_1)
                                                         _070_ (net)
                      0.149586    0.000097   12.800368 v _118_/A2 (sg13g2_o21ai_1)
     1    0.002800    0.083907    0.115994   12.916363 ^ _118_/Y (sg13g2_o21ai_1)
                                                         _072_ (net)
                      0.083907    0.000022   12.916385 ^ _119_/B_N (sg13g2_nor2b_1)
     1    0.002406    0.043245    0.108223   13.024608 ^ _119_/Y (sg13g2_nor2b_1)
                                                         _060_ (net)
                      0.043245    0.000026   13.024633 ^ _234_/D (sg13g2_dfrbpq_1)
                                             13.024633   data arrival time

                                 62.500000   62.500000   clock fclk_in (rise edge)
                                  0.000000   62.500000   clock source latency
     2    0.043222    0.057443    0.035904   62.535904 ^ fclk_in (in)
                                                         fclk_in (net)
                      0.057534    0.000000   62.535904 ^ clkbuf_regs_0_fclk_in/A (sg13g2_buf_16)
     1    0.018526    0.020428    0.078231   62.614136 ^ clkbuf_regs_0_fclk_in/X (sg13g2_buf_16)
                                                         fclk_in_regs (net)
                      0.020429    0.000263   62.614399 ^ clkbuf_0_fclk_in_regs/A (sg13g2_buf_16)
     2    0.037495    0.022974    0.064006   62.678406 ^ clkbuf_0_fclk_in_regs/X (sg13g2_buf_16)
                                                         clknet_0_fclk_in_regs (net)
                      0.022975    0.000298   62.678703 ^ clkbuf_1_1__f_fclk_in_regs/A (sg13g2_buf_16)
     3    0.011427    0.017121    0.060140   62.738842 ^ clkbuf_1_1__f_fclk_in_regs/X (sg13g2_buf_16)
                                                         clknet_1_1__leaf_fclk_in_regs (net)
                      0.017121    0.000114   62.738956 ^ _234_/CLK (sg13g2_dfrbpq_1)
                                 -0.250000   62.488960   clock uncertainty
                                  0.000000   62.488960   clock reconvergence pessimism
                                 -0.120708   62.368252   library setup time
                                             62.368252   data required time
---------------------------------------------------------------------------------------------
                                             62.368252   data required time
                                            -13.024633   data arrival time
---------------------------------------------------------------------------------------------
                                             49.343620   slack (MET)


Startpoint: En (input port clocked by fclk_in)
Endpoint: _239_ (rising edge-triggered flip-flop clocked by fclk_in)
Path Group: fclk_in
Path Type: max

Fanout         Cap        Slew       Delay        Time   Description
---------------------------------------------------------------------------------------------
                                  0.000000    0.000000   clock fclk_in (rise edge)
                                  0.000000    0.000000   clock network delay (propagated)
                                 12.500000   12.500000 ^ input external delay
     1    0.004239    0.021375    0.003507   12.503507 ^ En (in)
                                                         En (net)
                      0.021375    0.000000   12.503507 ^ input1/A (sg13g2_buf_1)
     7    0.028669    0.122631    0.130973   12.634480 ^ input1/X (sg13g2_buf_1)
                                                         net1 (net)
                      0.122632    0.000276   12.634756 ^ _111_/A (sg13g2_nand4_1)
     3    0.009914    0.149586    0.165516   12.800271 v _111_/Y (sg13g2_nand4_1)
                                                         _070_ (net)
                      0.149586    0.000083   12.800355 v _117_/C (sg13g2_nor3_1)
     2    0.005381    0.120985    0.133216   12.933571 ^ _117_/Y (sg13g2_nor3_1)
                                                         _000_ (net)
                      0.120985    0.000031   12.933602 ^ _239_/D (sg13g2_dfrbpq_1)
                                             12.933602   data arrival time

                                 62.500000   62.500000   clock fclk_in (rise edge)
                                  0.000000   62.500000   clock source latency
     2    0.043222    0.057443    0.035904   62.535904 ^ fclk_in (in)
                                                         fclk_in (net)
                      0.057534    0.000000   62.535904 ^ clkbuf_regs_0_fclk_in/A (sg13g2_buf_16)
     1    0.018526    0.020428    0.078231   62.614136 ^ clkbuf_regs_0_fclk_in/X (sg13g2_buf_16)
                                                         fclk_in_regs (net)
                      0.020429    0.000263   62.614399 ^ clkbuf_0_fclk_in_regs/A (sg13g2_buf_16)
     2    0.037495    0.022974    0.064006   62.678406 ^ clkbuf_0_fclk_in_regs/X (sg13g2_buf_16)
                                                         clknet_0_fclk_in_regs (net)
                      0.022975    0.000298   62.678703 ^ clkbuf_1_1__f_fclk_in_regs/A (sg13g2_buf_16)
     3    0.011427    0.017121    0.060140   62.738842 ^ clkbuf_1_1__f_fclk_in_regs/X (sg13g2_buf_16)
                                                         clknet_1_1__leaf_fclk_in_regs (net)
                      0.017121    0.000149   62.738991 ^ _239_/CLK (sg13g2_dfrbpq_1)
                                 -0.250000   62.488995   clock uncertainty
                                  0.000000   62.488995   clock reconvergence pessimism
                                 -0.145988   62.343006   library setup time
                                             62.343006   data required time
---------------------------------------------------------------------------------------------
                                             62.343006   data required time
                                            -12.933602   data arrival time
---------------------------------------------------------------------------------------------
                                             49.409405   slack (MET)


Startpoint: En (input port clocked by fclk_in)
Endpoint: _238_ (rising edge-triggered flip-flop clocked by fclk_in)
Path Group: fclk_in
Path Type: max

Fanout         Cap        Slew       Delay        Time   Description
---------------------------------------------------------------------------------------------
                                  0.000000    0.000000   clock fclk_in (rise edge)
                                  0.000000    0.000000   clock network delay (propagated)
                                 12.500000   12.500000 ^ input external delay
     1    0.004239    0.021375    0.003507   12.503507 ^ En (in)
                                                         En (net)
                      0.021375    0.000000   12.503507 ^ input1/A (sg13g2_buf_1)
     7    0.028669    0.122631    0.130973   12.634480 ^ input1/X (sg13g2_buf_1)
                                                         net1 (net)
                      0.122632    0.000276   12.634756 ^ _111_/A (sg13g2_nand4_1)
     3    0.009914    0.149586    0.165516   12.800271 v _111_/Y (sg13g2_nand4_1)
                                                         _070_ (net)
                      0.149586    0.000106   12.800377 v _112_/B (sg13g2_and2_1)
     1    0.001885    0.021812    0.115763   12.916140 v _112_/X (sg13g2_and2_1)
                                                         _064_ (net)
                      0.021812    0.000013   12.916153 v _238_/D (sg13g2_dfrbpq_1)
                                             12.916153   data arrival time

                                 62.500000   62.500000   clock fclk_in (rise edge)
                                  0.000000   62.500000   clock source latency
     2    0.043222    0.057443    0.035904   62.535904 ^ fclk_in (in)
                                                         fclk_in (net)
                      0.057534    0.000000   62.535904 ^ clkbuf_regs_0_fclk_in/A (sg13g2_buf_16)
     1    0.018526    0.020428    0.078231   62.614136 ^ clkbuf_regs_0_fclk_in/X (sg13g2_buf_16)
                                                         fclk_in_regs (net)
                      0.020429    0.000263   62.614399 ^ clkbuf_0_fclk_in_regs/A (sg13g2_buf_16)
     2    0.037495    0.022974    0.064006   62.678406 ^ clkbuf_0_fclk_in_regs/X (sg13g2_buf_16)
                                                         clknet_0_fclk_in_regs (net)
                      0.022975    0.000298   62.678703 ^ clkbuf_1_1__f_fclk_in_regs/A (sg13g2_buf_16)
     3    0.011427    0.017121    0.060140   62.738842 ^ clkbuf_1_1__f_fclk_in_regs/X (sg13g2_buf_16)
                                                         clknet_1_1__leaf_fclk_in_regs (net)
                      0.017121    0.000121   62.738964 ^ _238_/CLK (sg13g2_dfrbpq_1)
                                 -0.250000   62.488968   clock uncertainty
                                  0.000000   62.488968   clock reconvergence pessimism
                                 -0.114014   62.374954   library setup time
                                             62.374954   data required time
---------------------------------------------------------------------------------------------
                                             62.374954   data required time
                                            -12.916153   data arrival time
---------------------------------------------------------------------------------------------
                                             49.458797   slack (MET)


Startpoint: En (input port clocked by fclk_in)
Endpoint: _237_ (rising edge-triggered flip-flop clocked by fclk_in)
Path Group: fclk_in
Path Type: max

Fanout         Cap        Slew       Delay        Time   Description
---------------------------------------------------------------------------------------------
                                  0.000000    0.000000   clock fclk_in (rise edge)
                                  0.000000    0.000000   clock network delay (propagated)
                                 12.500000   12.500000 ^ input external delay
     1    0.004239    0.021375    0.003507   12.503507 ^ En (in)
                                                         En (net)
                      0.021375    0.000000   12.503507 ^ input1/A (sg13g2_buf_1)
     7    0.028669    0.122631    0.130973   12.634480 ^ input1/X (sg13g2_buf_1)
                                                         net1 (net)
                      0.122632    0.000226   12.634706 ^ _110_/A (sg13g2_nand3_1)
     2    0.009551    0.112055    0.133653   12.768358 v _110_/Y (sg13g2_nand3_1)
                                                         _069_ (net)
                      0.112055    0.000044   12.768402 v _113_/B (sg13g2_xnor2_1)
     1    0.001989    0.035590    0.112253   12.880655 v _113_/Y (sg13g2_xnor2_1)
                                                         _063_ (net)
                      0.035590    0.000016   12.880672 v _237_/D (sg13g2_dfrbpq_1)
                                             12.880672   data arrival time

                                 62.500000   62.500000   clock fclk_in (rise edge)
                                  0.000000   62.500000   clock source latency
     2    0.043222    0.057443    0.035904   62.535904 ^ fclk_in (in)
                                                         fclk_in (net)
                      0.057534    0.000000   62.535904 ^ clkbuf_regs_0_fclk_in/A (sg13g2_buf_16)
     1    0.018526    0.020428    0.078231   62.614136 ^ clkbuf_regs_0_fclk_in/X (sg13g2_buf_16)
                                                         fclk_in_regs (net)
                      0.020429    0.000263   62.614399 ^ clkbuf_0_fclk_in_regs/A (sg13g2_buf_16)
     2    0.037495    0.022974    0.064006   62.678406 ^ clkbuf_0_fclk_in_regs/X (sg13g2_buf_16)
                                                         clknet_0_fclk_in_regs (net)
                      0.022975    0.000348   62.678753 ^ clkbuf_1_0__f_fclk_in_regs/A (sg13g2_buf_16)
     3    0.011067    0.017050    0.060069   62.738823 ^ clkbuf_1_0__f_fclk_in_regs/X (sg13g2_buf_16)
                                                         clknet_1_0__leaf_fclk_in_regs (net)
                      0.017050    0.000135   62.738956 ^ _237_/CLK (sg13g2_dfrbpq_1)
                                 -0.250000   62.488960   clock uncertainty
                                  0.000000   62.488960   clock reconvergence pessimism
                                 -0.118994   62.369965   library setup time
                                             62.369965   data required time
---------------------------------------------------------------------------------------------
                                             62.369965   data required time
                                            -12.880672   data arrival time
---------------------------------------------------------------------------------------------
                                             49.489296   slack (MET)


Startpoint: En (input port clocked by fclk_in)
Endpoint: _236_ (rising edge-triggered flip-flop clocked by fclk_in)
Path Group: fclk_in
Path Type: max

Fanout         Cap        Slew       Delay        Time   Description
---------------------------------------------------------------------------------------------
                                  0.000000    0.000000   clock fclk_in (rise edge)
                                  0.000000    0.000000   clock network delay (propagated)
                                 12.500000   12.500000 ^ input external delay
     1    0.004239    0.021375    0.003507   12.503507 ^ En (in)
                                                         En (net)
                      0.021375    0.000000   12.503507 ^ input1/A (sg13g2_buf_1)
     7    0.028669    0.122631    0.130973   12.634480 ^ input1/X (sg13g2_buf_1)
                                                         net1 (net)
                      0.122632    0.000226   12.634706 ^ _110_/A (sg13g2_nand3_1)
     2    0.009551    0.112055    0.133653   12.768358 v _110_/Y (sg13g2_nand3_1)
                                                         _069_ (net)
                      0.112055    0.000075   12.768434 v _115_/A (sg13g2_and2_1)
     1    0.002439    0.021852    0.097812   12.866246 v _115_/X (sg13g2_and2_1)
                                                         _062_ (net)
                      0.021852    0.000026   12.866272 v _236_/D (sg13g2_dfrbpq_1)
                                             12.866272   data arrival time

                                 62.500000   62.500000   clock fclk_in (rise edge)
                                  0.000000   62.500000   clock source latency
     2    0.043222    0.057443    0.035904   62.535904 ^ fclk_in (in)
                                                         fclk_in (net)
                      0.057534    0.000000   62.535904 ^ clkbuf_regs_0_fclk_in/A (sg13g2_buf_16)
     1    0.018526    0.020428    0.078231   62.614136 ^ clkbuf_regs_0_fclk_in/X (sg13g2_buf_16)
                                                         fclk_in_regs (net)
                      0.020429    0.000263   62.614399 ^ clkbuf_0_fclk_in_regs/A (sg13g2_buf_16)
     2    0.037495    0.022974    0.064006   62.678406 ^ clkbuf_0_fclk_in_regs/X (sg13g2_buf_16)
                                                         clknet_0_fclk_in_regs (net)
                      0.022975    0.000348   62.678753 ^ clkbuf_1_0__f_fclk_in_regs/A (sg13g2_buf_16)
     3    0.011067    0.017050    0.060069   62.738823 ^ clkbuf_1_0__f_fclk_in_regs/X (sg13g2_buf_16)
                                                         clknet_1_0__leaf_fclk_in_regs (net)
                      0.017050    0.000085   62.738907 ^ _236_/CLK (sg13g2_dfrbpq_1)
                                 -0.250000   62.488911   clock uncertainty
                                  0.000000   62.488911   clock reconvergence pessimism
                                 -0.114046   62.374863   library setup time
                                             62.374863   data required time
---------------------------------------------------------------------------------------------
                                             62.374863   data required time
                                            -12.866272   data arrival time
---------------------------------------------------------------------------------------------
                                             49.508587   slack (MET)


Startpoint: rst (input port clocked by fclk_in)
Endpoint: _237_ (recovery check against rising-edge clock fclk_in)
Path Group: asynchronous
Path Type: max

Fanout         Cap        Slew       Delay        Time   Description
---------------------------------------------------------------------------------------------
                                  0.000000    0.000000   clock fclk_in (rise edge)
                                  0.000000    0.000000   clock network delay (propagated)
                                 12.500000   12.500000 v input external delay
     1    0.004481    0.018240    0.003163   12.503162 v rst (in)
                                                         rst (net)
                      0.018240    0.000000   12.503162 v input5/A (sg13g2_buf_1)
     1    0.003153    0.020056    0.057843   12.561005 v input5/X (sg13g2_buf_1)
                                                         net5 (net)
                      0.020056    0.000034   12.561039 v fanout39/A (sg13g2_buf_1)
     4    0.019109    0.067192    0.097741   12.658780 v fanout39/X (sg13g2_buf_1)
                                                         net39 (net)
                      0.067192    0.000075   12.658854 v fanout36/A (sg13g2_buf_1)
     4    0.014687    0.054553    0.107309   12.766164 v fanout36/X (sg13g2_buf_1)
                                                         net36 (net)
                      0.054553    0.000060   12.766223 v _205_/A (sg13g2_inv_1)
     1    0.006568    0.040011    0.048050   12.814273 ^ _205_/Y (sg13g2_inv_1)
                                                         _031_ (net)
                      0.040011    0.000103   12.814376 ^ _237_/RESET_B (sg13g2_dfrbpq_1)
                                             12.814376   data arrival time

                                 62.500000   62.500000   clock fclk_in (rise edge)
                                  0.000000   62.500000   clock source latency
     2    0.043222    0.057443    0.035904   62.535904 ^ fclk_in (in)
                                                         fclk_in (net)
                      0.057534    0.000000   62.535904 ^ clkbuf_regs_0_fclk_in/A (sg13g2_buf_16)
     1    0.018526    0.020428    0.078231   62.614136 ^ clkbuf_regs_0_fclk_in/X (sg13g2_buf_16)
                                                         fclk_in_regs (net)
                      0.020429    0.000263   62.614399 ^ clkbuf_0_fclk_in_regs/A (sg13g2_buf_16)
     2    0.037495    0.022974    0.064006   62.678406 ^ clkbuf_0_fclk_in_regs/X (sg13g2_buf_16)
                                                         clknet_0_fclk_in_regs (net)
                      0.022975    0.000348   62.678753 ^ clkbuf_1_0__f_fclk_in_regs/A (sg13g2_buf_16)
     3    0.011067    0.017050    0.060069   62.738823 ^ clkbuf_1_0__f_fclk_in_regs/X (sg13g2_buf_16)
                                                         clknet_1_0__leaf_fclk_in_regs (net)
                      0.017050    0.000135   62.738956 ^ _237_/CLK (sg13g2_dfrbpq_1)
                                 -0.250000   62.488960   clock uncertainty
                                  0.000000   62.488960   clock reconvergence pessimism
                                 -0.126570   62.362392   library recovery time
                                             62.362392   data required time
---------------------------------------------------------------------------------------------
                                             62.362392   data required time
                                            -12.814376   data arrival time
---------------------------------------------------------------------------------------------
                                             49.548016   slack (MET)


Startpoint: rst (input port clocked by fclk_in)
Endpoint: _238_ (recovery check against rising-edge clock fclk_in)
Path Group: asynchronous
Path Type: max

Fanout         Cap        Slew       Delay        Time   Description
---------------------------------------------------------------------------------------------
                                  0.000000    0.000000   clock fclk_in (rise edge)
                                  0.000000    0.000000   clock network delay (propagated)
                                 12.500000   12.500000 v input external delay
     1    0.004481    0.018240    0.003163   12.503162 v rst (in)
                                                         rst (net)
                      0.018240    0.000000   12.503162 v input5/A (sg13g2_buf_1)
     1    0.003153    0.020056    0.057843   12.561005 v input5/X (sg13g2_buf_1)
                                                         net5 (net)
                      0.020056    0.000034   12.561039 v fanout39/A (sg13g2_buf_1)
     4    0.019109    0.067192    0.097741   12.658780 v fanout39/X (sg13g2_buf_1)
                                                         net39 (net)
                      0.067192    0.000075   12.658854 v fanout36/A (sg13g2_buf_1)
     4    0.014687    0.054553    0.107309   12.766164 v fanout36/X (sg13g2_buf_1)
                                                         net36 (net)
                      0.054553    0.000179   12.766342 v _206_/A (sg13g2_inv_1)
     1    0.005757    0.037014    0.045357   12.811699 ^ _206_/Y (sg13g2_inv_1)
                                                         _032_ (net)
                      0.037014    0.000054   12.811753 ^ _238_/RESET_B (sg13g2_dfrbpq_1)
                                             12.811753   data arrival time

                                 62.500000   62.500000   clock fclk_in (rise edge)
                                  0.000000   62.500000   clock source latency
     2    0.043222    0.057443    0.035904   62.535904 ^ fclk_in (in)
                                                         fclk_in (net)
                      0.057534    0.000000   62.535904 ^ clkbuf_regs_0_fclk_in/A (sg13g2_buf_16)
     1    0.018526    0.020428    0.078231   62.614136 ^ clkbuf_regs_0_fclk_in/X (sg13g2_buf_16)
                                                         fclk_in_regs (net)
                      0.020429    0.000263   62.614399 ^ clkbuf_0_fclk_in_regs/A (sg13g2_buf_16)
     2    0.037495    0.022974    0.064006   62.678406 ^ clkbuf_0_fclk_in_regs/X (sg13g2_buf_16)
                                                         clknet_0_fclk_in_regs (net)
                      0.022975    0.000298   62.678703 ^ clkbuf_1_1__f_fclk_in_regs/A (sg13g2_buf_16)
     3    0.011427    0.017121    0.060140   62.738842 ^ clkbuf_1_1__f_fclk_in_regs/X (sg13g2_buf_16)
                                                         clknet_1_1__leaf_fclk_in_regs (net)
                      0.017121    0.000121   62.738964 ^ _238_/CLK (sg13g2_dfrbpq_1)
                                 -0.250000   62.488968   clock uncertainty
                                  0.000000   62.488968   clock reconvergence pessimism
                                 -0.125645   62.363323   library recovery time
                                             62.363323   data required time
---------------------------------------------------------------------------------------------
                                             62.363323   data required time
                                            -12.811753   data arrival time
---------------------------------------------------------------------------------------------
                                             49.551567   slack (MET)


Startpoint: rst (input port clocked by fclk_in)
Endpoint: _239_ (recovery check against rising-edge clock fclk_in)
Path Group: asynchronous
Path Type: max

Fanout         Cap        Slew       Delay        Time   Description
---------------------------------------------------------------------------------------------
                                  0.000000    0.000000   clock fclk_in (rise edge)
                                  0.000000    0.000000   clock network delay (propagated)
                                 12.500000   12.500000 v input external delay
     1    0.004481    0.018240    0.003163   12.503162 v rst (in)
                                                         rst (net)
                      0.018240    0.000000   12.503162 v input5/A (sg13g2_buf_1)
     1    0.003153    0.020056    0.057843   12.561005 v input5/X (sg13g2_buf_1)
                                                         net5 (net)
                      0.020056    0.000034   12.561039 v fanout39/A (sg13g2_buf_1)
     4    0.019109    0.067192    0.097741   12.658780 v fanout39/X (sg13g2_buf_1)
                                                         net39 (net)
                      0.067192    0.000075   12.658854 v fanout36/A (sg13g2_buf_1)
     4    0.014687    0.054553    0.107309   12.766164 v fanout36/X (sg13g2_buf_1)
                                                         net36 (net)
                      0.054553    0.000178   12.766341 v _207_/A (sg13g2_inv_1)
     1    0.005541    0.036228    0.044638   12.810979 ^ _207_/Y (sg13g2_inv_1)
                                                         _033_ (net)
                      0.036228    0.000044   12.811023 ^ _239_/RESET_B (sg13g2_dfrbpq_1)
                                             12.811023   data arrival time

                                 62.500000   62.500000   clock fclk_in (rise edge)
                                  0.000000   62.500000   clock source latency
     2    0.043222    0.057443    0.035904   62.535904 ^ fclk_in (in)
                                                         fclk_in (net)
                      0.057534    0.000000   62.535904 ^ clkbuf_regs_0_fclk_in/A (sg13g2_buf_16)
     1    0.018526    0.020428    0.078231   62.614136 ^ clkbuf_regs_0_fclk_in/X (sg13g2_buf_16)
                                                         fclk_in_regs (net)
                      0.020429    0.000263   62.614399 ^ clkbuf_0_fclk_in_regs/A (sg13g2_buf_16)
     2    0.037495    0.022974    0.064006   62.678406 ^ clkbuf_0_fclk_in_regs/X (sg13g2_buf_16)
                                                         clknet_0_fclk_in_regs (net)
                      0.022975    0.000298   62.678703 ^ clkbuf_1_1__f_fclk_in_regs/A (sg13g2_buf_16)
     3    0.011427    0.017121    0.060140   62.738842 ^ clkbuf_1_1__f_fclk_in_regs/X (sg13g2_buf_16)
                                                         clknet_1_1__leaf_fclk_in_regs (net)
                      0.017121    0.000149   62.738991 ^ _239_/CLK (sg13g2_dfrbpq_1)
                                 -0.250000   62.488995   clock uncertainty
                                  0.000000   62.488995   clock reconvergence pessimism
                                 -0.125404   62.363590   library recovery time
                                             62.363590   data required time
---------------------------------------------------------------------------------------------
                                             62.363590   data required time
                                            -12.811023   data arrival time
---------------------------------------------------------------------------------------------
                                             49.552570   slack (MET)


Startpoint: rst (input port clocked by fclk_in)
Endpoint: _234_ (recovery check against rising-edge clock fclk_in)
Path Group: asynchronous
Path Type: max

Fanout         Cap        Slew       Delay        Time   Description
---------------------------------------------------------------------------------------------
                                  0.000000    0.000000   clock fclk_in (rise edge)
                                  0.000000    0.000000   clock network delay (propagated)
                                 12.500000   12.500000 v input external delay
     1    0.004481    0.018240    0.003163   12.503162 v rst (in)
                                                         rst (net)
                      0.018240    0.000000   12.503162 v input5/A (sg13g2_buf_1)
     1    0.003153    0.020056    0.057843   12.561005 v input5/X (sg13g2_buf_1)
                                                         net5 (net)
                      0.020056    0.000034   12.561039 v fanout39/A (sg13g2_buf_1)
     4    0.019109    0.067192    0.097741   12.658780 v fanout39/X (sg13g2_buf_1)
                                                         net39 (net)
                      0.067192    0.000075   12.658854 v fanout36/A (sg13g2_buf_1)
     4    0.014687    0.054553    0.107309   12.766164 v fanout36/X (sg13g2_buf_1)
                                                         net36 (net)
                      0.054553    0.000128   12.766292 v _202_/A (sg13g2_inv_1)
     1    0.005375    0.035626    0.044087   12.810378 ^ _202_/Y (sg13g2_inv_1)
                                                         _028_ (net)
                      0.035626    0.000033   12.810410 ^ _234_/RESET_B (sg13g2_dfrbpq_1)
                                             12.810410   data arrival time

                                 62.500000   62.500000   clock fclk_in (rise edge)
                                  0.000000   62.500000   clock source latency
     2    0.043222    0.057443    0.035904   62.535904 ^ fclk_in (in)
                                                         fclk_in (net)
                      0.057534    0.000000   62.535904 ^ clkbuf_regs_0_fclk_in/A (sg13g2_buf_16)
     1    0.018526    0.020428    0.078231   62.614136 ^ clkbuf_regs_0_fclk_in/X (sg13g2_buf_16)
                                                         fclk_in_regs (net)
                      0.020429    0.000263   62.614399 ^ clkbuf_0_fclk_in_regs/A (sg13g2_buf_16)
     2    0.037495    0.022974    0.064006   62.678406 ^ clkbuf_0_fclk_in_regs/X (sg13g2_buf_16)
                                                         clknet_0_fclk_in_regs (net)
                      0.022975    0.000298   62.678703 ^ clkbuf_1_1__f_fclk_in_regs/A (sg13g2_buf_16)
     3    0.011427    0.017121    0.060140   62.738842 ^ clkbuf_1_1__f_fclk_in_regs/X (sg13g2_buf_16)
                                                         clknet_1_1__leaf_fclk_in_regs (net)
                      0.017121    0.000114   62.738956 ^ _234_/CLK (sg13g2_dfrbpq_1)
                                 -0.250000   62.488960   clock uncertainty
                                  0.000000   62.488960   clock reconvergence pessimism
                                 -0.125221   62.363739   library recovery time
                                             62.363739   data required time
---------------------------------------------------------------------------------------------
                                             62.363739   data required time
                                            -12.810410   data arrival time
---------------------------------------------------------------------------------------------
                                             49.553329   slack (MET)


Startpoint: En (input port clocked by fclk_in)
Endpoint: _235_ (rising edge-triggered flip-flop clocked by fclk_in)
Path Group: fclk_in
Path Type: max

Fanout         Cap        Slew       Delay        Time   Description
---------------------------------------------------------------------------------------------
                                  0.000000    0.000000   clock fclk_in (rise edge)
                                  0.000000    0.000000   clock network delay (propagated)
                                 12.500000   12.500000 ^ input external delay
     1    0.004239    0.021375    0.003507   12.503507 ^ En (in)
                                                         En (net)
                      0.021375    0.000000   12.503507 ^ input1/A (sg13g2_buf_1)
     7    0.028669    0.122631    0.130973   12.634480 ^ input1/X (sg13g2_buf_1)
                                                         net1 (net)
                      0.122632    0.000152   12.634631 ^ _116_/A (sg13g2_xor2_1)
     1    0.001985    0.052679    0.122919   12.757550 ^ _116_/X (sg13g2_xor2_1)
                                                         _061_ (net)
                      0.052679    0.000016   12.757566 ^ _235_/D (sg13g2_dfrbpq_1)
                                             12.757566   data arrival time

                                 62.500000   62.500000   clock fclk_in (rise edge)
                                  0.000000   62.500000   clock source latency
     2    0.043222    0.057443    0.035904   62.535904 ^ fclk_in (in)
                                                         fclk_in (net)
                      0.057534    0.000000   62.535904 ^ clkbuf_regs_0_fclk_in/A (sg13g2_buf_16)
     1    0.018526    0.020428    0.078231   62.614136 ^ clkbuf_regs_0_fclk_in/X (sg13g2_buf_16)
                                                         fclk_in_regs (net)
                      0.020429    0.000263   62.614399 ^ clkbuf_0_fclk_in_regs/A (sg13g2_buf_16)
     2    0.037495    0.022974    0.064006   62.678406 ^ clkbuf_0_fclk_in_regs/X (sg13g2_buf_16)
                                                         clknet_0_fclk_in_regs (net)
                      0.022975    0.000348   62.678753 ^ clkbuf_1_0__f_fclk_in_regs/A (sg13g2_buf_16)
     3    0.011067    0.017050    0.060069   62.738823 ^ clkbuf_1_0__f_fclk_in_regs/X (sg13g2_buf_16)
                                                         clknet_1_0__leaf_fclk_in_regs (net)
                      0.017050    0.000128   62.738949 ^ _235_/CLK (sg13g2_dfrbpq_1)
                                 -0.250000   62.488953   clock uncertainty
                                  0.000000   62.488953   clock reconvergence pessimism
                                 -0.123786   62.365170   library setup time
                                             62.365170   data required time
---------------------------------------------------------------------------------------------
                                             62.365170   data required time
                                            -12.757566   data arrival time
---------------------------------------------------------------------------------------------
                                             49.607601   slack (MET)



